#
# A fatal error has been detected by the Java Runtime Environment:
#
#  SIGSEGV (0xb) at pc=0x0000000129476761, pid=56791, tid=6659
#
# JRE version: Java(TM) SE Runtime Environment (8.0_60-b27) (build 1.8.0_60-b27)
# Java VM: Java HotSpot(TM) 64-Bit Server VM (25.60-b23 mixed mode bsd-amd64 compressed oops)
# Problematic frame:
# C  [libawt_lwawt.dylib+0x44761]  JNI_OnLoad+0x91
#
# Failed to write core dump. Core dumps have been disabled. To enable core dumping, try "ulimit -c unlimited" before starting Java again
#
# If you would like to submit a bug report, please visit:
#   http://bugreport.java.com/bugreport/crash.jsp
# The crash happened outside the Java Virtual Machine in native code.
# See problematic frame for where to report the bug.
#

---------------  T H R E A D  ---------------

Current thread (0x00007fc9b4802000):  JavaThread "main" [_thread_in_native, id=6659, stack(0x000000010b15b000,0x000000010b25b000)]

siginfo: si_signo: 11 (SIGSEGV), si_code: 1 (SEGV_MAPERR), si_addr: 0x0000000000000000

Registers:
RAX=0x000000012957b860, RBX=0x0000000000000000, RCX=0x000000012948c0db, RDX=0x00007fc9b5b1d7f0
RSP=0x000000010b25a2d0, RBP=0x000000010b25a350, RSI=0x000000010b25a2b4, RDI=0x0000000000000000
R8 =0x00007fc9b5b1d870, R9 =0x00000000fffffff0, R10=0x0000000129673bb0, R11=0x000000012965f521
R12=0x00007fc9b5b20830, R13=0x00000001294766d0, R14=0x000000010a9f39c8, R15=0x00007fc9b48021f8
RIP=0x0000000129476761, EFLAGS=0x0000000000010202, ERR=0x0000000000000004
  TRAPNO=0x000000000000000e

Top of Stack: (sp=0x000000010b25a2d0)
0x000000010b25a2d0:   0000000000000000 000000010b287b17
0x000000010b25a2e0:   0000000000000000 00000001294766d0
0x000000010b25a2f0:   000000010b25a350 000000010b26d5e1
0x000000010b25a300:   00007fc9b48021f8 000000010b25a320
0x000000010b25a310:   00007fc9b5b20830 000000010b287b22
0x000000010b25a320:   000000010b287b17 8876ce067ebab880
0x000000010b25a330:   0000000000000000 00007fc9b5b20830
0x000000010b25a340:   000000010b25a548 00007fc9b48021f8
0x000000010b25a350:   000000010b25a4b0 000000010b26d939
0x000000010b25a360:   000000010b25a460 000000010b25a540
0x000000010b25a370:   00007fc9b5b20ae0 000000010a9f39c8
0x000000010b25a380:   000000010b25a4c0 000000010b25a460
0x000000010b25a390:   0000000124577d40 000000010b25a460
0x000000010b25a3a0:   000000010b3570a3 000000010b33b5d0
0x000000010b25a3b0:   0000000000000000 000000010b25a4c0
0x000000010b25a3c0:   000000010b25a460 0000000124577d40
0x000000010b25a3d0:   000000010b25a468 0000000124573950
0x000000010b25a3e0:   0000000124573950 000000010b25a460
0x000000010b25a3f0:   00007fc9b4802000 000000010b25a540
0x000000010b25a400:   000000010b25a4d0 0000000000000000
0x000000010b25a410:   000000010b448dc0 0000000000000001
0x000000010b25a420:   000000010b25a420 0000000124577658
0x000000010b25a430:   000000010b25a478 000000012457d138
0x000000010b25a440:   0000000000000000 0000000124577670
0x000000010b25a450:   0000000000000000 000000010b25a470
0x000000010b25a460:   0000000000000000 000000076b023890
0x000000010b25a470:   0000000000000000 000000076ab06920
0x000000010b25a480:   8876ce067ebab880 0000000124622200
0x000000010b25a490:   0000000000000000 0000000124622200
0x000000010b25a4a0:   000000010b25a548 00007fc9b4802000
0x000000010b25a4b0:   000000010b25a518 000000010b34b954
0x000000010b25a4c0:   0000000000000000 000000010b25a4e0 

Instructions: (pc=0x0000000129476761)
0x0000000129476741:   c0 e8 6d 0b 00 00 4c 89 f7 e8 ab 04 00 00 48 c7
0x0000000129476751:   45 80 00 00 00 00 48 8b 05 f2 cc 02 00 48 8b 38
0x0000000129476761:   48 8b 07 48 8d 75 80 ba 04 00 01 00 ff 50 30 85
0x0000000129476771:   c0 75 07 48 83 7d 80 00 75 53 48 8b 35 e6 52 03 

Register to memory mapping:

RAX=0x000000012957b860: jvm+0 in /Library/Java/JavaVirtualMachines/jdk1.8.0_60.jdk/Contents/Home/jre/lib/./libawt.dylib at 0x00000001294e7000
RBX=0x0000000000000000 is an unknown value
RCX=0x000000012948c0db: __FUNCTION__.99988+0x2ed3 in /Library/Java/JavaVirtualMachines/jdk1.8.0_60.jdk/Contents/Home/jre/lib/./libawt_lwawt.dylib at 0x0000000129432000
RDX=0x00007fc9b5b1d7f0 is an unknown value
RSP=0x000000010b25a2d0 is pointing into the stack for thread: 0x00007fc9b4802000
RBP=0x000000010b25a350 is pointing into the stack for thread: 0x00007fc9b4802000
RSI=0x000000010b25a2b4 is pointing into the stack for thread: 0x00007fc9b4802000
RDI=0x0000000000000000 is an unknown value
R8 =0x00007fc9b5b1d870 is an unknown value
R9 =0x00000000fffffff0 is an unknown value
R10=0x0000000129673bb0: appKitEnv+0x1900 in /Library/Java/JavaVirtualMachines/jdk1.8.0_60.jdk/Contents/Home/jre/lib/./libosxapp.dylib at 0x000000012965b000
R11=0x000000012965f521: OSXAPP_SetJavaVM+0 in /Library/Java/JavaVirtualMachines/jdk1.8.0_60.jdk/Contents/Home/jre/lib/./libosxapp.dylib at 0x000000012965b000
R12=0x00007fc9b5b20830 is an unknown value
R13=0x00000001294766d0: JNI_OnLoad+0 in /Library/Java/JavaVirtualMachines/jdk1.8.0_60.jdk/Contents/Home/jre/lib/./libawt_lwawt.dylib at 0x0000000129432000
R14=0x000000010a9f39c8: main_vm+0 in /Library/Java/JavaVirtualMachines/jdk1.8.0_60.jdk/Contents/Home/jre/lib/server/libjvm.dylib at 0x000000010a1d1000
R15=0x00007fc9b48021f8 is an unknown value


Stack: [0x000000010b15b000,0x000000010b25b000],  sp=0x000000010b25a2d0,  free space=1020k
Native frames: (J=compiled Java code, j=interpreted, Vv=VM code, C=native code)
C  [libawt_lwawt.dylib+0x44761]  JNI_OnLoad+0x91
C  [libjava.dylib+0x2939]  Java_java_lang_ClassLoader_00024NativeLibrary_load+0xd0
j  java.lang.ClassLoader$NativeLibrary.load(Ljava/lang/String;Z)V+0
j  java.lang.ClassLoader.loadLibrary0(Ljava/lang/Class;Ljava/io/File;)Z+328
j  java.lang.ClassLoader.loadLibrary(Ljava/lang/Class;Ljava/lang/String;Z)V+312
j  java.lang.Runtime.loadLibrary0(Ljava/lang/Class;Ljava/lang/String;)V+54
j  java.lang.System.loadLibrary(Ljava/lang/String;)V+7
j  vtk.vtkNativeLibrary.LoadLibrary()V+83
j  vtk.vtkNativeLibrary.LoadAllNativeLibraries()Z+31
j  edu.jhuapl.saavtk.gui.jogl.Test.<clinit>()V+12
v  ~StubRoutines::call_stub
V  [libjvm.dylib+0x2eab0e]
V  [libjvm.dylib+0x2bdc69]
V  [libjvm.dylib+0x2bf171]
V  [libjvm.dylib+0x2bf407]
V  [libjvm.dylib+0x321d33]
V  [libjvm.dylib+0x317dd3]
C  [java+0x38d4]  JavaMain+0x947
C  [libsystem_c.dylib+0x14772]  _pthread_start+0x147
C  [libsystem_c.dylib+0x11a1]  thread_start+0xd
C  0x0000000000000000

Java frames: (J=compiled Java code, j=interpreted, Vv=VM code)
j  java.lang.ClassLoader$NativeLibrary.load(Ljava/lang/String;Z)V+0
j  java.lang.ClassLoader.loadLibrary0(Ljava/lang/Class;Ljava/io/File;)Z+328
j  java.lang.ClassLoader.loadLibrary(Ljava/lang/Class;Ljava/lang/String;Z)V+312
j  java.lang.Runtime.loadLibrary0(Ljava/lang/Class;Ljava/lang/String;)V+54
j  java.lang.System.loadLibrary(Ljava/lang/String;)V+7
j  vtk.vtkNativeLibrary.LoadLibrary()V+83
j  vtk.vtkNativeLibrary.LoadAllNativeLibraries()Z+31
j  edu.jhuapl.saavtk.gui.jogl.Test.<clinit>()V+12
v  ~StubRoutines::call_stub

---------------  P R O C E S S  ---------------

Java Threads: ( => current thread )
  0x00007fc9b6002000 JavaThread "Service Thread" daemon [_thread_blocked, id=26371, stack(0x000000012756b000,0x000000012766b000)]
  0x00007fc9b7003800 JavaThread "C1 CompilerThread3" daemon [_thread_blocked, id=25859, stack(0x0000000127468000,0x0000000127568000)]
  0x00007fc9b7002800 JavaThread "C2 CompilerThread2" daemon [_thread_blocked, id=25347, stack(0x0000000127365000,0x0000000127465000)]
  0x00007fc9b7002000 JavaThread "C2 CompilerThread1" daemon [_thread_blocked, id=24835, stack(0x0000000127262000,0x0000000127362000)]
  0x00007fc9b7000000 JavaThread "C2 CompilerThread0" daemon [_thread_blocked, id=24323, stack(0x000000012715f000,0x000000012725f000)]
  0x00007fc9b6802000 JavaThread "Signal Dispatcher" daemon [_thread_blocked, id=23811, stack(0x000000012705c000,0x000000012715c000)]
  0x00007fc9b4063000 JavaThread "Finalizer" daemon [_thread_blocked, id=19203, stack(0x0000000126e0b000,0x0000000126f0b000)]
  0x00007fc9b4062800 JavaThread "Reference Handler" daemon [_thread_blocked, id=18691, stack(0x0000000126d08000,0x0000000126e08000)]
=>0x00007fc9b4802000 JavaThread "main" [_thread_in_native, id=6659, stack(0x000000010b15b000,0x000000010b25b000)]

Other Threads:
  0x00007fc9b405f800 VMThread [stack: 0x0000000126c05000,0x0000000126d05000] [id=18179]
  0x00007fc9b303f000 WatcherThread [stack: 0x000000012766e000,0x000000012776e000] [id=26883]

VM state:not at safepoint (normal execution)

VM Mutex/Monitor currently owned by a thread: None

Heap:
 PSYoungGen      total 76288K, used 6556K [0x000000076ab00000, 0x0000000770000000, 0x00000007c0000000)
  eden space 65536K, 10% used [0x000000076ab00000,0x000000076b167338,0x000000076eb00000)
  from space 10752K, 0% used [0x000000076f580000,0x000000076f580000,0x0000000770000000)
  to   space 10752K, 0% used [0x000000076eb00000,0x000000076eb00000,0x000000076f580000)
 ParOldGen       total 175104K, used 0K [0x00000006c0000000, 0x00000006cab00000, 0x000000076ab00000)
  object space 175104K, 0% used [0x00000006c0000000,0x00000006c0000000,0x00000006cab00000)
 Metaspace       used 3287K, capacity 4780K, committed 5120K, reserved 1056768K
  class space    used 351K, capacity 424K, committed 512K, reserved 1048576K

Card table byte_map: [0x000000011a6f6000,0x000000011aef7000] byte_map_base: 0x00000001170f6000

Marking Bits: (ParMarkBitMap*) 0x000000010aaafe20
 Begin Bits: [0x000000011bc65000, 0x000000011fc65000)
 End Bits:   [0x000000011fc65000, 0x0000000123c65000)

Polling page: 0x000000010b2a0000

CodeCache: size=245760Kb used=1248Kb max_used=1260Kb free=244511Kb
 bounds [0x000000010b336000, 0x000000010b5a6000, 0x000000011a336000]
 total_blobs=334 nmethods=98 adapters=150
 compilation: enabled

Compilation events (10 events):
Event: 0.108 Thread 0x00007fc9b7003800   93       3       java.nio.DirectLongBufferU::ix (10 bytes)
Event: 0.108 Thread 0x00007fc9b7003800 nmethod 93 0x000000010b46c090 code [0x000000010b46c1e0, 0x000000010b46c330]
Event: 0.108 Thread 0x00007fc9b7003800   94   !   3       java.util.zip.ZipFile::getEntry (86 bytes)
Event: 0.109 Thread 0x00007fc9b7003800 nmethod 94 0x000000010b46c390 code [0x000000010b46c560, 0x000000010b46cbb8]
Event: 0.109 Thread 0x00007fc9b7003800   95       3       java.lang.String::lastIndexOf (13 bytes)
Event: 0.109 Thread 0x00007fc9b7003800 nmethod 95 0x000000010b46ce90 code [0x000000010b46d000, 0x000000010b46d228]
Event: 0.112 Thread 0x00007fc9b7003800   97       3       java.lang.String::<init> (10 bytes)
Event: 0.112 Thread 0x00007fc9b7003800 nmethod 97 0x000000010b46dc50 code [0x000000010b46ddc0, 0x000000010b46df90]
Event: 0.113 Thread 0x00007fc9b7002800   98       4       java.lang.String::indexOf (70 bytes)
Event: 0.115 Thread 0x00007fc9b7002800 nmethod 98 0x000000010b471010 code [0x000000010b471160, 0x000000010b471318]

GC Heap History (0 events):
No events

Deoptimization events (0 events):
No events

Internal exceptions (10 events):
Event: 0.081 Thread 0x00007fc9b4802000 Exception <a 'java/security/PrivilegedActionException'> (0x000000076abaf0a0) thrown at [/Users/java_re/workspace/8-2-build-macosx-x86_64/jdk8u60/4407/hotspot/src/share/vm/prims/jvm.cpp, line 1386]
Event: 0.082 Thread 0x00007fc9b4802000 Exception <a 'java/util/zip/ZipException'> (0x000000076abafe20) thrown at [/Users/java_re/workspace/8-2-build-macosx-x86_64/jdk8u60/4407/hotspot/src/share/vm/prims/jni.cpp, line 709]
Event: 0.082 Thread 0x00007fc9b4802000 Exception <a 'java/security/PrivilegedActionException'> (0x000000076abb0028) thrown at [/Users/java_re/workspace/8-2-build-macosx-x86_64/jdk8u60/4407/hotspot/src/share/vm/prims/jvm.cpp, line 1386]
Event: 0.082 Thread 0x00007fc9b4802000 Exception <a 'java/security/PrivilegedActionException'> (0x000000076abb0238) thrown at [/Users/java_re/workspace/8-2-build-macosx-x86_64/jdk8u60/4407/hotspot/src/share/vm/prims/jvm.cpp, line 1386]
Event: 0.083 Thread 0x00007fc9b4802000 Exception <a 'java/util/zip/ZipException'> (0x000000076abb0fd8) thrown at [/Users/java_re/workspace/8-2-build-macosx-x86_64/jdk8u60/4407/hotspot/src/share/vm/prims/jni.cpp, line 709]
Event: 0.083 Thread 0x00007fc9b4802000 Exception <a 'java/security/PrivilegedActionException'> (0x000000076abb11e0) thrown at [/Users/java_re/workspace/8-2-build-macosx-x86_64/jdk8u60/4407/hotspot/src/share/vm/prims/jvm.cpp, line 1386]
Event: 0.083 Thread 0x00007fc9b4802000 Exception <a 'java/security/PrivilegedActionException'> (0x000000076abb13f0) thrown at [/Users/java_re/workspace/8-2-build-macosx-x86_64/jdk8u60/4407/hotspot/src/share/vm/prims/jvm.cpp, line 1386]
Event: 0.084 Thread 0x00007fc9b4802000 Exception <a 'java/util/zip/ZipException'> (0x000000076abc40d8) thrown at [/Users/java_re/workspace/8-2-build-macosx-x86_64/jdk8u60/4407/hotspot/src/share/vm/prims/jni.cpp, line 709]
Event: 0.084 Thread 0x00007fc9b4802000 Exception <a 'java/security/PrivilegedActionException'> (0x000000076abc42e0) thrown at [/Users/java_re/workspace/8-2-build-macosx-x86_64/jdk8u60/4407/hotspot/src/share/vm/prims/jvm.cpp, line 1386]
Event: 0.084 Thread 0x00007fc9b4802000 Exception <a 'java/security/PrivilegedActionException'> (0x000000076abc44f0) thrown at [/Users/java_re/workspace/8-2-build-macosx-x86_64/jdk8u60/4407/hotspot/src/share/vm/prims/jvm.cpp, line 1386]

Events (10 events):
Event: 0.109 loading class vtk/vtkNativeLibrary
Event: 0.109 loading class vtk/vtkNativeLibrary done
Event: 0.111 loading class java/lang/UnsatisfiedLinkError
Event: 0.111 loading class java/lang/UnsatisfiedLinkError done
Event: 0.111 loading class vtk/vtkOutputWindow
Event: 0.111 loading class vtk/vtkOutputWindow done
Event: 0.112 loading class vtk/vtkFileOutputWindow
Event: 0.112 loading class vtk/vtkFileOutputWindow done
Event: 0.113 loading class java/lang/ClassLoaderHelper
Event: 0.113 loading class java/lang/ClassLoaderHelper done


Dynamic libraries:
0x000000000e20d000 	/System/Library/Frameworks/Cocoa.framework/Versions/A/Cocoa
0x000000000e20d000 	/System/Library/Frameworks/Security.framework/Versions/A/Security
0x000000000e20d000 	/System/Library/Frameworks/ApplicationServices.framework/Versions/A/ApplicationServices
0x000000000e20d000 	/usr/lib/libz.1.dylib
0x000000000e20d000 	/usr/lib/libSystem.B.dylib
0x000000000e20d000 	/usr/lib/libobjc.A.dylib
0x000000000e20d000 	/System/Library/Frameworks/CoreFoundation.framework/Versions/A/CoreFoundation
0x000000000e20d000 	/System/Library/Frameworks/Foundation.framework/Versions/C/Foundation
0x000000000e20d000 	/System/Library/Frameworks/AppKit.framework/Versions/C/AppKit
0x000000000e20d000 	/System/Library/Frameworks/CoreData.framework/Versions/A/CoreData
0x000000000e20d000 	/System/Library/PrivateFrameworks/RemoteViewServices.framework/Versions/A/RemoteViewServices
0x000000000e20d000 	/System/Library/Frameworks/AudioToolbox.framework/Versions/A/AudioToolbox
0x000000000e20d000 	/System/Library/Frameworks/AudioUnit.framework/Versions/A/AudioUnit
0x000000000e20d000 	/System/Library/PrivateFrameworks/DataDetectorsCore.framework/Versions/A/DataDetectorsCore
0x000000000e20d000 	/System/Library/PrivateFrameworks/DesktopServicesPriv.framework/Versions/A/DesktopServicesPriv
0x000000000e20d000 	/System/Library/Frameworks/Carbon.framework/Versions/A/Frameworks/HIToolbox.framework/Versions/A/HIToolbox
0x000000000e20d000 	/System/Library/Frameworks/QuartzCore.framework/Versions/A/QuartzCore
0x000000000e20d000 	/System/Library/Frameworks/Carbon.framework/Versions/A/Frameworks/SpeechRecognition.framework/Versions/A/SpeechRecognition
0x000000000e20d000 	/usr/lib/libauto.dylib
0x000000000e20d000 	/usr/lib/libicucore.A.dylib
0x000000000e20d000 	/usr/lib/libxml2.2.dylib
0x000000000e20d000 	/System/Library/PrivateFrameworks/CoreUI.framework/Versions/A/CoreUI
0x000000000e20d000 	/System/Library/Frameworks/CoreAudio.framework/Versions/A/CoreAudio
0x000000000e20d000 	/System/Library/Frameworks/DiskArbitration.framework/Versions/A/DiskArbitration
0x000000000e20d000 	/usr/lib/liblangid.dylib
0x000000000e20d000 	/System/Library/PrivateFrameworks/MultitouchSupport.framework/Versions/A/MultitouchSupport
0x000000000e20d000 	/System/Library/Frameworks/IOKit.framework/Versions/A/IOKit
0x000000000e20d000 	/usr/lib/libDiagnosticMessagesClient.dylib
0x000000000e20d000 	/System/Library/Frameworks/CoreServices.framework/Versions/A/CoreServices
0x000000000e20d000 	/System/Library/PrivateFrameworks/PerformanceAnalysis.framework/Versions/A/PerformanceAnalysis
0x000000000e20d000 	/System/Library/PrivateFrameworks/GenerationalStorage.framework/Versions/A/GenerationalStorage
0x000000000e20d000 	/System/Library/Frameworks/OpenGL.framework/Versions/A/OpenGL
0x000000000e20d000 	/System/Library/Frameworks/CoreText.framework/Versions/A/CoreText
0x000000000e20d000 	/System/Library/Frameworks/ImageIO.framework/Versions/A/ImageIO
0x000000000e20d000 	/System/Library/PrivateFrameworks/Backup.framework/Versions/A/Backup
0x000000000e20d000 	/System/Library/Frameworks/CFNetwork.framework/Versions/A/CFNetwork
0x000000000e20d000 	/System/Library/Frameworks/SystemConfiguration.framework/Versions/A/SystemConfiguration
0x000000000e20d000 	/usr/lib/libCRFSuite.dylib
0x000000000e20d000 	/System/Library/PrivateFrameworks/TCC.framework/Versions/A/TCC
0x000000000e20d000 	/usr/lib/libc++.1.dylib
0x000000000e20d000 	/usr/lib/libc++abi.dylib
0x000000000e20d000 	/usr/lib/system/libcache.dylib
0x000000000e20d000 	/usr/lib/system/libcommonCrypto.dylib
0x000000000e20d000 	/usr/lib/system/libcompiler_rt.dylib
0x000000000e20d000 	/usr/lib/system/libcopyfile.dylib
0x000000000e20d000 	/usr/lib/system/libdispatch.dylib
0x000000000e20d000 	/usr/lib/system/libdnsinfo.dylib
0x000000000e20d000 	/usr/lib/system/libdyld.dylib
0x000000000e20d000 	/usr/lib/system/libkeymgr.dylib
0x000000000e20d000 	/usr/lib/system/liblaunch.dylib
0x000000000e20d000 	/usr/lib/system/libmacho.dylib
0x000000000e20d000 	/usr/lib/system/libquarantine.dylib
0x000000000e20d000 	/usr/lib/system/libremovefile.dylib
0x000000000e20d000 	/usr/lib/system/libsystem_blocks.dylib
0x000000000e20d000 	/usr/lib/system/libsystem_c.dylib
0x000000000e20d000 	/usr/lib/system/libsystem_dnssd.dylib
0x000000000e20d000 	/usr/lib/system/libsystem_info.dylib
0x000000000e20d000 	/usr/lib/system/libsystem_kernel.dylib
0x000000000e20d000 	/usr/lib/system/libsystem_m.dylib
0x000000000e20d000 	/usr/lib/system/libsystem_network.dylib
0x000000000e20d000 	/usr/lib/system/libsystem_notify.dylib
0x000000000e20d000 	/usr/lib/system/libsystem_sandbox.dylib
0x000000000e20d000 	/usr/lib/system/libunc.dylib
0x000000000e20d000 	/usr/lib/system/libunwind.dylib
0x000000000e20d000 	/usr/lib/system/libxpc.dylib
0x000000000e20d000 	/usr/lib/system/libcorecrypto.dylib
0x000000000e20d000 	/usr/lib/libstdc++.6.dylib
0x000000000e20d000 	/usr/lib/libbsm.0.dylib
0x000000000e20d000 	/usr/lib/libsqlite3.dylib
0x000000000e20d000 	/usr/lib/libxar.1.dylib
0x000000000e20d000 	/usr/lib/libpam.2.dylib
0x000000000e20d000 	/usr/lib/libOpenScriptingUtil.dylib
0x000000000e20d000 	/usr/lib/libbz2.1.0.dylib
0x000000000e20d000 	/System/Library/Frameworks/CoreServices.framework/Versions/A/Frameworks/CarbonCore.framework/Versions/A/CarbonCore
0x000000000e20d000 	/System/Library/Frameworks/CoreServices.framework/Versions/A/Frameworks/Metadata.framework/Versions/A/Metadata
0x000000000e20d000 	/System/Library/Frameworks/CoreServices.framework/Versions/A/Frameworks/OSServices.framework/Versions/A/OSServices
0x000000000e20d000 	/System/Library/Frameworks/CoreServices.framework/Versions/A/Frameworks/SearchKit.framework/Versions/A/SearchKit
0x000000000e20d000 	/System/Library/Frameworks/CoreServices.framework/Versions/A/Frameworks/AE.framework/Versions/A/AE
0x000000000e20d000 	/System/Library/Frameworks/CoreServices.framework/Versions/A/Frameworks/LaunchServices.framework/Versions/A/LaunchServices
0x000000000e20d000 	/System/Library/Frameworks/CoreServices.framework/Versions/A/Frameworks/DictionaryServices.framework/Versions/A/DictionaryServices
0x000000000e20d000 	/System/Library/Frameworks/NetFS.framework/Versions/A/NetFS
0x000000000e20d000 	/usr/lib/system/libkxld.dylib
0x000000000e20d000 	/System/Library/PrivateFrameworks/NetAuth.framework/Versions/A/NetAuth
0x000000000e20d000 	/System/Library/Frameworks/OpenDirectory.framework/Versions/A/Frameworks/CFOpenDirectory.framework/Versions/A/CFOpenDirectory
0x000000000e20d000 	/usr/lib/libxslt.1.dylib
0x000000000e20d000 	/System/Library/PrivateFrameworks/FamilyControls.framework/Versions/A/FamilyControls
0x000000000e20d000 	/System/Library/Frameworks/Carbon.framework/Versions/A/Frameworks/Ink.framework/Versions/A/Ink
0x000000000e20d000 	/System/Library/Frameworks/ApplicationServices.framework/Versions/A/Frameworks/CoreGraphics.framework/Versions/A/CoreGraphics
0x000000000e20d000 	/System/Library/Frameworks/ApplicationServices.framework/Versions/A/Frameworks/ATS.framework/Versions/A/ATS
0x000000000e20d000 	/System/Library/Frameworks/ApplicationServices.framework/Versions/A/Frameworks/ColorSync.framework/Versions/A/ColorSync
0x000000000e20d000 	/System/Library/Frameworks/ApplicationServices.framework/Versions/A/Frameworks/HIServices.framework/Versions/A/HIServices
0x000000000e20d000 	/System/Library/Frameworks/ApplicationServices.framework/Versions/A/Frameworks/LangAnalysis.framework/Versions/A/LangAnalysis
0x000000000e20d000 	/System/Library/Frameworks/ApplicationServices.framework/Versions/A/Frameworks/PrintCore.framework/Versions/A/PrintCore
0x000000000e20d000 	/System/Library/Frameworks/ApplicationServices.framework/Versions/A/Frameworks/QD.framework/Versions/A/QD
0x000000000e20d000 	/System/Library/Frameworks/ApplicationServices.framework/Versions/A/Frameworks/SpeechSynthesis.framework/Versions/A/SpeechSynthesis
0x000000000e20d000 	/System/Library/Frameworks/IOSurface.framework/Versions/A/IOSurface
0x000000000e20d000 	/System/Library/Frameworks/Accelerate.framework/Versions/A/Accelerate
0x000000000e20d000 	/System/Library/Frameworks/ApplicationServices.framework/Versions/A/Frameworks/ATS.framework/Versions/A/Resources/libFontParser.dylib
0x000000000e20d000 	/System/Library/Frameworks/ApplicationServices.framework/Versions/A/Frameworks/ATS.framework/Versions/A/Resources/libFontRegistry.dylib
0x000000000e20d000 	/System/Library/Frameworks/Accelerate.framework/Versions/A/Frameworks/vImage.framework/Versions/A/vImage
0x000000000e20d000 	/System/Library/Frameworks/Accelerate.framework/Versions/A/Frameworks/vecLib.framework/Versions/A/vecLib
0x000000000e20d000 	/System/Library/Frameworks/Accelerate.framework/Versions/A/Frameworks/vecLib.framework/Versions/A/libvDSP.dylib
0x000000000e20d000 	/System/Library/Frameworks/Accelerate.framework/Versions/A/Frameworks/vecLib.framework/Versions/A/libvMisc.dylib
0x000000000e20d000 	/System/Library/Frameworks/Accelerate.framework/Versions/A/Frameworks/vecLib.framework/Versions/A/libLAPACK.dylib
0x000000000e20d000 	/System/Library/Frameworks/Accelerate.framework/Versions/A/Frameworks/vecLib.framework/Versions/A/libBLAS.dylib
0x000000000e20d000 	/System/Library/Frameworks/ImageIO.framework/Versions/A/Resources/libJPEG.dylib
0x000000000e20d000 	/System/Library/Frameworks/ImageIO.framework/Versions/A/Resources/libTIFF.dylib
0x000000000e20d000 	/System/Library/Frameworks/ImageIO.framework/Versions/A/Resources/libPng.dylib
0x000000000e20d000 	/System/Library/Frameworks/ImageIO.framework/Versions/A/Resources/libGIF.dylib
0x000000000e20d000 	/System/Library/Frameworks/ImageIO.framework/Versions/A/Resources/libJP2.dylib
0x000000000e20d000 	/System/Library/Frameworks/ImageIO.framework/Versions/A/Resources/libRadiance.dylib
0x000000000e20d000 	/usr/lib/libcups.2.dylib
0x000000000e20d000 	/System/Library/Frameworks/Kerberos.framework/Versions/A/Kerberos
0x000000000e20d000 	/System/Library/Frameworks/GSS.framework/Versions/A/GSS
0x000000000e20d000 	/usr/lib/libresolv.9.dylib
0x000000000e20d000 	/usr/lib/libiconv.2.dylib
0x000000000e20d000 	/System/Library/PrivateFrameworks/Heimdal.framework/Versions/A/Heimdal
0x000000000e20d000 	/System/Library/PrivateFrameworks/TrustEvaluationAgent.framework/Versions/A/TrustEvaluationAgent
0x000000000e20d000 	/System/Library/Frameworks/OpenDirectory.framework/Versions/A/OpenDirectory
0x000000000e20d000 	/System/Library/PrivateFrameworks/CommonAuth.framework/Versions/A/CommonAuth
0x000000000e20d000 	/System/Library/PrivateFrameworks/Bom.framework/Versions/A/Bom
0x000000000e20d000 	/System/Library/Frameworks/CoreVideo.framework/Versions/A/CoreVideo
0x000000000e20d000 	/System/Library/Frameworks/QuartzCore.framework/Versions/A/Frameworks/CoreImage.framework/Versions/A/CoreImage
0x000000000e20d000 	/System/Library/Frameworks/QuartzCore.framework/Versions/A/Frameworks/ScalableUserInterface.framework/Versions/A/ScalableUserInterface
0x000000000e20d000 	/System/Library/Frameworks/OpenGL.framework/Versions/A/Libraries/libGLU.dylib
0x000000000e20d000 	/System/Library/Frameworks/OpenGL.framework/Versions/A/Libraries/libGFXShared.dylib
0x000000000e20d000 	/System/Library/Frameworks/OpenGL.framework/Versions/A/Libraries/libGL.dylib
0x000000000e20d000 	/System/Library/Frameworks/OpenGL.framework/Versions/A/Libraries/libGLImage.dylib
0x000000000e20d000 	/System/Library/Frameworks/OpenGL.framework/Versions/A/Libraries/libCVMSPluginSupport.dylib
0x000000000e20d000 	/System/Library/Frameworks/OpenGL.framework/Versions/A/Libraries/libCoreVMClient.dylib
0x000000000e20d000 	/System/Library/PrivateFrameworks/CrashReporterSupport.framework/Versions/A/CrashReporterSupport
0x000000000e20d000 	/System/Library/Frameworks/OpenCL.framework/Versions/A/OpenCL
0x000000000e20d000 	/System/Library/PrivateFrameworks/FaceCoreLight.framework/Versions/A/FaceCoreLight
0x000000000e20d000 	/System/Library/PrivateFrameworks/AppleFSCompression.framework/Versions/A/AppleFSCompression
0x000000000e20d000 	/System/Library/PrivateFrameworks/Ubiquity.framework/Versions/A/Ubiquity
0x000000000e20d000 	/System/Library/Frameworks/ServiceManagement.framework/Versions/A/ServiceManagement
0x000000000e20d000 	/System/Library/PrivateFrameworks/ChunkingLibrary.framework/Versions/A/ChunkingLibrary
0x000000000e20d000 	/System/Library/Frameworks/vecLib.framework/Versions/A/vecLib
0x000000000e20d000 	/System/Library/Frameworks/SecurityFoundation.framework/Versions/A/SecurityFoundation
0x000000000e20d000 	/System/Library/PrivateFrameworks/CommerceKit.framework/Versions/A/Frameworks/CommerceCore.framework/Versions/A/CommerceCore
0x000000000e20d000 	/System/Library/PrivateFrameworks/CoreSymbolication.framework/Versions/A/CoreSymbolication
0x000000000e20d000 	/System/Library/PrivateFrameworks/Symbolication.framework/Versions/A/Symbolication
0x000000000e20d000 	/System/Library/PrivateFrameworks/DebugSymbols.framework/Versions/A/DebugSymbols
0x000000010a1d1000 	/Library/Java/JavaVirtualMachines/jdk1.8.0_60.jdk/Contents/Home/jre/lib/server/libjvm.dylib
0x000000010b25d000 	/Library/Java/JavaVirtualMachines/jdk1.8.0_60.jdk/Contents/Home/jre/lib/libverify.dylib
0x000000010b26b000 	/Library/Java/JavaVirtualMachines/jdk1.8.0_60.jdk/Contents/Home/jre/lib/libjava.dylib
0x000000010b32d000 	/Library/Java/JavaVirtualMachines/jdk1.8.0_60.jdk/Contents/Home/jre/lib/libzip.dylib
0x0000000126f0d000 	/System/Library/Frameworks/JavaVM.framework/Frameworks/JavaRuntimeSupport.framework/JavaRuntimeSupport
0x0000000126f25000 	/System/Library/Frameworks/JavaVM.framework/Versions/A/Frameworks/JavaNativeFoundation.framework/Versions/A/JavaNativeFoundation
0x0000000126f3a000 	/System/Library/Frameworks/JavaVM.framework/Versions/A/JavaVM
0x000000000e20d000 	/System/Library/Frameworks/Carbon.framework/Versions/A/Carbon
0x0000000126f47000 	/System/Library/PrivateFrameworks/JavaLaunching.framework/Versions/A/JavaLaunching
0x000000000e20d000 	/System/Library/Frameworks/Carbon.framework/Versions/A/Frameworks/CommonPanels.framework/Versions/A/CommonPanels
0x000000000e20d000 	/System/Library/Frameworks/Carbon.framework/Versions/A/Frameworks/Help.framework/Versions/A/Help
0x000000000e20d000 	/System/Library/Frameworks/Carbon.framework/Versions/A/Frameworks/ImageCapture.framework/Versions/A/ImageCapture
0x000000000e20d000 	/System/Library/Frameworks/Carbon.framework/Versions/A/Frameworks/OpenScripting.framework/Versions/A/OpenScripting
0x000000000e20d000 	/System/Library/Frameworks/Carbon.framework/Versions/A/Frameworks/Print.framework/Versions/A/Print
0x000000000e20d000 	/System/Library/Frameworks/Carbon.framework/Versions/A/Frameworks/SecurityHI.framework/Versions/A/SecurityHI
0x00000001278dd000 	/Users/zimmemi1/git/saavtk/lib/mac64/libvtkChartsCoreJava.jnilib
0x0000000127918000 	/Users/zimmemi1/git/saavtk/lib/mac64/libvtkChartsCore-6.2.jnilib
0x0000000127a11000 	/Users/zimmemi1/git/saavtk/lib/mac64/libvtkRenderingContext2DJava.jnilib
0x0000000127a2c000 	/Users/zimmemi1/git/saavtk/lib/mac64/libvtkRenderingContext2D-6.2.jnilib
0x0000000127a5c000 	/Users/zimmemi1/git/saavtk/lib/mac64/libvtkRenderingCoreJava.jnilib
0x0000000127b0e000 	/Users/zimmemi1/git/saavtk/lib/mac64/libvtkRenderingCore-6.2.jnilib
0x0000000127ca2000 	/Library/Java/JavaVirtualMachines/jdk1.8.0_60.jdk/Contents/Home/jre/lib/libjawt.dylib
0x0000000127ca5000 	/Users/zimmemi1/git/saavtk/lib/mac64/libvtkCommonColorJava.jnilib
0x0000000127caf000 	/Users/zimmemi1/git/saavtk/lib/mac64/libvtkCommonColor-6.2.jnilib
0x0000000127ccb000 	/Users/zimmemi1/git/saavtk/lib/mac64/libvtkCommonExecutionModelJava.jnilib
0x0000000127d03000 	/Users/zimmemi1/git/saavtk/lib/mac64/libvtkCommonExecutionModel-6.2.jnilib
0x0000000127d9a000 	/Users/zimmemi1/git/saavtk/lib/mac64/libvtkCommonDataModelJava.jnilib
0x0000000127e99000 	/Users/zimmemi1/git/saavtk/lib/mac64/libvtkCommonDataModel-6.2.jnilib
0x00000001281b2000 	/Users/zimmemi1/git/saavtk/lib/mac64/libvtkCommonMiscJava.jnilib
0x00000001281bb000 	/Users/zimmemi1/git/saavtk/lib/mac64/libvtkCommonMisc-6.2.jnilib
0x00000001281d0000 	/Users/zimmemi1/git/saavtk/lib/mac64/libvtkCommonSystemJava.jnilib
0x00000001281da000 	/Users/zimmemi1/git/saavtk/lib/mac64/libvtkCommonSystem-6.2.jnilib
0x00000001281ef000 	/Users/zimmemi1/git/saavtk/lib/mac64/libvtkCommonTransformsJava.jnilib
0x0000000128208000 	/Users/zimmemi1/git/saavtk/lib/mac64/libvtkCommonTransforms-6.2.jnilib
0x0000000128236000 	/Users/zimmemi1/git/saavtk/lib/mac64/libvtkCommonMathJava.jnilib
0x0000000128248000 	/Users/zimmemi1/git/saavtk/lib/mac64/libvtkCommonCoreJava.jnilib
0x00000001282b1000 	/Users/zimmemi1/git/saavtk/lib/mac64/libvtkWrappingJava.jnilib
0x00000001282b9000 	/Users/zimmemi1/git/saavtk/lib/mac64/libvtkCommonMath-6.2.jnilib
0x00000001282db000 	/Users/zimmemi1/git/saavtk/lib/mac64/libvtkCommonCore-6.2.jnilib
0x00000001286ef000 	/Users/zimmemi1/git/saavtk/lib/mac64/libvtkInfovisCore-6.2.jnilib
0x00000001287b6000 	/Users/zimmemi1/git/saavtk/lib/mac64/libvtkFiltersExtraction-6.2.jnilib
0x000000012887e000 	/Users/zimmemi1/git/saavtk/lib/mac64/libvtkFiltersStatistics-6.2.jnilib
0x00000001288e9000 	/Users/zimmemi1/git/saavtk/lib/mac64/libvtkImagingFourier-6.2.jnilib
0x000000012890e000 	/Users/zimmemi1/git/saavtk/lib/mac64/libvtkImagingCore-6.2.jnilib
0x0000000128ae6000 	/Users/zimmemi1/git/saavtk/lib/mac64/libvtkalglib-6.2.jnilib
0x0000000128b0c000 	/Users/zimmemi1/git/saavtk/lib/mac64/libvtkFiltersGeneral-6.2.jnilib
0x0000000128dc9000 	/Users/zimmemi1/git/saavtk/lib/mac64/libvtkFiltersCore-6.2.jnilib
0x000000012917c000 	/Users/zimmemi1/git/saavtk/lib/mac64/libvtkCommonComputationalGeometry-6.2.jnilib
0x00000001291a3000 	/Users/zimmemi1/git/saavtk/lib/mac64/libvtkRenderingFreeType-6.2.jnilib
0x0000000129258000 	/Users/zimmemi1/git/saavtk/lib/mac64/libvtkftgl-6.2.jnilib
0x0000000129266000 	/Users/zimmemi1/git/saavtk/lib/mac64/libvtkfreetype-6.2.jnilib
0x00000001292f2000 	/Users/zimmemi1/git/saavtk/lib/mac64/libvtkzlib-6.2.jnilib
0x0000000129307000 	/Users/zimmemi1/git/saavtk/lib/mac64/libvtkFiltersSources-6.2.jnilib
0x0000000129387000 	/Users/zimmemi1/git/saavtk/lib/mac64/libvtkFiltersGeometry-6.2.jnilib
0x00000001293ed000 	/Users/zimmemi1/git/saavtk/lib/mac64/libvtksys-6.2.dylib
0x0000000129432000 	/Library/Java/JavaVirtualMachines/jdk1.8.0_60.jdk/Contents/Home/jre/lib/./libawt_lwawt.dylib
0x00000001294e7000 	/Library/Java/JavaVirtualMachines/jdk1.8.0_60.jdk/Contents/Home/jre/lib/./libawt.dylib
0x000000012958f000 	/Library/Java/JavaVirtualMachines/jdk1.8.0_60.jdk/Contents/Home/jre/lib/./libmlib_image.dylib
0x000000012965b000 	/Library/Java/JavaVirtualMachines/jdk1.8.0_60.jdk/Contents/Home/jre/lib/./libosxapp.dylib
0x0000000129677000 	/System/Library/Frameworks/ExceptionHandling.framework/Versions/A/ExceptionHandling

VM Arguments:
jvm_args: -Djava.library.path=../saavtk/lib/mac64 -Dfile.encoding=UTF-8 
java_command: edu.jhuapl.saavtk.gui.jogl.Test
java_class_path (initial): /Users/zimmemi1/git/saavtk/bin:/Users/zimmemi1/git/saavtk/lib/commons-math3-3.2.jar:/Users/zimmemi1/git/saavtk/lib/commons-io-2.0.jar:/Users/zimmemi1/git/saavtk/lib/guava-13.0.1.jar:/Users/zimmemi1/git/saavtk/lib/miglayout-3.7.1-swing.jar:/Users/zimmemi1/git/saavtk/lib/jgoodies-looks-2.4.0.jar:/Users/zimmemi1/git/saavtk/lib/jfreechart-1.0.13.jar:/Users/zimmemi1/git/saavtk/lib/jcommon-1.0.16.jar:/Users/zimmemi1/git/saavtk/lib/joda-time-1.6.jar:/Users/zimmemi1/git/saavtk/lib/vtk-6.2.jar:/Users/zimmemi1/git/saavtk/lib/jogl-all-2.1.5.jar:/Users/zimmemi1/git/saavtk/lib/commons-math3-3.2-sources.jar:/Users/zimmemi1/git/saavtk/lib/gluegen-rt-2.1.5.jar:/Users/zimmemi1/git/saavtk/lib/jgoodies-common-1.1.1.jar:/Users/zimmemi1/git/saavtk/lib/RelativeLayout-v1.0.jar:/Users/zimmemi1/git/saavtk/lib/quaqua-7.3.4-filechooser-only.jar:/Users/zimmemi1/git/saavtk/lib/quaqua-7.3.4.jar:/Users/zimmemi1/git/saavtk/lib/Jama-1.0.2.jar
Launcher Type: SUN_STANDARD

Environment Variables:
PATH=/usr/bin:/bin:/usr/sbin:/sbin:/usr/local/bin:/opt/X11/bin
SHELL=/bin/bash
DISPLAY=/tmp/launch-GqSwxi/org.macosforge.xquartz:0
DYLD_LIBRARY_PATH=../saavtk/lib/mac64

Signal Handlers:
SIGSEGV: [libjvm.dylib+0x5a6d31], sa_mask[0]=11111111011111110111111111111111, sa_flags=SA_ONSTACK|SA_RESTART|SA_SIGINFO
SIGBUS: [libjvm.dylib+0x5a6d31], sa_mask[0]=11111111011111110111111111111111, sa_flags=SA_RESTART|SA_SIGINFO
SIGFPE: [libjvm.dylib+0x480a4c], sa_mask[0]=11111111011111110111111111111111, sa_flags=SA_RESTART|SA_SIGINFO
SIGPIPE: [libjvm.dylib+0x480a4c], sa_mask[0]=11111111011111110111111111111111, sa_flags=SA_RESTART|SA_SIGINFO
SIGXFSZ: [libjvm.dylib+0x480a4c], sa_mask[0]=11111111011111110111111111111111, sa_flags=SA_RESTART|SA_SIGINFO
SIGILL: [libjvm.dylib+0x480a4c], sa_mask[0]=11111111011111110111111111111111, sa_flags=SA_RESTART|SA_SIGINFO
SIGUSR1: SIG_DFL, sa_mask[0]=00000000000000000000000000000000, sa_flags=SA_RESTART
SIGUSR2: [libjvm.dylib+0x48056a], sa_mask[0]=00100000000000000000000000000000, sa_flags=SA_RESTART|SA_SIGINFO
SIGHUP: [libjvm.dylib+0x47eb41], sa_mask[0]=11111111011111110111111111111111, sa_flags=SA_RESTART|SA_SIGINFO
SIGINT: [libjvm.dylib+0x47eb41], sa_mask[0]=11111111011111110111111111111111, sa_flags=SA_RESTART|SA_SIGINFO
SIGTERM: [libjvm.dylib+0x47eb41], sa_mask[0]=11111111011111110111111111111111, sa_flags=SA_RESTART|SA_SIGINFO
SIGQUIT: [libjvm.dylib+0x47eb41], sa_mask[0]=11111111011111110111111111111111, sa_flags=SA_RESTART|SA_SIGINFO


---------------  S Y S T E M  ---------------

OS:Bsduname:Darwin 12.6.0 Darwin Kernel Version 12.6.0: Wed Mar 18 16:23:48 PDT 2015; root:xnu-2050.48.19~1/RELEASE_X86_64 x86_64
rlimit: STACK 8192k, CORE 0k, NPROC 709, NOFILE 10240, AS infinity
load average:1.49 1.39 1.33

CPU:total 8 (4 cores per cpu, 2 threads per core) family 6 model 58 stepping 9, cmov, cx8, fxsr, mmx, sse, sse2, sse3, ssse3, sse4.1, sse4.2, popcnt, avx, aes, clmul, erms, ht, tsc, tscinvbit, tscinv

Memory: 4k page, physical 16777216k(3980256k free)

/proc/meminfo:


vm_info: Java HotSpot(TM) 64-Bit Server VM (25.60-b23) for bsd-amd64 JRE (1.8.0_60-b27), built on Aug  4 2015 10:47:24 by "java_re" with gcc 4.2.1 (Based on Apple Inc. build 5658) (LLVM build 2336.11.00)

time: Mon Sep 12 21:49:45 2016
elapsed time: 0 seconds (0d 0h 0m 0s)

