#
# A fatal error has been detected by the Java Runtime Environment:
#
#  SIGSEGV (0xb) at pc=0x0000000128935a79, pid=71402, tid=0x000000000001006b
#
# JRE version: Java(TM) SE Runtime Environment (8.0_131-b11) (build 1.8.0_131-b11)
# Java VM: Java HotSpot(TM) 64-Bit Server VM (25.131-b11 mixed mode bsd-amd64 compressed oops)
# Problematic frame:
# C  [libvtkCommonTransforms-6.3.jnilib+0x2a79]  _ZN20vtkAbstractTransform6UpdateEv+0x9
#
# Failed to write core dump. Core dumps have been disabled. To enable core dumping, try "ulimit -c unlimited" before starting Java again
#
# If you would like to submit a bug report, please visit:
#   http://bugreport.java.com/bugreport/crash.jsp
# The crash happened outside the Java Virtual Machine in native code.
# See problematic frame for where to report the bug.
#

---------------  T H R E A D  ---------------

Current thread (0x00007fb75d125800):  JavaThread "AWT-EventQueue-0" [_thread_in_native, id=65643, stack(0x000070000ad12000,0x000070000ae12000)]

siginfo: si_signo: 11 (SIGSEGV), si_code: 0 (unknown), si_addr: 0x0000000000000000

Registers:
RAX=0x00007fb763a069b0, RBX=0x600007fb763a35f6, RCX=0x0000000000000003, RDX=0x00007fb75be5ad90
RSP=0x000070000ae100b0, RBP=0x000070000ae100c0, RSI=0x00007fb763a069b0, RDI=0x600007fb763a35f6
R8 =0x00007fb75be5ad90, R9 =0x00007fb763a069b0, R10=0x000000010b2fc110, R11=0x0000000128935a70
R12=0x00007fb763a068f0, R13=0x3ffd580365d800b2, R14=0x00007fb763a069b0, R15=0x00007fb763a37900
RIP=0x0000000128935a79, EFLAGS=0x0000000000010202, ERR=0x0000000000000000
  TRAPNO=0x000000000000000d

Top of Stack: (sp=0x000070000ae100b0)
0x000070000ae100b0:   00007fb763a069b0 600007fb763a35f6
0x000070000ae100c0:   000070000ae10120 000000012869b597
0x000070000ae100d0:   00007fb763a069b0 00007fb75be5ad90
0x000070000ae100e0:   00007fb763a069b0 0000000000000000
0x000070000ae100f0:   3ffd580365d800b2 0000000000000000
0x000070000ae10100:   00007fb763a068f0 00007fb763a444a0
0x000070000ae10110:   00007fb763a37900 0000000000000032
0x000070000ae10120:   000070000ae10290 00000001295bc1e5
0x000070000ae10130:   000070000ae10160 00007fb700000000
0x000070000ae10140:   00007fb763a06880 00007fb763a3c1c0
0x000070000ae10150:   00007fb700000002 0000000000000001
0x000070000ae10160:   0000000000000000 00007fb763a12100
0x000070000ae10170:   00f74e4f2e4ad9af 0000000000000000
0x000070000ae10180:   000070000ae101a0 00007fb763a06880
0x000070000ae10190:   000070000ae101b0 0000000128b52c51
0x000070000ae101a0:   00007fb763a06880 00007fb763a06880
0x000070000ae101b0:   000070000ae10230 000000012847dd3a
0x000070000ae101c0:   00007fb75bdab430 00007fb763a303b0
0x000070000ae101d0:   00007fb75be59880 00007fb763a444a0
0x000070000ae101e0:   0000000000000060 00007fb75be97c60
0x000070000ae101f0:   00007fb763a223c0 00007fb763a52fa0
0x000070000ae10200:   000000012862dd00 00007fb763a1ca30
0x000070000ae10210:   000070000ae10230 00007fb75be93a40
0x000070000ae10220:   00007fb763a06880 00007fb763a3c2d0
0x000070000ae10230:   000070000ae10290 0000000128461ce6
0x000070000ae10240:   000070000ae10260 0000000128b52c51
0x000070000ae10250:   00007fb763a06880 00007fb763a06880
0x000070000ae10260:   000070000ae10290 00007fb763a3c2d0
0x000070000ae10270:   00007fb763a06880 00007fb763a3c0c0
0x000070000ae10280:   00007fb763a3c1c0 00007fb763a06880
0x000070000ae10290:   000070000ae102f0 000000012846a4e5
0x000070000ae102a0:   000070000ae102c0 000000012870f265 

Instructions: (pc=0x0000000128935a79)
0x0000000128935a59:   41 5c 41 5d 41 5e 41 5f 5d c3 e8 74 3f 01 00 0f
0x0000000128935a69:   1f 84 00 00 00 00 00 55 48 89 e5 53 50 48 89 fb
0x0000000128935a79:   48 8b 7b 60 e8 3a 3e 01 00 83 7b 70 00 74 13 48
0x0000000128935a89:   8b 7b 78 48 8b 07 ff 90 98 00 00 00 48 3b 43 58 

Register to memory mapping:

RAX=0x00007fb763a069b0 is an unknown value
RBX=0x600007fb763a35f6 is an unknown value
RCX=0x0000000000000003 is an unknown value
RDX=0x00007fb75be5ad90 is an unknown value
RSP=0x000070000ae100b0 is pointing into the stack for thread: 0x00007fb75d125800
RBP=0x000070000ae100c0 is pointing into the stack for thread: 0x00007fb75d125800
RSI=0x00007fb763a069b0 is an unknown value
RDI=0x600007fb763a35f6 is an unknown value
R8 =0x00007fb75be5ad90 is an unknown value
R9 =0x00007fb763a069b0 is an unknown value
R10=0x000000010b2fc110 is an unknown value
R11=0x0000000128935a70: _ZN20vtkAbstractTransform6UpdateEv+0 in /Users/zimmemi1/sbmt/workspace/saavtk/lib/vtk6.3/mac64/libvtkCommonTransforms-6.3.jnilib at 0x0000000128933000
R12=0x00007fb763a068f0 is an unknown value
R13=0x3ffd580365d800b2 is an unknown value
R14=0x00007fb763a069b0 is an unknown value
R15=0x00007fb763a37900 is an unknown value


Stack: [0x000070000ad12000,0x000070000ae12000],  sp=0x000070000ae100b0,  free space=1016k
Native frames: (J=compiled Java code, j=interpreted, Vv=VM code, C=native code)
C  [libvtkCommonTransforms-6.3.jnilib+0x2a79]  _ZN20vtkAbstractTransform6UpdateEv+0x9
C  [libvtkCommonDataModel-6.3.jnilib+0xb6597]  _ZN19vtkImplicitFunction13FunctionValueEPKd+0x37
C  [libvtkFiltersCore-6.3.jnilib+0xb71e5]  _ZN15vtkClipPolyData11RequestDataEP14vtkInformationPP20vtkInformationVectorS3_+0x1b5
C  [libvtkCommonExecutionModel-6.3.jnilib+0x154e5]  _ZN12vtkExecutive13CallAlgorithmEP14vtkInformationiPP20vtkInformationVectorS3_+0x45
C  [libvtkCommonExecutionModel-6.3.jnilib+0x100fd]  _ZN23vtkDemandDrivenPipeline11ExecuteDataEP14vtkInformationPP20vtkInformationVectorS3_+0x3d
C  [libvtkCommonExecutionModel-6.3.jnilib+0xbb8b]  _ZN24vtkCompositeDataPipeline11ExecuteDataEP14vtkInformationPP20vtkInformationVectorS3_+0x6b
C  [libvtkCommonExecutionModel-6.3.jnilib+0xf88c]  _ZN23vtkDemandDrivenPipeline14ProcessRequestEP14vtkInformationPP20vtkInformationVectorS3_+0x4cc
C  [libvtkCommonExecutionModel-6.3.jnilib+0x27d7f]  _ZN32vtkStreamingDemandDrivenPipeline14ProcessRequestEP14vtkInformationPP20vtkInformationVectorS3_+0x37f
C  [libvtkCommonExecutionModel-6.3.jnilib+0x280bf]  _ZN32vtkStreamingDemandDrivenPipeline6UpdateEi+0x9f
j  vtk.vtkAlgorithm.Update_68()V+0
j  vtk.vtkAlgorithm.Update()V+1
j  edu.jhuapl.saavtk2.polydata.clip.PolyDataClip.apply(Lvtk/vtkPolyData;)Lvtk/vtkPolyData;+12
j  edu.jhuapl.saavtk2.image.projection.CylindricalProjection.clipLongitude(DDLvtk/vtkPolyData;)Lvtk/vtkPolyData;+14
j  edu.jhuapl.saavtk2.image.projection.CylindricalProjection.clipVisibleGeometry(Lvtk/vtkPolyData;)Lvtk/vtkPolyData;+17
j  edu.jhuapl.saavtk2.image.CylindricalImage.createSurfaceGeometry(Lvtk/vtkPolyData;Ledu/jhuapl/saavtk2/image/projection/Projection;)Lvtk/vtkPolyData;+2
j  edu.jhuapl.saavtk2.image.projection.gui.CylindricalProjectionControlPanel.regenerateProjectionGeometry()V+190
j  edu.jhuapl.saavtk2.image.projection.gui.CylindricalProjectionControlPanel.<init>(Lvtk/vtkPolyData;)V+555
j  edu.jhuapl.saavtk2.image.projection.gui.CylindricalProjectionControlPanel$1.run()V+20
j  java.awt.event.InvocationEvent.dispatch()V+47
j  java.awt.EventQueue.dispatchEventImpl(Ljava/awt/AWTEvent;Ljava/lang/Object;)V+21
j  java.awt.EventQueue.access$500(Ljava/awt/EventQueue;Ljava/awt/AWTEvent;Ljava/lang/Object;)V+3
j  java.awt.EventQueue$3.run()Ljava/lang/Void;+32
j  java.awt.EventQueue$3.run()Ljava/lang/Object;+1
v  ~StubRoutines::call_stub
V  [libjvm.dylib+0x2ee5b6]
V  [libjvm.dylib+0x34ed14]
j  java.security.AccessController.doPrivileged(Ljava/security/PrivilegedAction;Ljava/security/AccessControlContext;)Ljava/lang/Object;+0
j  java.security.ProtectionDomain$JavaSecurityAccessImpl.doIntersectionPrivilege(Ljava/security/PrivilegedAction;Ljava/security/AccessControlContext;Ljava/security/AccessControlContext;)Ljava/lang/Object;+18
j  java.awt.EventQueue.dispatchEvent(Ljava/awt/AWTEvent;)V+46
j  java.awt.EventDispatchThread.pumpOneEventForFilters(I)V+245
j  java.awt.EventDispatchThread.pumpEventsForFilter(ILjava/awt/Conditional;Ljava/awt/EventFilter;)V+35
j  java.awt.EventDispatchThread.pumpEventsForHierarchy(ILjava/awt/Conditional;Ljava/awt/Component;)V+11
j  java.awt.EventDispatchThread.pumpEvents(ILjava/awt/Conditional;)V+4
j  java.awt.EventDispatchThread.pumpEvents(Ljava/awt/Conditional;)V+3
j  java.awt.EventDispatchThread.run()V+9
v  ~StubRoutines::call_stub
V  [libjvm.dylib+0x2ee5b6]
V  [libjvm.dylib+0x2eed5a]
V  [libjvm.dylib+0x2eef06]
V  [libjvm.dylib+0x34965d]
V  [libjvm.dylib+0x56b87f]
V  [libjvm.dylib+0x56cf6c]
V  [libjvm.dylib+0x48b376]
C  [libsystem_pthread.dylib+0x393b]  _pthread_body+0xb4
C  [libsystem_pthread.dylib+0x3887]  _pthread_body+0x0
C  [libsystem_pthread.dylib+0x308d]  thread_start+0xd
C  0x0000000000000000

Java frames: (J=compiled Java code, j=interpreted, Vv=VM code)
j  vtk.vtkAlgorithm.Update_68()V+0
j  vtk.vtkAlgorithm.Update()V+1
j  edu.jhuapl.saavtk2.polydata.clip.PolyDataClip.apply(Lvtk/vtkPolyData;)Lvtk/vtkPolyData;+12
j  edu.jhuapl.saavtk2.image.projection.CylindricalProjection.clipLongitude(DDLvtk/vtkPolyData;)Lvtk/vtkPolyData;+14
j  edu.jhuapl.saavtk2.image.projection.CylindricalProjection.clipVisibleGeometry(Lvtk/vtkPolyData;)Lvtk/vtkPolyData;+17
j  edu.jhuapl.saavtk2.image.CylindricalImage.createSurfaceGeometry(Lvtk/vtkPolyData;Ledu/jhuapl/saavtk2/image/projection/Projection;)Lvtk/vtkPolyData;+2
j  edu.jhuapl.saavtk2.image.projection.gui.CylindricalProjectionControlPanel.regenerateProjectionGeometry()V+190
j  edu.jhuapl.saavtk2.image.projection.gui.CylindricalProjectionControlPanel.<init>(Lvtk/vtkPolyData;)V+555
j  edu.jhuapl.saavtk2.image.projection.gui.CylindricalProjectionControlPanel$1.run()V+20
j  java.awt.event.InvocationEvent.dispatch()V+47
j  java.awt.EventQueue.dispatchEventImpl(Ljava/awt/AWTEvent;Ljava/lang/Object;)V+21
j  java.awt.EventQueue.access$500(Ljava/awt/EventQueue;Ljava/awt/AWTEvent;Ljava/lang/Object;)V+3
j  java.awt.EventQueue$3.run()Ljava/lang/Void;+32
j  java.awt.EventQueue$3.run()Ljava/lang/Object;+1
v  ~StubRoutines::call_stub
j  java.security.AccessController.doPrivileged(Ljava/security/PrivilegedAction;Ljava/security/AccessControlContext;)Ljava/lang/Object;+0
j  java.security.ProtectionDomain$JavaSecurityAccessImpl.doIntersectionPrivilege(Ljava/security/PrivilegedAction;Ljava/security/AccessControlContext;Ljava/security/AccessControlContext;)Ljava/lang/Object;+18
j  java.awt.EventQueue.dispatchEvent(Ljava/awt/AWTEvent;)V+46
j  java.awt.EventDispatchThread.pumpOneEventForFilters(I)V+245
j  java.awt.EventDispatchThread.pumpEventsForFilter(ILjava/awt/Conditional;Ljava/awt/EventFilter;)V+35
j  java.awt.EventDispatchThread.pumpEventsForHierarchy(ILjava/awt/Conditional;Ljava/awt/Component;)V+11
j  java.awt.EventDispatchThread.pumpEvents(ILjava/awt/Conditional;)V+4
j  java.awt.EventDispatchThread.pumpEvents(Ljava/awt/Conditional;)V+3
j  java.awt.EventDispatchThread.run()V+9
v  ~StubRoutines::call_stub

---------------  P R O C E S S  ---------------

Java Threads: ( => current thread )
  0x00007fb75d1f1800 JavaThread "Image Fetcher 0" daemon [_thread_blocked, id=76047, stack(0x000070000b01b000,0x000070000b11b000)]
  0x00007fb75c2ab000 JavaThread "Java2D Disposer" daemon [_thread_blocked, id=75023, stack(0x000070000af18000,0x000070000b018000)]
  0x00007fb75d1cc000 JavaThread "Java2D Queue Flusher" daemon [_thread_blocked, id=74503, stack(0x000070000ae15000,0x000070000af15000)]
  0x00007fb75d139800 JavaThread "DestroyJavaVM" [_thread_blocked, id=6915, stack(0x00007000095c4000,0x00007000096c4000)]
=>0x00007fb75d125800 JavaThread "AWT-EventQueue-0" [_thread_in_native, id=65643, stack(0x000070000ad12000,0x000070000ae12000)]
  0x00007fb75c936800 JavaThread "AWT-Shutdown" [_thread_blocked, id=32031, stack(0x000070000aa03000,0x000070000ab03000)]
  0x00007fb75c1cb000 JavaThread "AWT-AppKit" daemon [_thread_in_native, id=775, stack(0x00007fff5bfd6000,0x00007fff5c7d6000)]
  0x00007fb75c878000 JavaThread "Service Thread" daemon [_thread_blocked, id=21251, stack(0x000070000a77a000,0x000070000a87a000)]
  0x00007fb75c001800 JavaThread "C1 CompilerThread3" daemon [_thread_blocked, id=20739, stack(0x000070000a677000,0x000070000a777000)]
  0x00007fb75e011800 JavaThread "C2 CompilerThread2" daemon [_thread_blocked, id=20227, stack(0x000070000a574000,0x000070000a674000)]
  0x00007fb75e010800 JavaThread "C2 CompilerThread1" daemon [_thread_blocked, id=19715, stack(0x000070000a471000,0x000070000a571000)]
  0x00007fb75c87f000 JavaThread "C2 CompilerThread0" daemon [_thread_blocked, id=19203, stack(0x000070000a36e000,0x000070000a46e000)]
  0x00007fb75d021000 JavaThread "Signal Dispatcher" daemon [_thread_blocked, id=18691, stack(0x000070000a26b000,0x000070000a36b000)]
  0x00007fb75e00f000 JavaThread "Finalizer" daemon [_thread_blocked, id=14339, stack(0x000070000a0e5000,0x000070000a1e5000)]
  0x00007fb75e00c800 JavaThread "Reference Handler" daemon [_thread_blocked, id=13827, stack(0x0000700009fe2000,0x000070000a0e2000)]

Other Threads:
  0x00007fb75c864000 VMThread [stack: 0x0000700009edf000,0x0000700009fdf000] [id=13315]
  0x00007fb75c800800 WatcherThread [stack: 0x000070000a87d000,0x000070000a97d000] [id=21763]

VM state:not at safepoint (normal execution)

VM Mutex/Monitor currently owned by a thread: None

Heap:
 PSYoungGen      total 76288K, used 47388K [0x000000076ab00000, 0x0000000770000000, 0x00000007c0000000)
  eden space 65536K, 72% used [0x000000076ab00000,0x000000076d947148,0x000000076eb00000)
  from space 10752K, 0% used [0x000000076f580000,0x000000076f580000,0x0000000770000000)
  to   space 10752K, 0% used [0x000000076eb00000,0x000000076eb00000,0x000000076f580000)
 ParOldGen       total 175104K, used 0K [0x00000006c0000000, 0x00000006cab00000, 0x000000076ab00000)
  object space 175104K, 0% used [0x00000006c0000000,0x00000006c0000000,0x00000006cab00000)
 Metaspace       used 17752K, capacity 17935K, committed 18176K, reserved 1064960K
  class space    used 1951K, capacity 2044K, committed 2048K, reserved 1048576K

Card table byte_map: [0x0000000106163000,0x0000000106964000] byte_map_base: 0x0000000102b63000

Marking Bits: (ParMarkBitMap*) 0x00000001056f1ea0
 Begin Bits: [0x000000011a348000, 0x000000011e348000)
 End Bits:   [0x000000011e348000, 0x0000000122348000)

Polling page: 0x0000000103449000

CodeCache: size=245760Kb used=4174Kb max_used=4174Kb free=241585Kb
 bounds [0x000000010b348000, 0x000000010b768000, 0x000000011a348000]
 total_blobs=1865 nmethods=1073 adapters=706
 compilation: enabled

Compilation events (10 events):
Event: 4.742 Thread 0x00007fb75c001800 1071       3       sun.reflect.ClassFileAssembler::emitConstantPoolUTF8 (50 bytes)
Event: 4.743 Thread 0x00007fb75c001800 nmethod 1071 0x000000010b759690 code [0x000000010b759880, 0x000000010b759f28]
Event: 4.743 Thread 0x00007fb75c001800 1072   !   3       vtk.vtkJavaMemoryManagerImpl::getJavaObject (230 bytes)
Event: 4.744 Thread 0x00007fb75c001800 nmethod 1072 0x000000010b75a410 code [0x000000010b75a7e0, 0x000000010b75cdf8]
Event: 4.744 Thread 0x00007fb75c001800 1073       3       vtk.vtkCell::GetPointIds (29 bytes)
Event: 4.744 Thread 0x00007fb75c001800 nmethod 1073 0x000000010b75e290 code [0x000000010b75e440, 0x000000010b75e7c8]
Event: 4.745 Thread 0x00007fb75c001800 1074       3       java.util.concurrent.locks.AbstractQueuedSynchronizer::compareAndSetState (13 bytes)
Event: 4.745 Thread 0x00007fb75c001800 nmethod 1074 0x000000010b75e950 code [0x000000010b75eaa0, 0x000000010b75ec10]
Event: 4.746 Thread 0x00007fb75c001800 1075       3       java.util.concurrent.locks.ReentrantLock$Sync::tryRelease (45 bytes)
Event: 4.746 Thread 0x00007fb75c001800 nmethod 1075 0x000000010b75ec90 code [0x000000010b75ee20, 0x000000010b75f3c8]

GC Heap History (0 events):
No events

Deoptimization events (10 events):
Event: 2.041 Thread 0x00007fb75d125800 Uncommon trap: reason=class_check action=maybe_recompile pc=0x000000010b57d510 method=java.util.HashMap.putVal(ILjava/lang/Object;Ljava/lang/Object;ZZ)Ljava/lang/Object; @ 91
Event: 2.041 Thread 0x00007fb75d125800 Uncommon trap: reason=class_check action=maybe_recompile pc=0x000000010b57d510 method=java.util.HashMap.putVal(ILjava/lang/Object;Ljava/lang/Object;ZZ)Ljava/lang/Object; @ 91
Event: 2.041 Thread 0x00007fb75d125800 Uncommon trap: reason=class_check action=maybe_recompile pc=0x000000010b57d510 method=java.util.HashMap.putVal(ILjava/lang/Object;Ljava/lang/Object;ZZ)Ljava/lang/Object; @ 91
Event: 2.113 Thread 0x00007fb75d125800 Uncommon trap: reason=unstable_if action=reinterpret pc=0x000000010b58416c method=java.util.jar.Manifest$FastInputStream.peek()B @ 8
Event: 2.123 Thread 0x00007fb75d125800 Uncommon trap: reason=unstable_if action=reinterpret pc=0x000000010b58bcf0 method=java.lang.StringCoding.decode(Ljava/lang/String;[BII)[C @ 51
Event: 2.202 Thread 0x00007fb75d125800 Uncommon trap: reason=class_check action=maybe_recompile pc=0x000000010b583894 method=java.util.HashMap.putVal(ILjava/lang/Object;Ljava/lang/Object;ZZ)Ljava/lang/Object; @ 253
Event: 2.202 Thread 0x00007fb75d125800 Uncommon trap: reason=class_check action=maybe_recompile pc=0x000000010b583894 method=java.util.HashMap.putVal(ILjava/lang/Object;Ljava/lang/Object;ZZ)Ljava/lang/Object; @ 253
Event: 3.953 Thread 0x00007fb75d125800 Uncommon trap: reason=unstable_if action=reinterpret pc=0x000000010b5cb960 method=java.lang.StringCoding$StringDecoder.decode([BII)[C @ 33
Event: 3.953 Thread 0x00007fb75d125800 Uncommon trap: reason=unstable_if action=reinterpret pc=0x000000010b5ce368 method=java.lang.StringCoding.safeTrim([CILjava/nio/charset/Charset;Z)[C @ 3
Event: 4.724 Thread 0x00007fb75d125800 Uncommon trap: reason=unstable_if action=reinterpret pc=0x000000010b56ebd0 method=java.lang.ref.SoftReference.get()Ljava/lang/Object; @ 6

Internal exceptions (10 events):
Event: 2.010 Thread 0x00007fb75d125800 Exception <a 'java/io/FileNotFoundException'> (0x000000076b4f8058) thrown at [/Users/java_re/workspace/8-2-build-macosx-x86_64/jdk8u131/8869/hotspot/src/share/vm/prims/jni.cpp, line 709]
Event: 2.011 Thread 0x00007fb75d125800 Exception <a 'java/io/FileNotFoundException'> (0x000000076b4fabe8) thrown at [/Users/java_re/workspace/8-2-build-macosx-x86_64/jdk8u131/8869/hotspot/src/share/vm/prims/jni.cpp, line 709]
Event: 2.011 Thread 0x00007fb75d125800 Exception <a 'java/io/FileNotFoundException'> (0x000000076b4fd730) thrown at [/Users/java_re/workspace/8-2-build-macosx-x86_64/jdk8u131/8869/hotspot/src/share/vm/prims/jni.cpp, line 709]
Event: 2.012 Thread 0x00007fb75d125800 Exception <a 'java/io/FileNotFoundException'> (0x000000076b5002c0) thrown at [/Users/java_re/workspace/8-2-build-macosx-x86_64/jdk8u131/8869/hotspot/src/share/vm/prims/jni.cpp, line 709]
Event: 2.013 Thread 0x00007fb75d125800 Exception <a 'java/io/FileNotFoundException'> (0x000000076b502e08) thrown at [/Users/java_re/workspace/8-2-build-macosx-x86_64/jdk8u131/8869/hotspot/src/share/vm/prims/jni.cpp, line 709]
Event: 2.014 Thread 0x00007fb75d125800 Exception <a 'java/io/FileNotFoundException'> (0x000000076b505998) thrown at [/Users/java_re/workspace/8-2-build-macosx-x86_64/jdk8u131/8869/hotspot/src/share/vm/prims/jni.cpp, line 709]
Event: 2.015 Thread 0x00007fb75d125800 Exception <a 'java/io/FileNotFoundException'> (0x000000076b50b3a0) thrown at [/Users/java_re/workspace/8-2-build-macosx-x86_64/jdk8u131/8869/hotspot/src/share/vm/prims/jni.cpp, line 709]
Event: 2.016 Thread 0x00007fb75d125800 Exception <a 'java/io/FileNotFoundException'> (0x000000076b50e158) thrown at [/Users/java_re/workspace/8-2-build-macosx-x86_64/jdk8u131/8869/hotspot/src/share/vm/prims/jni.cpp, line 709]
Event: 2.016 Thread 0x00007fb75d125800 Exception <a 'java/io/FileNotFoundException'> (0x000000076b510e58) thrown at [/Users/java_re/workspace/8-2-build-macosx-x86_64/jdk8u131/8869/hotspot/src/share/vm/prims/jni.cpp, line 709]
Event: 2.270 Thread 0x00007fb75d125800 Exception <a 'java/lang/UnsatisfiedLinkError': com.jogamp.common.util.JarUtil.fixNativeLibAttribs(Ljava/lang/String;)Z> (0x000000076c822b08) thrown at [/Users/java_re/workspace/8-2-build-macosx-x86_64/jdk8u131/8869/hotspot/src/share/vm/prims/nativeLookup.

Events (10 events):
Event: 4.740 loading class edu/jhuapl/saavtk2/image/projection/ConstantDepthFunction
Event: 4.740 loading class edu/jhuapl/saavtk2/image/projection/ConstantDepthFunction done
Event: 4.743 loading class edu/jhuapl/saavtk2/polydata/clip/PolyDataClip
Event: 4.743 loading class edu/jhuapl/saavtk2/polydata/clip/PolyDataClip done
Event: 4.743 loading class edu/jhuapl/saavtk2/polydata/PolyDataModifier
Event: 4.743 loading class edu/jhuapl/saavtk2/polydata/PolyDataModifier done
Event: 4.743 loading class edu/jhuapl/saavtk2/polydata/PolyDataOperator
Event: 4.743 loading class edu/jhuapl/saavtk2/polydata/PolyDataOperator done
Event: 4.744 loading class vtk/vtkClipPolyData
Event: 4.744 loading class vtk/vtkClipPolyData done


Dynamic libraries:
0x0000000029544000 	/System/Library/Frameworks/Cocoa.framework/Versions/A/Cocoa
0x0000000029544000 	/System/Library/Frameworks/Security.framework/Versions/A/Security
0x0000000029544000 	/System/Library/Frameworks/ApplicationServices.framework/Versions/A/ApplicationServices
0x0000000029544000 	/usr/lib/libz.1.dylib
0x000000010344a000 	/usr/lib/libSystem.B.dylib
0x0000000029544000 	/usr/lib/libobjc.A.dylib
0x0000000029544000 	/System/Library/Frameworks/CoreFoundation.framework/Versions/A/CoreFoundation
0x0000000029544000 	/System/Library/Frameworks/Foundation.framework/Versions/C/Foundation
0x0000000029544000 	/System/Library/Frameworks/AppKit.framework/Versions/C/AppKit
0x0000000029544000 	/System/Library/Frameworks/CoreData.framework/Versions/A/CoreData
0x0000000029544000 	/System/Library/PrivateFrameworks/RemoteViewServices.framework/Versions/A/RemoteViewServices
0x0000000029544000 	/System/Library/PrivateFrameworks/UIFoundation.framework/Versions/A/UIFoundation
0x0000000029544000 	/System/Library/PrivateFrameworks/DFRFoundation.framework/Versions/A/DFRFoundation
0x0000000029544000 	/usr/lib/libenergytrace.dylib
0x0000000029544000 	/System/Library/PrivateFrameworks/SkyLight.framework/Versions/A/SkyLight
0x0000000029544000 	/System/Library/Frameworks/CoreGraphics.framework/Versions/A/CoreGraphics
0x0000000029544000 	/usr/lib/libScreenReader.dylib
0x0000000029544000 	/System/Library/Frameworks/Accelerate.framework/Versions/A/Accelerate
0x0000000029544000 	/System/Library/Frameworks/IOSurface.framework/Versions/A/IOSurface
0x0000000029544000 	/System/Library/Frameworks/AudioToolbox.framework/Versions/A/AudioToolbox
0x0000000029544000 	/System/Library/Frameworks/AudioUnit.framework/Versions/A/AudioUnit
0x0000000029544000 	/System/Library/PrivateFrameworks/DataDetectorsCore.framework/Versions/A/DataDetectorsCore
0x0000000029544000 	/System/Library/PrivateFrameworks/DesktopServicesPriv.framework/Versions/A/DesktopServicesPriv
0x0000000029544000 	/System/Library/Frameworks/Carbon.framework/Versions/A/Frameworks/HIToolbox.framework/Versions/A/HIToolbox
0x0000000029544000 	/usr/lib/libicucore.A.dylib
0x0000000029544000 	/System/Library/Frameworks/QuartzCore.framework/Versions/A/QuartzCore
0x0000000029544000 	/System/Library/Frameworks/Carbon.framework/Versions/A/Frameworks/SpeechRecognition.framework/Versions/A/SpeechRecognition
0x0000000029544000 	/usr/lib/libauto.dylib
0x0000000029544000 	/usr/lib/libxml2.2.dylib
0x0000000029544000 	/System/Library/PrivateFrameworks/CoreUI.framework/Versions/A/CoreUI
0x0000000029544000 	/System/Library/Frameworks/CoreAudio.framework/Versions/A/CoreAudio
0x0000000029544000 	/System/Library/Frameworks/DiskArbitration.framework/Versions/A/DiskArbitration
0x0000000029544000 	/usr/lib/liblangid.dylib
0x0000000029544000 	/System/Library/PrivateFrameworks/MultitouchSupport.framework/Versions/A/MultitouchSupport
0x0000000103457000 	/System/Library/Frameworks/IOKit.framework/Versions/A/IOKit
0x0000000029544000 	/usr/lib/libDiagnosticMessagesClient.dylib
0x0000000029544000 	/System/Library/Frameworks/CoreServices.framework/Versions/A/CoreServices
0x0000000029544000 	/System/Library/PrivateFrameworks/PerformanceAnalysis.framework/Versions/A/PerformanceAnalysis
0x0000000029544000 	/System/Library/PrivateFrameworks/GenerationalStorage.framework/Versions/A/GenerationalStorage
0x0000000029544000 	/System/Library/Frameworks/OpenGL.framework/Versions/A/OpenGL
0x0000000029544000 	/System/Library/Frameworks/CoreImage.framework/Versions/A/CoreImage
0x0000000029544000 	/System/Library/Frameworks/CoreText.framework/Versions/A/CoreText
0x0000000029544000 	/System/Library/Frameworks/ImageIO.framework/Versions/A/ImageIO
0x0000000029544000 	/System/Library/PrivateFrameworks/Backup.framework/Versions/A/Backup
0x0000000029544000 	/usr/lib/libarchive.2.dylib
0x0000000103537000 	/System/Library/Frameworks/CFNetwork.framework/Versions/A/CFNetwork
0x0000000029544000 	/System/Library/Frameworks/SystemConfiguration.framework/Versions/A/SystemConfiguration
0x0000000029544000 	/usr/lib/libCRFSuite.dylib
0x0000000029544000 	/usr/lib/libc++.1.dylib
0x0000000029544000 	/usr/lib/libc++abi.dylib
0x0000000029544000 	/usr/lib/system/libcache.dylib
0x0000000029544000 	/usr/lib/system/libcommonCrypto.dylib
0x0000000029544000 	/usr/lib/system/libcompiler_rt.dylib
0x0000000029544000 	/usr/lib/system/libcopyfile.dylib
0x0000000029544000 	/usr/lib/system/libcorecrypto.dylib
0x0000000029544000 	/usr/lib/system/libdispatch.dylib
0x0000000103c38000 	/usr/lib/system/libdyld.dylib
0x0000000029544000 	/usr/lib/system/libkeymgr.dylib
0x0000000029544000 	/usr/lib/system/liblaunch.dylib
0x0000000029544000 	/usr/lib/system/libmacho.dylib
0x0000000029544000 	/usr/lib/system/libquarantine.dylib
0x0000000029544000 	/usr/lib/system/libremovefile.dylib
0x0000000029544000 	/usr/lib/system/libsystem_asl.dylib
0x0000000029544000 	/usr/lib/system/libsystem_blocks.dylib
0x0000000029544000 	/usr/lib/system/libsystem_c.dylib
0x0000000029544000 	/usr/lib/system/libsystem_configuration.dylib
0x0000000029544000 	/usr/lib/system/libsystem_coreservices.dylib
0x0000000029544000 	/usr/lib/system/libsystem_coretls.dylib
0x0000000029544000 	/usr/lib/system/libsystem_dnssd.dylib
0x0000000029544000 	/usr/lib/system/libsystem_info.dylib
0x0000000103c4a000 	/usr/lib/system/libsystem_kernel.dylib
0x0000000029544000 	/usr/lib/system/libsystem_m.dylib
0x0000000029544000 	/usr/lib/system/libsystem_malloc.dylib
0x0000000029544000 	/usr/lib/system/libsystem_network.dylib
0x0000000029544000 	/usr/lib/system/libsystem_networkextension.dylib
0x0000000029544000 	/usr/lib/system/libsystem_notify.dylib
0x0000000029544000 	/usr/lib/system/libsystem_platform.dylib
0x0000000029544000 	/usr/lib/system/libsystem_pthread.dylib
0x0000000103c8a000 	/usr/lib/system/libsystem_sandbox.dylib
0x0000000029544000 	/usr/lib/system/libsystem_secinit.dylib
0x0000000029544000 	/usr/lib/system/libsystem_symptoms.dylib
0x0000000029544000 	/usr/lib/system/libsystem_trace.dylib
0x0000000029544000 	/usr/lib/system/libunwind.dylib
0x0000000029544000 	/usr/lib/system/libxpc.dylib
0x0000000029544000 	/usr/lib/libbsm.0.dylib
0x0000000103c96000 	/usr/lib/system/libkxld.dylib
0x0000000029544000 	/usr/lib/libcoretls.dylib
0x0000000029544000 	/usr/lib/libcoretls_cfhelpers.dylib
0x0000000029544000 	/usr/lib/libOpenScriptingUtil.dylib
0x0000000029544000 	/usr/lib/libpam.2.dylib
0x0000000029544000 	/usr/lib/libsqlite3.dylib
0x0000000029544000 	/usr/lib/libxar.1.dylib
0x0000000029544000 	/usr/lib/libbz2.1.0.dylib
0x0000000029544000 	/usr/lib/liblzma.5.dylib
0x0000000029544000 	/usr/lib/libnetwork.dylib
0x0000000029544000 	/usr/lib/libpcap.A.dylib
0x0000000029544000 	/System/Library/Frameworks/CoreServices.framework/Versions/A/Frameworks/FSEvents.framework/Versions/A/FSEvents
0x0000000029544000 	/System/Library/Frameworks/CoreServices.framework/Versions/A/Frameworks/CarbonCore.framework/Versions/A/CarbonCore
0x0000000029544000 	/System/Library/Frameworks/CoreServices.framework/Versions/A/Frameworks/Metadata.framework/Versions/A/Metadata
0x0000000029544000 	/System/Library/Frameworks/CoreServices.framework/Versions/A/Frameworks/OSServices.framework/Versions/A/OSServices
0x0000000029544000 	/System/Library/Frameworks/CoreServices.framework/Versions/A/Frameworks/SearchKit.framework/Versions/A/SearchKit
0x0000000029544000 	/System/Library/Frameworks/CoreServices.framework/Versions/A/Frameworks/AE.framework/Versions/A/AE
0x0000000029544000 	/System/Library/Frameworks/CoreServices.framework/Versions/A/Frameworks/LaunchServices.framework/Versions/A/LaunchServices
0x0000000029544000 	/System/Library/Frameworks/CoreServices.framework/Versions/A/Frameworks/DictionaryServices.framework/Versions/A/DictionaryServices
0x0000000029544000 	/System/Library/Frameworks/CoreServices.framework/Versions/A/Frameworks/SharedFileList.framework/Versions/A/SharedFileList
0x0000000029544000 	/System/Library/Frameworks/NetFS.framework/Versions/A/NetFS
0x0000000029544000 	/System/Library/PrivateFrameworks/NetAuth.framework/Versions/A/NetAuth
0x0000000029544000 	/System/Library/PrivateFrameworks/login.framework/Versions/A/Frameworks/loginsupport.framework/Versions/A/loginsupport
0x0000000029544000 	/System/Library/PrivateFrameworks/TCC.framework/Versions/A/TCC
0x0000000029544000 	/usr/lib/libmecabra.dylib
0x0000000029544000 	/System/Library/Frameworks/ApplicationServices.framework/Versions/A/Frameworks/ATS.framework/Versions/A/ATS
0x0000000029544000 	/System/Library/Frameworks/ApplicationServices.framework/Versions/A/Frameworks/ColorSync.framework/Versions/A/ColorSync
0x0000000029544000 	/System/Library/Frameworks/ApplicationServices.framework/Versions/A/Frameworks/HIServices.framework/Versions/A/HIServices
0x0000000029544000 	/System/Library/Frameworks/ApplicationServices.framework/Versions/A/Frameworks/LangAnalysis.framework/Versions/A/LangAnalysis
0x0000000029544000 	/System/Library/Frameworks/ApplicationServices.framework/Versions/A/Frameworks/PrintCore.framework/Versions/A/PrintCore
0x0000000029544000 	/System/Library/Frameworks/ApplicationServices.framework/Versions/A/Frameworks/QD.framework/Versions/A/QD
0x0000000029544000 	/System/Library/Frameworks/ApplicationServices.framework/Versions/A/Frameworks/SpeechSynthesis.framework/Versions/A/SpeechSynthesis
0x0000000029544000 	/System/Library/Frameworks/Accelerate.framework/Versions/A/Frameworks/vImage.framework/Versions/A/vImage
0x0000000029544000 	/System/Library/Frameworks/Accelerate.framework/Versions/A/Frameworks/vecLib.framework/Versions/A/vecLib
0x0000000029544000 	/System/Library/Frameworks/Accelerate.framework/Versions/A/Frameworks/vecLib.framework/Versions/A/libvDSP.dylib
0x0000000029544000 	/System/Library/Frameworks/Accelerate.framework/Versions/A/Frameworks/vecLib.framework/Versions/A/libBNNS.dylib
0x0000000029544000 	/System/Library/Frameworks/Accelerate.framework/Versions/A/Frameworks/vecLib.framework/Versions/A/libQuadrature.dylib
0x0000000029544000 	/System/Library/Frameworks/Accelerate.framework/Versions/A/Frameworks/vecLib.framework/Versions/A/libvMisc.dylib
0x0000000029544000 	/System/Library/Frameworks/Accelerate.framework/Versions/A/Frameworks/vecLib.framework/Versions/A/libLAPACK.dylib
0x0000000029544000 	/System/Library/Frameworks/Accelerate.framework/Versions/A/Frameworks/vecLib.framework/Versions/A/libBLAS.dylib
0x0000000029544000 	/System/Library/Frameworks/Accelerate.framework/Versions/A/Frameworks/vecLib.framework/Versions/A/libLinearAlgebra.dylib
0x0000000029544000 	/System/Library/Frameworks/Accelerate.framework/Versions/A/Frameworks/vecLib.framework/Versions/A/libSparseBLAS.dylib
0x0000000029544000 	/System/Library/Frameworks/ApplicationServices.framework/Versions/A/Frameworks/ATS.framework/Versions/A/Resources/libFontParser.dylib
0x0000000029544000 	/System/Library/Frameworks/ApplicationServices.framework/Versions/A/Frameworks/ATS.framework/Versions/A/Resources/libFontRegistry.dylib
0x0000000029544000 	/System/Library/Frameworks/ImageIO.framework/Versions/A/Resources/libJPEG.dylib
0x0000000029544000 	/System/Library/Frameworks/ImageIO.framework/Versions/A/Resources/libTIFF.dylib
0x0000000029544000 	/System/Library/Frameworks/ImageIO.framework/Versions/A/Resources/libPng.dylib
0x0000000029544000 	/System/Library/Frameworks/ImageIO.framework/Versions/A/Resources/libGIF.dylib
0x0000000029544000 	/System/Library/Frameworks/ImageIO.framework/Versions/A/Resources/libJP2.dylib
0x0000000029544000 	/System/Library/Frameworks/ImageIO.framework/Versions/A/Resources/libRadiance.dylib
0x0000000029544000 	/usr/lib/libcompression.dylib
0x0000000029544000 	/System/Library/PrivateFrameworks/AppleJPEG.framework/Versions/A/AppleJPEG
0x0000000029544000 	/usr/lib/libcups.2.dylib
0x0000000029544000 	/System/Library/Frameworks/Kerberos.framework/Versions/A/Kerberos
0x0000000029544000 	/System/Library/Frameworks/GSS.framework/Versions/A/GSS
0x0000000029544000 	/usr/lib/libresolv.9.dylib
0x0000000029544000 	/usr/lib/libiconv.2.dylib
0x0000000029544000 	/System/Library/PrivateFrameworks/Heimdal.framework/Versions/A/Heimdal
0x0000000029544000 	/usr/lib/libheimdal-asn1.dylib
0x0000000029544000 	/System/Library/Frameworks/OpenDirectory.framework/Versions/A/OpenDirectory
0x0000000029544000 	/System/Library/PrivateFrameworks/CommonAuth.framework/Versions/A/CommonAuth
0x0000000029544000 	/System/Library/Frameworks/OpenDirectory.framework/Versions/A/Frameworks/CFOpenDirectory.framework/Versions/A/CFOpenDirectory
0x0000000029544000 	/System/Library/Frameworks/SecurityFoundation.framework/Versions/A/SecurityFoundation
0x0000000029544000 	/System/Library/PrivateFrameworks/LanguageModeling.framework/Versions/A/LanguageModeling
0x0000000029544000 	/usr/lib/libmarisa.dylib
0x0000000029544000 	/usr/lib/libChineseTokenizer.dylib
0x0000000029544000 	/usr/lib/libcmph.dylib
0x0000000029544000 	/System/Library/PrivateFrameworks/CoreEmoji.framework/Versions/A/CoreEmoji
0x0000000029544000 	/System/Library/Frameworks/ServiceManagement.framework/Versions/A/ServiceManagement
0x0000000029544000 	/usr/lib/libxslt.1.dylib
0x0000000029544000 	/System/Library/Frameworks/Carbon.framework/Versions/A/Frameworks/Ink.framework/Versions/A/Ink
0x0000000029544000 	/System/Library/PrivateFrameworks/TextureIO.framework/Versions/A/TextureIO
0x0000000029544000 	/System/Library/Frameworks/Metal.framework/Versions/A/Metal
0x0000000029544000 	/usr/lib/libate.dylib
0x0000000029544000 	/System/Library/PrivateFrameworks/GPUCompiler.framework/libmetal_timestamp.dylib
0x0000000029544000 	/System/Library/Frameworks/OpenGL.framework/Versions/A/Libraries/libCoreFSCache.dylib
0x0000000029544000 	/System/Library/PrivateFrameworks/IOAccelerator.framework/Versions/A/IOAccelerator
0x0000000029544000 	/System/Library/Frameworks/CoreVideo.framework/Versions/A/CoreVideo
0x0000000029544000 	/usr/lib/libFosl_dynamic.dylib
0x0000000029544000 	/System/Library/PrivateFrameworks/MetalPerformanceShaders.framework/Versions/A/MetalPerformanceShaders
0x0000000029544000 	/System/Library/PrivateFrameworks/FaceCore.framework/Versions/A/FaceCore
0x0000000029544000 	/System/Library/Frameworks/OpenCL.framework/Versions/A/OpenCL
0x0000000029544000 	/System/Library/Frameworks/OpenGL.framework/Versions/A/Libraries/libGLU.dylib
0x0000000029544000 	/System/Library/Frameworks/OpenGL.framework/Versions/A/Libraries/libGFXShared.dylib
0x0000000029544000 	/System/Library/Frameworks/OpenGL.framework/Versions/A/Libraries/libGL.dylib
0x0000000029544000 	/System/Library/Frameworks/OpenGL.framework/Versions/A/Libraries/libGLImage.dylib
0x0000000029544000 	/System/Library/Frameworks/OpenGL.framework/Versions/A/Libraries/libCVMSPluginSupport.dylib
0x0000000029544000 	/System/Library/Frameworks/OpenGL.framework/Versions/A/Libraries/libCoreVMClient.dylib
0x0000000029544000 	/System/Library/PrivateFrameworks/CrashReporterSupport.framework/Versions/A/CrashReporterSupport
0x0000000029544000 	/System/Library/PrivateFrameworks/Sharing.framework/Versions/A/Sharing
0x0000000029544000 	/System/Library/PrivateFrameworks/IconServices.framework/Versions/A/IconServices
0x0000000029544000 	/System/Library/PrivateFrameworks/ProtocolBuffer.framework/Versions/A/ProtocolBuffer
0x0000000029544000 	/System/Library/PrivateFrameworks/Apple80211.framework/Versions/A/Apple80211
0x0000000029544000 	/System/Library/Frameworks/CoreWLAN.framework/Versions/A/CoreWLAN
0x0000000029544000 	/System/Library/PrivateFrameworks/CoreUtils.framework/Versions/A/CoreUtils
0x0000000029544000 	/System/Library/Frameworks/IOBluetooth.framework/Versions/A/IOBluetooth
0x0000000029544000 	/System/Library/PrivateFrameworks/CoreWiFi.framework/Versions/A/CoreWiFi
0x0000000029544000 	/System/Library/Frameworks/CoreBluetooth.framework/Versions/A/CoreBluetooth
0x0000000029544000 	/System/Library/Frameworks/CoreDisplay.framework/Versions/A/CoreDisplay
0x0000000029544000 	/System/Library/PrivateFrameworks/IOPresentment.framework/Versions/A/IOPresentment
0x0000000029544000 	/System/Library/PrivateFrameworks/DSExternalDisplay.framework/Versions/A/DSExternalDisplay
0x0000000029544000 	/System/Library/PrivateFrameworks/DebugSymbols.framework/Versions/A/DebugSymbols
0x0000000029544000 	/System/Library/PrivateFrameworks/CoreSymbolication.framework/Versions/A/CoreSymbolication
0x0000000029544000 	/System/Library/PrivateFrameworks/Symbolication.framework/Versions/A/Symbolication
0x0000000029544000 	/System/Library/PrivateFrameworks/AppleFSCompression.framework/Versions/A/AppleFSCompression
0x0000000029544000 	/System/Library/PrivateFrameworks/SpeechRecognitionCore.framework/Versions/A/SpeechRecognitionCore
0x0000000029544000 	/System/Library/PrivateFrameworks/ChunkingLibrary.framework/Versions/A/ChunkingLibrary
0x0000000104e00000 	/Library/Java/JavaVirtualMachines/jdk1.8.0_131.jdk/Contents/Home/jre/lib/server/libjvm.dylib
0x0000000029544000 	/usr/lib/libstdc++.6.dylib
0x0000000103d04000 	/Library/Java/JavaVirtualMachines/jdk1.8.0_131.jdk/Contents/Home/jre/lib/libverify.dylib
0x0000000103d12000 	/Library/Java/JavaVirtualMachines/jdk1.8.0_131.jdk/Contents/Home/jre/lib/libjava.dylib
0x0000000103d4f000 	/Library/Java/JavaVirtualMachines/jdk1.8.0_131.jdk/Contents/Home/jre/lib/libzip.dylib
0x0000000109dc1000 	/System/Library/Frameworks/JavaVM.framework/Frameworks/JavaRuntimeSupport.framework/JavaRuntimeSupport
0x0000000109ddb000 	/System/Library/Frameworks/JavaVM.framework/Versions/A/Frameworks/JavaNativeFoundation.framework/Versions/A/JavaNativeFoundation
0x0000000103df0000 	/System/Library/Frameworks/JavaVM.framework/Versions/A/JavaVM
0x0000000029544000 	/System/Library/Frameworks/Carbon.framework/Versions/A/Carbon
0x0000000109df0000 	/System/Library/PrivateFrameworks/JavaLaunching.framework/Versions/A/JavaLaunching
0x0000000029544000 	/System/Library/Frameworks/Carbon.framework/Versions/A/Frameworks/CommonPanels.framework/Versions/A/CommonPanels
0x0000000029544000 	/System/Library/Frameworks/Carbon.framework/Versions/A/Frameworks/Help.framework/Versions/A/Help
0x0000000029544000 	/System/Library/Frameworks/Carbon.framework/Versions/A/Frameworks/ImageCapture.framework/Versions/A/ImageCapture
0x0000000029544000 	/System/Library/Frameworks/Carbon.framework/Versions/A/Frameworks/OpenScripting.framework/Versions/A/OpenScripting
0x0000000029544000 	/System/Library/Frameworks/Carbon.framework/Versions/A/Frameworks/Print.framework/Versions/A/Print
0x0000000029544000 	/System/Library/Frameworks/Carbon.framework/Versions/A/Frameworks/SecurityHI.framework/Versions/A/SecurityHI
0x0000000109fc3000 	/Library/Java/JavaVirtualMachines/jdk1.8.0_131.jdk/Contents/Home/jre/lib/libawt.dylib
0x000000010a06b000 	/Library/Java/JavaVirtualMachines/jdk1.8.0_131.jdk/Contents/Home/jre/lib/./libmlib_image.dylib
0x000000010a137000 	/Library/Java/JavaVirtualMachines/jdk1.8.0_131.jdk/Contents/Home/jre/lib/libawt_lwawt.dylib
0x000000010a1ee000 	/Library/Java/JavaVirtualMachines/jdk1.8.0_131.jdk/Contents/Home/jre/lib/./libosxapp.dylib
0x0000000029544000 	/System/Library/Frameworks/ExceptionHandling.framework/Versions/A/ExceptionHandling
0x0000000029544000 	/System/Library/PrivateFrameworks/CoreServicesInternal.framework/Versions/A/CoreServicesInternal
0x0000000029544000 	/System/Library/CoreServices/RawCamera.bundle/Contents/MacOS/RawCamera
0x0000000029544000 	/System/Library/Frameworks/Accelerate.framework/Versions/A/Frameworks/vImage.framework/Versions/A/Libraries/libCGInterfaces.dylib
0x0000000029544000 	/System/Library/PrivateFrameworks/FamilyControls.framework/Versions/A/FamilyControls
0x0000000029544000 	/System/Library/PrivateFrameworks/CommerceKit.framework/Versions/A/Frameworks/CommerceCore.framework/Versions/A/CommerceCore
0x0000000029544000 	/System/Library/PrivateFrameworks/SystemAdministration.framework/Versions/A/SystemAdministration
0x0000000029544000 	/System/Library/PrivateFrameworks/AppContainer.framework/Versions/A/AppContainer
0x0000000029544000 	/System/Library/PrivateFrameworks/SecCodeWrapper.framework/Versions/A/SecCodeWrapper
0x0000000029544000 	/System/Library/Frameworks/DirectoryService.framework/Versions/A/DirectoryService
0x0000000029544000 	/System/Library/PrivateFrameworks/DiskImages.framework/Versions/A/DiskImages
0x0000000029544000 	/System/Library/PrivateFrameworks/LoginUIKit.framework/Versions/A/Frameworks/LoginUICore.framework/Versions/A/LoginUICore
0x0000000029544000 	/usr/lib/libCoreStorage.dylib
0x0000000029544000 	/usr/lib/libcsfde.dylib
0x0000000029544000 	/usr/lib/libodfde.dylib
0x0000000029544000 	/System/Library/Frameworks/DiscRecording.framework/Versions/A/DiscRecording
0x0000000029544000 	/usr/lib/libcurl.4.dylib
0x0000000029544000 	/System/Library/PrivateFrameworks/MediaKit.framework/Versions/A/MediaKit
0x0000000029544000 	/System/Library/PrivateFrameworks/ProtectedCloudStorage.framework/Versions/A/ProtectedCloudStorage
0x0000000029544000 	/System/Library/PrivateFrameworks/EFILogin.framework/Versions/A/EFILogin
0x0000000029544000 	/usr/lib/libutil.dylib
0x0000000029544000 	/System/Library/Frameworks/LDAP.framework/Versions/A/LDAP
0x0000000029544000 	/usr/lib/libsasl2.2.dylib
0x0000000029544000 	/System/Library/PrivateFrameworks/CoreDaemon.framework/Versions/B/CoreDaemon
0x0000000029544000 	/System/Library/PrivateFrameworks/AppleSRP.framework/Versions/A/AppleSRP
0x0000000029544000 	/System/Library/PrivateFrameworks/APFS.framework/Versions/A/APFS
0x0000000029544000 	/System/Library/Frameworks/ApplicationServices.framework/Versions/A/Frameworks/ATS.framework/Versions/A/Resources/libTrueTypeScaler.dylib
0x00000001261cf000 	/System/Library/Frameworks/OpenGL.framework/Resources/GLEngine.bundle/GLEngine
0x0000000029544000 	/System/Library/Frameworks/OpenGL.framework/Versions/A/Libraries/libGLProgrammability.dylib
0x00000001263b4000 	/System/Library/Extensions/AppleIntelSKLGraphicsGLDriver.bundle/Contents/MacOS/AppleIntelSKLGraphicsGLDriver
0x0000000029544000 	/System/Library/PrivateFrameworks/GPUSupport.framework/Versions/A/Libraries/libGPUSupportMercury.dylib
0x0000000127138000 	/System/Library/Extensions/AMDRadeonX4000GLDriver.bundle/Contents/MacOS/AMDRadeonX4000GLDriver
0x0000000127218000 	/System/Library/Extensions/AMDRadeonX4000GLDriver.bundle/Contents/MacOS/ATIRadeonX4000SCLib.dylib
0x00000001277f5000 	/System/Library/Frameworks/OpenGL.framework/Resources//GLRendererFloat.bundle/GLRendererFloat
0x0000000029544000 	/System/Library/Frameworks/OpenCL.framework/Versions/A/Libraries/libcldcpuengine.dylib
0x0000000029544000 	/usr/lib/libcrypto.0.9.8.dylib
0x0000000029544000 	/System/Library/PrivateFrameworks/TrustEvaluationAgent.framework/Versions/A/TrustEvaluationAgent
0x0000000029544000 	/System/Library/Extensions/AMDMTLBronzeDriver.bundle/Contents/MacOS/AMDMTLBronzeDriver
0x0000000029544000 	/System/Library/PrivateFrameworks/IOAccelMemoryInfo.framework/Versions/A/IOAccelMemoryInfo
0x0000000127841000 	/System/Library/Extensions/AppleIntelSKLGraphicsMTLDriver.bundle/Contents/MacOS/AppleIntelSKLGraphicsMTLDriver
0x0000000029544000 	/System/Library/PrivateFrameworks/ViewBridge.framework/Versions/A/ViewBridge
0x0000000029544000 	/System/Library/PrivateFrameworks/XPCService.framework/Versions/A/XPCService
0x0000000029544000 	/System/Library/PrivateFrameworks/AppSandbox.framework/Versions/A/AppSandbox
0x0000000128057000 	/usr/lib/libsandbox.1.dylib
0x0000000029544000 	/usr/lib/libMatch.1.dylib
0x000000010b1e8000 	/Users/zimmemi1/sbmt/workspace/saavtk/lib/vtk6.3/mac64/libvtkChartsCoreJava.jnilib
0x00000001280b5000 	/Users/zimmemi1/sbmt/workspace/saavtk/lib/vtk6.3/mac64/libvtkChartsCore-6.3.jnilib
0x000000010b224000 	/Users/zimmemi1/sbmt/workspace/saavtk/lib/vtk6.3/mac64/libvtkRenderingContext2DJava.jnilib
0x0000000127d9d000 	/Users/zimmemi1/sbmt/workspace/saavtk/lib/vtk6.3/mac64/libvtkRenderingContext2D-6.3.jnilib
0x00000001281c1000 	/Users/zimmemi1/sbmt/workspace/saavtk/lib/vtk6.3/mac64/libvtkRenderingCoreJava.jnilib
0x0000000128271000 	/Users/zimmemi1/sbmt/workspace/saavtk/lib/vtk6.3/mac64/libvtkRenderingCore-6.3.jnilib
0x0000000127dcd000 	/Users/zimmemi1/sbmt/workspace/saavtk/lib/vtk6.3/mac64/libvtkCommonColorJava.jnilib
0x0000000128402000 	/Users/zimmemi1/sbmt/workspace/saavtk/lib/vtk6.3/mac64/libvtkCommonColor-6.3.jnilib
0x000000012841d000 	/Users/zimmemi1/sbmt/workspace/saavtk/lib/vtk6.3/mac64/libvtkCommonExecutionModelJava.jnilib
0x0000000128455000 	/Users/zimmemi1/sbmt/workspace/saavtk/lib/vtk6.3/mac64/libvtkCommonExecutionModel-6.3.jnilib
0x00000001284eb000 	/Users/zimmemi1/sbmt/workspace/saavtk/lib/vtk6.3/mac64/libvtkCommonDataModelJava.jnilib
0x00000001285e5000 	/Users/zimmemi1/sbmt/workspace/saavtk/lib/vtk6.3/mac64/libvtkCommonDataModel-6.3.jnilib
0x0000000127dd7000 	/Users/zimmemi1/sbmt/workspace/saavtk/lib/vtk6.3/mac64/libvtkCommonMiscJava.jnilib
0x00000001288f0000 	/Users/zimmemi1/sbmt/workspace/saavtk/lib/vtk6.3/mac64/libvtkCommonMisc-6.3.jnilib
0x0000000127de0000 	/Users/zimmemi1/sbmt/workspace/saavtk/lib/vtk6.3/mac64/libvtkCommonSystemJava.jnilib
0x0000000128905000 	/Users/zimmemi1/sbmt/workspace/saavtk/lib/vtk6.3/mac64/libvtkCommonSystem-6.3.jnilib
0x000000012891a000 	/Users/zimmemi1/sbmt/workspace/saavtk/lib/vtk6.3/mac64/libvtkCommonTransformsJava.jnilib
0x0000000128933000 	/Users/zimmemi1/sbmt/workspace/saavtk/lib/vtk6.3/mac64/libvtkCommonTransforms-6.3.jnilib
0x0000000128960000 	/Users/zimmemi1/sbmt/workspace/saavtk/lib/vtk6.3/mac64/libvtkCommonMathJava.jnilib
0x0000000128970000 	/Users/zimmemi1/sbmt/workspace/saavtk/lib/vtk6.3/mac64/libvtkCommonCoreJava.jnilib
0x000000010b23f000 	/Users/zimmemi1/sbmt/workspace/saavtk/lib/vtk6.3/mac64/libvtkWrappingJava.jnilib
0x00000001289d8000 	/Users/zimmemi1/sbmt/workspace/saavtk/lib/vtk6.3/mac64/libvtkCommonMath-6.3.jnilib
0x00000001289f8000 	/Users/zimmemi1/sbmt/workspace/saavtk/lib/vtk6.3/mac64/libvtkCommonCore-6.3.jnilib
0x0000000128e18000 	/Users/zimmemi1/sbmt/workspace/saavtk/lib/vtk6.3/mac64/libvtkInfovisCore-6.3.jnilib
0x0000000128ede000 	/Users/zimmemi1/sbmt/workspace/saavtk/lib/vtk6.3/mac64/libvtkFiltersExtraction-6.3.jnilib
0x0000000128fa4000 	/Users/zimmemi1/sbmt/workspace/saavtk/lib/vtk6.3/mac64/libvtkFiltersStatistics-6.3.jnilib
0x0000000129010000 	/Users/zimmemi1/sbmt/workspace/saavtk/lib/vtk6.3/mac64/libvtkImagingFourier-6.3.jnilib
0x0000000129033000 	/Users/zimmemi1/sbmt/workspace/saavtk/lib/vtk6.3/mac64/libvtkImagingCore-6.3.jnilib
0x0000000129211000 	/Users/zimmemi1/sbmt/workspace/saavtk/lib/vtk6.3/mac64/libvtkalglib-6.3.jnilib
0x0000000129237000 	/Users/zimmemi1/sbmt/workspace/saavtk/lib/vtk6.3/mac64/libvtkFiltersGeneral-6.3.jnilib
0x0000000129505000 	/Users/zimmemi1/sbmt/workspace/saavtk/lib/vtk6.3/mac64/libvtkFiltersCore-6.3.jnilib
0x000000012998c000 	/Users/zimmemi1/sbmt/workspace/saavtk/lib/vtk6.3/mac64/libvtkCommonComputationalGeometry-6.3.jnilib
0x00000001299b3000 	/Users/zimmemi1/sbmt/workspace/saavtk/lib/vtk6.3/mac64/libvtkRenderingFreeType-6.3.jnilib
0x0000000129a66000 	/Users/zimmemi1/sbmt/workspace/saavtk/lib/vtk6.3/mac64/libvtkftgl-6.3.jnilib
0x0000000129a74000 	/Users/zimmemi1/sbmt/workspace/saavtk/lib/vtk6.3/mac64/libvtkfreetype-6.3.jnilib
0x0000000129b00000 	/Users/zimmemi1/sbmt/workspace/saavtk/lib/vtk6.3/mac64/libvtkzlib-6.3.jnilib
0x0000000129b16000 	/Users/zimmemi1/sbmt/workspace/saavtk/lib/vtk6.3/mac64/libvtkFiltersSources-6.3.jnilib
0x0000000129b96000 	/Users/zimmemi1/sbmt/workspace/saavtk/lib/vtk6.3/mac64/libvtkFiltersGeometry-6.3.jnilib
0x0000000129bfb000 	/Users/zimmemi1/sbmt/workspace/saavtk/lib/vtk6.3/mac64/libvtksys-6.3.dylib
0x0000000129c3f000 	/Users/zimmemi1/sbmt/workspace/saavtk/lib/vtk6.3/mac64/libvtkCommonComputationalGeometryJava.jnilib
0x0000000129c58000 	/Users/zimmemi1/sbmt/workspace/saavtk/lib/vtk6.3/mac64/libvtkDomainsChemistryJava.jnilib
0x0000000129c69000 	/Users/zimmemi1/sbmt/workspace/saavtk/lib/vtk6.3/mac64/libvtkDomainsChemistry-6.3.jnilib
0x0000000129c9f000 	/Users/zimmemi1/sbmt/workspace/saavtk/lib/vtk6.3/mac64/libvtkIOXML-6.3.jnilib
0x0000000129d50000 	/Users/zimmemi1/sbmt/workspace/saavtk/lib/vtk6.3/mac64/libvtkIOGeometry-6.3.jnilib
0x0000000129e4c000 	/Users/zimmemi1/sbmt/workspace/saavtk/lib/vtk6.3/mac64/libvtkIOXMLParser-6.3.jnilib
0x0000000129e65000 	/Users/zimmemi1/sbmt/workspace/saavtk/lib/vtk6.3/mac64/libvtkIOCore-6.3.jnilib
0x0000000129ed7000 	/Users/zimmemi1/sbmt/workspace/saavtk/lib/vtk6.3/mac64/libvtkexpat-6.3.jnilib
0x0000000129efc000 	/Users/zimmemi1/sbmt/workspace/saavtk/lib/vtk6.3/mac64/libvtkFiltersAMRJava.jnilib
0x0000000129f0e000 	/Users/zimmemi1/sbmt/workspace/saavtk/lib/vtk6.3/mac64/libvtkFiltersAMR-6.3.jnilib
0x0000000129f37000 	/Users/zimmemi1/sbmt/workspace/saavtk/lib/vtk6.3/mac64/libvtkFiltersGeneralJava.jnilib
0x0000000129f92000 	/Users/zimmemi1/sbmt/workspace/saavtk/lib/vtk6.3/mac64/libvtkParallelCoreJava.jnilib
0x0000000129fa7000 	/Users/zimmemi1/sbmt/workspace/saavtk/lib/vtk6.3/mac64/libvtkFiltersCoreJava.jnilib
0x000000012a00f000 	/Users/zimmemi1/sbmt/workspace/saavtk/lib/vtk6.3/mac64/libvtkParallelCore-6.3.jnilib
0x000000012a067000 	/Users/zimmemi1/sbmt/workspace/saavtk/lib/vtk6.3/mac64/libvtkIOLegacyJava.jnilib
0x000000012a082000 	/Users/zimmemi1/sbmt/workspace/saavtk/lib/vtk6.3/mac64/libvtkIOLegacy-6.3.jnilib
0x000000012a0fe000 	/Users/zimmemi1/sbmt/workspace/saavtk/lib/vtk6.3/mac64/libvtkIOCoreJava.jnilib
0x000000012a113000 	/Users/zimmemi1/sbmt/workspace/saavtk/lib/vtk6.3/mac64/libvtkFiltersExtractionJava.jnilib
0x000000012a132000 	/Users/zimmemi1/sbmt/workspace/saavtk/lib/vtk6.3/mac64/libvtkFiltersStatisticsJava.jnilib
0x000000012a147000 	/Users/zimmemi1/sbmt/workspace/saavtk/lib/vtk6.3/mac64/libvtkImagingFourierJava.jnilib
0x000000012a154000 	/Users/zimmemi1/sbmt/workspace/saavtk/lib/vtk6.3/mac64/libvtkImagingCoreJava.jnilib
0x000000012a184000 	/Users/zimmemi1/sbmt/workspace/saavtk/lib/vtk6.3/mac64/libvtkFiltersFlowPathsJava.jnilib
0x000000012a1a1000 	/Users/zimmemi1/sbmt/workspace/saavtk/lib/vtk6.3/mac64/libvtkFiltersFlowPaths-6.3.jnilib
0x000000012a1fc000 	/Users/zimmemi1/sbmt/workspace/saavtk/lib/vtk6.3/mac64/libvtkFiltersSourcesJava.jnilib
0x000000012a22e000 	/Users/zimmemi1/sbmt/workspace/saavtk/lib/vtk6.3/mac64/libvtkFiltersGenericJava.jnilib
0x000000012a249000 	/Users/zimmemi1/sbmt/workspace/saavtk/lib/vtk6.3/mac64/libvtkFiltersGeneric-6.3.jnilib
0x000000012a278000 	/Users/zimmemi1/sbmt/workspace/saavtk/lib/vtk6.3/mac64/libvtkFiltersGeometryJava.jnilib
0x000000012a291000 	/Users/zimmemi1/sbmt/workspace/saavtk/lib/vtk6.3/mac64/libvtkFiltersHybridJava.jnilib
0x000000012a2b6000 	/Users/zimmemi1/sbmt/workspace/saavtk/lib/vtk6.3/mac64/libvtkFiltersHybrid-6.3.jnilib
0x000000012a366000 	/Users/zimmemi1/sbmt/workspace/saavtk/lib/vtk6.3/mac64/libvtkImagingSourcesJava.jnilib
0x000000012a379000 	/Users/zimmemi1/sbmt/workspace/saavtk/lib/vtk6.3/mac64/libvtkImagingSources-6.3.jnilib
0x000000012a3bb000 	/Users/zimmemi1/sbmt/workspace/saavtk/lib/vtk6.3/mac64/libvtkFiltersHyperTreeJava.jnilib
0x000000012a3ce000 	/Users/zimmemi1/sbmt/workspace/saavtk/lib/vtk6.3/mac64/libvtkFiltersHyperTree-6.3.jnilib
0x000000012a403000 	/Users/zimmemi1/sbmt/workspace/saavtk/lib/vtk6.3/mac64/libvtkFiltersImagingJava.jnilib
0x000000012a412000 	/Users/zimmemi1/sbmt/workspace/saavtk/lib/vtk6.3/mac64/libvtkFiltersImaging-6.3.jnilib
0x000000012a42f000 	/Users/zimmemi1/sbmt/workspace/saavtk/lib/vtk6.3/mac64/libvtkImagingGeneralJava.jnilib
0x000000012a44d000 	/Users/zimmemi1/sbmt/workspace/saavtk/lib/vtk6.3/mac64/libvtkImagingGeneral-6.3.jnilib
0x000000012a517000 	/Users/zimmemi1/sbmt/workspace/saavtk/lib/vtk6.3/mac64/libvtkFiltersModelingJava.jnilib
0x000000012a536000 	/Users/zimmemi1/sbmt/workspace/saavtk/lib/vtk6.3/mac64/libvtkFiltersModeling-6.3.jnilib
0x000000012a588000 	/Users/zimmemi1/sbmt/workspace/saavtk/lib/vtk6.3/mac64/libvtkFiltersParallelJava.jnilib
0x000000012a5af000 	/Users/zimmemi1/sbmt/workspace/saavtk/lib/vtk6.3/mac64/libvtkFiltersParallel-6.3.jnilib
0x000000012a647000 	/Users/zimmemi1/sbmt/workspace/saavtk/lib/vtk6.3/mac64/libvtkFiltersParallelImagingJava.jnilib
0x000000012a65c000 	/Users/zimmemi1/sbmt/workspace/saavtk/lib/vtk6.3/mac64/libvtkFiltersParallelImaging-6.3.jnilib
0x000000012a67a000 	/Users/zimmemi1/sbmt/workspace/saavtk/lib/vtk6.3/mac64/libvtkFiltersProgrammableJava.jnilib
0x000000012a685000 	/Users/zimmemi1/sbmt/workspace/saavtk/lib/vtk6.3/mac64/libvtkFiltersProgrammable-6.3.jnilib
0x000000012a695000 	/Users/zimmemi1/sbmt/workspace/saavtk/lib/vtk6.3/mac64/libvtkFiltersSMPJava.jnilib
0x000000012a6a3000 	/Users/zimmemi1/sbmt/workspace/saavtk/lib/vtk6.3/mac64/libvtkFiltersSMP-6.3.jnilib
0x000000012a700000 	/Users/zimmemi1/sbmt/workspace/saavtk/lib/vtk6.3/mac64/libvtkFiltersSelectionJava.jnilib
0x000000012a70c000 	/Users/zimmemi1/sbmt/workspace/saavtk/lib/vtk6.3/mac64/libvtkFiltersSelection-6.3.jnilib
0x000000012a720000 	/Users/zimmemi1/sbmt/workspace/saavtk/lib/vtk6.3/mac64/libvtkFiltersTextureJava.jnilib
0x000000012a730000 	/Users/zimmemi1/sbmt/workspace/saavtk/lib/vtk6.3/mac64/libvtkFiltersTexture-6.3.jnilib
0x000000012a74a000 	/Users/zimmemi1/sbmt/workspace/saavtk/lib/vtk6.3/mac64/libvtkFiltersVerdictJava.jnilib
0x000000012a75e000 	/Users/zimmemi1/sbmt/workspace/saavtk/lib/vtk6.3/mac64/libvtkFiltersVerdict-6.3.jnilib
0x000000012a778000 	/Users/zimmemi1/sbmt/workspace/saavtk/lib/vtk6.3/mac64/libvtkverdict-6.3.dylib
0x000000012a7a7000 	/Users/zimmemi1/sbmt/workspace/saavtk/lib/vtk6.3/mac64/libvtkGeovisCoreJava.jnilib
0x000000012a7d9000 	/Users/zimmemi1/sbmt/workspace/saavtk/lib/vtk6.3/mac64/libvtkGeovisCore-6.3.jnilib
0x000000012a846000 	/Users/zimmemi1/sbmt/workspace/saavtk/lib/vtk6.3/mac64/libvtkIOXMLJava.jnilib
0x000000012a864000 	/Users/zimmemi1/sbmt/workspace/saavtk/lib/vtk6.3/mac64/libvtkInfovisLayoutJava.jnilib
0x000000012a895000 	/Users/zimmemi1/sbmt/workspace/saavtk/lib/vtk6.3/mac64/libvtkViewsCoreJava.jnilib
0x000000012a8b3000 	/Users/zimmemi1/sbmt/workspace/saavtk/lib/vtk6.3/mac64/libvtkproj4-6.3.jnilib
0x000000012a8f2000 	/Users/zimmemi1/sbmt/workspace/saavtk/lib/vtk6.3/mac64/libvtkIOGeometryJava.jnilib
0x000000012a913000 	/Users/zimmemi1/sbmt/workspace/saavtk/lib/vtk6.3/mac64/libvtkIOXMLParserJava.jnilib
0x000000012a91e000 	/Users/zimmemi1/sbmt/workspace/saavtk/lib/vtk6.3/mac64/libvtkInfovisLayout-6.3.jnilib
0x000000012a996000 	/Users/zimmemi1/sbmt/workspace/saavtk/lib/vtk6.3/mac64/libvtkInfovisCoreJava.jnilib
0x000000012a9bd000 	/Users/zimmemi1/sbmt/workspace/saavtk/lib/vtk6.3/mac64/libvtkInteractionWidgetsJava.jnilib
0x000000012aa89000 	/Users/zimmemi1/sbmt/workspace/saavtk/lib/vtk6.3/mac64/libvtkInteractionStyleJava.jnilib
0x000000012aaa5000 	/Users/zimmemi1/sbmt/workspace/saavtk/lib/vtk6.3/mac64/libvtkImagingHybridJava.jnilib
0x000000012aac0000 	/Users/zimmemi1/sbmt/workspace/saavtk/lib/vtk6.3/mac64/libvtkIOImageJava.jnilib
0x000000012aaec000 	/Users/zimmemi1/sbmt/workspace/saavtk/lib/vtk6.3/mac64/libvtkRenderingAnnotationJava.jnilib
0x000000012ab4e000 	/Users/zimmemi1/sbmt/workspace/saavtk/lib/vtk6.3/mac64/libvtkImagingColorJava.jnilib
0x000000012ab59000 	/Users/zimmemi1/sbmt/workspace/saavtk/lib/vtk6.3/mac64/libvtkRenderingFreeTypeJava.jnilib
0x000000012ab68000 	/Users/zimmemi1/sbmt/workspace/saavtk/lib/vtk6.3/mac64/libvtkRenderingVolumeJava.jnilib
0x000000012ab9c000 	/Users/zimmemi1/sbmt/workspace/saavtk/lib/vtk6.3/mac64/libvtkViewsCore-6.3.jnilib
0x000000012abc5000 	/Users/zimmemi1/sbmt/workspace/saavtk/lib/vtk6.3/mac64/libvtkInteractionWidgets-6.3.jnilib
0x000000012ad86000 	/Users/zimmemi1/sbmt/workspace/saavtk/lib/vtk6.3/mac64/libvtkInteractionStyle-6.3.jnilib
0x000000012adc6000 	/Users/zimmemi1/sbmt/workspace/saavtk/lib/vtk6.3/mac64/libvtkImagingHybrid-6.3.jnilib
0x000000012ae30000 	/Users/zimmemi1/sbmt/workspace/saavtk/lib/vtk6.3/mac64/libvtkIOImage-6.3.jnilib
0x000000012afa3000 	/Users/zimmemi1/sbmt/workspace/saavtk/lib/vtk6.3/mac64/libvtkRenderingAnnotation-6.3.jnilib
0x000000012b06a000 	/Users/zimmemi1/sbmt/workspace/saavtk/lib/vtk6.3/mac64/libvtkImagingColor-6.3.jnilib
0x000000012b0a9000 	/Users/zimmemi1/sbmt/workspace/saavtk/lib/vtk6.3/mac64/libvtkRenderingVolume-6.3.jnilib
0x000000012b5fd000 	/Users/zimmemi1/sbmt/workspace/saavtk/lib/vtk6.3/mac64/libvtkpng-6.3.jnilib
0x000000012b626000 	/Users/zimmemi1/sbmt/workspace/saavtk/lib/vtk6.3/mac64/libvtktiff-6.3.jnilib
0x000000012b685000 	/Users/zimmemi1/sbmt/workspace/saavtk/lib/vtk6.3/mac64/libvtkmetaio-6.3.dylib
0x000000012b717000 	/Users/zimmemi1/sbmt/workspace/saavtk/lib/vtk6.3/mac64/libvtkDICOMParser-6.3.jnilib
0x000000012b72f000 	/Users/zimmemi1/sbmt/workspace/saavtk/lib/vtk6.3/mac64/libvtkjpeg-6.3.jnilib
0x000000012b756000 	/Users/zimmemi1/sbmt/workspace/saavtk/lib/vtk6.3/mac64/libvtkIOAMRJava.jnilib
0x000000012b768000 	/Users/zimmemi1/sbmt/workspace/saavtk/lib/vtk6.3/mac64/libvtkIOAMR-6.3.jnilib
0x000000012b79e000 	/Users/zimmemi1/sbmt/workspace/saavtk/lib/vtk6.3/mac64/libvtkhdf5_hl-6.3.1.8.13.dylib
0x000000012b7d0000 	/Users/zimmemi1/sbmt/workspace/saavtk/lib/vtk6.3/mac64/libvtkhdf5-6.3.1.8.13.dylib
0x000000012ba7f000 	/Users/zimmemi1/sbmt/workspace/saavtk/lib/vtk6.3/mac64/libvtkIOEnSightJava.jnilib
0x000000012ba8c000 	/Users/zimmemi1/sbmt/workspace/saavtk/lib/vtk6.3/mac64/libvtkIOEnSight-6.3.jnilib
0x000000012bafd000 	/Users/zimmemi1/sbmt/workspace/saavtk/lib/vtk6.3/mac64/libvtkIOExodusJava.jnilib
0x000000012bb1e000 	/Users/zimmemi1/sbmt/workspace/saavtk/lib/vtk6.3/mac64/libvtkIOExodus-6.3.jnilib
0x000000012bbc1000 	/Users/zimmemi1/sbmt/workspace/saavtk/lib/vtk6.3/mac64/libvtkexoIIc-6.3.jnilib
0x000000012bc0b000 	/Users/zimmemi1/sbmt/workspace/saavtk/lib/vtk6.3/mac64/libvtkNetCDF_cxx-6.3.jnilib
0x000000012bc2d000 	/Users/zimmemi1/sbmt/workspace/saavtk/lib/vtk6.3/mac64/libvtkNetCDF-6.3.jnilib
0x000000012bd11000 	/Users/zimmemi1/sbmt/workspace/saavtk/lib/vtk6.3/mac64/libvtkIOExportJava.jnilib
0x000000012bd2b000 	/Users/zimmemi1/sbmt/workspace/saavtk/lib/vtk6.3/mac64/libvtkIOExport-6.3.jnilib
0x000000012bd81000 	/Users/zimmemi1/sbmt/workspace/saavtk/lib/vtk6.3/mac64/libvtkRenderingGL2PSJava.jnilib
0x000000012bd8d000 	/Users/zimmemi1/sbmt/workspace/saavtk/lib/vtk6.3/mac64/libvtkRenderingLabelJava.jnilib
0x000000012bdab000 	/Users/zimmemi1/sbmt/workspace/saavtk/lib/vtk6.3/mac64/libvtkRenderingGL2PS-6.3.jnilib
0x000000012bdc4000 	/Users/zimmemi1/sbmt/workspace/saavtk/lib/vtk6.3/mac64/libvtkRenderingContextOpenGLJava.jnilib
0x000000012bdcf000 	/Users/zimmemi1/sbmt/workspace/saavtk/lib/vtk6.3/mac64/libvtkRenderingOpenGLJava.jnilib
0x000000012be17000 	/Users/zimmemi1/sbmt/workspace/saavtk/lib/vtk6.3/mac64/libvtkRenderingContextOpenGL-6.3.jnilib
0x000000012be38000 	/Users/zimmemi1/sbmt/workspace/saavtk/lib/vtk6.3/mac64/libvtkRenderingOpenGL-6.3.jnilib
0x000000012bfdc000 	/Users/zimmemi1/sbmt/workspace/saavtk/lib/vtk6.3/mac64/libvtkRenderingLabel-6.3.jnilib
0x000000012c06b000 	/Users/zimmemi1/sbmt/workspace/saavtk/lib/vtk6.3/mac64/libvtkgl2ps-6.3.jnilib
0x000000012c085000 	/Users/zimmemi1/sbmt/workspace/saavtk/lib/vtk6.3/mac64/libvtkIOImportJava.jnilib
0x000000012c091000 	/Users/zimmemi1/sbmt/workspace/saavtk/lib/vtk6.3/mac64/libvtkIOImport-6.3.jnilib
0x000000012c0d1000 	/Users/zimmemi1/sbmt/workspace/saavtk/lib/vtk6.3/mac64/libvtkIOInfovisJava.jnilib
0x000000012c0ed000 	/Users/zimmemi1/sbmt/workspace/saavtk/lib/vtk6.3/mac64/libvtkIOInfovis-6.3.jnilib
0x000000012c152000 	/Users/zimmemi1/sbmt/workspace/saavtk/lib/vtk6.3/mac64/libvtklibxml2-6.3.jnilib
0x000000012c2b8000 	/Users/zimmemi1/sbmt/workspace/saavtk/lib/vtk6.3/mac64/libvtkIOLSDynaJava.jnilib
0x000000012c2cb000 	/Users/zimmemi1/sbmt/workspace/saavtk/lib/vtk6.3/mac64/libvtkIOLSDyna-6.3.jnilib
0x000000012c325000 	/Users/zimmemi1/sbmt/workspace/saavtk/lib/vtk6.3/mac64/libvtkIOMINCJava.jnilib
0x000000012c33c000 	/Users/zimmemi1/sbmt/workspace/saavtk/lib/vtk6.3/mac64/libvtkIOMINC-6.3.jnilib
0x000000012c3a3000 	/Users/zimmemi1/sbmt/workspace/saavtk/lib/vtk6.3/mac64/libvtkIOMovieJava.jnilib
0x000000012c3ad000 	/Users/zimmemi1/sbmt/workspace/saavtk/lib/vtk6.3/mac64/libvtkIOMovie-6.3.jnilib
0x000000012c3bd000 	/Users/zimmemi1/sbmt/workspace/saavtk/lib/vtk6.3/mac64/libvtkoggtheora-6.3.jnilib
0x000000012803f000 	/Users/zimmemi1/sbmt/workspace/saavtk/lib/vtk6.3/mac64/libvtkIONetCDFJava.jnilib
0x000000012c3fa000 	/Users/zimmemi1/sbmt/workspace/saavtk/lib/vtk6.3/mac64/libvtkIONetCDF-6.3.jnilib
0x0000000127d67000 	/Users/zimmemi1/sbmt/workspace/saavtk/lib/vtk6.3/mac64/libvtkIOPLYJava.jnilib
0x000000012c455000 	/Users/zimmemi1/sbmt/workspace/saavtk/lib/vtk6.3/mac64/libvtkIOPLY-6.3.jnilib
0x000000012c46e000 	/Users/zimmemi1/sbmt/workspace/saavtk/lib/vtk6.3/mac64/libvtkIOParallelJava.jnilib
0x000000012c48a000 	/Users/zimmemi1/sbmt/workspace/saavtk/lib/vtk6.3/mac64/libvtkIOParallel-6.3.jnilib
0x000000012c4fa000 	/Users/zimmemi1/sbmt/workspace/saavtk/lib/vtk6.3/mac64/libvtkjsoncpp-6.3.jnilib
0x000000012c520000 	/Users/zimmemi1/sbmt/workspace/saavtk/lib/vtk6.3/mac64/libvtkIOParallelXMLJava.jnilib
0x000000012c52f000 	/Users/zimmemi1/sbmt/workspace/saavtk/lib/vtk6.3/mac64/libvtkIOParallelXML-6.3.jnilib
0x000000012c552000 	/Users/zimmemi1/sbmt/workspace/saavtk/lib/vtk6.3/mac64/libvtkIOSQLJava.jnilib
0x000000012c567000 	/Users/zimmemi1/sbmt/workspace/saavtk/lib/vtk6.3/mac64/libvtkIOSQL-6.3.jnilib
0x000000012c5ac000 	/Users/zimmemi1/sbmt/workspace/saavtk/lib/vtk6.3/mac64/libvtksqlite-6.3.jnilib
0x0000000127d80000 	/Users/zimmemi1/sbmt/workspace/saavtk/lib/vtk6.3/mac64/libvtkIOVideoJava.jnilib
0x000000012c668000 	/Users/zimmemi1/sbmt/workspace/saavtk/lib/vtk6.3/mac64/libvtkIOVideo-6.3.jnilib
0x00000001280a9000 	/Users/zimmemi1/sbmt/workspace/saavtk/lib/vtk6.3/mac64/libvtkImagingMathJava.jnilib
0x000000012c678000 	/Users/zimmemi1/sbmt/workspace/saavtk/lib/vtk6.3/mac64/libvtkImagingMath-6.3.jnilib
0x000000012c6c0000 	/Users/zimmemi1/sbmt/workspace/saavtk/lib/vtk6.3/mac64/libvtkImagingMorphologicalJava.jnilib
0x000000012c6d1000 	/Users/zimmemi1/sbmt/workspace/saavtk/lib/vtk6.3/mac64/libvtkImagingMorphological-6.3.jnilib
0x000000012c73b000 	/Users/zimmemi1/sbmt/workspace/saavtk/lib/vtk6.3/mac64/libvtkImagingStatisticsJava.jnilib
0x000000012c748000 	/Users/zimmemi1/sbmt/workspace/saavtk/lib/vtk6.3/mac64/libvtkImagingStatistics-6.3.jnilib
0x000000012c766000 	/Users/zimmemi1/sbmt/workspace/saavtk/lib/vtk6.3/mac64/libvtkImagingStencilJava.jnilib
0x000000012c775000 	/Users/zimmemi1/sbmt/workspace/saavtk/lib/vtk6.3/mac64/libvtkImagingStencil-6.3.jnilib
0x000000012c7a1000 	/Users/zimmemi1/sbmt/workspace/saavtk/lib/vtk6.3/mac64/libvtkInteractionImageJava.jnilib
0x000000012c7bc000 	/Users/zimmemi1/sbmt/workspace/saavtk/lib/vtk6.3/mac64/libvtkInteractionImage-6.3.jnilib
0x000000012c7d9000 	/Users/zimmemi1/sbmt/workspace/saavtk/lib/vtk6.3/mac64/libvtkRenderingImageJava.jnilib
0x000000012c7e7000 	/Users/zimmemi1/sbmt/workspace/saavtk/lib/vtk6.3/mac64/libvtkRenderingImage-6.3.jnilib
0x000000012c800000 	/Users/zimmemi1/sbmt/workspace/saavtk/lib/vtk6.3/mac64/libvtkRenderingLICJava.jnilib
0x000000012c815000 	/Users/zimmemi1/sbmt/workspace/saavtk/lib/vtk6.3/mac64/libvtkRenderingLIC-6.3.jnilib
0x000000012c8cc000 	/Users/zimmemi1/sbmt/workspace/saavtk/lib/vtk6.3/mac64/libvtkRenderingLODJava.jnilib
0x000000012c8db000 	/Users/zimmemi1/sbmt/workspace/saavtk/lib/vtk6.3/mac64/libvtkRenderingLOD-6.3.jnilib
0x000000012c8ec000 	/Users/zimmemi1/sbmt/workspace/saavtk/lib/vtk6.3/mac64/libvtkRenderingVolumeOpenGLJava.jnilib
0x000000012c8fd000 	/Users/zimmemi1/sbmt/workspace/saavtk/lib/vtk6.3/mac64/libvtkRenderingVolumeOpenGL-6.3.jnilib
0x000000012c966000 	/Users/zimmemi1/sbmt/workspace/saavtk/lib/vtk6.3/mac64/libvtkViewsContext2DJava.jnilib
0x000000012c97d000 	/Users/zimmemi1/sbmt/workspace/saavtk/lib/vtk6.3/mac64/libvtkViewsContext2D-6.3.jnilib
0x000000012c993000 	/Users/zimmemi1/sbmt/workspace/saavtk/lib/vtk6.3/mac64/libvtkViewsGeovisJava.jnilib
0x000000012c9b2000 	/Users/zimmemi1/sbmt/workspace/saavtk/lib/vtk6.3/mac64/libvtkViewsGeovis-6.3.jnilib
0x000000012c9ca000 	/Users/zimmemi1/sbmt/workspace/saavtk/lib/vtk6.3/mac64/libvtkViewsInfovisJava.jnilib
0x000000012ca1c000 	/Users/zimmemi1/sbmt/workspace/saavtk/lib/vtk6.3/mac64/libvtkViewsInfovis-6.3.jnilib
0x000000012cad2000 	/Library/Java/JavaVirtualMachines/jdk1.8.0_131.jdk/Contents/Home/jre/lib/libfontmanager.dylib
0x000000012cb39000 	/Library/Java/JavaVirtualMachines/jdk1.8.0_131.jdk/Contents/Home/jre/lib/libosxui.dylib
0x000000012deff000 	/Library/Java/JavaVirtualMachines/jdk1.8.0_131.jdk/Contents/Home/jre/lib/libnet.dylib
0x000000012df16000 	/Library/Java/JavaVirtualMachines/jdk1.8.0_131.jdk/Contents/Home/jre/lib/libnio.dylib
0x000000012df28000 	/Users/zimmemi1/sbmt/workspace/saavtk/lib/vtk6.3/mac64/libgluegen-rt.jnilib
0x000000012df2e000 	/Users/zimmemi1/sbmt/workspace/saavtk/lib/vtk6.3/mac64/libnativewindow_awt.jnilib
0x000000012df31000 	/Library/Java/JavaVirtualMachines/jdk1.8.0_131.jdk/Contents/Home/jre/lib/libjawt.dylib
0x000000012df34000 	/Users/zimmemi1/sbmt/workspace/saavtk/lib/vtk6.3/mac64/libnativewindow_macosx.jnilib
0x000000012e13e000 	/Users/zimmemi1/sbmt/workspace/saavtk/lib/vtk6.3/mac64/libjogl_desktop.jnilib

VM Arguments:
jvm_args: -Djava.library.path=lib/vtk6.3/mac64 -Dfile.encoding=UTF-8 
java_command: edu.jhuapl.saavtk2.image.projection.gui.CylindricalProjectionControlPanel
java_class_path (initial): /Users/zimmemi1/sbmt/workspace/saavtk/bin:/Users/zimmemi1/sbmt/workspace/saavtk/lib/commons-io-2.0.jar:/Users/zimmemi1/sbmt/workspace/saavtk/lib/commons-math3-3.2.jar:/Users/zimmemi1/sbmt/workspace/saavtk/lib/guava-13.0.1.jar:/Users/zimmemi1/sbmt/workspace/saavtk/lib/Jama-1.0.2.jar:/Users/zimmemi1/sbmt/workspace/saavtk/lib/jcommon-1.0.16.jar:/Users/zimmemi1/sbmt/workspace/saavtk/lib/jfreechart-1.0.13.jar:/Users/zimmemi1/sbmt/workspace/saavtk/lib/jgoodies-common-1.8.1.jar:/Users/zimmemi1/sbmt/workspace/saavtk/lib/jgoodies-looks-2.4.0.jar:/Users/zimmemi1/sbmt/workspace/saavtk/lib/joda-time-1.6.jar:/Users/zimmemi1/sbmt/workspace/saavtk/lib/miglayout-3.7.1-swing.jar:/Users/zimmemi1/sbmt/workspace/saavtk/lib/nom-tam-fits-1.13.1m0.jar:/Users/zimmemi1/sbmt/workspace/saavtk/lib/quaqua-7.3.4-filechooser-only.jar:/Users/zimmemi1/sbmt/workspace/saavtk/lib/quaqua-7.3.4.jar:/Users/zimmemi1/sbmt/workspace/saavtk/lib/RelativeLayout-v1.0.jar:/Users/zimmemi1/sbmt/workspace/saavtk/lib/jogl/gluegen-rt.jar:/Users/zimmemi1/sbmt/workspace/saavtk/lib/jogl/jogl-all.jar:/Users/zimmemi1/sbmt/workspace/saavtk/lib/vtk6.3/vtk-6.3.jar:/Users/zimmemi1/sbmt/workspace/saavtk/jgoodies-forms-1.8.0.jar:/Users/zimmemi1/sbmt/workspace/saavtk/lib/jide-oss-3.6.9.jar
Launcher Type: SUN_STANDARD

Environment Variables:
PATH=/usr/bin:/bin:/usr/sbin:/sbin
SHELL=/bin/bash
DISPLAY=/private/tmp/com.apple.launchd.PeVPPEEwGA/org.macosforge.xquartz:0
DYLD_LIBRARY_PATH=lib/vtk6.3/mac64

Signal Handlers:
SIGSEGV: [libjvm.dylib+0x5b1eb1], sa_mask[0]=11111111011111110111111111111111, sa_flags=SA_ONSTACK|SA_RESTART|SA_SIGINFO
SIGBUS: [libjvm.dylib+0x5b1eb1], sa_mask[0]=11111111011111110111111111111111, sa_flags=SA_RESTART|SA_SIGINFO
SIGFPE: [libjvm.dylib+0x488988], sa_mask[0]=11111111011111110111111111111111, sa_flags=SA_RESTART|SA_SIGINFO
SIGPIPE: [libjvm.dylib+0x488988], sa_mask[0]=11111111011111110111111111111111, sa_flags=SA_RESTART|SA_SIGINFO
SIGXFSZ: [libjvm.dylib+0x488988], sa_mask[0]=11111111011111110111111111111111, sa_flags=SA_RESTART|SA_SIGINFO
SIGILL: [libjvm.dylib+0x488988], sa_mask[0]=11111111011111110111111111111111, sa_flags=SA_RESTART|SA_SIGINFO
SIGUSR1: SIG_DFL, sa_mask[0]=00000000000000000000000000000000, sa_flags=none
SIGUSR2: [libjvm.dylib+0x4884a6], sa_mask[0]=00100000000000000000000000000000, sa_flags=SA_RESTART|SA_SIGINFO
SIGHUP: [libjvm.dylib+0x486a7d], sa_mask[0]=11111111011111110111111111111111, sa_flags=SA_RESTART|SA_SIGINFO
SIGINT: [libjvm.dylib+0x486a7d], sa_mask[0]=11111111011111110111111111111111, sa_flags=SA_RESTART|SA_SIGINFO
SIGTERM: [libjvm.dylib+0x486a7d], sa_mask[0]=11111111011111110111111111111111, sa_flags=SA_RESTART|SA_SIGINFO
SIGQUIT: [libjvm.dylib+0x486a7d], sa_mask[0]=11111111011111110111111111111111, sa_flags=SA_RESTART|SA_SIGINFO


---------------  S Y S T E M  ---------------

OS:Bsduname:Darwin 16.7.0 Darwin Kernel Version 16.7.0: Tue Jan 30 11:27:06 PST 2018; root:xnu-3789.73.11~1/RELEASE_X86_64 x86_64
rlimit: STACK 8192k, CORE 0k, NPROC 709, NOFILE 10240, AS infinity
load average:1.78 2.02 1.84

CPU:total 8 (initial active 8) (4 cores per cpu, 2 threads per core) family 6 model 94 stepping 3, cmov, cx8, fxsr, mmx, sse, sse2, sse3, ssse3, sse4.1, sse4.2, popcnt, avx, avx2, aes, clmul, erms, rtm, 3dnowpref, lzcnt, ht, tsc, tscinvbit, bmi1, bmi2, adx

Memory: 4k page, physical 16777216k(3124368k free)

/proc/meminfo:


vm_info: Java HotSpot(TM) 64-Bit Server VM (25.131-b11) for bsd-amd64 JRE (1.8.0_131-b11), built on Mar 15 2017 01:32:22 by "java_re" with gcc 4.2.1 (Based on Apple Inc. build 5658) (LLVM build 2336.11.00)

time: Mon Apr 16 10:50:31 2018
elapsed time: 4 seconds (0d 0h 0m 4s)

