#
# A fatal error has been detected by the Java Runtime Environment:
#
#  SIGSEGV (0xb) at pc=0x00007fff869c539f, pid=56508, tid=4103
#
# JRE version: Java(TM) SE Runtime Environment (8.0_60-b27) (build 1.8.0_60-b27)
# Java VM: Java HotSpot(TM) 64-Bit Server VM (25.60-b23 mixed mode bsd-amd64 compressed oops)
# Problematic frame:
# C  [libobjc.A.dylib+0x639f]  objc_msgSend_fixup+0x5f
#
# Failed to write core dump. Core dumps have been disabled. To enable core dumping, try "ulimit -c unlimited" before starting Java again
#
# If you would like to submit a bug report, please visit:
#   http://bugreport.java.com/bugreport/crash.jsp
# The crash happened outside the Java Virtual Machine in native code.
# See problematic frame for where to report the bug.
#

---------------  T H R E A D  ---------------

Current thread (0x00007fc6c2946000):  JavaThread "AWT-AppKit" daemon [_thread_in_native, id=4103, stack(0x00007fff515d6000,0x00007fff51dd6000)]

siginfo: si_signo: 11 (SIGSEGV), si_code: 0 (unknown), si_addr: 0x0000000000000000

Registers:
RAX=0x00007fc6c1bd5720, RBX=0x000000012d0f83b0, RCX=0x000000012d0fd740, RDX=0x000000012d0fd020
RSP=0x00007fff51dd1340, RBP=0x00007fff51dd1400, RSI=0x000000012d0f8640, RDI=0x00007fc6c1be79d0
R8 =0x00007fff7452b518, R9 =0x000000012d0f7659, R10=0x00007fc6c0c22830, R11=0xb000000000000000
R12=0x0000000000000000, R13=0x0000000137573d00, R14=0x000000012d0f83a0, R15=0x00007fc6c2946000
RIP=0x00007fff869c539f, EFLAGS=0x0000000000010246, ERR=0x0000000000000000
  TRAPNO=0x000000000000000d

Top of Stack: (sp=0x00007fff51dd1340)
0x00007fff51dd1340:   00007fff74528940 00007fff7452b518
0x00007fff51dd1350:   000000012d0fd740 000000012d0fd020
0x00007fff51dd1360:   000000012d0f8640 00007fc6c1be79d0
0x00007fff51dd1370:   00007fc6c1bd5720 0000000137573d00
0x00007fff51dd1380:   0000000000000000 0000ff0000000000
0x00007fff51dd1390:   6341656c62617369 414300736e6f6974
0x00007fff51dd13a0:   ffffffffffffffff 0000ffffffffffff
0x00007fff51dd13b0:   555f776f646e6957 5457414a7465736e
0x00007fff51dd13c0:   66727553746f6f52 726579614c656361
0x00007fff51dd13d0:   676f6a5f6176614a 6974616e5f706d61
0x00007fff51dd13e0:   0000000000000000 0000000000000000
0x00007fff51dd13f0:   0000000000000000 0000000000000000
0x00007fff51dd1400:   00007fff51dd14c0 000000012d0f65d7
0x00007fff51dd1410:   00007fff51dd1460 0000000000000003
0x00007fff51dd1420:   00007fff51dd1440 000000010e149992
0x00007fff51dd1430:   0000000137573d00 0000000137573d00
0x00007fff51dd1440:   00007fc6c1bd5720 000000012d0f85c0
0x00007fff51dd1450:   000000012d0f8640 000000012d0f83b0
0x00007fff51dd1460:   00007fff7449bf50 000000012d0f85d0
0x00007fff51dd1470:   00007fff74528940 00007fc6c1bd5720
0x00007fff51dd1480:   00007fc6c1be79d0 00007fc6c0c227d0
0x00007fff51dd1490:   00007fc6c1bd5720 00007fc6c1be79d0
0x00007fff51dd14a0:   00007fff51dd1540 00007fc6c29461f8
0x00007fff51dd14b0:   0000000137573d00 00007fff51dd1568
0x00007fff51dd14c0:   00007fff51dd1530 000000010f0d2954
0x00007fff51dd14d0:   00007fff51dd1530 000000010f0d26d9
0x00007fff51dd14e0:   000000010f0de823 000000010f0d26a2
0x00007fff51dd14f0:   00007fff51dd14f0 0000000137573d00
0x00007fff51dd1500:   00007fff51dd1568 00000001375764f0
0x00007fff51dd1510:   0000000000000000 0000000137573d00
0x00007fff51dd1520:   0000000000000000 00007fff51dd1550
0x00007fff51dd1530:   00007fff51dd15b0 000000010f0c4c4d 

Instructions: (pc=0x00007fff869c539f)
0x00007fff869c537f:   8b 4e 08 40 f6 c7 01 75 05 4c 8b 1f eb 12 41 89
0x00007fff869c538f:   fa 41 83 e2 0f 4c 8d 1d ad dd 35 ed 4f 8b 1c d3
0x00007fff869c539f:   4d 8b 43 10 49 8b 08 48 89 f2 31 f6 e8 fe 18 00
0x00007fff869c53af:   00 49 89 c3 66 0f 6f 45 80 41 59 66 0f 6f 4d 90 

Register to memory mapping:

RAX=0x00007fc6c1bd5720 is an unknown value
RBX=0x000000012d0f83b0: Java_jogamp_nativewindow_macosx_OSXUtil_GetScreenRefreshRate0+0x1850 in /Users/zimmemi1/git/saavtk/lib-bamt/vtk6.3/mac64/libnativewindow_macosx.jnilib at 0x000000012d0f1000
RCX=0x000000012d0fd740 is an unknown value
RDX=0x000000012d0fd020 is an unknown value
RSP=0x00007fff51dd1340 is pointing into the stack for thread: 0x00007fc6c2946000
RBP=0x00007fff51dd1400 is pointing into the stack for thread: 0x00007fc6c2946000
RSI=0x000000012d0f8640: Java_jogamp_nativewindow_macosx_OSXUtil_GetScreenRefreshRate0+0x1ae0 in /Users/zimmemi1/git/saavtk/lib-bamt/vtk6.3/mac64/libnativewindow_macosx.jnilib at 0x000000012d0f1000
RDI=0x00007fc6c1be79d0 is an unknown value
R8 =0x00007fff7452b518: _ZN2CA11Transaction9slot_lockE+0 in /System/Library/Frameworks/QuartzCore.framework/Versions/A/QuartzCore at 0x00007fff8a362000
R9 =0x000000012d0f7659: Java_jogamp_nativewindow_macosx_OSXUtil_GetScreenRefreshRate0+0xaf9 in /Users/zimmemi1/git/saavtk/lib-bamt/vtk6.3/mac64/libnativewindow_macosx.jnilib at 0x000000012d0f1000
R10=0x00007fc6c0c22830 is an unknown value
R11=0xb000000000000000 is an unknown value
R12=0x0000000000000000 is an unknown value
R13={method} {0x0000000137573d00} 'UnsetJAWTRootSurfaceLayer0' '(JJ)V' in 'jogamp/nativewindow/jawt/macosx/MacOSXJAWTWindow'
R14=0x000000012d0f83a0: Java_jogamp_nativewindow_macosx_OSXUtil_GetScreenRefreshRate0+0x1840 in /Users/zimmemi1/git/saavtk/lib-bamt/vtk6.3/mac64/libnativewindow_macosx.jnilib at 0x000000012d0f1000
R15=0x00007fc6c2946000 is a thread


Stack: [0x00007fff515d6000,0x00007fff51dd6000],  sp=0x00007fff51dd1340,  free space=8172k
Native frames: (J=compiled Java code, j=interpreted, Vv=VM code, C=native code)
C  [libobjc.A.dylib+0x639f]  objc_msgSend_fixup+0x5f
C  [libnativewindow_macosx.jnilib+0x55d7]  Java_jogamp_nativewindow_jawt_macosx_MacOSXJAWTWindow_UnsetJAWTRootSurfaceLayer0+0xe7
j  jogamp.nativewindow.jawt.macosx.MacOSXJAWTWindow.UnsetJAWTRootSurfaceLayer0(JJ)V+0
j  jogamp.nativewindow.jawt.macosx.MacOSXJAWTWindow.access$200(JJ)V+2
j  jogamp.nativewindow.jawt.macosx.MacOSXJAWTWindow$1.run()V+38
j  com.jogamp.common.util.RunnableTask.run()V+24
v  ~StubRoutines::call_stub
V  [libjvm.dylib+0x2eab0e]
V  [libjvm.dylib+0x321bb7]
V  [libjvm.dylib+0x31438b]
C  [libnativewindow_macosx.jnilib+0x57ae]  Java_jogamp_nativewindow_jawt_macosx_MacOSXJAWTWindow_UnsetJAWTRootSurfaceLayer0+0x2be
C  [Foundation+0x9359a]  __NSThreadPerformPerform+0xe1
C  [CoreFoundation+0x12b31]  __CFRUNLOOP_IS_CALLING_OUT_TO_A_SOURCE0_PERFORM_FUNCTION__+0x11
C  [CoreFoundation+0x1251d]  __CFRunLoopDoSources0+0x1bd
C  [CoreFoundation+0x357f5]  __CFRunLoopRun+0x315
C  [CoreFoundation+0x350e2]  CFRunLoopRunSpecific+0x122
C  [HIToolbox+0x5feb4]  RunCurrentEventLoopInMode+0xd1
C  [HIToolbox+0x5fb94]  ReceiveNextEventCommon+0xa6
C  [HIToolbox+0x5fae3]  BlockUntilNextEventMatchingListInMode+0x3e
C  [AppKit+0x155533]  _DPSNextEvent+0x2ad
C  [AppKit+0x154df2]  -[NSApplication nextEventMatchingMask:untilDate:inMode:dequeue:]+0x80
C  [libosxapp.dylib+0x23aa]  -[NSApplicationAWT nextEventMatchingMask:untilDate:inMode:dequeue:]+0x7c
C  [AppKit+0x14c1a3]  -[NSApplication run]+0x205
C  [libosxapp.dylib+0x214d]  +[NSApplicationAWT runAWTLoopWithApp:]+0x9c
C  [libawt_lwawt.dylib+0x44517]  -[AWTStarter starter:]+0x389
C  [Foundation+0x9359a]  __NSThreadPerformPerform+0xe1
C  [CoreFoundation+0x12b31]  __CFRUNLOOP_IS_CALLING_OUT_TO_A_SOURCE0_PERFORM_FUNCTION__+0x11
C  [CoreFoundation+0x12455]  __CFRunLoopDoSources0+0xf5
C  [CoreFoundation+0x357f5]  __CFRunLoopRun+0x315
C  [CoreFoundation+0x350e2]  CFRunLoopRunSpecific+0x122
C  [java+0x6463]  CreateExecutionEnvironment+0x367
C  [java+0x21ac]  JLI_Launch+0x7a0
C  [java+0x84c0]  main+0x65
C  [java+0x1a04]  start+0x34
C  0x0000000000000006

Java frames: (J=compiled Java code, j=interpreted, Vv=VM code)
j  jogamp.nativewindow.jawt.macosx.MacOSXJAWTWindow.UnsetJAWTRootSurfaceLayer0(JJ)V+0
j  jogamp.nativewindow.jawt.macosx.MacOSXJAWTWindow.access$200(JJ)V+2
j  jogamp.nativewindow.jawt.macosx.MacOSXJAWTWindow$1.run()V+38
j  com.jogamp.common.util.RunnableTask.run()V+24
v  ~StubRoutines::call_stub

---------------  P R O C E S S  ---------------

Java Threads: ( => current thread )
  0x00007fc6c12d7000 JavaThread "DestroyJavaVM" [_thread_blocked, id=6659, stack(0x000000010eee2000,0x000000010efe2000)]
  0x00007fc6c2097800 JavaThread "TimerQueue" daemon [_thread_blocked, id=50179, stack(0x0000000136568000,0x0000000136668000)]
  0x00007fc6c2a2d800 JavaThread "Java2D Disposer" daemon [_thread_blocked, id=47619, stack(0x0000000135f85000,0x0000000136085000)]
  0x00007fc6c29a1000 JavaThread "Java2D Queue Flusher" daemon [_thread_blocked, id=42767, stack(0x00000001349bd000,0x0000000134abd000)]
  0x00007fc6c10df800 JavaThread "AWT-EventQueue-0" [_thread_in_native, id=34827, stack(0x000000012fe16000,0x000000012ff16000)]
  0x00007fc6c3026000 JavaThread "AWT-Shutdown" [_thread_blocked, id=32259, stack(0x000000012cb40000,0x000000012cc40000)]
=>0x00007fc6c2946000 JavaThread "AWT-AppKit" daemon [_thread_in_native, id=4103, stack(0x00007fff515d6000,0x00007fff51dd6000)]
  0x00007fc6c400e000 JavaThread "Service Thread" daemon [_thread_blocked, id=26371, stack(0x000000012b2f2000,0x000000012b3f2000)]
  0x00007fc6c2883000 JavaThread "C1 CompilerThread3" daemon [_thread_blocked, id=25859, stack(0x000000012b1ef000,0x000000012b2ef000)]
  0x00007fc6c2882000 JavaThread "C2 CompilerThread2" daemon [_thread_blocked, id=25347, stack(0x000000012b0ec000,0x000000012b1ec000)]
  0x00007fc6c2881800 JavaThread "C2 CompilerThread1" daemon [_thread_blocked, id=24835, stack(0x000000012afe9000,0x000000012b0e9000)]
  0x00007fc6c2874000 JavaThread "C2 CompilerThread0" daemon [_thread_blocked, id=24323, stack(0x000000012aee6000,0x000000012afe6000)]
  0x00007fc6c2873800 JavaThread "Signal Dispatcher" daemon [_thread_blocked, id=23811, stack(0x000000012ade3000,0x000000012aee3000)]
  0x00007fc6c2861800 JavaThread "Finalizer" daemon [_thread_blocked, id=19203, stack(0x000000012ab92000,0x000000012ac92000)]
  0x00007fc6c2860800 JavaThread "Reference Handler" daemon [_thread_blocked, id=18691, stack(0x000000012aa8f000,0x000000012ab8f000)]

Other Threads:
  0x00007fc6c285e000 VMThread [stack: 0x000000012a98c000,0x000000012aa8c000] [id=18179]
  0x00007fc6c2865000 WatcherThread [stack: 0x000000012b3f5000,0x000000012b4f5000] [id=26883]

VM state:not at safepoint (normal execution)

VM Mutex/Monitor currently owned by a thread: None

Heap:
 PSYoungGen      total 99328K, used 2657K [0x000000076ab00000, 0x0000000771680000, 0x00000007c0000000)
  eden space 88576K, 3% used [0x000000076ab00000,0x000000076ad985a8,0x0000000770180000)
  from space 10752K, 0% used [0x0000000770c00000,0x0000000770c00000,0x0000000771680000)
  to   space 10752K, 0% used [0x0000000770180000,0x0000000770180000,0x0000000770c00000)
 ParOldGen       total 115712K, used 6677K [0x00000006c0000000, 0x00000006c7100000, 0x000000076ab00000)
  object space 115712K, 5% used [0x00000006c0000000,0x00000006c0685680,0x00000006c7100000)
 Metaspace       used 22163K, capacity 22409K, committed 22704K, reserved 1069056K
  class space    used 2644K, capacity 2719K, committed 2816K, reserved 1048576K

Card table byte_map: [0x000000011e47d000,0x000000011ec7e000] byte_map_base: 0x000000011ae7d000

Marking Bits: (ParMarkBitMap*) 0x000000010e836e20
 Begin Bits: [0x000000011f9ec000, 0x00000001239ec000)
 End Bits:   [0x00000001239ec000, 0x00000001279ec000)

Polling page: 0x000000010f027000

CodeCache: size=245760Kb used=6935Kb max_used=6976Kb free=238825Kb
 bounds [0x000000010f0bd000, 0x000000010f79d000, 0x000000011e0bd000]
 total_blobs=3011 nmethods=2182 adapters=741
 compilation: enabled

Compilation events (10 events):
Event: 15.307 Thread 0x00007fc6c2883000 2196       3       java.awt.Component::hasFocus (16 bytes)
Event: 15.308 Thread 0x00007fc6c2883000 nmethod 2196 0x000000010f791790 code [0x000000010f791920, 0x000000010f791c48]
Event: 15.403 Thread 0x00007fc6c2883000 2197       3       javax.media.opengl.GLContext::getCurrent (10 bytes)
Event: 15.403 Thread 0x00007fc6c2883000 nmethod 2197 0x000000010f791d90 code [0x000000010f791f00, 0x000000010f7921e8]
Event: 15.404 Thread 0x00007fc6c2883000 2199       3       java.lang.reflect.Constructor::newInstance (87 bytes)
Event: 15.404 Thread 0x00007fc6c2883000 nmethod 2199 0x000000010f1bde50 code [0x000000010f1be040, 0x000000010f1be768]
Event: 15.451 Thread 0x00007fc6c2883000 2198       3       sun.net.www.protocol.jar.Handler::parseContextSpec (154 bytes)
Event: 15.453 Thread 0x00007fc6c2883000 nmethod 2198 0x000000010f1e4cd0 code [0x000000010f1e50c0, 0x000000010f1e7788]
Event: 15.454 Thread 0x00007fc6c2883000 2200       3       java.awt.Component::isFocusOwner (5 bytes)
Event: 15.454 Thread 0x00007fc6c2883000 nmethod 2200 0x000000010f1d5f50 code [0x000000010f1d6100, 0x000000010f1d6508]

GC Heap History (10 events):
Event: 3.354 GC heap before
{Heap before GC invocations=3 (full 1):
 PSYoungGen      total 76288K, used 6766K [0x000000076ab00000, 0x0000000770000000, 0x00000007c0000000)
  eden space 65536K, 0% used [0x000000076ab00000,0x000000076ab00000,0x000000076eb00000)
  from space 10752K, 62% used [0x000000076f580000,0x000000076fc1b900,0x0000000770000000)
  to   space 10752K, 0% used [0x000000076eb00000,0x000000076eb00000,0x000000076f580000)
 ParOldGen       total 175104K, used 24K [0x00000006c0000000, 0x00000006cab00000, 0x000000076ab00000)
  object space 175104K, 0% used [0x00000006c0000000,0x00000006c0006000,0x00000006cab00000)
 Metaspace       used 20921K, capacity 21087K, committed 21296K, reserved 1069056K
  class space    used 2557K, capacity 2622K, committed 2688K, reserved 1048576K
Event: 3.385 GC heap after
Heap after GC invocations=3 (full 1):
 PSYoungGen      total 76288K, used 0K [0x000000076ab00000, 0x0000000770000000, 0x00000007c0000000)
  eden space 65536K, 0% used [0x000000076ab00000,0x000000076ab00000,0x000000076eb00000)
  from space 10752K, 0% used [0x000000076f580000,0x000000076f580000,0x0000000770000000)
  to   space 10752K, 0% used [0x000000076eb00000,0x000000076eb00000,0x000000076f580000)
 ParOldGen       total 115712K, used 6650K [0x00000006c0000000, 0x00000006c7100000, 0x000000076ab00000)
  object space 115712K, 5% used [0x00000006c0000000,0x00000006c067e8c0,0x00000006c7100000)
 Metaspace       used 20921K, capacity 21087K, committed 21296K, reserved 1069056K
  class space    used 2557K, capacity 2622K, committed 2688K, reserved 1048576K
}
Event: 15.318 GC heap before
{Heap before GC invocations=4 (full 1):
 PSYoungGen      total 76288K, used 13108K [0x000000076ab00000, 0x0000000770000000, 0x00000007c0000000)
  eden space 65536K, 20% used [0x000000076ab00000,0x000000076b7cd160,0x000000076eb00000)
  from space 10752K, 0% used [0x000000076f580000,0x000000076f580000,0x0000000770000000)
  to   space 10752K, 0% used [0x000000076eb00000,0x000000076eb00000,0x000000076f580000)
 ParOldGen       total 115712K, used 6650K [0x00000006c0000000, 0x00000006c7100000, 0x000000076ab00000)
  object space 115712K, 5% used [0x00000006c0000000,0x00000006c067e8c0,0x00000006c7100000)
 Metaspace       used 22107K, capacity 22313K, committed 22576K, reserved 1069056K
  class space    used 2636K, capacity 2687K, committed 2688K, reserved 1048576K
Event: 15.320 GC heap after
Heap after GC invocations=4 (full 1):
 PSYoungGen      total 76288K, used 413K [0x000000076ab00000, 0x0000000771680000, 0x00000007c0000000)
  eden space 65536K, 0% used [0x000000076ab00000,0x000000076ab00000,0x000000076eb00000)
  from space 10752K, 3% used [0x000000076eb00000,0x000000076eb67460,0x000000076f580000)
  to   space 10752K, 0% used [0x0000000770c00000,0x0000000770c00000,0x0000000771680000)
 ParOldGen       total 115712K, used 6658K [0x00000006c0000000, 0x00000006c7100000, 0x000000076ab00000)
  object space 115712K, 5% used [0x00000006c0000000,0x00000006c06808c0,0x00000006c7100000)
 Metaspace       used 22107K, capacity 22313K, committed 22576K, reserved 1069056K
  class space    used 2636K, capacity 2687K, committed 2688K, reserved 1048576K
}
Event: 15.320 GC heap before
{Heap before GC invocations=5 (full 2):
 PSYoungGen      total 76288K, used 413K [0x000000076ab00000, 0x0000000771680000, 0x00000007c0000000)
  eden space 65536K, 0% used [0x000000076ab00000,0x000000076ab00000,0x000000076eb00000)
  from space 10752K, 3% used [0x000000076eb00000,0x000000076eb67460,0x000000076f580000)
  to   space 10752K, 0% used [0x0000000770c00000,0x0000000770c00000,0x0000000771680000)
 ParOldGen       total 115712K, used 6658K [0x00000006c0000000, 0x00000006c7100000, 0x000000076ab00000)
  object space 115712K, 5% used [0x00000006c0000000,0x00000006c06808c0,0x00000006c7100000)
 Metaspace       used 22107K, capacity 22313K, committed 22576K, reserved 1069056K
  class space    used 2636K, capacity 2687K, committed 2688K, reserved 1048576K
Event: 15.382 GC heap after
Heap after GC invocations=5 (full 2):
 PSYoungGen      total 76288K, used 0K [0x000000076ab00000, 0x0000000771680000, 0x00000007c0000000)
  eden space 65536K, 0% used [0x000000076ab00000,0x000000076ab00000,0x000000076eb00000)
  from space 10752K, 0% used [0x000000076eb00000,0x000000076eb00000,0x000000076f580000)
  to   space 10752K, 0% used [0x0000000770c00000,0x0000000770c00000,0x0000000771680000)
 ParOldGen       total 115712K, used 6778K [0x00000006c0000000, 0x00000006c7100000, 0x000000076ab00000)
  object space 115712K, 5% used [0x00000006c0000000,0x00000006c069eb40,0x00000006c7100000)
 Metaspace       used 22107K, capacity 22313K, committed 22576K, reserved 1069056K
  class space    used 2636K, capacity 2687K, committed 2688K, reserved 1048576K
}
Event: 15.404 GC heap before
{Heap before GC invocations=6 (full 2):
 PSYoungGen      total 76288K, used 3932K [0x000000076ab00000, 0x0000000771680000, 0x00000007c0000000)
  eden space 65536K, 6% used [0x000000076ab00000,0x000000076aed71a0,0x000000076eb00000)
  from space 10752K, 0% used [0x000000076eb00000,0x000000076eb00000,0x000000076f580000)
  to   space 10752K, 0% used [0x0000000770c00000,0x0000000770c00000,0x0000000771680000)
 ParOldGen       total 115712K, used 6778K [0x00000006c0000000, 0x00000006c7100000, 0x000000076ab00000)
  object space 115712K, 5% used [0x00000006c0000000,0x00000006c069eb40,0x00000006c7100000)
 Metaspace       used 22163K, capacity 22409K, committed 22704K, reserved 1069056K
  class space    used 2644K, capacity 2719K, committed 2816K, reserved 1048576K
Event: 15.405 GC heap after
Heap after GC invocations=6 (full 2):
 PSYoungGen      total 99328K, used 192K [0x000000076ab00000, 0x0000000771680000, 0x00000007c0000000)
  eden space 88576K, 0% used [0x000000076ab00000,0x000000076ab00000,0x0000000770180000)
  from space 10752K, 1% used [0x0000000770c00000,0x0000000770c30000,0x0000000771680000)
  to   space 10752K, 0% used [0x0000000770180000,0x0000000770180000,0x0000000770c00000)
 ParOldGen       total 115712K, used 6786K [0x00000006c0000000, 0x00000006c7100000, 0x000000076ab00000)
  object space 115712K, 5% used [0x00000006c0000000,0x00000006c06a0b40,0x00000006c7100000)
 Metaspace       used 22163K, capacity 22409K, committed 22704K, reserved 1069056K
  class space    used 2644K, capacity 2719K, committed 2816K, reserved 1048576K
}
Event: 15.405 GC heap before
{Heap before GC invocations=7 (full 3):
 PSYoungGen      total 99328K, used 192K [0x000000076ab00000, 0x0000000771680000, 0x00000007c0000000)
  eden space 88576K, 0% used [0x000000076ab00000,0x000000076ab00000,0x0000000770180000)
  from space 10752K, 1% used [0x0000000770c00000,0x0000000770c30000,0x0000000771680000)
  to   space 10752K, 0% used [0x0000000770180000,0x0000000770180000,0x0000000770c00000)
 ParOldGen       total 115712K, used 6786K [0x00000006c0000000, 0x00000006c7100000, 0x000000076ab00000)
  object space 115712K, 5% used [0x00000006c0000000,0x00000006c06a0b40,0x00000006c7100000)
 Metaspace       used 22163K, capacity 22409K, committed 22704K, reserved 1069056K
  class space    used 2644K, capacity 2719K, committed 2816K, reserved 1048576K
Event: 15.451 GC heap after
Heap after GC invocations=7 (full 3):
 PSYoungGen      total 99328K, used 0K [0x000000076ab00000, 0x0000000771680000, 0x00000007c0000000)
  eden space 88576K, 0% used [0x000000076ab00000,0x000000076ab00000,0x0000000770180000)
  from space 10752K, 0% used [0x0000000770c00000,0x0000000770c00000,0x0000000771680000)
  to   space 10752K, 0% used [0x0000000770180000,0x0000000770180000,0x0000000770c00000)
 ParOldGen       total 115712K, used 6677K [0x00000006c0000000, 0x00000006c7100000, 0x000000076ab00000)
  object space 115712K, 5% used [0x00000006c0000000,0x00000006c0685680,0x00000006c7100000)
 Metaspace       used 22163K, capacity 22409K, committed 22704K, reserved 1069056K
  class space    used 2644K, capacity 2719K, committed 2816K, reserved 1048576K
}

Deoptimization events (10 events):
Event: 1.071 Thread 0x00007fc6c3801800 Uncommon trap: reason=class_check action=maybe_recompile pc=0x000000010f3c1408 method=java.util.jar.JarFile.getJarEntry(Ljava/lang/String;)Ljava/util/jar/JarEntry; @ 2
Event: 1.071 Thread 0x00007fc6c3801800 Uncommon trap: reason=class_check action=maybe_recompile pc=0x000000010f3c1408 method=java.util.jar.JarFile.getJarEntry(Ljava/lang/String;)Ljava/util/jar/JarEntry; @ 2
Event: 1.071 Thread 0x00007fc6c3801800 Uncommon trap: reason=class_check action=maybe_recompile pc=0x000000010f3c1408 method=java.util.jar.JarFile.getJarEntry(Ljava/lang/String;)Ljava/util/jar/JarEntry; @ 2
Event: 2.280 Thread 0x00007fc6c3801800 Uncommon trap: reason=unstable_if action=reinterpret pc=0x000000010f416eb0 method=java.lang.ref.SoftReference.get()Ljava/lang/Object; @ 17
Event: 2.508 Thread 0x00007fc6c3801800 Uncommon trap: reason=unstable_if action=reinterpret pc=0x000000010f31cdbc method=java.lang.ref.SoftReference.get()Ljava/lang/Object; @ 17
Event: 2.513 Thread 0x00007fc6c3801800 Uncommon trap: reason=unstable_if action=reinterpret pc=0x000000010f3a1c04 method=java.lang.ref.SoftReference.get()Ljava/lang/Object; @ 17
Event: 2.513 Thread 0x00007fc6c3801800 Uncommon trap: reason=unstable_if action=reinterpret pc=0x000000010f39b494 method=java.lang.StringCoding$StringDecoder.decode([BII)[C @ 33
Event: 2.513 Thread 0x00007fc6c3801800 Uncommon trap: reason=unstable_if action=reinterpret pc=0x000000010f39e1e8 method=java.lang.StringCoding.safeTrim([CILjava/nio/charset/Charset;Z)[C @ 3
Event: 3.323 Thread 0x00007fc6c2946000 Uncommon trap: reason=unstable_if action=reinterpret pc=0x000000010f4186e0 method=java.lang.ref.SoftReference.get()Ljava/lang/Object; @ 17
Event: 3.390 Thread 0x00007fc6c10df800 Uncommon trap: reason=unstable_if action=reinterpret pc=0x000000010f39ad78 method=java.lang.ref.SoftReference.get()Ljava/lang/Object; @ 17

Internal exceptions (10 events):
Event: 0.697 Thread 0x00007fc6c3801800 Exception <a 'java/io/FileNotFoundException'> (0x000000076bd21ad0) thrown at [/Users/java_re/workspace/8-2-build-macosx-x86_64/jdk8u60/4407/hotspot/src/share/vm/prims/jni.cpp, line 709]
Event: 0.700 Thread 0x00007fc6c3801800 Exception <a 'java/io/FileNotFoundException'> (0x000000076bd2f378) thrown at [/Users/java_re/workspace/8-2-build-macosx-x86_64/jdk8u60/4407/hotspot/src/share/vm/prims/jni.cpp, line 709]
Event: 0.700 Thread 0x00007fc6c3801800 Exception <a 'java/io/FileNotFoundException'> (0x000000076bd36ba8) thrown at [/Users/java_re/workspace/8-2-build-macosx-x86_64/jdk8u60/4407/hotspot/src/share/vm/prims/jni.cpp, line 709]
Event: 0.701 Thread 0x00007fc6c3801800 Exception <a 'java/io/FileNotFoundException'> (0x000000076bd3e168) thrown at [/Users/java_re/workspace/8-2-build-macosx-x86_64/jdk8u60/4407/hotspot/src/share/vm/prims/jni.cpp, line 709]
Event: 0.701 Thread 0x00007fc6c3801800 Exception <a 'java/io/FileNotFoundException'> (0x000000076bd45660) thrown at [/Users/java_re/workspace/8-2-build-macosx-x86_64/jdk8u60/4407/hotspot/src/share/vm/prims/jni.cpp, line 709]
Event: 0.702 Thread 0x00007fc6c3801800 Exception <a 'java/io/FileNotFoundException'> (0x000000076bd4cbe0) thrown at [/Users/java_re/workspace/8-2-build-macosx-x86_64/jdk8u60/4407/hotspot/src/share/vm/prims/jni.cpp, line 709]
Event: 0.703 Thread 0x00007fc6c3801800 Exception <a 'java/io/FileNotFoundException'> (0x000000076bd54360) thrown at [/Users/java_re/workspace/8-2-build-macosx-x86_64/jdk8u60/4407/hotspot/src/share/vm/prims/jni.cpp, line 709]
Event: 0.703 Thread 0x00007fc6c3801800 Exception <a 'java/io/FileNotFoundException'> (0x000000076bd5b348) thrown at [/Users/java_re/workspace/8-2-build-macosx-x86_64/jdk8u60/4407/hotspot/src/share/vm/prims/jni.cpp, line 709]
Event: 1.108 Thread 0x00007fc6c3801800 Exception <a 'java/lang/UnsatisfiedLinkError': com.jogamp.common.util.JarUtil.fixNativeLibAttribs(Ljava/lang/String;)Z> (0x000000076d75f7d8) thrown at [/Users/java_re/workspace/8-2-build-macosx-x86_64/jdk8u60/4407/hotspot/src/share/vm/prims/nativeLookup.c
Event: 2.283 Thread 0x00007fc6c2861800 Exception <a 'java/lang/NullPointerException'> (0x000000076ac31e00) thrown at [/Users/java_re/workspace/8-2-build-macosx-x86_64/jdk8u60/4407/hotspot/src/share/vm/interpreter/linkResolver.cpp, line 1178]

Events (10 events):
Event: 15.403 Thread 0x00007fc6c2883000 flushing nmethod 0x000000010f1db850
Event: 15.403 Thread 0x00007fc6c2883000 flushing nmethod 0x000000010f1dda90
Event: 15.403 Thread 0x00007fc6c2883000 flushing nmethod 0x000000010f1dfb10
Event: 15.403 Thread 0x00007fc6c2883000 flushing nmethod 0x000000010f1e0590
Event: 15.403 Thread 0x00007fc6c2883000 flushing nmethod 0x000000010f1f4590
Event: 15.403 loading class jogamp/nativewindow/jawt/macosx/MacOSXJAWTWindow$1
Event: 15.403 loading class jogamp/nativewindow/jawt/macosx/MacOSXJAWTWindow$1 done
Event: 15.404 Thread 0x00007fc6c2883000 flushing nmethod 0x000000010f21fb10
Event: 15.404 Executing VM operation: ParallelGCSystemGC
Event: 15.451 Executing VM operation: ParallelGCSystemGC done


Dynamic libraries:
0x00000000034f0000 	/System/Library/Frameworks/Cocoa.framework/Versions/A/Cocoa
0x00000000034f0000 	/System/Library/Frameworks/Security.framework/Versions/A/Security
0x00000000034f0000 	/System/Library/Frameworks/ApplicationServices.framework/Versions/A/ApplicationServices
0x00000000034f0000 	/usr/lib/libz.1.dylib
0x00000000034f0000 	/usr/lib/libSystem.B.dylib
0x00000000034f0000 	/usr/lib/libobjc.A.dylib
0x00000000034f0000 	/System/Library/Frameworks/CoreFoundation.framework/Versions/A/CoreFoundation
0x00000000034f0000 	/System/Library/Frameworks/Foundation.framework/Versions/C/Foundation
0x00000000034f0000 	/System/Library/Frameworks/AppKit.framework/Versions/C/AppKit
0x00000000034f0000 	/System/Library/Frameworks/CoreData.framework/Versions/A/CoreData
0x00000000034f0000 	/System/Library/PrivateFrameworks/RemoteViewServices.framework/Versions/A/RemoteViewServices
0x00000000034f0000 	/System/Library/Frameworks/AudioToolbox.framework/Versions/A/AudioToolbox
0x00000000034f0000 	/System/Library/Frameworks/AudioUnit.framework/Versions/A/AudioUnit
0x00000000034f0000 	/System/Library/PrivateFrameworks/DataDetectorsCore.framework/Versions/A/DataDetectorsCore
0x00000000034f0000 	/System/Library/PrivateFrameworks/DesktopServicesPriv.framework/Versions/A/DesktopServicesPriv
0x00000000034f0000 	/System/Library/Frameworks/Carbon.framework/Versions/A/Frameworks/HIToolbox.framework/Versions/A/HIToolbox
0x00000000034f0000 	/System/Library/Frameworks/QuartzCore.framework/Versions/A/QuartzCore
0x00000000034f0000 	/System/Library/Frameworks/Carbon.framework/Versions/A/Frameworks/SpeechRecognition.framework/Versions/A/SpeechRecognition
0x00000000034f0000 	/usr/lib/libauto.dylib
0x00000000034f0000 	/usr/lib/libicucore.A.dylib
0x00000000034f0000 	/usr/lib/libxml2.2.dylib
0x00000000034f0000 	/System/Library/PrivateFrameworks/CoreUI.framework/Versions/A/CoreUI
0x00000000034f0000 	/System/Library/Frameworks/CoreAudio.framework/Versions/A/CoreAudio
0x00000000034f0000 	/System/Library/Frameworks/DiskArbitration.framework/Versions/A/DiskArbitration
0x00000000034f0000 	/usr/lib/liblangid.dylib
0x00000000034f0000 	/System/Library/PrivateFrameworks/MultitouchSupport.framework/Versions/A/MultitouchSupport
0x00000000034f0000 	/System/Library/Frameworks/IOKit.framework/Versions/A/IOKit
0x00000000034f0000 	/usr/lib/libDiagnosticMessagesClient.dylib
0x00000000034f0000 	/System/Library/Frameworks/CoreServices.framework/Versions/A/CoreServices
0x00000000034f0000 	/System/Library/PrivateFrameworks/PerformanceAnalysis.framework/Versions/A/PerformanceAnalysis
0x00000000034f0000 	/System/Library/PrivateFrameworks/GenerationalStorage.framework/Versions/A/GenerationalStorage
0x00000000034f0000 	/System/Library/Frameworks/OpenGL.framework/Versions/A/OpenGL
0x00000000034f0000 	/System/Library/Frameworks/CoreText.framework/Versions/A/CoreText
0x00000000034f0000 	/System/Library/Frameworks/ImageIO.framework/Versions/A/ImageIO
0x00000000034f0000 	/System/Library/PrivateFrameworks/Backup.framework/Versions/A/Backup
0x00000000034f0000 	/System/Library/Frameworks/CFNetwork.framework/Versions/A/CFNetwork
0x00000000034f0000 	/System/Library/Frameworks/SystemConfiguration.framework/Versions/A/SystemConfiguration
0x00000000034f0000 	/usr/lib/libCRFSuite.dylib
0x00000000034f0000 	/System/Library/PrivateFrameworks/TCC.framework/Versions/A/TCC
0x00000000034f0000 	/usr/lib/libc++.1.dylib
0x00000000034f0000 	/usr/lib/libc++abi.dylib
0x00000000034f0000 	/usr/lib/system/libcache.dylib
0x00000000034f0000 	/usr/lib/system/libcommonCrypto.dylib
0x00000000034f0000 	/usr/lib/system/libcompiler_rt.dylib
0x00000000034f0000 	/usr/lib/system/libcopyfile.dylib
0x00000000034f0000 	/usr/lib/system/libdispatch.dylib
0x00000000034f0000 	/usr/lib/system/libdnsinfo.dylib
0x00000000034f0000 	/usr/lib/system/libdyld.dylib
0x00000000034f0000 	/usr/lib/system/libkeymgr.dylib
0x00000000034f0000 	/usr/lib/system/liblaunch.dylib
0x00000000034f0000 	/usr/lib/system/libmacho.dylib
0x00000000034f0000 	/usr/lib/system/libquarantine.dylib
0x00000000034f0000 	/usr/lib/system/libremovefile.dylib
0x00000000034f0000 	/usr/lib/system/libsystem_blocks.dylib
0x00000000034f0000 	/usr/lib/system/libsystem_c.dylib
0x00000000034f0000 	/usr/lib/system/libsystem_dnssd.dylib
0x00000000034f0000 	/usr/lib/system/libsystem_info.dylib
0x00000000034f0000 	/usr/lib/system/libsystem_kernel.dylib
0x00000000034f0000 	/usr/lib/system/libsystem_m.dylib
0x00000000034f0000 	/usr/lib/system/libsystem_network.dylib
0x00000000034f0000 	/usr/lib/system/libsystem_notify.dylib
0x00000000034f0000 	/usr/lib/system/libsystem_sandbox.dylib
0x00000000034f0000 	/usr/lib/system/libunc.dylib
0x00000000034f0000 	/usr/lib/system/libunwind.dylib
0x00000000034f0000 	/usr/lib/system/libxpc.dylib
0x00000000034f0000 	/usr/lib/system/libcorecrypto.dylib
0x00000000034f0000 	/usr/lib/libstdc++.6.dylib
0x00000000034f0000 	/usr/lib/libbsm.0.dylib
0x00000000034f0000 	/usr/lib/libsqlite3.dylib
0x00000000034f0000 	/usr/lib/libxar.1.dylib
0x00000000034f0000 	/usr/lib/libpam.2.dylib
0x00000000034f0000 	/usr/lib/libOpenScriptingUtil.dylib
0x00000000034f0000 	/usr/lib/libbz2.1.0.dylib
0x00000000034f0000 	/System/Library/Frameworks/CoreServices.framework/Versions/A/Frameworks/CarbonCore.framework/Versions/A/CarbonCore
0x00000000034f0000 	/System/Library/Frameworks/CoreServices.framework/Versions/A/Frameworks/Metadata.framework/Versions/A/Metadata
0x00000000034f0000 	/System/Library/Frameworks/CoreServices.framework/Versions/A/Frameworks/OSServices.framework/Versions/A/OSServices
0x00000000034f0000 	/System/Library/Frameworks/CoreServices.framework/Versions/A/Frameworks/SearchKit.framework/Versions/A/SearchKit
0x00000000034f0000 	/System/Library/Frameworks/CoreServices.framework/Versions/A/Frameworks/AE.framework/Versions/A/AE
0x00000000034f0000 	/System/Library/Frameworks/CoreServices.framework/Versions/A/Frameworks/LaunchServices.framework/Versions/A/LaunchServices
0x00000000034f0000 	/System/Library/Frameworks/CoreServices.framework/Versions/A/Frameworks/DictionaryServices.framework/Versions/A/DictionaryServices
0x00000000034f0000 	/System/Library/Frameworks/NetFS.framework/Versions/A/NetFS
0x00000000034f0000 	/usr/lib/system/libkxld.dylib
0x00000000034f0000 	/System/Library/PrivateFrameworks/NetAuth.framework/Versions/A/NetAuth
0x00000000034f0000 	/System/Library/Frameworks/OpenDirectory.framework/Versions/A/Frameworks/CFOpenDirectory.framework/Versions/A/CFOpenDirectory
0x00000000034f0000 	/usr/lib/libxslt.1.dylib
0x00000000034f0000 	/System/Library/PrivateFrameworks/FamilyControls.framework/Versions/A/FamilyControls
0x00000000034f0000 	/System/Library/Frameworks/Carbon.framework/Versions/A/Frameworks/Ink.framework/Versions/A/Ink
0x00000000034f0000 	/System/Library/Frameworks/ApplicationServices.framework/Versions/A/Frameworks/CoreGraphics.framework/Versions/A/CoreGraphics
0x00000000034f0000 	/System/Library/Frameworks/ApplicationServices.framework/Versions/A/Frameworks/ATS.framework/Versions/A/ATS
0x00000000034f0000 	/System/Library/Frameworks/ApplicationServices.framework/Versions/A/Frameworks/ColorSync.framework/Versions/A/ColorSync
0x00000000034f0000 	/System/Library/Frameworks/ApplicationServices.framework/Versions/A/Frameworks/HIServices.framework/Versions/A/HIServices
0x00000000034f0000 	/System/Library/Frameworks/ApplicationServices.framework/Versions/A/Frameworks/LangAnalysis.framework/Versions/A/LangAnalysis
0x00000000034f0000 	/System/Library/Frameworks/ApplicationServices.framework/Versions/A/Frameworks/PrintCore.framework/Versions/A/PrintCore
0x00000000034f0000 	/System/Library/Frameworks/ApplicationServices.framework/Versions/A/Frameworks/QD.framework/Versions/A/QD
0x00000000034f0000 	/System/Library/Frameworks/ApplicationServices.framework/Versions/A/Frameworks/SpeechSynthesis.framework/Versions/A/SpeechSynthesis
0x00000000034f0000 	/System/Library/Frameworks/IOSurface.framework/Versions/A/IOSurface
0x00000000034f0000 	/System/Library/Frameworks/Accelerate.framework/Versions/A/Accelerate
0x00000000034f0000 	/System/Library/Frameworks/ApplicationServices.framework/Versions/A/Frameworks/ATS.framework/Versions/A/Resources/libFontParser.dylib
0x00000000034f0000 	/System/Library/Frameworks/ApplicationServices.framework/Versions/A/Frameworks/ATS.framework/Versions/A/Resources/libFontRegistry.dylib
0x00000000034f0000 	/System/Library/Frameworks/Accelerate.framework/Versions/A/Frameworks/vImage.framework/Versions/A/vImage
0x00000000034f0000 	/System/Library/Frameworks/Accelerate.framework/Versions/A/Frameworks/vecLib.framework/Versions/A/vecLib
0x00000000034f0000 	/System/Library/Frameworks/Accelerate.framework/Versions/A/Frameworks/vecLib.framework/Versions/A/libvDSP.dylib
0x00000000034f0000 	/System/Library/Frameworks/Accelerate.framework/Versions/A/Frameworks/vecLib.framework/Versions/A/libvMisc.dylib
0x00000000034f0000 	/System/Library/Frameworks/Accelerate.framework/Versions/A/Frameworks/vecLib.framework/Versions/A/libLAPACK.dylib
0x00000000034f0000 	/System/Library/Frameworks/Accelerate.framework/Versions/A/Frameworks/vecLib.framework/Versions/A/libBLAS.dylib
0x00000000034f0000 	/System/Library/Frameworks/ImageIO.framework/Versions/A/Resources/libJPEG.dylib
0x00000000034f0000 	/System/Library/Frameworks/ImageIO.framework/Versions/A/Resources/libTIFF.dylib
0x00000000034f0000 	/System/Library/Frameworks/ImageIO.framework/Versions/A/Resources/libPng.dylib
0x00000000034f0000 	/System/Library/Frameworks/ImageIO.framework/Versions/A/Resources/libGIF.dylib
0x00000000034f0000 	/System/Library/Frameworks/ImageIO.framework/Versions/A/Resources/libJP2.dylib
0x00000000034f0000 	/System/Library/Frameworks/ImageIO.framework/Versions/A/Resources/libRadiance.dylib
0x00000000034f0000 	/usr/lib/libcups.2.dylib
0x00000000034f0000 	/System/Library/Frameworks/Kerberos.framework/Versions/A/Kerberos
0x00000000034f0000 	/System/Library/Frameworks/GSS.framework/Versions/A/GSS
0x00000000034f0000 	/usr/lib/libresolv.9.dylib
0x00000000034f0000 	/usr/lib/libiconv.2.dylib
0x00000000034f0000 	/System/Library/PrivateFrameworks/Heimdal.framework/Versions/A/Heimdal
0x00000000034f0000 	/System/Library/PrivateFrameworks/TrustEvaluationAgent.framework/Versions/A/TrustEvaluationAgent
0x00000000034f0000 	/System/Library/Frameworks/OpenDirectory.framework/Versions/A/OpenDirectory
0x00000000034f0000 	/System/Library/PrivateFrameworks/CommonAuth.framework/Versions/A/CommonAuth
0x00000000034f0000 	/System/Library/PrivateFrameworks/Bom.framework/Versions/A/Bom
0x00000000034f0000 	/System/Library/Frameworks/CoreVideo.framework/Versions/A/CoreVideo
0x00000000034f0000 	/System/Library/Frameworks/QuartzCore.framework/Versions/A/Frameworks/CoreImage.framework/Versions/A/CoreImage
0x00000000034f0000 	/System/Library/Frameworks/QuartzCore.framework/Versions/A/Frameworks/ScalableUserInterface.framework/Versions/A/ScalableUserInterface
0x00000000034f0000 	/System/Library/Frameworks/OpenGL.framework/Versions/A/Libraries/libGLU.dylib
0x00000000034f0000 	/System/Library/Frameworks/OpenGL.framework/Versions/A/Libraries/libGFXShared.dylib
0x00000000034f0000 	/System/Library/Frameworks/OpenGL.framework/Versions/A/Libraries/libGL.dylib
0x00000000034f0000 	/System/Library/Frameworks/OpenGL.framework/Versions/A/Libraries/libGLImage.dylib
0x00000000034f0000 	/System/Library/Frameworks/OpenGL.framework/Versions/A/Libraries/libCVMSPluginSupport.dylib
0x00000000034f0000 	/System/Library/Frameworks/OpenGL.framework/Versions/A/Libraries/libCoreVMClient.dylib
0x00000000034f0000 	/System/Library/PrivateFrameworks/CrashReporterSupport.framework/Versions/A/CrashReporterSupport
0x00000000034f0000 	/System/Library/Frameworks/OpenCL.framework/Versions/A/OpenCL
0x00000000034f0000 	/System/Library/PrivateFrameworks/FaceCoreLight.framework/Versions/A/FaceCoreLight
0x00000000034f0000 	/System/Library/PrivateFrameworks/AppleFSCompression.framework/Versions/A/AppleFSCompression
0x00000000034f0000 	/System/Library/PrivateFrameworks/Ubiquity.framework/Versions/A/Ubiquity
0x00000000034f0000 	/System/Library/Frameworks/ServiceManagement.framework/Versions/A/ServiceManagement
0x00000000034f0000 	/System/Library/PrivateFrameworks/ChunkingLibrary.framework/Versions/A/ChunkingLibrary
0x00000000034f0000 	/System/Library/Frameworks/vecLib.framework/Versions/A/vecLib
0x00000000034f0000 	/System/Library/Frameworks/SecurityFoundation.framework/Versions/A/SecurityFoundation
0x00000000034f0000 	/System/Library/PrivateFrameworks/CommerceKit.framework/Versions/A/Frameworks/CommerceCore.framework/Versions/A/CommerceCore
0x00000000034f0000 	/System/Library/PrivateFrameworks/CoreSymbolication.framework/Versions/A/CoreSymbolication
0x00000000034f0000 	/System/Library/PrivateFrameworks/Symbolication.framework/Versions/A/Symbolication
0x00000000034f0000 	/System/Library/PrivateFrameworks/DebugSymbols.framework/Versions/A/DebugSymbols
0x000000010df58000 	/Library/Java/JavaVirtualMachines/jdk1.8.0_60.jdk/Contents/Home/jre/lib/server/libjvm.dylib
0x000000010efe4000 	/Library/Java/JavaVirtualMachines/jdk1.8.0_60.jdk/Contents/Home/jre/lib/libverify.dylib
0x000000010eff2000 	/Library/Java/JavaVirtualMachines/jdk1.8.0_60.jdk/Contents/Home/jre/lib/libjava.dylib
0x000000010f0b4000 	/Library/Java/JavaVirtualMachines/jdk1.8.0_60.jdk/Contents/Home/jre/lib/libzip.dylib
0x000000012ac94000 	/System/Library/Frameworks/JavaVM.framework/Frameworks/JavaRuntimeSupport.framework/JavaRuntimeSupport
0x000000012acac000 	/System/Library/Frameworks/JavaVM.framework/Versions/A/Frameworks/JavaNativeFoundation.framework/Versions/A/JavaNativeFoundation
0x000000012acc1000 	/System/Library/Frameworks/JavaVM.framework/Versions/A/JavaVM
0x00000000034f0000 	/System/Library/Frameworks/Carbon.framework/Versions/A/Carbon
0x000000012acce000 	/System/Library/PrivateFrameworks/JavaLaunching.framework/Versions/A/JavaLaunching
0x00000000034f0000 	/System/Library/Frameworks/Carbon.framework/Versions/A/Frameworks/CommonPanels.framework/Versions/A/CommonPanels
0x00000000034f0000 	/System/Library/Frameworks/Carbon.framework/Versions/A/Frameworks/Help.framework/Versions/A/Help
0x00000000034f0000 	/System/Library/Frameworks/Carbon.framework/Versions/A/Frameworks/ImageCapture.framework/Versions/A/ImageCapture
0x00000000034f0000 	/System/Library/Frameworks/Carbon.framework/Versions/A/Frameworks/OpenScripting.framework/Versions/A/OpenScripting
0x00000000034f0000 	/System/Library/Frameworks/Carbon.framework/Versions/A/Frameworks/Print.framework/Versions/A/Print
0x00000000034f0000 	/System/Library/Frameworks/Carbon.framework/Versions/A/Frameworks/SecurityHI.framework/Versions/A/SecurityHI
0x000000012b66a000 	/Library/Java/JavaVirtualMachines/jdk1.8.0_60.jdk/Contents/Home/jre/lib/libawt.dylib
0x000000012b712000 	/Library/Java/JavaVirtualMachines/jdk1.8.0_60.jdk/Contents/Home/jre/lib/./libmlib_image.dylib
0x000000012b7de000 	/Library/Java/JavaVirtualMachines/jdk1.8.0_60.jdk/Contents/Home/jre/lib/libawt_lwawt.dylib
0x000000012b893000 	/Library/Java/JavaVirtualMachines/jdk1.8.0_60.jdk/Contents/Home/jre/lib/./libosxapp.dylib
0x000000012b8af000 	/System/Library/Frameworks/ExceptionHandling.framework/Versions/A/ExceptionHandling
0x00000000034f0000 	/System/Library/PrivateFrameworks/CoreServicesInternal.framework/Versions/A/CoreServicesInternal
0x00000000034f0000 	/System/Library/PrivateFrameworks/Librarian.framework/Versions/A/Librarian
0x00000000034f0000 	/System/Library/Frameworks/ApplicationServices.framework/Versions/A/Frameworks/CoreGraphics.framework/Versions/A/Resources/libCSync.A.dylib
0x00000000034f0000 	/System/Library/Frameworks/ApplicationServices.framework/Versions/A/Frameworks/CoreGraphics.framework/Versions/A/Resources/libRIP.A.dylib
0x00000000034f0000 	/System/Library/Frameworks/ApplicationServices.framework/Versions/A/Frameworks/CoreGraphics.framework/Versions/A/Resources/libCGXType.A.dylib
0x000000012d37a000 	/Library/Java/JavaVirtualMachines/jdk1.8.0_60.jdk/Contents/Home/jre/lib/libfontmanager.dylib
0x000000012d246000 	/Library/Java/JavaVirtualMachines/jdk1.8.0_60.jdk/Contents/Home/jre/lib/libjawt.dylib
0x000000012d3e1000 	/Users/zimmemi1/git/saavtk/lib-bamt/vtk6.3/mac64/libvtkChartsCoreJava.jnilib
0x000000012ff18000 	/Users/zimmemi1/git/saavtk/lib-bamt/vtk6.3/mac64/libvtkChartsCore-6.3.jnilib
0x000000012d41d000 	/Users/zimmemi1/git/saavtk/lib-bamt/vtk6.3/mac64/libvtkRenderingContext2DJava.jnilib
0x0000000130024000 	/Users/zimmemi1/git/saavtk/lib-bamt/vtk6.3/mac64/libvtkRenderingContext2D-6.3.jnilib
0x0000000130054000 	/Users/zimmemi1/git/saavtk/lib-bamt/vtk6.3/mac64/libvtkRenderingCoreJava.jnilib
0x0000000130104000 	/Users/zimmemi1/git/saavtk/lib-bamt/vtk6.3/mac64/libvtkRenderingCore-6.3.jnilib
0x0000000130295000 	/Users/zimmemi1/git/saavtk/lib-bamt/vtk6.3/mac64/libvtkCommonColorJava.jnilib
0x000000013029f000 	/Users/zimmemi1/git/saavtk/lib-bamt/vtk6.3/mac64/libvtkCommonColor-6.3.jnilib
0x00000001302ba000 	/Users/zimmemi1/git/saavtk/lib-bamt/vtk6.3/mac64/libvtkCommonExecutionModelJava.jnilib
0x00000001302f2000 	/Users/zimmemi1/git/saavtk/lib-bamt/vtk6.3/mac64/libvtkCommonExecutionModel-6.3.jnilib
0x0000000130388000 	/Users/zimmemi1/git/saavtk/lib-bamt/vtk6.3/mac64/libvtkCommonDataModelJava.jnilib
0x0000000130482000 	/Users/zimmemi1/git/saavtk/lib-bamt/vtk6.3/mac64/libvtkCommonDataModel-6.3.jnilib
0x000000013078d000 	/Users/zimmemi1/git/saavtk/lib-bamt/vtk6.3/mac64/libvtkCommonMiscJava.jnilib
0x0000000130796000 	/Users/zimmemi1/git/saavtk/lib-bamt/vtk6.3/mac64/libvtkCommonMisc-6.3.jnilib
0x00000001307ab000 	/Users/zimmemi1/git/saavtk/lib-bamt/vtk6.3/mac64/libvtkCommonSystemJava.jnilib
0x00000001307b5000 	/Users/zimmemi1/git/saavtk/lib-bamt/vtk6.3/mac64/libvtkCommonSystem-6.3.jnilib
0x00000001307ca000 	/Users/zimmemi1/git/saavtk/lib-bamt/vtk6.3/mac64/libvtkCommonTransformsJava.jnilib
0x00000001307e3000 	/Users/zimmemi1/git/saavtk/lib-bamt/vtk6.3/mac64/libvtkCommonTransforms-6.3.jnilib
0x0000000130810000 	/Users/zimmemi1/git/saavtk/lib-bamt/vtk6.3/mac64/libvtkCommonMathJava.jnilib
0x0000000130820000 	/Users/zimmemi1/git/saavtk/lib-bamt/vtk6.3/mac64/libvtkCommonCoreJava.jnilib
0x0000000130888000 	/Users/zimmemi1/git/saavtk/lib-bamt/vtk6.3/mac64/libvtkWrappingJava.jnilib
0x0000000130890000 	/Users/zimmemi1/git/saavtk/lib-bamt/vtk6.3/mac64/libvtkCommonMath-6.3.jnilib
0x00000001308b0000 	/Users/zimmemi1/git/saavtk/lib-bamt/vtk6.3/mac64/libvtkCommonCore-6.3.jnilib
0x0000000130cd0000 	/Users/zimmemi1/git/saavtk/lib-bamt/vtk6.3/mac64/libvtkInfovisCore-6.3.jnilib
0x0000000130d96000 	/Users/zimmemi1/git/saavtk/lib-bamt/vtk6.3/mac64/libvtkFiltersExtraction-6.3.jnilib
0x0000000130e5c000 	/Users/zimmemi1/git/saavtk/lib-bamt/vtk6.3/mac64/libvtkFiltersStatistics-6.3.jnilib
0x0000000130ec8000 	/Users/zimmemi1/git/saavtk/lib-bamt/vtk6.3/mac64/libvtkImagingFourier-6.3.jnilib
0x0000000130eeb000 	/Users/zimmemi1/git/saavtk/lib-bamt/vtk6.3/mac64/libvtkImagingCore-6.3.jnilib
0x00000001310c9000 	/Users/zimmemi1/git/saavtk/lib-bamt/vtk6.3/mac64/libvtkalglib-6.3.jnilib
0x00000001310ef000 	/Users/zimmemi1/git/saavtk/lib-bamt/vtk6.3/mac64/libvtkFiltersGeneral-6.3.jnilib
0x00000001313bd000 	/Users/zimmemi1/git/saavtk/lib-bamt/vtk6.3/mac64/libvtkFiltersCore-6.3.jnilib
0x0000000131844000 	/Users/zimmemi1/git/saavtk/lib-bamt/vtk6.3/mac64/libvtkCommonComputationalGeometry-6.3.jnilib
0x000000013186b000 	/Users/zimmemi1/git/saavtk/lib-bamt/vtk6.3/mac64/libvtkRenderingFreeType-6.3.jnilib
0x000000013191e000 	/Users/zimmemi1/git/saavtk/lib-bamt/vtk6.3/mac64/libvtkftgl-6.3.jnilib
0x000000013192c000 	/Users/zimmemi1/git/saavtk/lib-bamt/vtk6.3/mac64/libvtkfreetype-6.3.jnilib
0x00000001319b8000 	/Users/zimmemi1/git/saavtk/lib-bamt/vtk6.3/mac64/libvtkzlib-6.3.jnilib
0x00000001319ce000 	/Users/zimmemi1/git/saavtk/lib-bamt/vtk6.3/mac64/libvtkFiltersSources-6.3.jnilib
0x0000000131a4e000 	/Users/zimmemi1/git/saavtk/lib-bamt/vtk6.3/mac64/libvtkFiltersGeometry-6.3.jnilib
0x0000000131ab3000 	/Users/zimmemi1/git/saavtk/lib-bamt/vtk6.3/mac64/libvtksys-6.3.dylib
0x0000000131af7000 	/Users/zimmemi1/git/saavtk/lib-bamt/vtk6.3/mac64/libvtkCommonComputationalGeometryJava.jnilib
0x0000000131b10000 	/Users/zimmemi1/git/saavtk/lib-bamt/vtk6.3/mac64/libvtkDomainsChemistryJava.jnilib
0x0000000131b21000 	/Users/zimmemi1/git/saavtk/lib-bamt/vtk6.3/mac64/libvtkDomainsChemistry-6.3.jnilib
0x0000000131b57000 	/Users/zimmemi1/git/saavtk/lib-bamt/vtk6.3/mac64/libvtkIOXML-6.3.jnilib
0x0000000131c08000 	/Users/zimmemi1/git/saavtk/lib-bamt/vtk6.3/mac64/libvtkIOGeometry-6.3.jnilib
0x0000000131d04000 	/Users/zimmemi1/git/saavtk/lib-bamt/vtk6.3/mac64/libvtkIOXMLParser-6.3.jnilib
0x0000000131d1d000 	/Users/zimmemi1/git/saavtk/lib-bamt/vtk6.3/mac64/libvtkIOCore-6.3.jnilib
0x0000000131d8f000 	/Users/zimmemi1/git/saavtk/lib-bamt/vtk6.3/mac64/libvtkexpat-6.3.jnilib
0x0000000131db4000 	/Users/zimmemi1/git/saavtk/lib-bamt/vtk6.3/mac64/libvtkFiltersAMRJava.jnilib
0x0000000131dc6000 	/Users/zimmemi1/git/saavtk/lib-bamt/vtk6.3/mac64/libvtkFiltersAMR-6.3.jnilib
0x0000000131def000 	/Users/zimmemi1/git/saavtk/lib-bamt/vtk6.3/mac64/libvtkFiltersGeneralJava.jnilib
0x0000000131e4a000 	/Users/zimmemi1/git/saavtk/lib-bamt/vtk6.3/mac64/libvtkParallelCoreJava.jnilib
0x0000000131e5f000 	/Users/zimmemi1/git/saavtk/lib-bamt/vtk6.3/mac64/libvtkFiltersCoreJava.jnilib
0x0000000131ec7000 	/Users/zimmemi1/git/saavtk/lib-bamt/vtk6.3/mac64/libvtkParallelCore-6.3.jnilib
0x0000000131f1f000 	/Users/zimmemi1/git/saavtk/lib-bamt/vtk6.3/mac64/libvtkIOLegacyJava.jnilib
0x0000000131f3a000 	/Users/zimmemi1/git/saavtk/lib-bamt/vtk6.3/mac64/libvtkIOLegacy-6.3.jnilib
0x0000000131fb6000 	/Users/zimmemi1/git/saavtk/lib-bamt/vtk6.3/mac64/libvtkIOCoreJava.jnilib
0x0000000131fcb000 	/Users/zimmemi1/git/saavtk/lib-bamt/vtk6.3/mac64/libvtkFiltersExtractionJava.jnilib
0x0000000131fea000 	/Users/zimmemi1/git/saavtk/lib-bamt/vtk6.3/mac64/libvtkFiltersStatisticsJava.jnilib
0x0000000131fff000 	/Users/zimmemi1/git/saavtk/lib-bamt/vtk6.3/mac64/libvtkImagingFourierJava.jnilib
0x000000013200c000 	/Users/zimmemi1/git/saavtk/lib-bamt/vtk6.3/mac64/libvtkImagingCoreJava.jnilib
0x000000013203c000 	/Users/zimmemi1/git/saavtk/lib-bamt/vtk6.3/mac64/libvtkFiltersFlowPathsJava.jnilib
0x0000000132059000 	/Users/zimmemi1/git/saavtk/lib-bamt/vtk6.3/mac64/libvtkFiltersFlowPaths-6.3.jnilib
0x00000001320b4000 	/Users/zimmemi1/git/saavtk/lib-bamt/vtk6.3/mac64/libvtkFiltersSourcesJava.jnilib
0x00000001320e6000 	/Users/zimmemi1/git/saavtk/lib-bamt/vtk6.3/mac64/libvtkFiltersGenericJava.jnilib
0x0000000132101000 	/Users/zimmemi1/git/saavtk/lib-bamt/vtk6.3/mac64/libvtkFiltersGeneric-6.3.jnilib
0x0000000132130000 	/Users/zimmemi1/git/saavtk/lib-bamt/vtk6.3/mac64/libvtkFiltersGeometryJava.jnilib
0x0000000132149000 	/Users/zimmemi1/git/saavtk/lib-bamt/vtk6.3/mac64/libvtkFiltersHybridJava.jnilib
0x000000013216e000 	/Users/zimmemi1/git/saavtk/lib-bamt/vtk6.3/mac64/libvtkFiltersHybrid-6.3.jnilib
0x000000013221e000 	/Users/zimmemi1/git/saavtk/lib-bamt/vtk6.3/mac64/libvtkImagingSourcesJava.jnilib
0x0000000132231000 	/Users/zimmemi1/git/saavtk/lib-bamt/vtk6.3/mac64/libvtkImagingSources-6.3.jnilib
0x0000000132273000 	/Users/zimmemi1/git/saavtk/lib-bamt/vtk6.3/mac64/libvtkFiltersHyperTreeJava.jnilib
0x0000000132286000 	/Users/zimmemi1/git/saavtk/lib-bamt/vtk6.3/mac64/libvtkFiltersHyperTree-6.3.jnilib
0x00000001322bb000 	/Users/zimmemi1/git/saavtk/lib-bamt/vtk6.3/mac64/libvtkFiltersImagingJava.jnilib
0x00000001322ca000 	/Users/zimmemi1/git/saavtk/lib-bamt/vtk6.3/mac64/libvtkFiltersImaging-6.3.jnilib
0x00000001322e7000 	/Users/zimmemi1/git/saavtk/lib-bamt/vtk6.3/mac64/libvtkImagingGeneralJava.jnilib
0x0000000132305000 	/Users/zimmemi1/git/saavtk/lib-bamt/vtk6.3/mac64/libvtkImagingGeneral-6.3.jnilib
0x00000001323cf000 	/Users/zimmemi1/git/saavtk/lib-bamt/vtk6.3/mac64/libvtkFiltersModelingJava.jnilib
0x00000001323ee000 	/Users/zimmemi1/git/saavtk/lib-bamt/vtk6.3/mac64/libvtkFiltersModeling-6.3.jnilib
0x0000000132440000 	/Users/zimmemi1/git/saavtk/lib-bamt/vtk6.3/mac64/libvtkFiltersParallelJava.jnilib
0x0000000132467000 	/Users/zimmemi1/git/saavtk/lib-bamt/vtk6.3/mac64/libvtkFiltersParallel-6.3.jnilib
0x00000001324ff000 	/Users/zimmemi1/git/saavtk/lib-bamt/vtk6.3/mac64/libvtkFiltersParallelImagingJava.jnilib
0x0000000132514000 	/Users/zimmemi1/git/saavtk/lib-bamt/vtk6.3/mac64/libvtkFiltersParallelImaging-6.3.jnilib
0x0000000132532000 	/Users/zimmemi1/git/saavtk/lib-bamt/vtk6.3/mac64/libvtkFiltersProgrammableJava.jnilib
0x000000013253d000 	/Users/zimmemi1/git/saavtk/lib-bamt/vtk6.3/mac64/libvtkFiltersProgrammable-6.3.jnilib
0x000000013254d000 	/Users/zimmemi1/git/saavtk/lib-bamt/vtk6.3/mac64/libvtkFiltersSMPJava.jnilib
0x000000013255b000 	/Users/zimmemi1/git/saavtk/lib-bamt/vtk6.3/mac64/libvtkFiltersSMP-6.3.jnilib
0x00000001325b8000 	/Users/zimmemi1/git/saavtk/lib-bamt/vtk6.3/mac64/libvtkFiltersSelectionJava.jnilib
0x00000001325c4000 	/Users/zimmemi1/git/saavtk/lib-bamt/vtk6.3/mac64/libvtkFiltersSelection-6.3.jnilib
0x00000001325d8000 	/Users/zimmemi1/git/saavtk/lib-bamt/vtk6.3/mac64/libvtkFiltersTextureJava.jnilib
0x00000001325e8000 	/Users/zimmemi1/git/saavtk/lib-bamt/vtk6.3/mac64/libvtkFiltersTexture-6.3.jnilib
0x0000000132602000 	/Users/zimmemi1/git/saavtk/lib-bamt/vtk6.3/mac64/libvtkFiltersVerdictJava.jnilib
0x0000000132616000 	/Users/zimmemi1/git/saavtk/lib-bamt/vtk6.3/mac64/libvtkFiltersVerdict-6.3.jnilib
0x0000000132630000 	/Users/zimmemi1/git/saavtk/lib-bamt/vtk6.3/mac64/libvtkverdict-6.3.dylib
0x000000013265f000 	/Users/zimmemi1/git/saavtk/lib-bamt/vtk6.3/mac64/libvtkGeovisCoreJava.jnilib
0x0000000132691000 	/Users/zimmemi1/git/saavtk/lib-bamt/vtk6.3/mac64/libvtkGeovisCore-6.3.jnilib
0x00000001326fe000 	/Users/zimmemi1/git/saavtk/lib-bamt/vtk6.3/mac64/libvtkIOXMLJava.jnilib
0x000000013271c000 	/Users/zimmemi1/git/saavtk/lib-bamt/vtk6.3/mac64/libvtkInfovisLayoutJava.jnilib
0x000000013274d000 	/Users/zimmemi1/git/saavtk/lib-bamt/vtk6.3/mac64/libvtkViewsCoreJava.jnilib
0x000000013276b000 	/Users/zimmemi1/git/saavtk/lib-bamt/vtk6.3/mac64/libvtkproj4-6.3.jnilib
0x00000001327aa000 	/Users/zimmemi1/git/saavtk/lib-bamt/vtk6.3/mac64/libvtkIOGeometryJava.jnilib
0x00000001327cb000 	/Users/zimmemi1/git/saavtk/lib-bamt/vtk6.3/mac64/libvtkIOXMLParserJava.jnilib
0x00000001327d6000 	/Users/zimmemi1/git/saavtk/lib-bamt/vtk6.3/mac64/libvtkInfovisLayout-6.3.jnilib
0x000000013284e000 	/Users/zimmemi1/git/saavtk/lib-bamt/vtk6.3/mac64/libvtkInfovisCoreJava.jnilib
0x0000000132875000 	/Users/zimmemi1/git/saavtk/lib-bamt/vtk6.3/mac64/libvtkInteractionWidgetsJava.jnilib
0x0000000132941000 	/Users/zimmemi1/git/saavtk/lib-bamt/vtk6.3/mac64/libvtkInteractionStyleJava.jnilib
0x000000013295d000 	/Users/zimmemi1/git/saavtk/lib-bamt/vtk6.3/mac64/libvtkImagingHybridJava.jnilib
0x0000000132978000 	/Users/zimmemi1/git/saavtk/lib-bamt/vtk6.3/mac64/libvtkIOImageJava.jnilib
0x00000001329a4000 	/Users/zimmemi1/git/saavtk/lib-bamt/vtk6.3/mac64/libvtkRenderingAnnotationJava.jnilib
0x0000000132a06000 	/Users/zimmemi1/git/saavtk/lib-bamt/vtk6.3/mac64/libvtkImagingColorJava.jnilib
0x0000000132a11000 	/Users/zimmemi1/git/saavtk/lib-bamt/vtk6.3/mac64/libvtkRenderingFreeTypeJava.jnilib
0x0000000132a20000 	/Users/zimmemi1/git/saavtk/lib-bamt/vtk6.3/mac64/libvtkRenderingVolumeJava.jnilib
0x0000000132a54000 	/Users/zimmemi1/git/saavtk/lib-bamt/vtk6.3/mac64/libvtkViewsCore-6.3.jnilib
0x0000000132a7d000 	/Users/zimmemi1/git/saavtk/lib-bamt/vtk6.3/mac64/libvtkInteractionWidgets-6.3.jnilib
0x0000000132c3e000 	/Users/zimmemi1/git/saavtk/lib-bamt/vtk6.3/mac64/libvtkInteractionStyle-6.3.jnilib
0x0000000132c7e000 	/Users/zimmemi1/git/saavtk/lib-bamt/vtk6.3/mac64/libvtkImagingHybrid-6.3.jnilib
0x0000000132ce8000 	/Users/zimmemi1/git/saavtk/lib-bamt/vtk6.3/mac64/libvtkIOImage-6.3.jnilib
0x0000000132e5b000 	/Users/zimmemi1/git/saavtk/lib-bamt/vtk6.3/mac64/libvtkRenderingAnnotation-6.3.jnilib
0x0000000132f22000 	/Users/zimmemi1/git/saavtk/lib-bamt/vtk6.3/mac64/libvtkImagingColor-6.3.jnilib
0x0000000132f61000 	/Users/zimmemi1/git/saavtk/lib-bamt/vtk6.3/mac64/libvtkRenderingVolume-6.3.jnilib
0x00000001334b5000 	/Users/zimmemi1/git/saavtk/lib-bamt/vtk6.3/mac64/libvtkpng-6.3.jnilib
0x00000001334de000 	/Users/zimmemi1/git/saavtk/lib-bamt/vtk6.3/mac64/libvtktiff-6.3.jnilib
0x000000013353d000 	/Users/zimmemi1/git/saavtk/lib-bamt/vtk6.3/mac64/libvtkmetaio-6.3.dylib
0x00000001335cf000 	/Users/zimmemi1/git/saavtk/lib-bamt/vtk6.3/mac64/libvtkDICOMParser-6.3.jnilib
0x00000001335e7000 	/Users/zimmemi1/git/saavtk/lib-bamt/vtk6.3/mac64/libvtkjpeg-6.3.jnilib
0x000000013360e000 	/Users/zimmemi1/git/saavtk/lib-bamt/vtk6.3/mac64/libvtkIOAMRJava.jnilib
0x0000000133620000 	/Users/zimmemi1/git/saavtk/lib-bamt/vtk6.3/mac64/libvtkIOAMR-6.3.jnilib
0x0000000133656000 	/Users/zimmemi1/git/saavtk/lib-bamt/vtk6.3/mac64/libvtkhdf5_hl-6.3.1.8.13.dylib
0x0000000133688000 	/Users/zimmemi1/git/saavtk/lib-bamt/vtk6.3/mac64/libvtkhdf5-6.3.1.8.13.dylib
0x0000000133937000 	/Users/zimmemi1/git/saavtk/lib-bamt/vtk6.3/mac64/libvtkIOEnSightJava.jnilib
0x0000000133944000 	/Users/zimmemi1/git/saavtk/lib-bamt/vtk6.3/mac64/libvtkIOEnSight-6.3.jnilib
0x00000001339b5000 	/Users/zimmemi1/git/saavtk/lib-bamt/vtk6.3/mac64/libvtkIOExodusJava.jnilib
0x00000001339d6000 	/Users/zimmemi1/git/saavtk/lib-bamt/vtk6.3/mac64/libvtkIOExodus-6.3.jnilib
0x0000000133a79000 	/Users/zimmemi1/git/saavtk/lib-bamt/vtk6.3/mac64/libvtkexoIIc-6.3.jnilib
0x0000000133ac3000 	/Users/zimmemi1/git/saavtk/lib-bamt/vtk6.3/mac64/libvtkNetCDF_cxx-6.3.jnilib
0x0000000133ae5000 	/Users/zimmemi1/git/saavtk/lib-bamt/vtk6.3/mac64/libvtkNetCDF-6.3.jnilib
0x0000000133bc9000 	/Users/zimmemi1/git/saavtk/lib-bamt/vtk6.3/mac64/libvtkIOExportJava.jnilib
0x0000000133be3000 	/Users/zimmemi1/git/saavtk/lib-bamt/vtk6.3/mac64/libvtkIOExport-6.3.jnilib
0x0000000133c39000 	/Users/zimmemi1/git/saavtk/lib-bamt/vtk6.3/mac64/libvtkRenderingGL2PSJava.jnilib
0x0000000133c45000 	/Users/zimmemi1/git/saavtk/lib-bamt/vtk6.3/mac64/libvtkRenderingLabelJava.jnilib
0x0000000133c63000 	/Users/zimmemi1/git/saavtk/lib-bamt/vtk6.3/mac64/libvtkRenderingGL2PS-6.3.jnilib
0x0000000133c7c000 	/Users/zimmemi1/git/saavtk/lib-bamt/vtk6.3/mac64/libvtkRenderingContextOpenGLJava.jnilib
0x0000000133c87000 	/Users/zimmemi1/git/saavtk/lib-bamt/vtk6.3/mac64/libvtkRenderingOpenGLJava.jnilib
0x0000000133ccf000 	/Users/zimmemi1/git/saavtk/lib-bamt/vtk6.3/mac64/libvtkRenderingContextOpenGL-6.3.jnilib
0x0000000133cf0000 	/Users/zimmemi1/git/saavtk/lib-bamt/vtk6.3/mac64/libvtkRenderingOpenGL-6.3.jnilib
0x0000000133e94000 	/Users/zimmemi1/git/saavtk/lib-bamt/vtk6.3/mac64/libvtkRenderingLabel-6.3.jnilib
0x0000000133f23000 	/Users/zimmemi1/git/saavtk/lib-bamt/vtk6.3/mac64/libvtkgl2ps-6.3.jnilib
0x0000000133f3d000 	/Users/zimmemi1/git/saavtk/lib-bamt/vtk6.3/mac64/libvtkIOImportJava.jnilib
0x0000000133f49000 	/Users/zimmemi1/git/saavtk/lib-bamt/vtk6.3/mac64/libvtkIOImport-6.3.jnilib
0x0000000133f89000 	/Users/zimmemi1/git/saavtk/lib-bamt/vtk6.3/mac64/libvtkIOInfovisJava.jnilib
0x0000000133fa5000 	/Users/zimmemi1/git/saavtk/lib-bamt/vtk6.3/mac64/libvtkIOInfovis-6.3.jnilib
0x000000013400a000 	/Users/zimmemi1/git/saavtk/lib-bamt/vtk6.3/mac64/libvtklibxml2-6.3.jnilib
0x0000000134170000 	/Users/zimmemi1/git/saavtk/lib-bamt/vtk6.3/mac64/libvtkIOLSDynaJava.jnilib
0x0000000134183000 	/Users/zimmemi1/git/saavtk/lib-bamt/vtk6.3/mac64/libvtkIOLSDyna-6.3.jnilib
0x00000001341dd000 	/Users/zimmemi1/git/saavtk/lib-bamt/vtk6.3/mac64/libvtkIOMINCJava.jnilib
0x00000001341f4000 	/Users/zimmemi1/git/saavtk/lib-bamt/vtk6.3/mac64/libvtkIOMINC-6.3.jnilib
0x000000013425b000 	/Users/zimmemi1/git/saavtk/lib-bamt/vtk6.3/mac64/libvtkIOMovieJava.jnilib
0x0000000134265000 	/Users/zimmemi1/git/saavtk/lib-bamt/vtk6.3/mac64/libvtkIOMovie-6.3.jnilib
0x0000000134275000 	/Users/zimmemi1/git/saavtk/lib-bamt/vtk6.3/mac64/libvtkoggtheora-6.3.jnilib
0x00000001342b2000 	/Users/zimmemi1/git/saavtk/lib-bamt/vtk6.3/mac64/libvtkIONetCDFJava.jnilib
0x00000001342c3000 	/Users/zimmemi1/git/saavtk/lib-bamt/vtk6.3/mac64/libvtkIONetCDF-6.3.jnilib
0x000000013431e000 	/Users/zimmemi1/git/saavtk/lib-bamt/vtk6.3/mac64/libvtkIOPLYJava.jnilib
0x0000000134329000 	/Users/zimmemi1/git/saavtk/lib-bamt/vtk6.3/mac64/libvtkIOPLY-6.3.jnilib
0x0000000134342000 	/Users/zimmemi1/git/saavtk/lib-bamt/vtk6.3/mac64/libvtkIOParallelJava.jnilib
0x000000013435e000 	/Users/zimmemi1/git/saavtk/lib-bamt/vtk6.3/mac64/libvtkIOParallel-6.3.jnilib
0x00000001343ce000 	/Users/zimmemi1/git/saavtk/lib-bamt/vtk6.3/mac64/libvtkjsoncpp-6.3.jnilib
0x00000001343f4000 	/Users/zimmemi1/git/saavtk/lib-bamt/vtk6.3/mac64/libvtkIOParallelXMLJava.jnilib
0x0000000134403000 	/Users/zimmemi1/git/saavtk/lib-bamt/vtk6.3/mac64/libvtkIOParallelXML-6.3.jnilib
0x0000000134426000 	/Users/zimmemi1/git/saavtk/lib-bamt/vtk6.3/mac64/libvtkIOSQLJava.jnilib
0x000000013443b000 	/Users/zimmemi1/git/saavtk/lib-bamt/vtk6.3/mac64/libvtkIOSQL-6.3.jnilib
0x0000000134480000 	/Users/zimmemi1/git/saavtk/lib-bamt/vtk6.3/mac64/libvtksqlite-6.3.jnilib
0x000000013453c000 	/Users/zimmemi1/git/saavtk/lib-bamt/vtk6.3/mac64/libvtkIOVideoJava.jnilib
0x0000000134546000 	/Users/zimmemi1/git/saavtk/lib-bamt/vtk6.3/mac64/libvtkIOVideo-6.3.jnilib
0x0000000134556000 	/Users/zimmemi1/git/saavtk/lib-bamt/vtk6.3/mac64/libvtkImagingMathJava.jnilib
0x0000000134562000 	/Users/zimmemi1/git/saavtk/lib-bamt/vtk6.3/mac64/libvtkImagingMath-6.3.jnilib
0x00000001345aa000 	/Users/zimmemi1/git/saavtk/lib-bamt/vtk6.3/mac64/libvtkImagingMorphologicalJava.jnilib
0x00000001345bb000 	/Users/zimmemi1/git/saavtk/lib-bamt/vtk6.3/mac64/libvtkImagingMorphological-6.3.jnilib
0x0000000134625000 	/Users/zimmemi1/git/saavtk/lib-bamt/vtk6.3/mac64/libvtkImagingStatisticsJava.jnilib
0x0000000134632000 	/Users/zimmemi1/git/saavtk/lib-bamt/vtk6.3/mac64/libvtkImagingStatistics-6.3.jnilib
0x0000000134650000 	/Users/zimmemi1/git/saavtk/lib-bamt/vtk6.3/mac64/libvtkImagingStencilJava.jnilib
0x000000013465f000 	/Users/zimmemi1/git/saavtk/lib-bamt/vtk6.3/mac64/libvtkImagingStencil-6.3.jnilib
0x000000013468b000 	/Users/zimmemi1/git/saavtk/lib-bamt/vtk6.3/mac64/libvtkInteractionImageJava.jnilib
0x00000001346a6000 	/Users/zimmemi1/git/saavtk/lib-bamt/vtk6.3/mac64/libvtkInteractionImage-6.3.jnilib
0x00000001346c3000 	/Users/zimmemi1/git/saavtk/lib-bamt/vtk6.3/mac64/libvtkRenderingImageJava.jnilib
0x00000001346d1000 	/Users/zimmemi1/git/saavtk/lib-bamt/vtk6.3/mac64/libvtkRenderingImage-6.3.jnilib
0x00000001346ea000 	/Users/zimmemi1/git/saavtk/lib-bamt/vtk6.3/mac64/libvtkRenderingLICJava.jnilib
0x00000001346ff000 	/Users/zimmemi1/git/saavtk/lib-bamt/vtk6.3/mac64/libvtkRenderingLIC-6.3.jnilib
0x00000001347b6000 	/Users/zimmemi1/git/saavtk/lib-bamt/vtk6.3/mac64/libvtkRenderingLODJava.jnilib
0x00000001347c5000 	/Users/zimmemi1/git/saavtk/lib-bamt/vtk6.3/mac64/libvtkRenderingLOD-6.3.jnilib
0x00000001347d6000 	/Users/zimmemi1/git/saavtk/lib-bamt/vtk6.3/mac64/libvtkRenderingVolumeOpenGLJava.jnilib
0x00000001347e7000 	/Users/zimmemi1/git/saavtk/lib-bamt/vtk6.3/mac64/libvtkRenderingVolumeOpenGL-6.3.jnilib
0x0000000134850000 	/Users/zimmemi1/git/saavtk/lib-bamt/vtk6.3/mac64/libvtkViewsContext2DJava.jnilib
0x0000000134867000 	/Users/zimmemi1/git/saavtk/lib-bamt/vtk6.3/mac64/libvtkViewsContext2D-6.3.jnilib
0x000000013487d000 	/Users/zimmemi1/git/saavtk/lib-bamt/vtk6.3/mac64/libvtkViewsGeovisJava.jnilib
0x000000013489c000 	/Users/zimmemi1/git/saavtk/lib-bamt/vtk6.3/mac64/libvtkViewsGeovis-6.3.jnilib
0x00000001348b4000 	/Users/zimmemi1/git/saavtk/lib-bamt/vtk6.3/mac64/libvtkViewsInfovisJava.jnilib
0x0000000134906000 	/Users/zimmemi1/git/saavtk/lib-bamt/vtk6.3/mac64/libvtkViewsInfovis-6.3.jnilib
0x0000000134abf000 	/System/Library/Frameworks/OpenGL.framework/Resources/GLEngine.bundle/GLEngine
0x0000000134cb4000 	/System/Library/Frameworks/OpenGL.framework/Versions/A/Libraries/libGLProgrammability.dylib
0x0000000000000000 	/System/Library/Extensions/GeForceGLDriver.bundle/Contents/MacOS/GeForceGLDriver
0x0000000134e5c000 	/System/Library/PrivateFrameworks/GPUSupport.framework/Versions/A/Libraries/libGPUSupport.dylib
0x00000000034f0000 	/System/Library/Extensions/GeForceGLDriver.bundle/Contents/MacOS/libclh.dylib
0x0000000134e70000 	/System/Library/Extensions/AppleIntelHD4000GraphicsGLDriver.bundle/Contents/MacOS/AppleIntelHD4000GraphicsGLDriver
0x000000013546c000 	/System/Library/PrivateFrameworks/IOAccelerator.framework/Versions/A/IOAccelerator
0x0000000135479000 	/System/Library/PrivateFrameworks/GPUSupport.framework/Versions/A/Libraries/libGPUSupportMercury.dylib
0x000000013588f000 	/System/Library/Frameworks/OpenGL.framework/Resources//GLRendererFloat.bundle/GLRendererFloat
0x00000001358c3000 	/System/Library/Frameworks/OpenCL.framework/Versions/A/Libraries/libcldcpuengine.dylib
0x00000000034f0000 	/System/Library/PrivateFrameworks/DiskImages.framework/Versions/A/DiskImages
0x00000000034f0000 	/System/Library/Frameworks/DiscRecording.framework/Versions/A/DiscRecording
0x00000000034f0000 	/usr/lib/libcurl.4.dylib
0x00000000034f0000 	/System/Library/PrivateFrameworks/MediaKit.framework/Versions/A/MediaKit
0x00000000034f0000 	/usr/lib/libssl.0.9.8.dylib
0x00000000034f0000 	/usr/lib/libcrypto.0.9.8.dylib
0x00000000034f0000 	/System/Library/Frameworks/LDAP.framework/Versions/A/LDAP
0x00000000034f0000 	/usr/lib/libsasl2.2.dylib
0x0000000136087000 	/Library/Java/JavaVirtualMachines/jdk1.8.0_60.jdk/Contents/Home/jre/lib/libosxui.dylib
0x000000012d12e000 	/Library/Java/JavaVirtualMachines/jdk1.8.0_60.jdk/Contents/Home/jre/lib/libnet.dylib
0x000000012d145000 	/Library/Java/JavaVirtualMachines/jdk1.8.0_60.jdk/Contents/Home/jre/lib/libnio.dylib
0x000000012d0e9000 	/Users/zimmemi1/git/saavtk/lib-bamt/vtk6.3/mac64/libgluegen-rt.jnilib
0x000000012d0ee000 	/Users/zimmemi1/git/saavtk/lib-bamt/vtk6.3/mac64/libnativewindow_awt.jnilib
0x000000012d0f1000 	/Users/zimmemi1/git/saavtk/lib-bamt/vtk6.3/mac64/libnativewindow_macosx.jnilib
0x0000000136d45000 	/Users/zimmemi1/git/saavtk/lib-bamt/vtk6.3/mac64/libjogl_desktop.jnilib

VM Arguments:
jvm_args: -Djava.library.path=lib-bamt/vtk6.3/mac64 -Dfile.encoding=UTF-8 
java_command: edu.jhuapl.saavtk.gui.df.Test
java_class_path (initial): /Users/zimmemi1/git/saavtk/bin:/Users/zimmemi1/git/saavtk/lib/commons-math3-3.2.jar:/Users/zimmemi1/git/saavtk/lib/commons-io-2.0.jar:/Users/zimmemi1/git/saavtk/lib/guava-13.0.1.jar:/Users/zimmemi1/git/saavtk/lib/miglayout-3.7.1-swing.jar:/Users/zimmemi1/git/saavtk/lib/jgoodies-looks-2.4.0.jar:/Users/zimmemi1/git/saavtk/lib/jfreechart-1.0.13.jar:/Users/zimmemi1/git/saavtk/lib/jcommon-1.0.16.jar:/Users/zimmemi1/git/saavtk/lib/joda-time-1.6.jar:/Users/zimmemi1/git/saavtk/lib/commons-math3-3.2-sources.jar:/Users/zimmemi1/git/saavtk/lib/jgoodies-common-1.1.1.jar:/Users/zimmemi1/git/saavtk/lib/RelativeLayout-v1.0.jar:/Users/zimmemi1/git/saavtk/lib/quaqua-7.3.4-filechooser-only.jar:/Users/zimmemi1/git/saavtk/lib/quaqua-7.3.4.jar:/Users/zimmemi1/git/saavtk/lib/Jama-1.0.2.jar:/Users/zimmemi1/git/saavtk/lib-bamt/vtk6.3/vtk-6.3.jar:/Users/zimmemi1/git/saavtk/lib-bamt/jogl/gluegen-rt.jar:/Users/zimmemi1/git/saavtk/lib-bamt/jogl/jogl-all.jar:/Users/zimmemi1/git/DockingFrames/docking-frames-demo-tutorial/bin:/Users/zimmemi1/git/DockingFrames/docking-frames-core/target/classes:/Users/zimmemi1/git/DockingFrames/docking-frames-common/target/classes
Launcher Type: SUN_STANDARD

Environment Variables:
PATH=/usr/bin:/bin:/usr/sbin:/sbin:/usr/local/bin:/opt/X11/bin
SHELL=/bin/bash
DISPLAY=/tmp/launch-3gOAIV/org.macosforge.xquartz:0
DYLD_LIBRARY_PATH=lib-bamt/vtk6.3/mac64

Signal Handlers:
SIGSEGV: [libjvm.dylib+0x5a6d31], sa_mask[0]=11111111011111110111111111111111, sa_flags=SA_ONSTACK|SA_RESTART|SA_SIGINFO
SIGBUS: [libjvm.dylib+0x5a6d31], sa_mask[0]=11111111011111110111111111111111, sa_flags=SA_RESTART|SA_SIGINFO
SIGFPE: [libjvm.dylib+0x480a4c], sa_mask[0]=11111111011111110111111111111111, sa_flags=SA_RESTART|SA_SIGINFO
SIGPIPE: [libjvm.dylib+0x480a4c], sa_mask[0]=11111111011111110111111111111111, sa_flags=SA_RESTART|SA_SIGINFO
SIGXFSZ: [libjvm.dylib+0x480a4c], sa_mask[0]=11111111011111110111111111111111, sa_flags=SA_RESTART|SA_SIGINFO
SIGILL: [libjvm.dylib+0x480a4c], sa_mask[0]=11111111011111110111111111111111, sa_flags=SA_RESTART|SA_SIGINFO
SIGUSR1: SIG_DFL, sa_mask[0]=00000000000000000000000000000000, sa_flags=SA_RESTART
SIGUSR2: [libjvm.dylib+0x48056a], sa_mask[0]=00100000000000000000000000000000, sa_flags=SA_RESTART|SA_SIGINFO
SIGHUP: [libjvm.dylib+0x47eb41], sa_mask[0]=11111111011111110111111111111111, sa_flags=SA_RESTART|SA_SIGINFO
SIGINT: [libjvm.dylib+0x47eb41], sa_mask[0]=11111111011111110111111111111111, sa_flags=SA_RESTART|SA_SIGINFO
SIGTERM: [libjvm.dylib+0x47eb41], sa_mask[0]=11111111011111110111111111111111, sa_flags=SA_RESTART|SA_SIGINFO
SIGQUIT: [libjvm.dylib+0x47eb41], sa_mask[0]=11111111011111110111111111111111, sa_flags=SA_RESTART|SA_SIGINFO


---------------  S Y S T E M  ---------------

OS:Bsduname:Darwin 12.6.0 Darwin Kernel Version 12.6.0: Wed Mar 18 16:23:48 PDT 2015; root:xnu-2050.48.19~1/RELEASE_X86_64 x86_64
rlimit: STACK 8192k, CORE 0k, NPROC 709, NOFILE 10240, AS infinity
load average:1.20 1.02 1.13

CPU:total 8 (4 cores per cpu, 2 threads per core) family 6 model 58 stepping 9, cmov, cx8, fxsr, mmx, sse, sse2, sse3, ssse3, sse4.1, sse4.2, popcnt, avx, aes, clmul, erms, ht, tsc, tscinvbit, tscinv

Memory: 4k page, physical 16777216k(3268312k free)

/proc/meminfo:


vm_info: Java HotSpot(TM) 64-Bit Server VM (25.60-b23) for bsd-amd64 JRE (1.8.0_60-b27), built on Aug  4 2015 10:47:24 by "java_re" with gcc 4.2.1 (Based on Apple Inc. build 5658) (LLVM build 2336.11.00)

time: Tue Oct  4 21:50:29 2016
elapsed time: 15 seconds (0d 0h 0m 15s)

