#
# A fatal error has been detected by the Java Runtime Environment:
#
#  SIGSEGV (0xb) at pc=0x000000012e5d4a79, pid=71395, tid=0x000000000000b70b
#
# JRE version: Java(TM) SE Runtime Environment (8.0_131-b11) (build 1.8.0_131-b11)
# Java VM: Java HotSpot(TM) 64-Bit Server VM (25.131-b11 mixed mode bsd-amd64 compressed oops)
# Problematic frame:
# C  [libvtkCommonTransforms-6.3.jnilib+0x2a79]  vtkAbstractTransform::Update()+0x9
#
# Failed to write core dump. Core dumps have been disabled. To enable core dumping, try "ulimit -c unlimited" before starting Java again
#
# If you would like to submit a bug report, please visit:
#   http://bugreport.java.com/bugreport/crash.jsp
# The crash happened outside the Java Virtual Machine in native code.
# See problematic frame for where to report the bug.
#

---------------  T H R E A D  ---------------

Current thread (0x00007fd862860000):  JavaThread "AWT-EventQueue-0" [_thread_in_native, id=46859, stack(0x0000700007475000,0x0000700007575000)]

siginfo: si_signo: 11 (SIGSEGV), si_code: 0 (unknown), si_addr: 0x0000000000000000

Registers:
RAX=0x00007fd86930cdf0, RBX=0x3e6b851f10000000, RCX=0x0000000000000003, RDX=0x00007fd861470840
RSP=0x00007000075730b0, RBP=0x00007000075730c0, RSI=0x00007fd86930cdf0, RDI=0x3e6b851f10000000
R8 =0x00007fd861470840, R9 =0x00007fd86930cdf0, R10=0x000000010d8ff110, R11=0x000000012e5d4a70
R12=0x00007fd86930cd30, R13=0x3326fbbe67db00fc, R14=0x00007fd86930cdf0, R15=0x00007fd866ef2600
RIP=0x000000012e5d4a79, EFLAGS=0x0000000000010202, ERR=0x0000000000000000
  TRAPNO=0x000000000000000d

Top of Stack: (sp=0x00007000075730b0)
0x00007000075730b0:   00007fd86930cdf0 3e6b851f10000000
0x00007000075730c0:   0000700007573120 000000012e327597
0x00007000075730d0:   00007fd86930cdf0 00007fd861470840
0x00007000075730e0:   00007fd86930cdf0 0000000000000000
0x00007000075730f0:   3326fbbe67db00fc 0000000000000000
0x0000700007573100:   00007fd86930cd30 00007fd866ed2870
0x0000700007573110:   00007fd866ef2600 0000000000000032
0x0000700007573120:   0000700007573290 000000012f2631e5
0x0000700007573130:   0000700007573160 00007fd800000000
0x0000700007573140:   00007fd869356e60 00007fd866eee930
0x0000700007573150:   00007fd800000002 0000000000000001
0x0000700007573160:   0000000000000000 00007fd869319a30
0x0000700007573170:   02e5eaceb6a09d9d 0000000000000000
0x0000700007573180:   00007000075731a0 00007fd869356e60
0x0000700007573190:   00007000075731b0 000000012e7f9c51
0x00007000075731a0:   00007fd869356e60 00007fd869356e60
0x00007000075731b0:   0000700007573230 000000012e109d3a
0x00007000075731c0:   00007fd862194010 00007fd866eecec0
0x00007000075731d0:   00007fd86146ed70 00007fd866ed2870
0x00007000075731e0:   0000000000000060 00007fd86146f2b0
0x00007000075731f0:   00007fd866ed2cd0 00007fd866ec1e40
0x0000700007573200:   000000012e2b9d00 00007fd866ef10b0
0x0000700007573210:   0000700007573230 00007fd86146ff00
0x0000700007573220:   00007fd869356e60 00007fd869377fb0
0x0000700007573230:   0000700007573290 000000012e0edce6
0x0000700007573240:   0000700007573260 000000012e7f9c51
0x0000700007573250:   00007fd869356e60 00007fd869356e60
0x0000700007573260:   0000700007573290 00007fd869377fb0
0x0000700007573270:   00007fd869356e60 00007fd86930a1b0
0x0000700007573280:   00007fd866eee930 00007fd869356e60
0x0000700007573290:   00007000075732f0 000000012e0f64e5
0x00007000075732a0:   00007000075732c0 000000012e39b265 

Instructions: (pc=0x000000012e5d4a79)
0x000000012e5d4a59:   41 5c 41 5d 41 5e 41 5f 5d c3 e8 74 3f 01 00 0f
0x000000012e5d4a69:   1f 84 00 00 00 00 00 55 48 89 e5 53 50 48 89 fb
0x000000012e5d4a79:   48 8b 7b 60 e8 3a 3e 01 00 83 7b 70 00 74 13 48
0x000000012e5d4a89:   8b 7b 78 48 8b 07 ff 90 98 00 00 00 48 3b 43 58 

Register to memory mapping:

RAX=0x00007fd86930cdf0 is an unknown value
RBX=0x3e6b851f10000000 is an unknown value
RCX=0x0000000000000003 is an unknown value
RDX=0x00007fd861470840 is an unknown value
RSP=0x00007000075730b0 is pointing into the stack for thread: 0x00007fd862860000
RBP=0x00007000075730c0 is pointing into the stack for thread: 0x00007fd862860000
RSI=0x00007fd86930cdf0 is an unknown value
RDI=0x3e6b851f10000000 is an unknown value
R8 =0x00007fd861470840 is an unknown value
R9 =0x00007fd86930cdf0 is an unknown value
R10=0x000000010d8ff110 is an unknown value
R11=0x000000012e5d4a70: _ZN20vtkAbstractTransform6UpdateEv+0 in /Users/zimmemi1/sbmt/workspace/saavtk/lib/vtk6.3/mac64/libvtkCommonTransforms-6.3.jnilib at 0x000000012e5d2000
R12=0x00007fd86930cd30 is an unknown value
R13=0x3326fbbe67db00fc is an unknown value
R14=0x00007fd86930cdf0 is an unknown value
R15=0x00007fd866ef2600 is an unknown value


Stack: [0x0000700007475000,0x0000700007575000],  sp=0x00007000075730b0,  free space=1016k
Native frames: (J=compiled Java code, j=interpreted, Vv=VM code, C=native code)
C  [libvtkCommonTransforms-6.3.jnilib+0x2a79]  vtkAbstractTransform::Update()+0x9
C  [libvtkCommonDataModel-6.3.jnilib+0xb6597]  vtkImplicitFunction::FunctionValue(double const*)+0x37
C  [libvtkFiltersCore-6.3.jnilib+0xb71e5]  vtkClipPolyData::RequestData(vtkInformation*, vtkInformationVector**, vtkInformationVector*)+0x1b5
C  [libvtkCommonExecutionModel-6.3.jnilib+0x154e5]  vtkExecutive::CallAlgorithm(vtkInformation*, int, vtkInformationVector**, vtkInformationVector*)+0x45
C  [libvtkCommonExecutionModel-6.3.jnilib+0x100fd]  vtkDemandDrivenPipeline::ExecuteData(vtkInformation*, vtkInformationVector**, vtkInformationVector*)+0x3d
C  [libvtkCommonExecutionModel-6.3.jnilib+0xbb8b]  vtkCompositeDataPipeline::ExecuteData(vtkInformation*, vtkInformationVector**, vtkInformationVector*)+0x6b
C  [libvtkCommonExecutionModel-6.3.jnilib+0xf88c]  vtkDemandDrivenPipeline::ProcessRequest(vtkInformation*, vtkInformationVector**, vtkInformationVector*)+0x4cc
C  [libvtkCommonExecutionModel-6.3.jnilib+0x27d7f]  vtkStreamingDemandDrivenPipeline::ProcessRequest(vtkInformation*, vtkInformationVector**, vtkInformationVector*)+0x37f
C  [libvtkCommonExecutionModel-6.3.jnilib+0x280bf]  vtkStreamingDemandDrivenPipeline::Update(int)+0x9f
j  vtk.vtkAlgorithm.Update_68()V+0
j  vtk.vtkAlgorithm.Update()V+1
j  edu.jhuapl.saavtk2.polydata.clip.PolyDataClip.apply(Lvtk/vtkPolyData;)Lvtk/vtkPolyData;+12
j  edu.jhuapl.saavtk2.image.projection.CylindricalProjection.clipLongitude(DDLvtk/vtkPolyData;)Lvtk/vtkPolyData;+14
j  edu.jhuapl.saavtk2.image.projection.CylindricalProjection.clipVisibleGeometry(Lvtk/vtkPolyData;)Lvtk/vtkPolyData;+17
j  edu.jhuapl.saavtk2.image.CylindricalImage.createSurfaceGeometry(Lvtk/vtkPolyData;Ledu/jhuapl/saavtk2/image/projection/Projection;)Lvtk/vtkPolyData;+2
j  edu.jhuapl.saavtk2.image.projection.gui.CylindricalProjectionControlPanel.regenerateProjectionGeometry()V+190
j  edu.jhuapl.saavtk2.image.projection.gui.CylindricalProjectionControlPanel.<init>(Lvtk/vtkPolyData;)V+555
j  edu.jhuapl.saavtk2.image.projection.gui.CylindricalProjectionControlPanel$1.run()V+20
j  java.awt.event.InvocationEvent.dispatch()V+47
j  java.awt.EventQueue.dispatchEventImpl(Ljava/awt/AWTEvent;Ljava/lang/Object;)V+21
j  java.awt.EventQueue.access$500(Ljava/awt/EventQueue;Ljava/awt/AWTEvent;Ljava/lang/Object;)V+3
j  java.awt.EventQueue$3.run()Ljava/lang/Void;+32
j  java.awt.EventQueue$3.run()Ljava/lang/Object;+1
v  ~StubRoutines::call_stub
V  [libjvm.dylib+0x2ee5b6]  JavaCalls::call_helper(JavaValue*, methodHandle*, JavaCallArguments*, Thread*)+0x6ae
V  [libjvm.dylib+0x34ed14]  JVM_DoPrivileged+0x4b8
j  java.security.AccessController.doPrivileged(Ljava/security/PrivilegedAction;Ljava/security/AccessControlContext;)Ljava/lang/Object;+0
j  java.security.ProtectionDomain$JavaSecurityAccessImpl.doIntersectionPrivilege(Ljava/security/PrivilegedAction;Ljava/security/AccessControlContext;Ljava/security/AccessControlContext;)Ljava/lang/Object;+18
j  java.awt.EventQueue.dispatchEvent(Ljava/awt/AWTEvent;)V+46
j  java.awt.EventDispatchThread.pumpOneEventForFilters(I)V+245
j  java.awt.EventDispatchThread.pumpEventsForFilter(ILjava/awt/Conditional;Ljava/awt/EventFilter;)V+35
j  java.awt.EventDispatchThread.pumpEventsForHierarchy(ILjava/awt/Conditional;Ljava/awt/Component;)V+11
j  java.awt.EventDispatchThread.pumpEvents(ILjava/awt/Conditional;)V+4
j  java.awt.EventDispatchThread.pumpEvents(Ljava/awt/Conditional;)V+3
j  java.awt.EventDispatchThread.run()V+9
v  ~StubRoutines::call_stub
V  [libjvm.dylib+0x2ee5b6]  JavaCalls::call_helper(JavaValue*, methodHandle*, JavaCallArguments*, Thread*)+0x6ae
V  [libjvm.dylib+0x2eed5a]  JavaCalls::call_virtual(JavaValue*, KlassHandle, Symbol*, Symbol*, JavaCallArguments*, Thread*)+0x164
V  [libjvm.dylib+0x2eef06]  JavaCalls::call_virtual(JavaValue*, Handle, KlassHandle, Symbol*, Symbol*, Thread*)+0x4a
V  [libjvm.dylib+0x34965d]  thread_entry(JavaThread*, Thread*)+0x7c
V  [libjvm.dylib+0x56b87f]  JavaThread::thread_main_inner()+0x9b
V  [libjvm.dylib+0x56cf6c]  JavaThread::run()+0x1c2
V  [libjvm.dylib+0x48b376]  java_start(Thread*)+0xf6
C  [libsystem_pthread.dylib+0x393b]  _pthread_body+0xb4
C  [libsystem_pthread.dylib+0x3887]  _pthread_body+0x0
C  [libsystem_pthread.dylib+0x308d]  thread_start+0xd
C  0x0000000000000000

Java frames: (J=compiled Java code, j=interpreted, Vv=VM code)
j  vtk.vtkAlgorithm.Update_68()V+0
j  vtk.vtkAlgorithm.Update()V+1
j  edu.jhuapl.saavtk2.polydata.clip.PolyDataClip.apply(Lvtk/vtkPolyData;)Lvtk/vtkPolyData;+12
j  edu.jhuapl.saavtk2.image.projection.CylindricalProjection.clipLongitude(DDLvtk/vtkPolyData;)Lvtk/vtkPolyData;+14
j  edu.jhuapl.saavtk2.image.projection.CylindricalProjection.clipVisibleGeometry(Lvtk/vtkPolyData;)Lvtk/vtkPolyData;+17
j  edu.jhuapl.saavtk2.image.CylindricalImage.createSurfaceGeometry(Lvtk/vtkPolyData;Ledu/jhuapl/saavtk2/image/projection/Projection;)Lvtk/vtkPolyData;+2
j  edu.jhuapl.saavtk2.image.projection.gui.CylindricalProjectionControlPanel.regenerateProjectionGeometry()V+190
j  edu.jhuapl.saavtk2.image.projection.gui.CylindricalProjectionControlPanel.<init>(Lvtk/vtkPolyData;)V+555
j  edu.jhuapl.saavtk2.image.projection.gui.CylindricalProjectionControlPanel$1.run()V+20
j  java.awt.event.InvocationEvent.dispatch()V+47
j  java.awt.EventQueue.dispatchEventImpl(Ljava/awt/AWTEvent;Ljava/lang/Object;)V+21
j  java.awt.EventQueue.access$500(Ljava/awt/EventQueue;Ljava/awt/AWTEvent;Ljava/lang/Object;)V+3
j  java.awt.EventQueue$3.run()Ljava/lang/Void;+32
j  java.awt.EventQueue$3.run()Ljava/lang/Object;+1
v  ~StubRoutines::call_stub
j  java.security.AccessController.doPrivileged(Ljava/security/PrivilegedAction;Ljava/security/AccessControlContext;)Ljava/lang/Object;+0
j  java.security.ProtectionDomain$JavaSecurityAccessImpl.doIntersectionPrivilege(Ljava/security/PrivilegedAction;Ljava/security/AccessControlContext;Ljava/security/AccessControlContext;)Ljava/lang/Object;+18
j  java.awt.EventQueue.dispatchEvent(Ljava/awt/AWTEvent;)V+46
j  java.awt.EventDispatchThread.pumpOneEventForFilters(I)V+245
j  java.awt.EventDispatchThread.pumpEventsForFilter(ILjava/awt/Conditional;Ljava/awt/EventFilter;)V+35
j  java.awt.EventDispatchThread.pumpEventsForHierarchy(ILjava/awt/Conditional;Ljava/awt/Component;)V+11
j  java.awt.EventDispatchThread.pumpEvents(ILjava/awt/Conditional;)V+4
j  java.awt.EventDispatchThread.pumpEvents(Ljava/awt/Conditional;)V+3
j  java.awt.EventDispatchThread.run()V+9
v  ~StubRoutines::call_stub

---------------  P R O C E S S  ---------------

Java Threads: ( => current thread )
  0x00007fd8629a5000 JavaThread "Image Fetcher 0" daemon [_thread_blocked, id=64283, stack(0x000070000777e000,0x000070000787e000)]
  0x00007fd863913000 JavaThread "Java2D Disposer" daemon [_thread_blocked, id=63247, stack(0x000070000767b000,0x000070000777b000)]
  0x00007fd863899000 JavaThread "Java2D Queue Flusher" daemon [_thread_blocked, id=62727, stack(0x0000700007578000,0x0000700007678000)]
  0x00007fd8629ec000 JavaThread "DestroyJavaVM" [_thread_blocked, id=6915, stack(0x0000700005d27000,0x0000700005e27000)]
=>0x00007fd862860000 JavaThread "AWT-EventQueue-0" [_thread_in_native, id=46859, stack(0x0000700007475000,0x0000700007575000)]
  0x00007fd865807000 JavaThread "AWT-Shutdown" [_thread_blocked, id=32031, stack(0x0000700007166000,0x0000700007266000)]
  0x00007fd862980800 JavaThread "AWT-AppKit" daemon [_thread_in_native, id=775, stack(0x00007fff535b0000,0x00007fff53db0000)]
  0x00007fd86288c000 JavaThread "Service Thread" daemon [_thread_blocked, id=20995, stack(0x0000700006edd000,0x0000700006fdd000)]
  0x00007fd864008800 JavaThread "C1 CompilerThread3" daemon [_thread_blocked, id=20483, stack(0x0000700006dda000,0x0000700006eda000)]
  0x00007fd864008000 JavaThread "C2 CompilerThread2" daemon [_thread_blocked, id=19971, stack(0x0000700006cd7000,0x0000700006dd7000)]
  0x00007fd864004000 JavaThread "C2 CompilerThread1" daemon [_thread_blocked, id=19459, stack(0x0000700006bd4000,0x0000700006cd4000)]
  0x00007fd864002800 JavaThread "C2 CompilerThread0" daemon [_thread_blocked, id=18947, stack(0x0000700006ad1000,0x0000700006bd1000)]
  0x00007fd861819000 JavaThread "Signal Dispatcher" daemon [_thread_blocked, id=18435, stack(0x00007000069ce000,0x0000700006ace000)]
  0x00007fd86285d000 JavaThread "Finalizer" daemon [_thread_blocked, id=14339, stack(0x0000700006848000,0x0000700006948000)]
  0x00007fd861818800 JavaThread "Reference Handler" daemon [_thread_blocked, id=13827, stack(0x0000700006745000,0x0000700006845000)]

Other Threads:
  0x00007fd86285a000 VMThread [stack: 0x0000700006642000,0x0000700006742000] [id=13315]
  0x00007fd864005000 WatcherThread [stack: 0x0000700006fe0000,0x00007000070e0000] [id=21507]

VM state:not at safepoint (normal execution)

VM Mutex/Monitor currently owned by a thread: None

Heap:
 PSYoungGen      total 76288K, used 47386K [0x000000076ab00000, 0x0000000770000000, 0x00000007c0000000)
  eden space 65536K, 72% used [0x000000076ab00000,0x000000076d9468c8,0x000000076eb00000)
  from space 10752K, 0% used [0x000000076f580000,0x000000076f580000,0x0000000770000000)
  to   space 10752K, 0% used [0x000000076eb00000,0x000000076eb00000,0x000000076f580000)
 ParOldGen       total 175104K, used 0K [0x00000006c0000000, 0x00000006cab00000, 0x000000076ab00000)
  object space 175104K, 0% used [0x00000006c0000000,0x00000006c0000000,0x00000006cab00000)
 Metaspace       used 17762K, capacity 17999K, committed 18176K, reserved 1064960K
  class space    used 1951K, capacity 2044K, committed 2048K, reserved 1048576K

Card table byte_map: [0x000000011dcae000,0x000000011e4af000] byte_map_base: 0x000000011a6ae000

Marking Bits: (ParMarkBitMap*) 0x000000010e23cea0
 Begin Bits: [0x000000011ea05000, 0x0000000122a05000)
 End Bits:   [0x0000000122a05000, 0x0000000126a05000)

Polling page: 0x000000010bf4c000

CodeCache: size=245760Kb used=4193Kb max_used=4193Kb free=241566Kb
 bounds [0x000000010e8ee000, 0x000000010ed0e000, 0x000000011d8ee000]
 total_blobs=1875 nmethods=1083 adapters=706
 compilation: enabled

Compilation events (10 events):
Event: 3.521 Thread 0x00007fd864008800 nmethod 1080 0x000000010ed038d0 code [0x000000010ed03ac0, 0x000000010ed04408]
Event: 3.521 Thread 0x00007fd864008800 1081       3       sun.reflect.ClassFileAssembler::emitConstantPoolUTF8 (50 bytes)
Event: 3.522 Thread 0x00007fd864002800 nmethod 1082 0x000000010ed01f90 code [0x000000010ed02100, 0x000000010ed02248]
Event: 3.522 Thread 0x00007fd864008800 nmethod 1081 0x000000010ed02b50 code [0x000000010ed02d40, 0x000000010ed033e8]
Event: 3.522 Thread 0x00007fd864008800 1083   !   3       vtk.vtkJavaMemoryManagerImpl::getJavaObject (230 bytes)
Event: 3.523 Thread 0x00007fd864008800 nmethod 1083 0x000000010ed065d0 code [0x000000010ed069a0, 0x000000010ed08fb8]
Event: 3.523 Thread 0x00007fd864008800 1084       3       java.util.concurrent.locks.AbstractQueuedSynchronizer::compareAndSetState (13 bytes)
Event: 3.523 Thread 0x00007fd864008800 nmethod 1084 0x000000010ed02810 code [0x000000010ed02960, 0x000000010ed02ad0]
Event: 3.523 Thread 0x00007fd864008800 1085       3       java.util.concurrent.locks.ReentrantLock$Sync::tryRelease (45 bytes)
Event: 3.523 Thread 0x00007fd864008800 nmethod 1085 0x000000010ed05d50 code [0x000000010ed05ee0, 0x000000010ed06488]

GC Heap History (0 events):
No events

Deoptimization events (10 events):
Event: 0.688 Thread 0x00007fd862860000 Uncommon trap: reason=class_check action=maybe_recompile pc=0x000000010eb23010 method=java.util.HashMap.putVal(ILjava/lang/Object;Ljava/lang/Object;ZZ)Ljava/lang/Object; @ 91
Event: 0.688 Thread 0x00007fd862860000 Uncommon trap: reason=class_check action=maybe_recompile pc=0x000000010eb23010 method=java.util.HashMap.putVal(ILjava/lang/Object;Ljava/lang/Object;ZZ)Ljava/lang/Object; @ 91
Event: 0.688 Thread 0x00007fd862860000 Uncommon trap: reason=class_check action=maybe_recompile pc=0x000000010eb23010 method=java.util.HashMap.putVal(ILjava/lang/Object;Ljava/lang/Object;ZZ)Ljava/lang/Object; @ 91
Event: 0.688 Thread 0x00007fd862860000 Uncommon trap: reason=class_check action=maybe_recompile pc=0x000000010eb23010 method=java.util.HashMap.putVal(ILjava/lang/Object;Ljava/lang/Object;ZZ)Ljava/lang/Object; @ 91
Event: 0.754 Thread 0x00007fd862860000 Uncommon trap: reason=unstable_if action=reinterpret pc=0x000000010eb304ec method=java.util.jar.Manifest$FastInputStream.peek()B @ 8
Event: 0.763 Thread 0x00007fd862860000 Uncommon trap: reason=unstable_if action=reinterpret pc=0x000000010eb2cc70 method=java.lang.StringCoding.decode(Ljava/lang/String;[BII)[C @ 51
Event: 0.800 Thread 0x00007fd862860000 Uncommon trap: reason=unstable_if action=reinterpret pc=0x000000010eb27400 method=java.util.HashMap.putVal(ILjava/lang/Object;Ljava/lang/Object;ZZ)Ljava/lang/Object; @ 181
Event: 2.724 Thread 0x00007fd862860000 Uncommon trap: reason=unstable_if action=reinterpret pc=0x000000010eb7de20 method=java.lang.StringCoding$StringDecoder.decode([BII)[C @ 33
Event: 2.724 Thread 0x00007fd862860000 Uncommon trap: reason=unstable_if action=reinterpret pc=0x000000010eb7c8e8 method=java.lang.StringCoding.safeTrim([CILjava/nio/charset/Charset;Z)[C @ 3
Event: 3.502 Thread 0x00007fd862860000 Uncommon trap: reason=unstable_if action=reinterpret pc=0x000000010eb58710 method=java.lang.ref.SoftReference.get()Ljava/lang/Object; @ 6

Internal exceptions (10 events):
Event: 0.659 Thread 0x00007fd862860000 Exception <a 'java/io/FileNotFoundException'> (0x000000076b4f8048) thrown at [/Users/java_re/workspace/8-2-build-macosx-x86_64/jdk8u131/8869/hotspot/src/share/vm/prims/jni.cpp, line 709]
Event: 0.660 Thread 0x00007fd862860000 Exception <a 'java/io/FileNotFoundException'> (0x000000076b4fabd8) thrown at [/Users/java_re/workspace/8-2-build-macosx-x86_64/jdk8u131/8869/hotspot/src/share/vm/prims/jni.cpp, line 709]
Event: 0.661 Thread 0x00007fd862860000 Exception <a 'java/io/FileNotFoundException'> (0x000000076b4fd720) thrown at [/Users/java_re/workspace/8-2-build-macosx-x86_64/jdk8u131/8869/hotspot/src/share/vm/prims/jni.cpp, line 709]
Event: 0.661 Thread 0x00007fd862860000 Exception <a 'java/io/FileNotFoundException'> (0x000000076b5002b0) thrown at [/Users/java_re/workspace/8-2-build-macosx-x86_64/jdk8u131/8869/hotspot/src/share/vm/prims/jni.cpp, line 709]
Event: 0.662 Thread 0x00007fd862860000 Exception <a 'java/io/FileNotFoundException'> (0x000000076b502df8) thrown at [/Users/java_re/workspace/8-2-build-macosx-x86_64/jdk8u131/8869/hotspot/src/share/vm/prims/jni.cpp, line 709]
Event: 0.663 Thread 0x00007fd862860000 Exception <a 'java/io/FileNotFoundException'> (0x000000076b505988) thrown at [/Users/java_re/workspace/8-2-build-macosx-x86_64/jdk8u131/8869/hotspot/src/share/vm/prims/jni.cpp, line 709]
Event: 0.664 Thread 0x00007fd862860000 Exception <a 'java/io/FileNotFoundException'> (0x000000076b50b390) thrown at [/Users/java_re/workspace/8-2-build-macosx-x86_64/jdk8u131/8869/hotspot/src/share/vm/prims/jni.cpp, line 709]
Event: 0.665 Thread 0x00007fd862860000 Exception <a 'java/io/FileNotFoundException'> (0x000000076b50e148) thrown at [/Users/java_re/workspace/8-2-build-macosx-x86_64/jdk8u131/8869/hotspot/src/share/vm/prims/jni.cpp, line 709]
Event: 0.666 Thread 0x00007fd862860000 Exception <a 'java/io/FileNotFoundException'> (0x000000076b510e48) thrown at [/Users/java_re/workspace/8-2-build-macosx-x86_64/jdk8u131/8869/hotspot/src/share/vm/prims/jni.cpp, line 709]
Event: 0.897 Thread 0x00007fd862860000 Exception <a 'java/lang/UnsatisfiedLinkError': com.jogamp.common.util.JarUtil.fixNativeLibAttribs(Ljava/lang/String;)Z> (0x000000076c822a40) thrown at [/Users/java_re/workspace/8-2-build-macosx-x86_64/jdk8u131/8869/hotspot/src/share/vm/prims/nativeLookup.

Events (10 events):
Event: 3.519 loading class edu/jhuapl/saavtk2/image/projection/ConstantDepthFunction
Event: 3.519 loading class edu/jhuapl/saavtk2/image/projection/ConstantDepthFunction done
Event: 3.522 loading class edu/jhuapl/saavtk2/polydata/clip/PolyDataClip
Event: 3.522 loading class edu/jhuapl/saavtk2/polydata/clip/PolyDataClip done
Event: 3.522 loading class edu/jhuapl/saavtk2/polydata/PolyDataModifier
Event: 3.522 loading class edu/jhuapl/saavtk2/polydata/PolyDataModifier done
Event: 3.522 loading class edu/jhuapl/saavtk2/polydata/PolyDataOperator
Event: 3.522 loading class edu/jhuapl/saavtk2/polydata/PolyDataOperator done
Event: 3.523 loading class vtk/vtkClipPolyData
Event: 3.523 loading class vtk/vtkClipPolyData done


Dynamic libraries:
0x0000000029544000 	/System/Library/Frameworks/Cocoa.framework/Versions/A/Cocoa
0x0000000029544000 	/System/Library/Frameworks/Security.framework/Versions/A/Security
0x0000000029544000 	/System/Library/Frameworks/ApplicationServices.framework/Versions/A/ApplicationServices
0x0000000029544000 	/usr/lib/libz.1.dylib
0x000000010be6a000 	/usr/lib/libSystem.B.dylib
0x0000000029544000 	/usr/lib/libobjc.A.dylib
0x0000000029544000 	/System/Library/Frameworks/CoreFoundation.framework/Versions/A/CoreFoundation
0x0000000029544000 	/System/Library/Frameworks/Foundation.framework/Versions/C/Foundation
0x0000000029544000 	/System/Library/Frameworks/AppKit.framework/Versions/C/AppKit
0x0000000029544000 	/System/Library/Frameworks/CoreData.framework/Versions/A/CoreData
0x0000000029544000 	/System/Library/PrivateFrameworks/RemoteViewServices.framework/Versions/A/RemoteViewServices
0x0000000029544000 	/System/Library/PrivateFrameworks/UIFoundation.framework/Versions/A/UIFoundation
0x0000000029544000 	/System/Library/PrivateFrameworks/DFRFoundation.framework/Versions/A/DFRFoundation
0x0000000029544000 	/usr/lib/libenergytrace.dylib
0x0000000029544000 	/System/Library/PrivateFrameworks/SkyLight.framework/Versions/A/SkyLight
0x0000000029544000 	/System/Library/Frameworks/CoreGraphics.framework/Versions/A/CoreGraphics
0x0000000029544000 	/usr/lib/libScreenReader.dylib
0x0000000029544000 	/System/Library/Frameworks/Accelerate.framework/Versions/A/Accelerate
0x0000000029544000 	/System/Library/Frameworks/IOSurface.framework/Versions/A/IOSurface
0x0000000029544000 	/System/Library/Frameworks/AudioToolbox.framework/Versions/A/AudioToolbox
0x0000000029544000 	/System/Library/Frameworks/AudioUnit.framework/Versions/A/AudioUnit
0x0000000029544000 	/System/Library/PrivateFrameworks/DataDetectorsCore.framework/Versions/A/DataDetectorsCore
0x0000000029544000 	/System/Library/PrivateFrameworks/DesktopServicesPriv.framework/Versions/A/DesktopServicesPriv
0x0000000029544000 	/System/Library/Frameworks/Carbon.framework/Versions/A/Frameworks/HIToolbox.framework/Versions/A/HIToolbox
0x0000000029544000 	/usr/lib/libicucore.A.dylib
0x0000000029544000 	/System/Library/Frameworks/QuartzCore.framework/Versions/A/QuartzCore
0x0000000029544000 	/System/Library/Frameworks/Carbon.framework/Versions/A/Frameworks/SpeechRecognition.framework/Versions/A/SpeechRecognition
0x0000000029544000 	/usr/lib/libauto.dylib
0x0000000029544000 	/usr/lib/libxml2.2.dylib
0x0000000029544000 	/System/Library/PrivateFrameworks/CoreUI.framework/Versions/A/CoreUI
0x0000000029544000 	/System/Library/Frameworks/CoreAudio.framework/Versions/A/CoreAudio
0x0000000029544000 	/System/Library/Frameworks/DiskArbitration.framework/Versions/A/DiskArbitration
0x0000000029544000 	/usr/lib/liblangid.dylib
0x0000000029544000 	/System/Library/PrivateFrameworks/MultitouchSupport.framework/Versions/A/MultitouchSupport
0x000000010be72000 	/System/Library/Frameworks/IOKit.framework/Versions/A/IOKit
0x0000000029544000 	/usr/lib/libDiagnosticMessagesClient.dylib
0x0000000029544000 	/System/Library/Frameworks/CoreServices.framework/Versions/A/CoreServices
0x0000000029544000 	/System/Library/PrivateFrameworks/PerformanceAnalysis.framework/Versions/A/PerformanceAnalysis
0x0000000029544000 	/System/Library/PrivateFrameworks/GenerationalStorage.framework/Versions/A/GenerationalStorage
0x0000000029544000 	/System/Library/Frameworks/OpenGL.framework/Versions/A/OpenGL
0x0000000029544000 	/System/Library/Frameworks/CoreImage.framework/Versions/A/CoreImage
0x0000000029544000 	/System/Library/Frameworks/CoreText.framework/Versions/A/CoreText
0x0000000029544000 	/System/Library/Frameworks/ImageIO.framework/Versions/A/ImageIO
0x0000000029544000 	/System/Library/PrivateFrameworks/Backup.framework/Versions/A/Backup
0x0000000029544000 	/usr/lib/libarchive.2.dylib
0x000000010bf4d000 	/System/Library/Frameworks/CFNetwork.framework/Versions/A/CFNetwork
0x0000000029544000 	/System/Library/Frameworks/SystemConfiguration.framework/Versions/A/SystemConfiguration
0x0000000029544000 	/usr/lib/libCRFSuite.dylib
0x0000000029544000 	/usr/lib/libc++.1.dylib
0x0000000029544000 	/usr/lib/libc++abi.dylib
0x0000000029544000 	/usr/lib/system/libcache.dylib
0x0000000029544000 	/usr/lib/system/libcommonCrypto.dylib
0x0000000029544000 	/usr/lib/system/libcompiler_rt.dylib
0x0000000029544000 	/usr/lib/system/libcopyfile.dylib
0x0000000029544000 	/usr/lib/system/libcorecrypto.dylib
0x0000000029544000 	/usr/lib/system/libdispatch.dylib
0x000000010c64e000 	/usr/lib/system/libdyld.dylib
0x0000000029544000 	/usr/lib/system/libkeymgr.dylib
0x0000000029544000 	/usr/lib/system/liblaunch.dylib
0x0000000029544000 	/usr/lib/system/libmacho.dylib
0x0000000029544000 	/usr/lib/system/libquarantine.dylib
0x0000000029544000 	/usr/lib/system/libremovefile.dylib
0x0000000029544000 	/usr/lib/system/libsystem_asl.dylib
0x0000000029544000 	/usr/lib/system/libsystem_blocks.dylib
0x0000000029544000 	/usr/lib/system/libsystem_c.dylib
0x0000000029544000 	/usr/lib/system/libsystem_configuration.dylib
0x0000000029544000 	/usr/lib/system/libsystem_coreservices.dylib
0x0000000029544000 	/usr/lib/system/libsystem_coretls.dylib
0x0000000029544000 	/usr/lib/system/libsystem_dnssd.dylib
0x0000000029544000 	/usr/lib/system/libsystem_info.dylib
0x000000010c65c000 	/usr/lib/system/libsystem_kernel.dylib
0x0000000029544000 	/usr/lib/system/libsystem_m.dylib
0x0000000029544000 	/usr/lib/system/libsystem_malloc.dylib
0x0000000029544000 	/usr/lib/system/libsystem_network.dylib
0x0000000029544000 	/usr/lib/system/libsystem_networkextension.dylib
0x0000000029544000 	/usr/lib/system/libsystem_notify.dylib
0x0000000029544000 	/usr/lib/system/libsystem_platform.dylib
0x0000000029544000 	/usr/lib/system/libsystem_pthread.dylib
0x000000010c697000 	/usr/lib/system/libsystem_sandbox.dylib
0x0000000029544000 	/usr/lib/system/libsystem_secinit.dylib
0x0000000029544000 	/usr/lib/system/libsystem_symptoms.dylib
0x0000000029544000 	/usr/lib/system/libsystem_trace.dylib
0x0000000029544000 	/usr/lib/system/libunwind.dylib
0x0000000029544000 	/usr/lib/system/libxpc.dylib
0x0000000029544000 	/usr/lib/libbsm.0.dylib
0x000000010c6a5000 	/usr/lib/system/libkxld.dylib
0x0000000029544000 	/usr/lib/libcoretls.dylib
0x0000000029544000 	/usr/lib/libcoretls_cfhelpers.dylib
0x0000000029544000 	/usr/lib/libOpenScriptingUtil.dylib
0x0000000029544000 	/usr/lib/libpam.2.dylib
0x0000000029544000 	/usr/lib/libsqlite3.dylib
0x0000000029544000 	/usr/lib/libxar.1.dylib
0x0000000029544000 	/usr/lib/libbz2.1.0.dylib
0x0000000029544000 	/usr/lib/liblzma.5.dylib
0x0000000029544000 	/usr/lib/libnetwork.dylib
0x0000000029544000 	/usr/lib/libpcap.A.dylib
0x0000000029544000 	/System/Library/Frameworks/CoreServices.framework/Versions/A/Frameworks/FSEvents.framework/Versions/A/FSEvents
0x0000000029544000 	/System/Library/Frameworks/CoreServices.framework/Versions/A/Frameworks/CarbonCore.framework/Versions/A/CarbonCore
0x0000000029544000 	/System/Library/Frameworks/CoreServices.framework/Versions/A/Frameworks/Metadata.framework/Versions/A/Metadata
0x0000000029544000 	/System/Library/Frameworks/CoreServices.framework/Versions/A/Frameworks/OSServices.framework/Versions/A/OSServices
0x0000000029544000 	/System/Library/Frameworks/CoreServices.framework/Versions/A/Frameworks/SearchKit.framework/Versions/A/SearchKit
0x0000000029544000 	/System/Library/Frameworks/CoreServices.framework/Versions/A/Frameworks/AE.framework/Versions/A/AE
0x0000000029544000 	/System/Library/Frameworks/CoreServices.framework/Versions/A/Frameworks/LaunchServices.framework/Versions/A/LaunchServices
0x0000000029544000 	/System/Library/Frameworks/CoreServices.framework/Versions/A/Frameworks/DictionaryServices.framework/Versions/A/DictionaryServices
0x0000000029544000 	/System/Library/Frameworks/CoreServices.framework/Versions/A/Frameworks/SharedFileList.framework/Versions/A/SharedFileList
0x0000000029544000 	/System/Library/Frameworks/NetFS.framework/Versions/A/NetFS
0x0000000029544000 	/System/Library/PrivateFrameworks/NetAuth.framework/Versions/A/NetAuth
0x0000000029544000 	/System/Library/PrivateFrameworks/login.framework/Versions/A/Frameworks/loginsupport.framework/Versions/A/loginsupport
0x0000000029544000 	/System/Library/PrivateFrameworks/TCC.framework/Versions/A/TCC
0x0000000029544000 	/usr/lib/libmecabra.dylib
0x0000000029544000 	/System/Library/Frameworks/ApplicationServices.framework/Versions/A/Frameworks/ATS.framework/Versions/A/ATS
0x0000000029544000 	/System/Library/Frameworks/ApplicationServices.framework/Versions/A/Frameworks/ColorSync.framework/Versions/A/ColorSync
0x0000000029544000 	/System/Library/Frameworks/ApplicationServices.framework/Versions/A/Frameworks/HIServices.framework/Versions/A/HIServices
0x0000000029544000 	/System/Library/Frameworks/ApplicationServices.framework/Versions/A/Frameworks/LangAnalysis.framework/Versions/A/LangAnalysis
0x0000000029544000 	/System/Library/Frameworks/ApplicationServices.framework/Versions/A/Frameworks/PrintCore.framework/Versions/A/PrintCore
0x0000000029544000 	/System/Library/Frameworks/ApplicationServices.framework/Versions/A/Frameworks/QD.framework/Versions/A/QD
0x0000000029544000 	/System/Library/Frameworks/ApplicationServices.framework/Versions/A/Frameworks/SpeechSynthesis.framework/Versions/A/SpeechSynthesis
0x0000000029544000 	/System/Library/Frameworks/Accelerate.framework/Versions/A/Frameworks/vImage.framework/Versions/A/vImage
0x0000000029544000 	/System/Library/Frameworks/Accelerate.framework/Versions/A/Frameworks/vecLib.framework/Versions/A/vecLib
0x0000000029544000 	/System/Library/Frameworks/Accelerate.framework/Versions/A/Frameworks/vecLib.framework/Versions/A/libvDSP.dylib
0x0000000029544000 	/System/Library/Frameworks/Accelerate.framework/Versions/A/Frameworks/vecLib.framework/Versions/A/libBNNS.dylib
0x0000000029544000 	/System/Library/Frameworks/Accelerate.framework/Versions/A/Frameworks/vecLib.framework/Versions/A/libQuadrature.dylib
0x0000000029544000 	/System/Library/Frameworks/Accelerate.framework/Versions/A/Frameworks/vecLib.framework/Versions/A/libvMisc.dylib
0x0000000029544000 	/System/Library/Frameworks/Accelerate.framework/Versions/A/Frameworks/vecLib.framework/Versions/A/libLAPACK.dylib
0x0000000029544000 	/System/Library/Frameworks/Accelerate.framework/Versions/A/Frameworks/vecLib.framework/Versions/A/libBLAS.dylib
0x0000000029544000 	/System/Library/Frameworks/Accelerate.framework/Versions/A/Frameworks/vecLib.framework/Versions/A/libLinearAlgebra.dylib
0x0000000029544000 	/System/Library/Frameworks/Accelerate.framework/Versions/A/Frameworks/vecLib.framework/Versions/A/libSparseBLAS.dylib
0x0000000029544000 	/System/Library/Frameworks/ApplicationServices.framework/Versions/A/Frameworks/ATS.framework/Versions/A/Resources/libFontParser.dylib
0x0000000029544000 	/System/Library/Frameworks/ApplicationServices.framework/Versions/A/Frameworks/ATS.framework/Versions/A/Resources/libFontRegistry.dylib
0x0000000029544000 	/System/Library/Frameworks/ImageIO.framework/Versions/A/Resources/libJPEG.dylib
0x0000000029544000 	/System/Library/Frameworks/ImageIO.framework/Versions/A/Resources/libTIFF.dylib
0x0000000029544000 	/System/Library/Frameworks/ImageIO.framework/Versions/A/Resources/libPng.dylib
0x0000000029544000 	/System/Library/Frameworks/ImageIO.framework/Versions/A/Resources/libGIF.dylib
0x0000000029544000 	/System/Library/Frameworks/ImageIO.framework/Versions/A/Resources/libJP2.dylib
0x0000000029544000 	/System/Library/Frameworks/ImageIO.framework/Versions/A/Resources/libRadiance.dylib
0x0000000029544000 	/usr/lib/libcompression.dylib
0x0000000029544000 	/System/Library/PrivateFrameworks/AppleJPEG.framework/Versions/A/AppleJPEG
0x0000000029544000 	/usr/lib/libcups.2.dylib
0x0000000029544000 	/System/Library/Frameworks/Kerberos.framework/Versions/A/Kerberos
0x0000000029544000 	/System/Library/Frameworks/GSS.framework/Versions/A/GSS
0x0000000029544000 	/usr/lib/libresolv.9.dylib
0x0000000029544000 	/usr/lib/libiconv.2.dylib
0x0000000029544000 	/System/Library/PrivateFrameworks/Heimdal.framework/Versions/A/Heimdal
0x0000000029544000 	/usr/lib/libheimdal-asn1.dylib
0x0000000029544000 	/System/Library/Frameworks/OpenDirectory.framework/Versions/A/OpenDirectory
0x0000000029544000 	/System/Library/PrivateFrameworks/CommonAuth.framework/Versions/A/CommonAuth
0x0000000029544000 	/System/Library/Frameworks/OpenDirectory.framework/Versions/A/Frameworks/CFOpenDirectory.framework/Versions/A/CFOpenDirectory
0x0000000029544000 	/System/Library/Frameworks/SecurityFoundation.framework/Versions/A/SecurityFoundation
0x0000000029544000 	/System/Library/PrivateFrameworks/LanguageModeling.framework/Versions/A/LanguageModeling
0x0000000029544000 	/usr/lib/libmarisa.dylib
0x0000000029544000 	/usr/lib/libChineseTokenizer.dylib
0x0000000029544000 	/usr/lib/libcmph.dylib
0x0000000029544000 	/System/Library/PrivateFrameworks/CoreEmoji.framework/Versions/A/CoreEmoji
0x0000000029544000 	/System/Library/Frameworks/ServiceManagement.framework/Versions/A/ServiceManagement
0x0000000029544000 	/usr/lib/libxslt.1.dylib
0x0000000029544000 	/System/Library/Frameworks/Carbon.framework/Versions/A/Frameworks/Ink.framework/Versions/A/Ink
0x0000000029544000 	/System/Library/PrivateFrameworks/TextureIO.framework/Versions/A/TextureIO
0x0000000029544000 	/System/Library/Frameworks/Metal.framework/Versions/A/Metal
0x0000000029544000 	/usr/lib/libate.dylib
0x0000000029544000 	/System/Library/PrivateFrameworks/GPUCompiler.framework/libmetal_timestamp.dylib
0x0000000029544000 	/System/Library/Frameworks/OpenGL.framework/Versions/A/Libraries/libCoreFSCache.dylib
0x0000000029544000 	/System/Library/PrivateFrameworks/IOAccelerator.framework/Versions/A/IOAccelerator
0x0000000029544000 	/System/Library/Frameworks/CoreVideo.framework/Versions/A/CoreVideo
0x0000000029544000 	/usr/lib/libFosl_dynamic.dylib
0x0000000029544000 	/System/Library/PrivateFrameworks/MetalPerformanceShaders.framework/Versions/A/MetalPerformanceShaders
0x0000000029544000 	/System/Library/PrivateFrameworks/FaceCore.framework/Versions/A/FaceCore
0x0000000029544000 	/System/Library/Frameworks/OpenCL.framework/Versions/A/OpenCL
0x0000000029544000 	/System/Library/Frameworks/OpenGL.framework/Versions/A/Libraries/libGLU.dylib
0x0000000029544000 	/System/Library/Frameworks/OpenGL.framework/Versions/A/Libraries/libGFXShared.dylib
0x0000000029544000 	/System/Library/Frameworks/OpenGL.framework/Versions/A/Libraries/libGL.dylib
0x0000000029544000 	/System/Library/Frameworks/OpenGL.framework/Versions/A/Libraries/libGLImage.dylib
0x0000000029544000 	/System/Library/Frameworks/OpenGL.framework/Versions/A/Libraries/libCVMSPluginSupport.dylib
0x0000000029544000 	/System/Library/Frameworks/OpenGL.framework/Versions/A/Libraries/libCoreVMClient.dylib
0x0000000029544000 	/System/Library/PrivateFrameworks/CrashReporterSupport.framework/Versions/A/CrashReporterSupport
0x0000000029544000 	/System/Library/PrivateFrameworks/Sharing.framework/Versions/A/Sharing
0x0000000029544000 	/System/Library/PrivateFrameworks/IconServices.framework/Versions/A/IconServices
0x0000000029544000 	/System/Library/PrivateFrameworks/ProtocolBuffer.framework/Versions/A/ProtocolBuffer
0x0000000029544000 	/System/Library/PrivateFrameworks/Apple80211.framework/Versions/A/Apple80211
0x0000000029544000 	/System/Library/Frameworks/CoreWLAN.framework/Versions/A/CoreWLAN
0x0000000029544000 	/System/Library/PrivateFrameworks/CoreUtils.framework/Versions/A/CoreUtils
0x0000000029544000 	/System/Library/Frameworks/IOBluetooth.framework/Versions/A/IOBluetooth
0x0000000029544000 	/System/Library/PrivateFrameworks/CoreWiFi.framework/Versions/A/CoreWiFi
0x0000000029544000 	/System/Library/Frameworks/CoreBluetooth.framework/Versions/A/CoreBluetooth
0x0000000029544000 	/System/Library/Frameworks/CoreDisplay.framework/Versions/A/CoreDisplay
0x0000000029544000 	/System/Library/PrivateFrameworks/IOPresentment.framework/Versions/A/IOPresentment
0x0000000029544000 	/System/Library/PrivateFrameworks/DSExternalDisplay.framework/Versions/A/DSExternalDisplay
0x0000000029544000 	/System/Library/PrivateFrameworks/DebugSymbols.framework/Versions/A/DebugSymbols
0x0000000029544000 	/System/Library/PrivateFrameworks/CoreSymbolication.framework/Versions/A/CoreSymbolication
0x0000000029544000 	/System/Library/PrivateFrameworks/Symbolication.framework/Versions/A/Symbolication
0x0000000029544000 	/System/Library/PrivateFrameworks/AppleFSCompression.framework/Versions/A/AppleFSCompression
0x0000000029544000 	/System/Library/PrivateFrameworks/SpeechRecognitionCore.framework/Versions/A/SpeechRecognitionCore
0x0000000029544000 	/System/Library/PrivateFrameworks/ChunkingLibrary.framework/Versions/A/ChunkingLibrary
0x000000010d94b000 	/Library/Java/JavaVirtualMachines/jdk1.8.0_131.jdk/Contents/Home/jre/lib/server/libjvm.dylib
0x0000000029544000 	/usr/lib/libstdc++.6.dylib
0x000000010c713000 	/Library/Java/JavaVirtualMachines/jdk1.8.0_131.jdk/Contents/Home/jre/lib/libverify.dylib
0x000000010c721000 	/Library/Java/JavaVirtualMachines/jdk1.8.0_131.jdk/Contents/Home/jre/lib/libjava.dylib
0x000000010c75e000 	/Library/Java/JavaVirtualMachines/jdk1.8.0_131.jdk/Contents/Home/jre/lib/libzip.dylib
0x0000000129860000 	/System/Library/Frameworks/JavaVM.framework/Frameworks/JavaRuntimeSupport.framework/JavaRuntimeSupport
0x000000012987a000 	/System/Library/Frameworks/JavaVM.framework/Versions/A/Frameworks/JavaNativeFoundation.framework/Versions/A/JavaNativeFoundation
0x000000010d8ac000 	/System/Library/Frameworks/JavaVM.framework/Versions/A/JavaVM
0x0000000029544000 	/System/Library/Frameworks/Carbon.framework/Versions/A/Carbon
0x000000012988f000 	/System/Library/PrivateFrameworks/JavaLaunching.framework/Versions/A/JavaLaunching
0x0000000029544000 	/System/Library/Frameworks/Carbon.framework/Versions/A/Frameworks/CommonPanels.framework/Versions/A/CommonPanels
0x0000000029544000 	/System/Library/Frameworks/Carbon.framework/Versions/A/Frameworks/Help.framework/Versions/A/Help
0x0000000029544000 	/System/Library/Frameworks/Carbon.framework/Versions/A/Frameworks/ImageCapture.framework/Versions/A/ImageCapture
0x0000000029544000 	/System/Library/Frameworks/Carbon.framework/Versions/A/Frameworks/OpenScripting.framework/Versions/A/OpenScripting
0x0000000029544000 	/System/Library/Frameworks/Carbon.framework/Versions/A/Frameworks/Print.framework/Versions/A/Print
0x0000000029544000 	/System/Library/Frameworks/Carbon.framework/Versions/A/Frameworks/SecurityHI.framework/Versions/A/SecurityHI
0x000000012b328000 	/Library/Java/JavaVirtualMachines/jdk1.8.0_131.jdk/Contents/Home/jre/lib/libawt.dylib
0x000000012b3d0000 	/Library/Java/JavaVirtualMachines/jdk1.8.0_131.jdk/Contents/Home/jre/lib/./libmlib_image.dylib
0x000000012b49c000 	/Library/Java/JavaVirtualMachines/jdk1.8.0_131.jdk/Contents/Home/jre/lib/libawt_lwawt.dylib
0x000000012b553000 	/Library/Java/JavaVirtualMachines/jdk1.8.0_131.jdk/Contents/Home/jre/lib/./libosxapp.dylib
0x0000000029544000 	/System/Library/Frameworks/ExceptionHandling.framework/Versions/A/ExceptionHandling
0x0000000029544000 	/System/Library/PrivateFrameworks/CoreServicesInternal.framework/Versions/A/CoreServicesInternal
0x0000000029544000 	/System/Library/CoreServices/RawCamera.bundle/Contents/MacOS/RawCamera
0x0000000029544000 	/System/Library/Frameworks/Accelerate.framework/Versions/A/Frameworks/vImage.framework/Versions/A/Libraries/libCGInterfaces.dylib
0x0000000029544000 	/System/Library/PrivateFrameworks/FamilyControls.framework/Versions/A/FamilyControls
0x0000000029544000 	/System/Library/PrivateFrameworks/CommerceKit.framework/Versions/A/Frameworks/CommerceCore.framework/Versions/A/CommerceCore
0x0000000029544000 	/System/Library/PrivateFrameworks/SystemAdministration.framework/Versions/A/SystemAdministration
0x0000000029544000 	/System/Library/PrivateFrameworks/AppContainer.framework/Versions/A/AppContainer
0x0000000029544000 	/System/Library/PrivateFrameworks/SecCodeWrapper.framework/Versions/A/SecCodeWrapper
0x0000000029544000 	/System/Library/Frameworks/DirectoryService.framework/Versions/A/DirectoryService
0x0000000029544000 	/System/Library/PrivateFrameworks/DiskImages.framework/Versions/A/DiskImages
0x0000000029544000 	/System/Library/PrivateFrameworks/LoginUIKit.framework/Versions/A/Frameworks/LoginUICore.framework/Versions/A/LoginUICore
0x0000000029544000 	/usr/lib/libCoreStorage.dylib
0x0000000029544000 	/usr/lib/libcsfde.dylib
0x0000000029544000 	/usr/lib/libodfde.dylib
0x0000000029544000 	/System/Library/Frameworks/DiscRecording.framework/Versions/A/DiscRecording
0x0000000029544000 	/usr/lib/libcurl.4.dylib
0x0000000029544000 	/System/Library/PrivateFrameworks/MediaKit.framework/Versions/A/MediaKit
0x0000000029544000 	/System/Library/PrivateFrameworks/ProtectedCloudStorage.framework/Versions/A/ProtectedCloudStorage
0x0000000029544000 	/System/Library/PrivateFrameworks/EFILogin.framework/Versions/A/EFILogin
0x0000000029544000 	/usr/lib/libutil.dylib
0x0000000029544000 	/System/Library/Frameworks/LDAP.framework/Versions/A/LDAP
0x0000000029544000 	/usr/lib/libsasl2.2.dylib
0x0000000029544000 	/System/Library/PrivateFrameworks/CoreDaemon.framework/Versions/B/CoreDaemon
0x0000000029544000 	/System/Library/PrivateFrameworks/AppleSRP.framework/Versions/A/AppleSRP
0x0000000029544000 	/System/Library/PrivateFrameworks/APFS.framework/Versions/A/APFS
0x000000012dcba000 	/Users/zimmemi1/sbmt/workspace/saavtk/lib/vtk6.3/mac64/libvtkChartsCoreJava.jnilib
0x000000012dcf6000 	/Users/zimmemi1/sbmt/workspace/saavtk/lib/vtk6.3/mac64/libvtkChartsCore-6.3.jnilib
0x000000012de02000 	/Users/zimmemi1/sbmt/workspace/saavtk/lib/vtk6.3/mac64/libvtkRenderingContext2DJava.jnilib
0x000000012de1d000 	/Users/zimmemi1/sbmt/workspace/saavtk/lib/vtk6.3/mac64/libvtkRenderingContext2D-6.3.jnilib
0x000000012de4d000 	/Users/zimmemi1/sbmt/workspace/saavtk/lib/vtk6.3/mac64/libvtkRenderingCoreJava.jnilib
0x000000012defd000 	/Users/zimmemi1/sbmt/workspace/saavtk/lib/vtk6.3/mac64/libvtkRenderingCore-6.3.jnilib
0x000000012c53f000 	/Users/zimmemi1/sbmt/workspace/saavtk/lib/vtk6.3/mac64/libvtkCommonColorJava.jnilib
0x000000012e08e000 	/Users/zimmemi1/sbmt/workspace/saavtk/lib/vtk6.3/mac64/libvtkCommonColor-6.3.jnilib
0x000000012e0a9000 	/Users/zimmemi1/sbmt/workspace/saavtk/lib/vtk6.3/mac64/libvtkCommonExecutionModelJava.jnilib
0x000000012e0e1000 	/Users/zimmemi1/sbmt/workspace/saavtk/lib/vtk6.3/mac64/libvtkCommonExecutionModel-6.3.jnilib
0x000000012e177000 	/Users/zimmemi1/sbmt/workspace/saavtk/lib/vtk6.3/mac64/libvtkCommonDataModelJava.jnilib
0x000000012e271000 	/Users/zimmemi1/sbmt/workspace/saavtk/lib/vtk6.3/mac64/libvtkCommonDataModel-6.3.jnilib
0x000000012e57c000 	/Users/zimmemi1/sbmt/workspace/saavtk/lib/vtk6.3/mac64/libvtkCommonMiscJava.jnilib
0x000000012e585000 	/Users/zimmemi1/sbmt/workspace/saavtk/lib/vtk6.3/mac64/libvtkCommonMisc-6.3.jnilib
0x000000012e59a000 	/Users/zimmemi1/sbmt/workspace/saavtk/lib/vtk6.3/mac64/libvtkCommonSystemJava.jnilib
0x000000012e5a4000 	/Users/zimmemi1/sbmt/workspace/saavtk/lib/vtk6.3/mac64/libvtkCommonSystem-6.3.jnilib
0x000000012e5b9000 	/Users/zimmemi1/sbmt/workspace/saavtk/lib/vtk6.3/mac64/libvtkCommonTransformsJava.jnilib
0x000000012e5d2000 	/Users/zimmemi1/sbmt/workspace/saavtk/lib/vtk6.3/mac64/libvtkCommonTransforms-6.3.jnilib
0x000000012e5ff000 	/Users/zimmemi1/sbmt/workspace/saavtk/lib/vtk6.3/mac64/libvtkCommonMathJava.jnilib
0x000000012e60f000 	/Users/zimmemi1/sbmt/workspace/saavtk/lib/vtk6.3/mac64/libvtkCommonCoreJava.jnilib
0x000000012e677000 	/Users/zimmemi1/sbmt/workspace/saavtk/lib/vtk6.3/mac64/libvtkWrappingJava.jnilib
0x000000012e67f000 	/Users/zimmemi1/sbmt/workspace/saavtk/lib/vtk6.3/mac64/libvtkCommonMath-6.3.jnilib
0x000000012e69f000 	/Users/zimmemi1/sbmt/workspace/saavtk/lib/vtk6.3/mac64/libvtkCommonCore-6.3.jnilib
0x000000012eabf000 	/Users/zimmemi1/sbmt/workspace/saavtk/lib/vtk6.3/mac64/libvtkInfovisCore-6.3.jnilib
0x000000012eb85000 	/Users/zimmemi1/sbmt/workspace/saavtk/lib/vtk6.3/mac64/libvtkFiltersExtraction-6.3.jnilib
0x000000012ec4b000 	/Users/zimmemi1/sbmt/workspace/saavtk/lib/vtk6.3/mac64/libvtkFiltersStatistics-6.3.jnilib
0x000000012ecb7000 	/Users/zimmemi1/sbmt/workspace/saavtk/lib/vtk6.3/mac64/libvtkImagingFourier-6.3.jnilib
0x000000012ecda000 	/Users/zimmemi1/sbmt/workspace/saavtk/lib/vtk6.3/mac64/libvtkImagingCore-6.3.jnilib
0x000000012eeb8000 	/Users/zimmemi1/sbmt/workspace/saavtk/lib/vtk6.3/mac64/libvtkalglib-6.3.jnilib
0x000000012eede000 	/Users/zimmemi1/sbmt/workspace/saavtk/lib/vtk6.3/mac64/libvtkFiltersGeneral-6.3.jnilib
0x000000012f1ac000 	/Users/zimmemi1/sbmt/workspace/saavtk/lib/vtk6.3/mac64/libvtkFiltersCore-6.3.jnilib
0x000000012f633000 	/Users/zimmemi1/sbmt/workspace/saavtk/lib/vtk6.3/mac64/libvtkCommonComputationalGeometry-6.3.jnilib
0x000000012f65a000 	/Users/zimmemi1/sbmt/workspace/saavtk/lib/vtk6.3/mac64/libvtkRenderingFreeType-6.3.jnilib
0x000000012f70d000 	/Users/zimmemi1/sbmt/workspace/saavtk/lib/vtk6.3/mac64/libvtkftgl-6.3.jnilib
0x000000012f71b000 	/Users/zimmemi1/sbmt/workspace/saavtk/lib/vtk6.3/mac64/libvtkfreetype-6.3.jnilib
0x000000012f7a7000 	/Users/zimmemi1/sbmt/workspace/saavtk/lib/vtk6.3/mac64/libvtkzlib-6.3.jnilib
0x000000012f7bd000 	/Users/zimmemi1/sbmt/workspace/saavtk/lib/vtk6.3/mac64/libvtkFiltersSources-6.3.jnilib
0x000000012f83d000 	/Users/zimmemi1/sbmt/workspace/saavtk/lib/vtk6.3/mac64/libvtkFiltersGeometry-6.3.jnilib
0x000000012f8a2000 	/Users/zimmemi1/sbmt/workspace/saavtk/lib/vtk6.3/mac64/libvtksys-6.3.dylib
0x0000000029544000 	/System/Library/Frameworks/ApplicationServices.framework/Versions/A/Frameworks/ATS.framework/Versions/A/Resources/libTrueTypeScaler.dylib
0x000000012fa95000 	/Users/zimmemi1/sbmt/workspace/saavtk/lib/vtk6.3/mac64/libvtkCommonComputationalGeometryJava.jnilib
0x000000012ffdb000 	/Users/zimmemi1/sbmt/workspace/saavtk/lib/vtk6.3/mac64/libvtkDomainsChemistryJava.jnilib
0x000000012ffec000 	/Users/zimmemi1/sbmt/workspace/saavtk/lib/vtk6.3/mac64/libvtkDomainsChemistry-6.3.jnilib
0x0000000130022000 	/Users/zimmemi1/sbmt/workspace/saavtk/lib/vtk6.3/mac64/libvtkIOXML-6.3.jnilib
0x00000001300d3000 	/Users/zimmemi1/sbmt/workspace/saavtk/lib/vtk6.3/mac64/libvtkIOGeometry-6.3.jnilib
0x00000001301cf000 	/Users/zimmemi1/sbmt/workspace/saavtk/lib/vtk6.3/mac64/libvtkIOXMLParser-6.3.jnilib
0x00000001301e8000 	/Users/zimmemi1/sbmt/workspace/saavtk/lib/vtk6.3/mac64/libvtkIOCore-6.3.jnilib
0x000000013025a000 	/Users/zimmemi1/sbmt/workspace/saavtk/lib/vtk6.3/mac64/libvtkexpat-6.3.jnilib
0x00000001306b3000 	/Users/zimmemi1/sbmt/workspace/saavtk/lib/vtk6.3/mac64/libvtkFiltersAMRJava.jnilib
0x00000001306c5000 	/Users/zimmemi1/sbmt/workspace/saavtk/lib/vtk6.3/mac64/libvtkFiltersAMR-6.3.jnilib
0x00000001306ee000 	/Users/zimmemi1/sbmt/workspace/saavtk/lib/vtk6.3/mac64/libvtkFiltersGeneralJava.jnilib
0x0000000130749000 	/Users/zimmemi1/sbmt/workspace/saavtk/lib/vtk6.3/mac64/libvtkParallelCoreJava.jnilib
0x000000013075e000 	/Users/zimmemi1/sbmt/workspace/saavtk/lib/vtk6.3/mac64/libvtkFiltersCoreJava.jnilib
0x00000001307c6000 	/Users/zimmemi1/sbmt/workspace/saavtk/lib/vtk6.3/mac64/libvtkParallelCore-6.3.jnilib
0x000000013081e000 	/Users/zimmemi1/sbmt/workspace/saavtk/lib/vtk6.3/mac64/libvtkIOLegacyJava.jnilib
0x0000000130839000 	/Users/zimmemi1/sbmt/workspace/saavtk/lib/vtk6.3/mac64/libvtkIOLegacy-6.3.jnilib
0x00000001308b5000 	/Users/zimmemi1/sbmt/workspace/saavtk/lib/vtk6.3/mac64/libvtkIOCoreJava.jnilib
0x00000001308ca000 	/System/Library/Frameworks/OpenGL.framework/Resources/GLEngine.bundle/GLEngine
0x0000000029544000 	/System/Library/Frameworks/OpenGL.framework/Versions/A/Libraries/libGLProgrammability.dylib
0x0000000130aaf000 	/Users/zimmemi1/sbmt/workspace/saavtk/lib/vtk6.3/mac64/libvtkFiltersExtractionJava.jnilib
0x0000000130ace000 	/Users/zimmemi1/sbmt/workspace/saavtk/lib/vtk6.3/mac64/libvtkFiltersStatisticsJava.jnilib
0x0000000130ae3000 	/Users/zimmemi1/sbmt/workspace/saavtk/lib/vtk6.3/mac64/libvtkImagingFourierJava.jnilib
0x0000000130af0000 	/Users/zimmemi1/sbmt/workspace/saavtk/lib/vtk6.3/mac64/libvtkImagingCoreJava.jnilib
0x0000000130b20000 	/System/Library/Extensions/AppleIntelSKLGraphicsGLDriver.bundle/Contents/MacOS/AppleIntelSKLGraphicsGLDriver
0x0000000029544000 	/System/Library/PrivateFrameworks/GPUSupport.framework/Versions/A/Libraries/libGPUSupportMercury.dylib
0x00000001318a4000 	/Users/zimmemi1/sbmt/workspace/saavtk/lib/vtk6.3/mac64/libvtkFiltersFlowPathsJava.jnilib
0x00000001318c1000 	/Users/zimmemi1/sbmt/workspace/saavtk/lib/vtk6.3/mac64/libvtkFiltersFlowPaths-6.3.jnilib
0x000000013191c000 	/Users/zimmemi1/sbmt/workspace/saavtk/lib/vtk6.3/mac64/libvtkFiltersSourcesJava.jnilib
0x0000000131951000 	/Users/zimmemi1/sbmt/workspace/saavtk/lib/vtk6.3/mac64/libvtkFiltersGenericJava.jnilib
0x000000013196c000 	/Users/zimmemi1/sbmt/workspace/saavtk/lib/vtk6.3/mac64/libvtkFiltersGeneric-6.3.jnilib
0x000000013199b000 	/System/Library/Extensions/AMDRadeonX4000GLDriver.bundle/Contents/MacOS/AMDRadeonX4000GLDriver
0x0000000131a7b000 	/System/Library/Extensions/AMDRadeonX4000GLDriver.bundle/Contents/MacOS/ATIRadeonX4000SCLib.dylib
0x0000000132058000 	/Users/zimmemi1/sbmt/workspace/saavtk/lib/vtk6.3/mac64/libvtkFiltersGeometryJava.jnilib
0x0000000132073000 	/System/Library/Frameworks/OpenGL.framework/Resources//GLRendererFloat.bundle/GLRendererFloat
0x0000000029544000 	/System/Library/Frameworks/OpenCL.framework/Versions/A/Libraries/libcldcpuengine.dylib
0x0000000029544000 	/usr/lib/libcrypto.0.9.8.dylib
0x0000000029544000 	/System/Library/PrivateFrameworks/TrustEvaluationAgent.framework/Versions/A/TrustEvaluationAgent
0x00000001320a7000 	/Users/zimmemi1/sbmt/workspace/saavtk/lib/vtk6.3/mac64/libvtkFiltersHybridJava.jnilib
0x00000001320cc000 	/Users/zimmemi1/sbmt/workspace/saavtk/lib/vtk6.3/mac64/libvtkFiltersHybrid-6.3.jnilib
0x000000013217c000 	/Users/zimmemi1/sbmt/workspace/saavtk/lib/vtk6.3/mac64/libvtkImagingSourcesJava.jnilib
0x000000013218f000 	/Users/zimmemi1/sbmt/workspace/saavtk/lib/vtk6.3/mac64/libvtkImagingSources-6.3.jnilib
0x00000001321d1000 	/Users/zimmemi1/sbmt/workspace/saavtk/lib/vtk6.3/mac64/libvtkFiltersHyperTreeJava.jnilib
0x00000001321e4000 	/Users/zimmemi1/sbmt/workspace/saavtk/lib/vtk6.3/mac64/libvtkFiltersHyperTree-6.3.jnilib
0x0000000029544000 	/System/Library/Extensions/AMDMTLBronzeDriver.bundle/Contents/MacOS/AMDMTLBronzeDriver
0x0000000029544000 	/System/Library/PrivateFrameworks/IOAccelMemoryInfo.framework/Versions/A/IOAccelMemoryInfo
0x0000000132219000 	/Users/zimmemi1/sbmt/workspace/saavtk/lib/vtk6.3/mac64/libvtkFiltersImagingJava.jnilib
0x0000000132228000 	/Users/zimmemi1/sbmt/workspace/saavtk/lib/vtk6.3/mac64/libvtkFiltersImaging-6.3.jnilib
0x0000000132246000 	/Users/zimmemi1/sbmt/workspace/saavtk/lib/vtk6.3/mac64/libvtkImagingGeneralJava.jnilib
0x0000000132264000 	/Users/zimmemi1/sbmt/workspace/saavtk/lib/vtk6.3/mac64/libvtkImagingGeneral-6.3.jnilib
0x000000013234b000 	/Users/zimmemi1/sbmt/workspace/saavtk/lib/vtk6.3/mac64/libvtkFiltersModelingJava.jnilib
0x000000013236a000 	/Users/zimmemi1/sbmt/workspace/saavtk/lib/vtk6.3/mac64/libvtkFiltersModeling-6.3.jnilib
0x00000001323bc000 	/System/Library/Extensions/AppleIntelSKLGraphicsMTLDriver.bundle/Contents/MacOS/AppleIntelSKLGraphicsMTLDriver
0x00000001324f3000 	/Users/zimmemi1/sbmt/workspace/saavtk/lib/vtk6.3/mac64/libvtkFiltersParallelJava.jnilib
0x000000013251a000 	/Users/zimmemi1/sbmt/workspace/saavtk/lib/vtk6.3/mac64/libvtkFiltersParallel-6.3.jnilib
0x00000001325d6000 	/Users/zimmemi1/sbmt/workspace/saavtk/lib/vtk6.3/mac64/libvtkFiltersParallelImagingJava.jnilib
0x00000001325eb000 	/Users/zimmemi1/sbmt/workspace/saavtk/lib/vtk6.3/mac64/libvtkFiltersParallelImaging-6.3.jnilib
0x0000000132609000 	/Users/zimmemi1/sbmt/workspace/saavtk/lib/vtk6.3/mac64/libvtkFiltersProgrammableJava.jnilib
0x0000000132614000 	/Users/zimmemi1/sbmt/workspace/saavtk/lib/vtk6.3/mac64/libvtkFiltersProgrammable-6.3.jnilib
0x0000000132624000 	/Users/zimmemi1/sbmt/workspace/saavtk/lib/vtk6.3/mac64/libvtkFiltersSMPJava.jnilib
0x0000000132632000 	/Users/zimmemi1/sbmt/workspace/saavtk/lib/vtk6.3/mac64/libvtkFiltersSMP-6.3.jnilib
0x00000001326d5000 	/Users/zimmemi1/sbmt/workspace/saavtk/lib/vtk6.3/mac64/libvtkFiltersSelectionJava.jnilib
0x00000001326f1000 	/Users/zimmemi1/sbmt/workspace/saavtk/lib/vtk6.3/mac64/libvtkFiltersSelection-6.3.jnilib
0x0000000132a5f000 	/Users/zimmemi1/sbmt/workspace/saavtk/lib/vtk6.3/mac64/libvtkFiltersTextureJava.jnilib
0x0000000132a6f000 	/Users/zimmemi1/sbmt/workspace/saavtk/lib/vtk6.3/mac64/libvtkFiltersTexture-6.3.jnilib
0x0000000132aa9000 	/Users/zimmemi1/sbmt/workspace/saavtk/lib/vtk6.3/mac64/libvtkFiltersVerdictJava.jnilib
0x0000000132abd000 	/Users/zimmemi1/sbmt/workspace/saavtk/lib/vtk6.3/mac64/libvtkFiltersVerdict-6.3.jnilib
0x0000000132ad7000 	/Users/zimmemi1/sbmt/workspace/saavtk/lib/vtk6.3/mac64/libvtkverdict-6.3.dylib
0x0000000132b06000 	/Users/zimmemi1/sbmt/workspace/saavtk/lib/vtk6.3/mac64/libvtkGeovisCoreJava.jnilib
0x0000000132b38000 	/Users/zimmemi1/sbmt/workspace/saavtk/lib/vtk6.3/mac64/libvtkGeovisCore-6.3.jnilib
0x0000000132ba5000 	/Users/zimmemi1/sbmt/workspace/saavtk/lib/vtk6.3/mac64/libvtkIOXMLJava.jnilib
0x0000000132bc3000 	/Users/zimmemi1/sbmt/workspace/saavtk/lib/vtk6.3/mac64/libvtkInfovisLayoutJava.jnilib
0x0000000132bf4000 	/Users/zimmemi1/sbmt/workspace/saavtk/lib/vtk6.3/mac64/libvtkViewsCoreJava.jnilib
0x0000000132c12000 	/Users/zimmemi1/sbmt/workspace/saavtk/lib/vtk6.3/mac64/libvtkproj4-6.3.jnilib
0x0000000132c51000 	/Users/zimmemi1/sbmt/workspace/saavtk/lib/vtk6.3/mac64/libvtkIOGeometryJava.jnilib
0x000000013027f000 	/Users/zimmemi1/sbmt/workspace/saavtk/lib/vtk6.3/mac64/libvtkIOXMLParserJava.jnilib
0x0000000132c72000 	/Users/zimmemi1/sbmt/workspace/saavtk/lib/vtk6.3/mac64/libvtkInfovisLayout-6.3.jnilib
0x0000000132cea000 	/Users/zimmemi1/sbmt/workspace/saavtk/lib/vtk6.3/mac64/libvtkInfovisCoreJava.jnilib
0x0000000132d11000 	/Users/zimmemi1/sbmt/workspace/saavtk/lib/vtk6.3/mac64/libvtkInteractionWidgetsJava.jnilib
0x0000000132ddd000 	/Users/zimmemi1/sbmt/workspace/saavtk/lib/vtk6.3/mac64/libvtkInteractionStyleJava.jnilib
0x0000000132df9000 	/Users/zimmemi1/sbmt/workspace/saavtk/lib/vtk6.3/mac64/libvtkImagingHybridJava.jnilib
0x0000000132e14000 	/Users/zimmemi1/sbmt/workspace/saavtk/lib/vtk6.3/mac64/libvtkIOImageJava.jnilib
0x0000000132e40000 	/Users/zimmemi1/sbmt/workspace/saavtk/lib/vtk6.3/mac64/libvtkRenderingAnnotationJava.jnilib
0x00000001306a6000 	/Users/zimmemi1/sbmt/workspace/saavtk/lib/vtk6.3/mac64/libvtkImagingColorJava.jnilib
0x0000000132ea2000 	/Users/zimmemi1/sbmt/workspace/saavtk/lib/vtk6.3/mac64/libvtkRenderingFreeTypeJava.jnilib
0x0000000132eb1000 	/Users/zimmemi1/sbmt/workspace/saavtk/lib/vtk6.3/mac64/libvtkRenderingVolumeJava.jnilib
0x0000000132ee5000 	/Users/zimmemi1/sbmt/workspace/saavtk/lib/vtk6.3/mac64/libvtkViewsCore-6.3.jnilib
0x0000000132f0e000 	/Users/zimmemi1/sbmt/workspace/saavtk/lib/vtk6.3/mac64/libvtkInteractionWidgets-6.3.jnilib
0x00000001330cf000 	/Users/zimmemi1/sbmt/workspace/saavtk/lib/vtk6.3/mac64/libvtkInteractionStyle-6.3.jnilib
0x000000013310f000 	/Users/zimmemi1/sbmt/workspace/saavtk/lib/vtk6.3/mac64/libvtkImagingHybrid-6.3.jnilib
0x0000000133179000 	/Users/zimmemi1/sbmt/workspace/saavtk/lib/vtk6.3/mac64/libvtkIOImage-6.3.jnilib
0x00000001332ec000 	/Users/zimmemi1/sbmt/workspace/saavtk/lib/vtk6.3/mac64/libvtkRenderingAnnotation-6.3.jnilib
0x00000001333b3000 	/Users/zimmemi1/sbmt/workspace/saavtk/lib/vtk6.3/mac64/libvtkImagingColor-6.3.jnilib
0x00000001333f2000 	/Users/zimmemi1/sbmt/workspace/saavtk/lib/vtk6.3/mac64/libvtkRenderingVolume-6.3.jnilib
0x0000000133946000 	/Users/zimmemi1/sbmt/workspace/saavtk/lib/vtk6.3/mac64/libvtkpng-6.3.jnilib
0x000000013396f000 	/Users/zimmemi1/sbmt/workspace/saavtk/lib/vtk6.3/mac64/libvtktiff-6.3.jnilib
0x00000001339ce000 	/Users/zimmemi1/sbmt/workspace/saavtk/lib/vtk6.3/mac64/libvtkmetaio-6.3.dylib
0x0000000133a60000 	/Users/zimmemi1/sbmt/workspace/saavtk/lib/vtk6.3/mac64/libvtkDICOMParser-6.3.jnilib
0x0000000133a78000 	/Users/zimmemi1/sbmt/workspace/saavtk/lib/vtk6.3/mac64/libvtkjpeg-6.3.jnilib
0x0000000133af0000 	/Users/zimmemi1/sbmt/workspace/saavtk/lib/vtk6.3/mac64/libvtkIOAMRJava.jnilib
0x0000000133b02000 	/Users/zimmemi1/sbmt/workspace/saavtk/lib/vtk6.3/mac64/libvtkIOAMR-6.3.jnilib
0x0000000133b38000 	/Users/zimmemi1/sbmt/workspace/saavtk/lib/vtk6.3/mac64/libvtkhdf5_hl-6.3.1.8.13.dylib
0x0000000133b6a000 	/Users/zimmemi1/sbmt/workspace/saavtk/lib/vtk6.3/mac64/libvtkhdf5-6.3.1.8.13.dylib
0x000000013271b000 	/Users/zimmemi1/sbmt/workspace/saavtk/lib/vtk6.3/mac64/libvtkIOEnSightJava.jnilib
0x0000000133e19000 	/Users/zimmemi1/sbmt/workspace/saavtk/lib/vtk6.3/mac64/libvtkIOEnSight-6.3.jnilib
0x0000000133f1b000 	/Users/zimmemi1/sbmt/workspace/saavtk/lib/vtk6.3/mac64/libvtkIOExodusJava.jnilib
0x0000000133f3c000 	/Users/zimmemi1/sbmt/workspace/saavtk/lib/vtk6.3/mac64/libvtkIOExodus-6.3.jnilib
0x0000000133ff4000 	/Users/zimmemi1/sbmt/workspace/saavtk/lib/vtk6.3/mac64/libvtkexoIIc-6.3.jnilib
0x000000013403e000 	/Users/zimmemi1/sbmt/workspace/saavtk/lib/vtk6.3/mac64/libvtkNetCDF_cxx-6.3.jnilib
0x0000000134060000 	/Users/zimmemi1/sbmt/workspace/saavtk/lib/vtk6.3/mac64/libvtkNetCDF-6.3.jnilib
0x000000013414a000 	/Users/zimmemi1/sbmt/workspace/saavtk/lib/vtk6.3/mac64/libvtkIOExportJava.jnilib
0x0000000134164000 	/Users/zimmemi1/sbmt/workspace/saavtk/lib/vtk6.3/mac64/libvtkIOExport-6.3.jnilib
0x0000000133ad7000 	/Users/zimmemi1/sbmt/workspace/saavtk/lib/vtk6.3/mac64/libvtkRenderingGL2PSJava.jnilib
0x00000001341ba000 	/Users/zimmemi1/sbmt/workspace/saavtk/lib/vtk6.3/mac64/libvtkRenderingLabelJava.jnilib
0x00000001341d8000 	/Users/zimmemi1/sbmt/workspace/saavtk/lib/vtk6.3/mac64/libvtkRenderingGL2PS-6.3.jnilib
0x0000000133fdf000 	/Users/zimmemi1/sbmt/workspace/saavtk/lib/vtk6.3/mac64/libvtkRenderingContextOpenGLJava.jnilib
0x00000001341f1000 	/Users/zimmemi1/sbmt/workspace/saavtk/lib/vtk6.3/mac64/libvtkRenderingOpenGLJava.jnilib
0x0000000134239000 	/Users/zimmemi1/sbmt/workspace/saavtk/lib/vtk6.3/mac64/libvtkRenderingContextOpenGL-6.3.jnilib
0x000000013425a000 	/Users/zimmemi1/sbmt/workspace/saavtk/lib/vtk6.3/mac64/libvtkRenderingOpenGL-6.3.jnilib
0x000000013448f000 	/Users/zimmemi1/sbmt/workspace/saavtk/lib/vtk6.3/mac64/libvtkRenderingLabel-6.3.jnilib
0x000000013451e000 	/Users/zimmemi1/sbmt/workspace/saavtk/lib/vtk6.3/mac64/libvtkgl2ps-6.3.jnilib
0x000000013456f000 	/Users/zimmemi1/sbmt/workspace/saavtk/lib/vtk6.3/mac64/libvtkIOImportJava.jnilib
0x000000013457b000 	/Users/zimmemi1/sbmt/workspace/saavtk/lib/vtk6.3/mac64/libvtkIOImport-6.3.jnilib
0x00000001345f2000 	/Users/zimmemi1/sbmt/workspace/saavtk/lib/vtk6.3/mac64/libvtkIOInfovisJava.jnilib
0x000000013460e000 	/Users/zimmemi1/sbmt/workspace/saavtk/lib/vtk6.3/mac64/libvtkIOInfovis-6.3.jnilib
0x0000000134673000 	/Users/zimmemi1/sbmt/workspace/saavtk/lib/vtk6.3/mac64/libvtklibxml2-6.3.jnilib
0x00000001347d9000 	/Users/zimmemi1/sbmt/workspace/saavtk/lib/vtk6.3/mac64/libvtkIOLSDynaJava.jnilib
0x00000001347ec000 	/Users/zimmemi1/sbmt/workspace/saavtk/lib/vtk6.3/mac64/libvtkIOLSDyna-6.3.jnilib
0x0000000134846000 	/Users/zimmemi1/sbmt/workspace/saavtk/lib/vtk6.3/mac64/libvtkIOMINCJava.jnilib
0x000000013485d000 	/Users/zimmemi1/sbmt/workspace/saavtk/lib/vtk6.3/mac64/libvtkIOMINC-6.3.jnilib
0x0000000133fea000 	/Users/zimmemi1/sbmt/workspace/saavtk/lib/vtk6.3/mac64/libvtkIOMovieJava.jnilib
0x00000001348c4000 	/Users/zimmemi1/sbmt/workspace/saavtk/lib/vtk6.3/mac64/libvtkIOMovie-6.3.jnilib
0x00000001348d4000 	/Users/zimmemi1/sbmt/workspace/saavtk/lib/vtk6.3/mac64/libvtkoggtheora-6.3.jnilib
0x0000000134911000 	/Users/zimmemi1/sbmt/workspace/saavtk/lib/vtk6.3/mac64/libvtkIONetCDFJava.jnilib
0x0000000134922000 	/Users/zimmemi1/sbmt/workspace/saavtk/lib/vtk6.3/mac64/libvtkIONetCDF-6.3.jnilib
0x000000013497d000 	/Users/zimmemi1/sbmt/workspace/saavtk/lib/vtk6.3/mac64/libvtkIOPLYJava.jnilib
0x0000000134988000 	/Users/zimmemi1/sbmt/workspace/saavtk/lib/vtk6.3/mac64/libvtkIOPLY-6.3.jnilib
0x00000001349a1000 	/Users/zimmemi1/sbmt/workspace/saavtk/lib/vtk6.3/mac64/libvtkIOParallelJava.jnilib
0x00000001349bd000 	/Users/zimmemi1/sbmt/workspace/saavtk/lib/vtk6.3/mac64/libvtkIOParallel-6.3.jnilib
0x0000000134a2d000 	/Users/zimmemi1/sbmt/workspace/saavtk/lib/vtk6.3/mac64/libvtkjsoncpp-6.3.jnilib
0x0000000134a53000 	/Users/zimmemi1/sbmt/workspace/saavtk/lib/vtk6.3/mac64/libvtkIOParallelXMLJava.jnilib
0x0000000134a62000 	/Users/zimmemi1/sbmt/workspace/saavtk/lib/vtk6.3/mac64/libvtkIOParallelXML-6.3.jnilib
0x0000000134a85000 	/Users/zimmemi1/sbmt/workspace/saavtk/lib/vtk6.3/mac64/libvtkIOSQLJava.jnilib
0x0000000134a9a000 	/Users/zimmemi1/sbmt/workspace/saavtk/lib/vtk6.3/mac64/libvtkIOSQL-6.3.jnilib
0x0000000134adf000 	/Users/zimmemi1/sbmt/workspace/saavtk/lib/vtk6.3/mac64/libvtksqlite-6.3.jnilib
0x0000000134b9b000 	/Users/zimmemi1/sbmt/workspace/saavtk/lib/vtk6.3/mac64/libvtkIOVideoJava.jnilib
0x0000000134ba5000 	/Users/zimmemi1/sbmt/workspace/saavtk/lib/vtk6.3/mac64/libvtkIOVideo-6.3.jnilib
0x0000000134bb5000 	/Users/zimmemi1/sbmt/workspace/saavtk/lib/vtk6.3/mac64/libvtkImagingMathJava.jnilib
0x0000000134bc1000 	/Users/zimmemi1/sbmt/workspace/saavtk/lib/vtk6.3/mac64/libvtkImagingMath-6.3.jnilib
0x0000000134c09000 	/Users/zimmemi1/sbmt/workspace/saavtk/lib/vtk6.3/mac64/libvtkImagingMorphologicalJava.jnilib
0x0000000134c1a000 	/Users/zimmemi1/sbmt/workspace/saavtk/lib/vtk6.3/mac64/libvtkImagingMorphological-6.3.jnilib
0x0000000134c84000 	/Users/zimmemi1/sbmt/workspace/saavtk/lib/vtk6.3/mac64/libvtkImagingStatisticsJava.jnilib
0x0000000134c91000 	/Users/zimmemi1/sbmt/workspace/saavtk/lib/vtk6.3/mac64/libvtkImagingStatistics-6.3.jnilib
0x0000000134caf000 	/Users/zimmemi1/sbmt/workspace/saavtk/lib/vtk6.3/mac64/libvtkImagingStencilJava.jnilib
0x0000000134cbe000 	/Users/zimmemi1/sbmt/workspace/saavtk/lib/vtk6.3/mac64/libvtkImagingStencil-6.3.jnilib
0x0000000134cea000 	/Users/zimmemi1/sbmt/workspace/saavtk/lib/vtk6.3/mac64/libvtkInteractionImageJava.jnilib
0x0000000134d05000 	/Users/zimmemi1/sbmt/workspace/saavtk/lib/vtk6.3/mac64/libvtkInteractionImage-6.3.jnilib
0x0000000134d22000 	/Users/zimmemi1/sbmt/workspace/saavtk/lib/vtk6.3/mac64/libvtkRenderingImageJava.jnilib
0x0000000134d30000 	/Users/zimmemi1/sbmt/workspace/saavtk/lib/vtk6.3/mac64/libvtkRenderingImage-6.3.jnilib
0x0000000134d49000 	/Users/zimmemi1/sbmt/workspace/saavtk/lib/vtk6.3/mac64/libvtkRenderingLICJava.jnilib
0x0000000134d5e000 	/Users/zimmemi1/sbmt/workspace/saavtk/lib/vtk6.3/mac64/libvtkRenderingLIC-6.3.jnilib
0x0000000134e15000 	/Users/zimmemi1/sbmt/workspace/saavtk/lib/vtk6.3/mac64/libvtkRenderingLODJava.jnilib
0x0000000134e24000 	/Users/zimmemi1/sbmt/workspace/saavtk/lib/vtk6.3/mac64/libvtkRenderingLOD-6.3.jnilib
0x0000000134e35000 	/Users/zimmemi1/sbmt/workspace/saavtk/lib/vtk6.3/mac64/libvtkRenderingVolumeOpenGLJava.jnilib
0x0000000134e46000 	/Users/zimmemi1/sbmt/workspace/saavtk/lib/vtk6.3/mac64/libvtkRenderingVolumeOpenGL-6.3.jnilib
0x0000000134eaf000 	/Users/zimmemi1/sbmt/workspace/saavtk/lib/vtk6.3/mac64/libvtkViewsContext2DJava.jnilib
0x0000000134ec6000 	/Users/zimmemi1/sbmt/workspace/saavtk/lib/vtk6.3/mac64/libvtkViewsContext2D-6.3.jnilib
0x0000000134edc000 	/Users/zimmemi1/sbmt/workspace/saavtk/lib/vtk6.3/mac64/libvtkViewsGeovisJava.jnilib
0x0000000134efb000 	/Users/zimmemi1/sbmt/workspace/saavtk/lib/vtk6.3/mac64/libvtkViewsGeovis-6.3.jnilib
0x0000000134f13000 	/Users/zimmemi1/sbmt/workspace/saavtk/lib/vtk6.3/mac64/libvtkViewsInfovisJava.jnilib
0x0000000134f65000 	/Users/zimmemi1/sbmt/workspace/saavtk/lib/vtk6.3/mac64/libvtkViewsInfovis-6.3.jnilib
0x000000013501b000 	/Library/Java/JavaVirtualMachines/jdk1.8.0_131.jdk/Contents/Home/jre/lib/libfontmanager.dylib
0x0000000135082000 	/Library/Java/JavaVirtualMachines/jdk1.8.0_131.jdk/Contents/Home/jre/lib/libosxui.dylib
0x0000000029544000 	/System/Library/PrivateFrameworks/ViewBridge.framework/Versions/A/ViewBridge
0x0000000029544000 	/System/Library/PrivateFrameworks/XPCService.framework/Versions/A/XPCService
0x0000000029544000 	/System/Library/PrivateFrameworks/AppSandbox.framework/Versions/A/AppSandbox
0x0000000136162000 	/usr/lib/libsandbox.1.dylib
0x0000000029544000 	/usr/lib/libMatch.1.dylib
0x00000001364ac000 	/Library/Java/JavaVirtualMachines/jdk1.8.0_131.jdk/Contents/Home/jre/lib/libnet.dylib
0x00000001364c3000 	/Library/Java/JavaVirtualMachines/jdk1.8.0_131.jdk/Contents/Home/jre/lib/libnio.dylib
0x00000001364d5000 	/Users/zimmemi1/sbmt/workspace/saavtk/lib/vtk6.3/mac64/libgluegen-rt.jnilib
0x00000001364db000 	/Users/zimmemi1/sbmt/workspace/saavtk/lib/vtk6.3/mac64/libnativewindow_awt.jnilib
0x00000001364de000 	/Library/Java/JavaVirtualMachines/jdk1.8.0_131.jdk/Contents/Home/jre/lib/libjawt.dylib
0x00000001364e1000 	/Users/zimmemi1/sbmt/workspace/saavtk/lib/vtk6.3/mac64/libnativewindow_macosx.jnilib
0x00000001366eb000 	/Users/zimmemi1/sbmt/workspace/saavtk/lib/vtk6.3/mac64/libjogl_desktop.jnilib

VM Arguments:
jvm_args: -Djava.library.path=lib/vtk6.3/mac64 -Dfile.encoding=UTF-8 
java_command: edu.jhuapl.saavtk2.image.projection.gui.CylindricalProjectionControlPanel
java_class_path (initial): /Users/zimmemi1/sbmt/workspace/saavtk/bin:/Users/zimmemi1/sbmt/workspace/saavtk/lib/commons-io-2.0.jar:/Users/zimmemi1/sbmt/workspace/saavtk/lib/commons-math3-3.2.jar:/Users/zimmemi1/sbmt/workspace/saavtk/lib/guava-13.0.1.jar:/Users/zimmemi1/sbmt/workspace/saavtk/lib/Jama-1.0.2.jar:/Users/zimmemi1/sbmt/workspace/saavtk/lib/jcommon-1.0.16.jar:/Users/zimmemi1/sbmt/workspace/saavtk/lib/jfreechart-1.0.13.jar:/Users/zimmemi1/sbmt/workspace/saavtk/lib/jgoodies-common-1.8.1.jar:/Users/zimmemi1/sbmt/workspace/saavtk/lib/jgoodies-looks-2.4.0.jar:/Users/zimmemi1/sbmt/workspace/saavtk/lib/joda-time-1.6.jar:/Users/zimmemi1/sbmt/workspace/saavtk/lib/miglayout-3.7.1-swing.jar:/Users/zimmemi1/sbmt/workspace/saavtk/lib/nom-tam-fits-1.13.1m0.jar:/Users/zimmemi1/sbmt/workspace/saavtk/lib/quaqua-7.3.4-filechooser-only.jar:/Users/zimmemi1/sbmt/workspace/saavtk/lib/quaqua-7.3.4.jar:/Users/zimmemi1/sbmt/workspace/saavtk/lib/RelativeLayout-v1.0.jar:/Users/zimmemi1/sbmt/workspace/saavtk/lib/jogl/gluegen-rt.jar:/Users/zimmemi1/sbmt/workspace/saavtk/lib/jogl/jogl-all.jar:/Users/zimmemi1/sbmt/workspace/saavtk/lib/vtk6.3/vtk-6.3.jar:/Users/zimmemi1/sbmt/workspace/saavtk/jgoodies-forms-1.8.0.jar:/Users/zimmemi1/sbmt/workspace/saavtk/lib/jide-oss-3.6.9.jar
Launcher Type: SUN_STANDARD

Environment Variables:
PATH=/usr/bin:/bin:/usr/sbin:/sbin
SHELL=/bin/bash
DISPLAY=/private/tmp/com.apple.launchd.PeVPPEEwGA/org.macosforge.xquartz:0
DYLD_LIBRARY_PATH=lib/vtk6.3/mac64

Signal Handlers:
SIGSEGV: [libjvm.dylib+0x5b1eb1], sa_mask[0]=11111111011111110111111111111111, sa_flags=SA_ONSTACK|SA_RESTART|SA_SIGINFO
SIGBUS: [libjvm.dylib+0x5b1eb1], sa_mask[0]=11111111011111110111111111111111, sa_flags=SA_RESTART|SA_SIGINFO
SIGFPE: [libjvm.dylib+0x488988], sa_mask[0]=11111111011111110111111111111111, sa_flags=SA_RESTART|SA_SIGINFO
SIGPIPE: [libjvm.dylib+0x488988], sa_mask[0]=11111111011111110111111111111111, sa_flags=SA_RESTART|SA_SIGINFO
SIGXFSZ: [libjvm.dylib+0x488988], sa_mask[0]=11111111011111110111111111111111, sa_flags=SA_RESTART|SA_SIGINFO
SIGILL: [libjvm.dylib+0x488988], sa_mask[0]=11111111011111110111111111111111, sa_flags=SA_RESTART|SA_SIGINFO
SIGUSR1: SIG_DFL, sa_mask[0]=00000000000000000000000000000000, sa_flags=none
SIGUSR2: [libjvm.dylib+0x4884a6], sa_mask[0]=00100000000000000000000000000000, sa_flags=SA_RESTART|SA_SIGINFO
SIGHUP: [libjvm.dylib+0x486a7d], sa_mask[0]=11111111011111110111111111111111, sa_flags=SA_RESTART|SA_SIGINFO
SIGINT: [libjvm.dylib+0x486a7d], sa_mask[0]=11111111011111110111111111111111, sa_flags=SA_RESTART|SA_SIGINFO
SIGTERM: [libjvm.dylib+0x486a7d], sa_mask[0]=11111111011111110111111111111111, sa_flags=SA_RESTART|SA_SIGINFO
SIGQUIT: [libjvm.dylib+0x486a7d], sa_mask[0]=11111111011111110111111111111111, sa_flags=SA_RESTART|SA_SIGINFO


---------------  S Y S T E M  ---------------

OS:Bsduname:Darwin 16.7.0 Darwin Kernel Version 16.7.0: Tue Jan 30 11:27:06 PST 2018; root:xnu-3789.73.11~1/RELEASE_X86_64 x86_64
rlimit: STACK 8192k, CORE 0k, NPROC 709, NOFILE 10240, AS infinity
load average:2.70 2.24 1.89

CPU:total 8 (initial active 8) (4 cores per cpu, 2 threads per core) family 6 model 94 stepping 3, cmov, cx8, fxsr, mmx, sse, sse2, sse3, ssse3, sse4.1, sse4.2, popcnt, avx, avx2, aes, clmul, erms, rtm, 3dnowpref, lzcnt, ht, tsc, tscinvbit, bmi1, bmi2, adx

Memory: 4k page, physical 16777216k(3220832k free)

/proc/meminfo:


vm_info: Java HotSpot(TM) 64-Bit Server VM (25.131-b11) for bsd-amd64 JRE (1.8.0_131-b11), built on Mar 15 2017 01:32:22 by "java_re" with gcc 4.2.1 (Based on Apple Inc. build 5658) (LLVM build 2336.11.00)

time: Mon Apr 16 10:49:04 2018
elapsed time: 3 seconds (0d 0h 0m 3s)

