#
# A fatal error has been detected by the Java Runtime Environment:
#
#  SIGSEGV (0xb) at pc=0x00007fffb42e638c, pid=71871, tid=0x000000000000ff3f
#
# JRE version: Java(TM) SE Runtime Environment (8.0_131-b11) (build 1.8.0_131-b11)
# Java VM: Java HotSpot(TM) 64-Bit Server VM (25.131-b11 mixed mode bsd-amd64 compressed oops)
# Problematic frame:
# C  [libsystem_pthread.dylib+0x138c]  pthread_mutex_lock+0x0
#
# Failed to write core dump. Core dumps have been disabled. To enable core dumping, try "ulimit -c unlimited" before starting Java again
#
# If you would like to submit a bug report, please visit:
#   http://bugreport.java.com/bugreport/crash.jsp
# The crash happened outside the Java Virtual Machine in native code.
# See problematic frame for where to report the bug.
#

---------------  T H R E A D  ---------------

Current thread (0x00007fb221a9b800):  JavaThread "AWT-EventQueue-0" [_thread_in_native, id=65343, stack(0x00007000107e4000,0x00007000108e4000)]

siginfo: si_signo: 11 (SIGSEGV), si_code: 1 (SEGV_MAPERR), si_addr: 0x0000000000001fc3

Registers:
RAX=0x00007fb227109de0, RBX=0x00007fb227111150, RCX=0x0000000000000003, RDX=0x00007fb21fe90b00
RSP=0x00007000108e20a8, RBP=0x00007000108e20c0, RSI=0x00007fb227109de0, RDI=0x0000000000001fc3
R8 =0x00007fb21fe90b00, R9 =0x00007fb227109de0, R10=0x000000011fd4a110, R11=0x0000000135421a70
R12=0x00007fb22714d220, R13=0x7127f9149b2d00bb, R14=0x00007fb227109de0, R15=0x00007fb227105630
RIP=0x00007fffb42e638c, EFLAGS=0x0000000000010216, ERR=0x0000000000000004
  TRAPNO=0x000000000000000e

Top of Stack: (sp=0x00007000108e20a8)
0x00007000108e20a8:   0000000135421a82 00007fb227109de0
0x00007000108e20b8:   00007fb227111150 00007000108e2120
0x00007000108e20c8:   0000000135187597 00007fb227109de0
0x00007000108e20d8:   00007fb21fe90b00 00007fb227109de0
0x00007000108e20e8:   0000000000000000 7127f9149b2d00bb
0x00007000108e20f8:   0000000000000000 00007fb22714d220
0x00007000108e2108:   00007fb21fef9f20 00007fb227105630
0x00007000108e2118:   0000000000000032 00007000108e2290
0x00007000108e2128:   00000001360a81e5 00007000108e2160
0x00007000108e2138:   00007fb200000000 00007fb2271488e0
0x00007000108e2148:   00007fb21fefbd80 00007fb200000002
0x00007000108e2158:   0000000000000001 0000000000000000
0x00007000108e2168:   00007fb227152210 03dd390e742e9e28
0x00007000108e2178:   0000000000000000 00007000108e21a0
0x00007000108e2188:   00007fb2271488e0 00007000108e21b0
0x00007000108e2198:   000000013563ec51 00007fb2271488e0
0x00007000108e21a8:   00007fb2271488e0 00007000108e2230
0x00007000108e21b8:   0000000134f69d3a 00007fb2220dbf50
0x00007000108e21c8:   00007fb227153ea0 00007fb21fe8f030
0x00007000108e21d8:   00007fb21fef9f20 0000000000000060
0x00007000108e21e8:   00007fb21fe8f570 00007fb227153d40
0x00007000108e21f8:   00007fb22710c8f0 0000000135119d00
0x00007000108e2208:   00007fb2271502e0 00007000108e2230
0x00007000108e2218:   00007fb21fe901c0 00007fb2271488e0
0x00007000108e2228:   00007fb2271414a0 00007000108e2290
0x00007000108e2238:   0000000134f4dce6 00007000108e2260
0x00007000108e2248:   000000013563ec51 00007fb2271488e0
0x00007000108e2258:   00007fb2271488e0 00007000108e2290
0x00007000108e2268:   00007fb2271414a0 00007fb2271488e0
0x00007000108e2278:   00007fb2271462a0 00007fb21fefbd80
0x00007000108e2288:   00007fb2271488e0 00007000108e22f0
0x00007000108e2298:   0000000134f564e5 00007000108e22c0 

Instructions: (pc=0x00007fffb42e638c)
0x00007fffb42e636c:   89 df e8 8b 6e 00 00 48 85 c0 0f 95 c0 0f b6 c0
0x00007fffb42e637c:   89 05 42 49 d0 08 48 83 c4 08 5b 5d c3 90 90 90
0x00007fffb42e638c:   48 81 3f 5a 54 55 4d 75 58 4c 8d 47 1f 49 83 e0
0x00007fffb42e639c:   f8 65 48 8b 04 25 00 00 00 00 4c 8b 88 d8 00 00 

Register to memory mapping:

RAX=0x00007fb227109de0 is an unknown value
RBX=0x00007fb227111150 is an unknown value
RCX=0x0000000000000003 is an unknown value
RDX=0x00007fb21fe90b00 is an unknown value
RSP=0x00007000108e20a8 is pointing into the stack for thread: 0x00007fb221a9b800
RBP=0x00007000108e20c0 is pointing into the stack for thread: 0x00007fb221a9b800
RSI=0x00007fb227109de0 is an unknown value
RDI=0x0000000000001fc3 is an unknown value
R8 =0x00007fb21fe90b00 is an unknown value
R9 =0x00007fb227109de0 is an unknown value
R10=0x000000011fd4a110 is an unknown value
R11=0x0000000135421a70: _ZN20vtkAbstractTransform6UpdateEv+0 in /Users/zimmemi1/sbmt/workspace/saavtk/lib/vtk6.3/mac64/libvtkCommonTransforms-6.3.jnilib at 0x000000013541f000
R12=0x00007fb22714d220 is an unknown value
R13=0x7127f9149b2d00bb is an unknown value
R14=0x00007fb227109de0 is an unknown value
R15=0x00007fb227105630 is an unknown value


Stack: [0x00007000107e4000,0x00007000108e4000],  sp=0x00007000108e20a8,  free space=1016k
Native frames: (J=compiled Java code, j=interpreted, Vv=VM code, C=native code)
C  [libsystem_pthread.dylib+0x138c]  pthread_mutex_lock+0x0
C  [libvtkCommonDataModel-6.3.jnilib+0xb6597]  _ZN19vtkImplicitFunction13FunctionValueEPKd+0x37
C  [libvtkFiltersCore-6.3.jnilib+0xb71e5]  _ZN15vtkClipPolyData11RequestDataEP14vtkInformationPP20vtkInformationVectorS3_+0x1b5
C  [libvtkCommonExecutionModel-6.3.jnilib+0x154e5]  _ZN12vtkExecutive13CallAlgorithmEP14vtkInformationiPP20vtkInformationVectorS3_+0x45
C  [libvtkCommonExecutionModel-6.3.jnilib+0x100fd]  _ZN23vtkDemandDrivenPipeline11ExecuteDataEP14vtkInformationPP20vtkInformationVectorS3_+0x3d
C  [libvtkCommonExecutionModel-6.3.jnilib+0xbb8b]  _ZN24vtkCompositeDataPipeline11ExecuteDataEP14vtkInformationPP20vtkInformationVectorS3_+0x6b
C  [libvtkCommonExecutionModel-6.3.jnilib+0xf88c]  _ZN23vtkDemandDrivenPipeline14ProcessRequestEP14vtkInformationPP20vtkInformationVectorS3_+0x4cc
C  [libvtkCommonExecutionModel-6.3.jnilib+0x27d7f]  _ZN32vtkStreamingDemandDrivenPipeline14ProcessRequestEP14vtkInformationPP20vtkInformationVectorS3_+0x37f
C  [libvtkCommonExecutionModel-6.3.jnilib+0x280bf]  _ZN32vtkStreamingDemandDrivenPipeline6UpdateEi+0x9f
j  vtk.vtkAlgorithm.Update_68()V+0
j  vtk.vtkAlgorithm.Update()V+1
j  edu.jhuapl.saavtk2.polydata.clip.PolyDataClip.apply(Lvtk/vtkPolyData;)Lvtk/vtkPolyData;+12
j  edu.jhuapl.saavtk2.image.projection.CylindricalProjection.clipLongitude(DDLvtk/vtkPolyData;)Lvtk/vtkPolyData;+14
j  edu.jhuapl.saavtk2.image.projection.CylindricalProjection.clipVisibleGeometry(Lvtk/vtkPolyData;)Lvtk/vtkPolyData;+17
j  edu.jhuapl.saavtk2.image.CylindricalImage.createSurfaceGeometry(Lvtk/vtkPolyData;Ledu/jhuapl/saavtk2/image/projection/Projection;)Lvtk/vtkPolyData;+2
j  edu.jhuapl.saavtk2.image.projection.gui.CylindricalProjectionControlPanel.regenerateProjectionGeometry()V+190
j  edu.jhuapl.saavtk2.image.projection.gui.CylindricalProjectionControlPanel.<init>(Lvtk/vtkPolyData;)V+555
j  edu.jhuapl.saavtk2.image.projection.gui.CylindricalProjectionControlPanel$1.run()V+20
j  java.awt.event.InvocationEvent.dispatch()V+47
j  java.awt.EventQueue.dispatchEventImpl(Ljava/awt/AWTEvent;Ljava/lang/Object;)V+21
j  java.awt.EventQueue.access$500(Ljava/awt/EventQueue;Ljava/awt/AWTEvent;Ljava/lang/Object;)V+3
j  java.awt.EventQueue$3.run()Ljava/lang/Void;+32
j  java.awt.EventQueue$3.run()Ljava/lang/Object;+1
v  ~StubRoutines::call_stub
V  [libjvm.dylib+0x2ee5b6]
V  [libjvm.dylib+0x34ed14]
j  java.security.AccessController.doPrivileged(Ljava/security/PrivilegedAction;Ljava/security/AccessControlContext;)Ljava/lang/Object;+0
j  java.security.ProtectionDomain$JavaSecurityAccessImpl.doIntersectionPrivilege(Ljava/security/PrivilegedAction;Ljava/security/AccessControlContext;Ljava/security/AccessControlContext;)Ljava/lang/Object;+18
j  java.awt.EventQueue.dispatchEvent(Ljava/awt/AWTEvent;)V+46
j  java.awt.EventDispatchThread.pumpOneEventForFilters(I)V+245
j  java.awt.EventDispatchThread.pumpEventsForFilter(ILjava/awt/Conditional;Ljava/awt/EventFilter;)V+35
j  java.awt.EventDispatchThread.pumpEventsForHierarchy(ILjava/awt/Conditional;Ljava/awt/Component;)V+11
j  java.awt.EventDispatchThread.pumpEvents(ILjava/awt/Conditional;)V+4
j  java.awt.EventDispatchThread.pumpEvents(Ljava/awt/Conditional;)V+3
j  java.awt.EventDispatchThread.run()V+9
v  ~StubRoutines::call_stub
V  [libjvm.dylib+0x2ee5b6]
V  [libjvm.dylib+0x2eed5a]
V  [libjvm.dylib+0x2eef06]
V  [libjvm.dylib+0x34965d]
V  [libjvm.dylib+0x56b87f]
V  [libjvm.dylib+0x56cf6c]
V  [libjvm.dylib+0x48b376]
C  [libsystem_pthread.dylib+0x393b]  _pthread_body+0xb4
C  [libsystem_pthread.dylib+0x3887]  _pthread_body+0x0
C  [libsystem_pthread.dylib+0x308d]  thread_start+0xd
C  0x0000000000000000

Java frames: (J=compiled Java code, j=interpreted, Vv=VM code)
j  vtk.vtkAlgorithm.Update_68()V+0
j  vtk.vtkAlgorithm.Update()V+1
j  edu.jhuapl.saavtk2.polydata.clip.PolyDataClip.apply(Lvtk/vtkPolyData;)Lvtk/vtkPolyData;+12
j  edu.jhuapl.saavtk2.image.projection.CylindricalProjection.clipLongitude(DDLvtk/vtkPolyData;)Lvtk/vtkPolyData;+14
j  edu.jhuapl.saavtk2.image.projection.CylindricalProjection.clipVisibleGeometry(Lvtk/vtkPolyData;)Lvtk/vtkPolyData;+17
j  edu.jhuapl.saavtk2.image.CylindricalImage.createSurfaceGeometry(Lvtk/vtkPolyData;Ledu/jhuapl/saavtk2/image/projection/Projection;)Lvtk/vtkPolyData;+2
j  edu.jhuapl.saavtk2.image.projection.gui.CylindricalProjectionControlPanel.regenerateProjectionGeometry()V+190
j  edu.jhuapl.saavtk2.image.projection.gui.CylindricalProjectionControlPanel.<init>(Lvtk/vtkPolyData;)V+555
j  edu.jhuapl.saavtk2.image.projection.gui.CylindricalProjectionControlPanel$1.run()V+20
j  java.awt.event.InvocationEvent.dispatch()V+47
j  java.awt.EventQueue.dispatchEventImpl(Ljava/awt/AWTEvent;Ljava/lang/Object;)V+21
j  java.awt.EventQueue.access$500(Ljava/awt/EventQueue;Ljava/awt/AWTEvent;Ljava/lang/Object;)V+3
j  java.awt.EventQueue$3.run()Ljava/lang/Void;+32
j  java.awt.EventQueue$3.run()Ljava/lang/Object;+1
v  ~StubRoutines::call_stub
j  java.security.AccessController.doPrivileged(Ljava/security/PrivilegedAction;Ljava/security/AccessControlContext;)Ljava/lang/Object;+0
j  java.security.ProtectionDomain$JavaSecurityAccessImpl.doIntersectionPrivilege(Ljava/security/PrivilegedAction;Ljava/security/AccessControlContext;Ljava/security/AccessControlContext;)Ljava/lang/Object;+18
j  java.awt.EventQueue.dispatchEvent(Ljava/awt/AWTEvent;)V+46
j  java.awt.EventDispatchThread.pumpOneEventForFilters(I)V+245
j  java.awt.EventDispatchThread.pumpEventsForFilter(ILjava/awt/Conditional;Ljava/awt/EventFilter;)V+35
j  java.awt.EventDispatchThread.pumpEventsForHierarchy(ILjava/awt/Conditional;Ljava/awt/Component;)V+11
j  java.awt.EventDispatchThread.pumpEvents(ILjava/awt/Conditional;)V+4
j  java.awt.EventDispatchThread.pumpEvents(Ljava/awt/Conditional;)V+3
j  java.awt.EventDispatchThread.run()V+9
v  ~StubRoutines::call_stub

---------------  P R O C E S S  ---------------

Java Threads: ( => current thread )
  0x00007fb2202e4000 JavaThread "Image Fetcher 0" daemon [_thread_blocked, id=76047, stack(0x0000700010aed000,0x0000700010bed000)]
  0x00007fb2208d8800 JavaThread "Java2D Disposer" daemon [_thread_blocked, id=74255, stack(0x00007000109ea000,0x0000700010aea000)]
  0x00007fb22109b000 JavaThread "Java2D Queue Flusher" daemon [_thread_blocked, id=73491, stack(0x00007000108e7000,0x00007000109e7000)]
  0x00007fb221ace000 JavaThread "DestroyJavaVM" [_thread_blocked, id=7171, stack(0x000070000f096000,0x000070000f196000)]
=>0x00007fb221a9b800 JavaThread "AWT-EventQueue-0" [_thread_in_native, id=65343, stack(0x00007000107e4000,0x00007000108e4000)]
  0x00007fb223013800 JavaThread "AWT-Shutdown" [_thread_blocked, id=32031, stack(0x0000700010452000,0x0000700010552000)]
  0x00007fb22105d800 JavaThread "AWT-AppKit" daemon [_thread_in_native, id=775, stack(0x00007fff4f4d9000,0x00007fff4fcd9000)]
  0x00007fb220058000 JavaThread "Service Thread" daemon [_thread_blocked, id=21251, stack(0x00007000101c9000,0x00007000102c9000)]
  0x00007fb220811800 JavaThread "C1 CompilerThread3" daemon [_thread_blocked, id=20739, stack(0x00007000100c6000,0x00007000101c6000)]
  0x00007fb22103b800 JavaThread "C2 CompilerThread2" daemon [_thread_blocked, id=20227, stack(0x000070000ffc3000,0x00007000100c3000)]
  0x00007fb220024800 JavaThread "C2 CompilerThread1" daemon [_thread_blocked, id=19715, stack(0x000070000fec0000,0x000070000ffc0000)]
  0x00007fb221804000 JavaThread "C2 CompilerThread0" daemon [_thread_blocked, id=19203, stack(0x000070000fdbd000,0x000070000febd000)]
  0x00007fb22180c000 JavaThread "Signal Dispatcher" daemon [_thread_blocked, id=18691, stack(0x000070000fcba000,0x000070000fdba000)]
  0x00007fb221837800 JavaThread "Finalizer" daemon [_thread_blocked, id=14595, stack(0x000070000fbb7000,0x000070000fcb7000)]
  0x00007fb221834800 JavaThread "Reference Handler" daemon [_thread_blocked, id=14083, stack(0x000070000fab4000,0x000070000fbb4000)]

Other Threads:
  0x00007fb221830000 VMThread [stack: 0x000070000f9b1000,0x000070000fab1000] [id=13571]
  0x00007fb220059000 WatcherThread [stack: 0x00007000102cc000,0x00007000103cc000] [id=21763]

VM state:not at safepoint (normal execution)

VM Mutex/Monitor currently owned by a thread: None

Heap:
 PSYoungGen      total 76288K, used 47383K [0x000000076ab00000, 0x0000000770000000, 0x00000007c0000000)
  eden space 65536K, 72% used [0x000000076ab00000,0x000000076d945e70,0x000000076eb00000)
  from space 10752K, 0% used [0x000000076f580000,0x000000076f580000,0x0000000770000000)
  to   space 10752K, 0% used [0x000000076eb00000,0x000000076eb00000,0x000000076f580000)
 ParOldGen       total 175104K, used 0K [0x00000006c0000000, 0x00000006cab00000, 0x000000076ab00000)
  object space 175104K, 0% used [0x00000006c0000000,0x00000006c0000000,0x00000006cab00000)
 Metaspace       used 17770K, capacity 17999K, committed 18176K, reserved 1064960K
  class space    used 1956K, capacity 2044K, committed 2048K, reserved 1048576K

Card table byte_map: [0x0000000112bb7000,0x00000001133b8000] byte_map_base: 0x000000010f5b7000

Marking Bits: (ParMarkBitMap*) 0x00000001120f1ea0
 Begin Bits: [0x000000011390e000, 0x000000011790e000)
 End Bits:   [0x000000011790e000, 0x000000011b90e000)

Polling page: 0x0000000110728000

CodeCache: size=245760Kb used=4188Kb max_used=4188Kb free=241571Kb
 bounds [0x000000011fd96000, 0x00000001201b6000, 0x000000012ed96000]
 total_blobs=1867 nmethods=1075 adapters=706
 compilation: enabled

Compilation events (10 events):
Event: 5.658 Thread 0x00007fb220811800 nmethod 1072 0x00000001201ac090 code [0x00000001201ac280, 0x00000001201acbc8]
Event: 5.658 Thread 0x00007fb22103b800 nmethod 1070 0x00000001201ad1d0 code [0x00000001201ad320, 0x00000001201ad428]
Event: 5.658 Thread 0x00007fb220811800 1073       3       sun.reflect.ClassFileAssembler::emitConstantPoolUTF8 (50 bytes)
Event: 5.659 Thread 0x00007fb220811800 nmethod 1073 0x00000001201ab310 code [0x00000001201ab500, 0x00000001201abba8]
Event: 5.659 Thread 0x00007fb220811800 1074   !   3       vtk.vtkJavaMemoryManagerImpl::getJavaObject (230 bytes)
Event: 5.660 Thread 0x00007fb220811800 nmethod 1074 0x00000001201ad550 code [0x00000001201ad920, 0x00000001201aff38]
Event: 5.660 Thread 0x00007fb220811800 1075       3       java.util.concurrent.locks.AbstractQueuedSynchronizer::compareAndSetState (13 bytes)
Event: 5.660 Thread 0x00007fb220811800 nmethod 1075 0x00000001201aafd0 code [0x00000001201ab120, 0x00000001201ab290]
Event: 5.660 Thread 0x00007fb220811800 1076       3       java.util.concurrent.locks.ReentrantLock$Sync::tryRelease (45 bytes)
Event: 5.660 Thread 0x00007fb220811800 nmethod 1076 0x00000001201aa750 code [0x00000001201aa8e0, 0x00000001201aae88]

GC Heap History (0 events):
No events

Deoptimization events (8 events):
Event: 2.793 Thread 0x00007fb2202e4000 Uncommon trap: reason=unstable_if action=reinterpret pc=0x000000011ff9b92c method=java.lang.String.<init>([CII)V @ 18
Event: 2.823 Thread 0x00007fb221a9b800 Uncommon trap: reason=unstable_if action=reinterpret pc=0x000000011ffb1448 method=java.lang.String.indexOf([CII[CIII)I @ 3
Event: 2.889 Thread 0x00007fb221a9b800 Uncommon trap: reason=unstable_if action=reinterpret pc=0x000000011ffd212c method=java.util.jar.Manifest$FastInputStream.peek()B @ 8
Event: 2.897 Thread 0x00007fb221a9b800 Uncommon trap: reason=unstable_if action=reinterpret pc=0x000000011ffcefb0 method=java.lang.StringCoding.decode(Ljava/lang/String;[BII)[C @ 51
Event: 2.932 Thread 0x00007fb221a9b800 Uncommon trap: reason=unstable_if action=reinterpret pc=0x000000011ffd5200 method=java.util.HashMap.putVal(ILjava/lang/Object;Ljava/lang/Object;ZZ)Ljava/lang/Object; @ 181
Event: 4.861 Thread 0x00007fb221a9b800 Uncommon trap: reason=unstable_if action=reinterpret pc=0x00000001200154e0 method=java.lang.StringCoding$StringDecoder.decode([BII)[C @ 33
Event: 4.862 Thread 0x00007fb221a9b800 Uncommon trap: reason=unstable_if action=reinterpret pc=0x0000000120017328 method=java.lang.StringCoding.safeTrim([CILjava/nio/charset/Charset;Z)[C @ 3
Event: 5.640 Thread 0x00007fb221a9b800 Uncommon trap: reason=unstable_if action=reinterpret pc=0x000000011ffb3a90 method=java.lang.ref.SoftReference.get()Ljava/lang/Object; @ 6

Internal exceptions (10 events):
Event: 2.804 Thread 0x00007fb221a9b800 Exception <a 'java/io/FileNotFoundException'> (0x000000076b4f8060) thrown at [/Users/java_re/workspace/8-2-build-macosx-x86_64/jdk8u131/8869/hotspot/src/share/vm/prims/jni.cpp, line 709]
Event: 2.805 Thread 0x00007fb221a9b800 Exception <a 'java/io/FileNotFoundException'> (0x000000076b4fabf0) thrown at [/Users/java_re/workspace/8-2-build-macosx-x86_64/jdk8u131/8869/hotspot/src/share/vm/prims/jni.cpp, line 709]
Event: 2.805 Thread 0x00007fb221a9b800 Exception <a 'java/io/FileNotFoundException'> (0x000000076b4fd738) thrown at [/Users/java_re/workspace/8-2-build-macosx-x86_64/jdk8u131/8869/hotspot/src/share/vm/prims/jni.cpp, line 709]
Event: 2.806 Thread 0x00007fb221a9b800 Exception <a 'java/io/FileNotFoundException'> (0x000000076b5002c8) thrown at [/Users/java_re/workspace/8-2-build-macosx-x86_64/jdk8u131/8869/hotspot/src/share/vm/prims/jni.cpp, line 709]
Event: 2.807 Thread 0x00007fb221a9b800 Exception <a 'java/io/FileNotFoundException'> (0x000000076b502e10) thrown at [/Users/java_re/workspace/8-2-build-macosx-x86_64/jdk8u131/8869/hotspot/src/share/vm/prims/jni.cpp, line 709]
Event: 2.808 Thread 0x00007fb221a9b800 Exception <a 'java/io/FileNotFoundException'> (0x000000076b5059a0) thrown at [/Users/java_re/workspace/8-2-build-macosx-x86_64/jdk8u131/8869/hotspot/src/share/vm/prims/jni.cpp, line 709]
Event: 2.809 Thread 0x00007fb221a9b800 Exception <a 'java/io/FileNotFoundException'> (0x000000076b50b3a8) thrown at [/Users/java_re/workspace/8-2-build-macosx-x86_64/jdk8u131/8869/hotspot/src/share/vm/prims/jni.cpp, line 709]
Event: 2.809 Thread 0x00007fb221a9b800 Exception <a 'java/io/FileNotFoundException'> (0x000000076b50e160) thrown at [/Users/java_re/workspace/8-2-build-macosx-x86_64/jdk8u131/8869/hotspot/src/share/vm/prims/jni.cpp, line 709]
Event: 2.810 Thread 0x00007fb221a9b800 Exception <a 'java/io/FileNotFoundException'> (0x000000076b510e60) thrown at [/Users/java_re/workspace/8-2-build-macosx-x86_64/jdk8u131/8869/hotspot/src/share/vm/prims/jni.cpp, line 709]
Event: 3.034 Thread 0x00007fb221a9b800 Exception <a 'java/lang/UnsatisfiedLinkError': com.jogamp.common.util.JarUtil.fixNativeLibAttribs(Ljava/lang/String;)Z> (0x000000076c822a10) thrown at [/Users/java_re/workspace/8-2-build-macosx-x86_64/jdk8u131/8869/hotspot/src/share/vm/prims/nativeLookup.

Events (10 events):
Event: 5.656 loading class edu/jhuapl/saavtk2/image/projection/ConstantDepthFunction
Event: 5.656 loading class edu/jhuapl/saavtk2/image/projection/ConstantDepthFunction done
Event: 5.659 loading class edu/jhuapl/saavtk2/polydata/clip/PolyDataClip
Event: 5.659 loading class edu/jhuapl/saavtk2/polydata/clip/PolyDataClip done
Event: 5.659 loading class edu/jhuapl/saavtk2/polydata/PolyDataModifier
Event: 5.659 loading class edu/jhuapl/saavtk2/polydata/PolyDataModifier done
Event: 5.659 loading class edu/jhuapl/saavtk2/polydata/PolyDataOperator
Event: 5.659 loading class edu/jhuapl/saavtk2/polydata/PolyDataOperator done
Event: 5.660 loading class vtk/vtkClipPolyData
Event: 5.660 loading class vtk/vtkClipPolyData done


Dynamic libraries:
0x0000000029544000 	/System/Library/Frameworks/Cocoa.framework/Versions/A/Cocoa
0x0000000029544000 	/System/Library/Frameworks/Security.framework/Versions/A/Security
0x0000000029544000 	/System/Library/Frameworks/ApplicationServices.framework/Versions/A/ApplicationServices
0x0000000029544000 	/usr/lib/libz.1.dylib
0x000000010ff41000 	/usr/lib/libSystem.B.dylib
0x0000000029544000 	/usr/lib/libobjc.A.dylib
0x0000000029544000 	/System/Library/Frameworks/CoreFoundation.framework/Versions/A/CoreFoundation
0x0000000029544000 	/System/Library/Frameworks/Foundation.framework/Versions/C/Foundation
0x0000000029544000 	/System/Library/Frameworks/AppKit.framework/Versions/C/AppKit
0x0000000029544000 	/System/Library/Frameworks/CoreData.framework/Versions/A/CoreData
0x0000000029544000 	/System/Library/PrivateFrameworks/RemoteViewServices.framework/Versions/A/RemoteViewServices
0x0000000029544000 	/System/Library/PrivateFrameworks/UIFoundation.framework/Versions/A/UIFoundation
0x0000000029544000 	/System/Library/PrivateFrameworks/DFRFoundation.framework/Versions/A/DFRFoundation
0x0000000029544000 	/usr/lib/libenergytrace.dylib
0x0000000029544000 	/System/Library/PrivateFrameworks/SkyLight.framework/Versions/A/SkyLight
0x0000000029544000 	/System/Library/Frameworks/CoreGraphics.framework/Versions/A/CoreGraphics
0x0000000029544000 	/usr/lib/libScreenReader.dylib
0x0000000029544000 	/System/Library/Frameworks/Accelerate.framework/Versions/A/Accelerate
0x0000000029544000 	/System/Library/Frameworks/IOSurface.framework/Versions/A/IOSurface
0x0000000029544000 	/System/Library/Frameworks/AudioToolbox.framework/Versions/A/AudioToolbox
0x0000000029544000 	/System/Library/Frameworks/AudioUnit.framework/Versions/A/AudioUnit
0x0000000029544000 	/System/Library/PrivateFrameworks/DataDetectorsCore.framework/Versions/A/DataDetectorsCore
0x0000000029544000 	/System/Library/PrivateFrameworks/DesktopServicesPriv.framework/Versions/A/DesktopServicesPriv
0x0000000029544000 	/System/Library/Frameworks/Carbon.framework/Versions/A/Frameworks/HIToolbox.framework/Versions/A/HIToolbox
0x0000000029544000 	/usr/lib/libicucore.A.dylib
0x0000000029544000 	/System/Library/Frameworks/QuartzCore.framework/Versions/A/QuartzCore
0x0000000029544000 	/System/Library/Frameworks/Carbon.framework/Versions/A/Frameworks/SpeechRecognition.framework/Versions/A/SpeechRecognition
0x0000000029544000 	/usr/lib/libauto.dylib
0x0000000029544000 	/usr/lib/libxml2.2.dylib
0x0000000029544000 	/System/Library/PrivateFrameworks/CoreUI.framework/Versions/A/CoreUI
0x0000000029544000 	/System/Library/Frameworks/CoreAudio.framework/Versions/A/CoreAudio
0x0000000029544000 	/System/Library/Frameworks/DiskArbitration.framework/Versions/A/DiskArbitration
0x0000000029544000 	/usr/lib/liblangid.dylib
0x0000000029544000 	/System/Library/PrivateFrameworks/MultitouchSupport.framework/Versions/A/MultitouchSupport
0x000000010ff49000 	/System/Library/Frameworks/IOKit.framework/Versions/A/IOKit
0x0000000029544000 	/usr/lib/libDiagnosticMessagesClient.dylib
0x0000000029544000 	/System/Library/Frameworks/CoreServices.framework/Versions/A/CoreServices
0x0000000029544000 	/System/Library/PrivateFrameworks/PerformanceAnalysis.framework/Versions/A/PerformanceAnalysis
0x0000000029544000 	/System/Library/PrivateFrameworks/GenerationalStorage.framework/Versions/A/GenerationalStorage
0x0000000029544000 	/System/Library/Frameworks/OpenGL.framework/Versions/A/OpenGL
0x0000000029544000 	/System/Library/Frameworks/CoreImage.framework/Versions/A/CoreImage
0x0000000029544000 	/System/Library/Frameworks/CoreText.framework/Versions/A/CoreText
0x0000000029544000 	/System/Library/Frameworks/ImageIO.framework/Versions/A/ImageIO
0x0000000029544000 	/System/Library/PrivateFrameworks/Backup.framework/Versions/A/Backup
0x0000000029544000 	/usr/lib/libarchive.2.dylib
0x0000000110025000 	/System/Library/Frameworks/CFNetwork.framework/Versions/A/CFNetwork
0x0000000029544000 	/System/Library/Frameworks/SystemConfiguration.framework/Versions/A/SystemConfiguration
0x0000000029544000 	/usr/lib/libCRFSuite.dylib
0x0000000029544000 	/usr/lib/libc++.1.dylib
0x0000000029544000 	/usr/lib/libc++abi.dylib
0x0000000029544000 	/usr/lib/system/libcache.dylib
0x0000000029544000 	/usr/lib/system/libcommonCrypto.dylib
0x0000000029544000 	/usr/lib/system/libcompiler_rt.dylib
0x0000000029544000 	/usr/lib/system/libcopyfile.dylib
0x0000000029544000 	/usr/lib/system/libcorecrypto.dylib
0x0000000029544000 	/usr/lib/system/libdispatch.dylib
0x000000011072b000 	/usr/lib/system/libdyld.dylib
0x0000000029544000 	/usr/lib/system/libkeymgr.dylib
0x0000000029544000 	/usr/lib/system/liblaunch.dylib
0x0000000029544000 	/usr/lib/system/libmacho.dylib
0x0000000029544000 	/usr/lib/system/libquarantine.dylib
0x0000000029544000 	/usr/lib/system/libremovefile.dylib
0x0000000029544000 	/usr/lib/system/libsystem_asl.dylib
0x0000000029544000 	/usr/lib/system/libsystem_blocks.dylib
0x0000000029544000 	/usr/lib/system/libsystem_c.dylib
0x0000000029544000 	/usr/lib/system/libsystem_configuration.dylib
0x0000000029544000 	/usr/lib/system/libsystem_coreservices.dylib
0x0000000029544000 	/usr/lib/system/libsystem_coretls.dylib
0x0000000029544000 	/usr/lib/system/libsystem_dnssd.dylib
0x0000000029544000 	/usr/lib/system/libsystem_info.dylib
0x0000000110740000 	/usr/lib/system/libsystem_kernel.dylib
0x0000000029544000 	/usr/lib/system/libsystem_m.dylib
0x0000000029544000 	/usr/lib/system/libsystem_malloc.dylib
0x0000000029544000 	/usr/lib/system/libsystem_network.dylib
0x0000000029544000 	/usr/lib/system/libsystem_networkextension.dylib
0x0000000029544000 	/usr/lib/system/libsystem_notify.dylib
0x0000000029544000 	/usr/lib/system/libsystem_platform.dylib
0x0000000029544000 	/usr/lib/system/libsystem_pthread.dylib
0x000000011077c000 	/usr/lib/system/libsystem_sandbox.dylib
0x0000000029544000 	/usr/lib/system/libsystem_secinit.dylib
0x0000000029544000 	/usr/lib/system/libsystem_symptoms.dylib
0x0000000029544000 	/usr/lib/system/libsystem_trace.dylib
0x0000000029544000 	/usr/lib/system/libunwind.dylib
0x0000000029544000 	/usr/lib/system/libxpc.dylib
0x0000000029544000 	/usr/lib/libbsm.0.dylib
0x000000011078d000 	/usr/lib/system/libkxld.dylib
0x0000000029544000 	/usr/lib/libcoretls.dylib
0x0000000029544000 	/usr/lib/libcoretls_cfhelpers.dylib
0x0000000029544000 	/usr/lib/libOpenScriptingUtil.dylib
0x0000000029544000 	/usr/lib/libpam.2.dylib
0x0000000029544000 	/usr/lib/libsqlite3.dylib
0x0000000029544000 	/usr/lib/libxar.1.dylib
0x0000000029544000 	/usr/lib/libbz2.1.0.dylib
0x0000000029544000 	/usr/lib/liblzma.5.dylib
0x0000000029544000 	/usr/lib/libnetwork.dylib
0x0000000029544000 	/usr/lib/libpcap.A.dylib
0x0000000029544000 	/System/Library/Frameworks/CoreServices.framework/Versions/A/Frameworks/FSEvents.framework/Versions/A/FSEvents
0x0000000029544000 	/System/Library/Frameworks/CoreServices.framework/Versions/A/Frameworks/CarbonCore.framework/Versions/A/CarbonCore
0x0000000029544000 	/System/Library/Frameworks/CoreServices.framework/Versions/A/Frameworks/Metadata.framework/Versions/A/Metadata
0x0000000029544000 	/System/Library/Frameworks/CoreServices.framework/Versions/A/Frameworks/OSServices.framework/Versions/A/OSServices
0x0000000029544000 	/System/Library/Frameworks/CoreServices.framework/Versions/A/Frameworks/SearchKit.framework/Versions/A/SearchKit
0x0000000029544000 	/System/Library/Frameworks/CoreServices.framework/Versions/A/Frameworks/AE.framework/Versions/A/AE
0x0000000029544000 	/System/Library/Frameworks/CoreServices.framework/Versions/A/Frameworks/LaunchServices.framework/Versions/A/LaunchServices
0x0000000029544000 	/System/Library/Frameworks/CoreServices.framework/Versions/A/Frameworks/DictionaryServices.framework/Versions/A/DictionaryServices
0x0000000029544000 	/System/Library/Frameworks/CoreServices.framework/Versions/A/Frameworks/SharedFileList.framework/Versions/A/SharedFileList
0x0000000029544000 	/System/Library/Frameworks/NetFS.framework/Versions/A/NetFS
0x0000000029544000 	/System/Library/PrivateFrameworks/NetAuth.framework/Versions/A/NetAuth
0x0000000029544000 	/System/Library/PrivateFrameworks/login.framework/Versions/A/Frameworks/loginsupport.framework/Versions/A/loginsupport
0x0000000029544000 	/System/Library/PrivateFrameworks/TCC.framework/Versions/A/TCC
0x0000000029544000 	/usr/lib/libmecabra.dylib
0x0000000029544000 	/System/Library/Frameworks/ApplicationServices.framework/Versions/A/Frameworks/ATS.framework/Versions/A/ATS
0x0000000029544000 	/System/Library/Frameworks/ApplicationServices.framework/Versions/A/Frameworks/ColorSync.framework/Versions/A/ColorSync
0x0000000029544000 	/System/Library/Frameworks/ApplicationServices.framework/Versions/A/Frameworks/HIServices.framework/Versions/A/HIServices
0x0000000029544000 	/System/Library/Frameworks/ApplicationServices.framework/Versions/A/Frameworks/LangAnalysis.framework/Versions/A/LangAnalysis
0x0000000029544000 	/System/Library/Frameworks/ApplicationServices.framework/Versions/A/Frameworks/PrintCore.framework/Versions/A/PrintCore
0x0000000029544000 	/System/Library/Frameworks/ApplicationServices.framework/Versions/A/Frameworks/QD.framework/Versions/A/QD
0x0000000029544000 	/System/Library/Frameworks/ApplicationServices.framework/Versions/A/Frameworks/SpeechSynthesis.framework/Versions/A/SpeechSynthesis
0x0000000029544000 	/System/Library/Frameworks/Accelerate.framework/Versions/A/Frameworks/vImage.framework/Versions/A/vImage
0x0000000029544000 	/System/Library/Frameworks/Accelerate.framework/Versions/A/Frameworks/vecLib.framework/Versions/A/vecLib
0x0000000029544000 	/System/Library/Frameworks/Accelerate.framework/Versions/A/Frameworks/vecLib.framework/Versions/A/libvDSP.dylib
0x0000000029544000 	/System/Library/Frameworks/Accelerate.framework/Versions/A/Frameworks/vecLib.framework/Versions/A/libBNNS.dylib
0x0000000029544000 	/System/Library/Frameworks/Accelerate.framework/Versions/A/Frameworks/vecLib.framework/Versions/A/libQuadrature.dylib
0x0000000029544000 	/System/Library/Frameworks/Accelerate.framework/Versions/A/Frameworks/vecLib.framework/Versions/A/libvMisc.dylib
0x0000000029544000 	/System/Library/Frameworks/Accelerate.framework/Versions/A/Frameworks/vecLib.framework/Versions/A/libLAPACK.dylib
0x0000000029544000 	/System/Library/Frameworks/Accelerate.framework/Versions/A/Frameworks/vecLib.framework/Versions/A/libBLAS.dylib
0x0000000029544000 	/System/Library/Frameworks/Accelerate.framework/Versions/A/Frameworks/vecLib.framework/Versions/A/libLinearAlgebra.dylib
0x0000000029544000 	/System/Library/Frameworks/Accelerate.framework/Versions/A/Frameworks/vecLib.framework/Versions/A/libSparseBLAS.dylib
0x0000000029544000 	/System/Library/Frameworks/ApplicationServices.framework/Versions/A/Frameworks/ATS.framework/Versions/A/Resources/libFontParser.dylib
0x0000000029544000 	/System/Library/Frameworks/ApplicationServices.framework/Versions/A/Frameworks/ATS.framework/Versions/A/Resources/libFontRegistry.dylib
0x0000000029544000 	/System/Library/Frameworks/ImageIO.framework/Versions/A/Resources/libJPEG.dylib
0x0000000029544000 	/System/Library/Frameworks/ImageIO.framework/Versions/A/Resources/libTIFF.dylib
0x0000000029544000 	/System/Library/Frameworks/ImageIO.framework/Versions/A/Resources/libPng.dylib
0x0000000029544000 	/System/Library/Frameworks/ImageIO.framework/Versions/A/Resources/libGIF.dylib
0x0000000029544000 	/System/Library/Frameworks/ImageIO.framework/Versions/A/Resources/libJP2.dylib
0x0000000029544000 	/System/Library/Frameworks/ImageIO.framework/Versions/A/Resources/libRadiance.dylib
0x0000000029544000 	/usr/lib/libcompression.dylib
0x0000000029544000 	/System/Library/PrivateFrameworks/AppleJPEG.framework/Versions/A/AppleJPEG
0x0000000029544000 	/usr/lib/libcups.2.dylib
0x0000000029544000 	/System/Library/Frameworks/Kerberos.framework/Versions/A/Kerberos
0x0000000029544000 	/System/Library/Frameworks/GSS.framework/Versions/A/GSS
0x0000000029544000 	/usr/lib/libresolv.9.dylib
0x0000000029544000 	/usr/lib/libiconv.2.dylib
0x0000000029544000 	/System/Library/PrivateFrameworks/Heimdal.framework/Versions/A/Heimdal
0x0000000029544000 	/usr/lib/libheimdal-asn1.dylib
0x0000000029544000 	/System/Library/Frameworks/OpenDirectory.framework/Versions/A/OpenDirectory
0x0000000029544000 	/System/Library/PrivateFrameworks/CommonAuth.framework/Versions/A/CommonAuth
0x0000000029544000 	/System/Library/Frameworks/OpenDirectory.framework/Versions/A/Frameworks/CFOpenDirectory.framework/Versions/A/CFOpenDirectory
0x0000000029544000 	/System/Library/Frameworks/SecurityFoundation.framework/Versions/A/SecurityFoundation
0x0000000029544000 	/System/Library/PrivateFrameworks/LanguageModeling.framework/Versions/A/LanguageModeling
0x0000000029544000 	/usr/lib/libmarisa.dylib
0x0000000029544000 	/usr/lib/libChineseTokenizer.dylib
0x0000000029544000 	/usr/lib/libcmph.dylib
0x0000000029544000 	/System/Library/PrivateFrameworks/CoreEmoji.framework/Versions/A/CoreEmoji
0x0000000029544000 	/System/Library/Frameworks/ServiceManagement.framework/Versions/A/ServiceManagement
0x0000000029544000 	/usr/lib/libxslt.1.dylib
0x0000000029544000 	/System/Library/Frameworks/Carbon.framework/Versions/A/Frameworks/Ink.framework/Versions/A/Ink
0x0000000029544000 	/System/Library/PrivateFrameworks/TextureIO.framework/Versions/A/TextureIO
0x0000000029544000 	/System/Library/Frameworks/Metal.framework/Versions/A/Metal
0x0000000029544000 	/usr/lib/libate.dylib
0x0000000029544000 	/System/Library/PrivateFrameworks/GPUCompiler.framework/libmetal_timestamp.dylib
0x0000000029544000 	/System/Library/Frameworks/OpenGL.framework/Versions/A/Libraries/libCoreFSCache.dylib
0x0000000029544000 	/System/Library/PrivateFrameworks/IOAccelerator.framework/Versions/A/IOAccelerator
0x0000000029544000 	/System/Library/Frameworks/CoreVideo.framework/Versions/A/CoreVideo
0x0000000029544000 	/usr/lib/libFosl_dynamic.dylib
0x0000000029544000 	/System/Library/PrivateFrameworks/MetalPerformanceShaders.framework/Versions/A/MetalPerformanceShaders
0x0000000029544000 	/System/Library/PrivateFrameworks/FaceCore.framework/Versions/A/FaceCore
0x0000000029544000 	/System/Library/Frameworks/OpenCL.framework/Versions/A/OpenCL
0x0000000029544000 	/System/Library/Frameworks/OpenGL.framework/Versions/A/Libraries/libGLU.dylib
0x0000000029544000 	/System/Library/Frameworks/OpenGL.framework/Versions/A/Libraries/libGFXShared.dylib
0x0000000029544000 	/System/Library/Frameworks/OpenGL.framework/Versions/A/Libraries/libGL.dylib
0x0000000029544000 	/System/Library/Frameworks/OpenGL.framework/Versions/A/Libraries/libGLImage.dylib
0x0000000029544000 	/System/Library/Frameworks/OpenGL.framework/Versions/A/Libraries/libCVMSPluginSupport.dylib
0x0000000029544000 	/System/Library/Frameworks/OpenGL.framework/Versions/A/Libraries/libCoreVMClient.dylib
0x0000000029544000 	/System/Library/PrivateFrameworks/CrashReporterSupport.framework/Versions/A/CrashReporterSupport
0x0000000029544000 	/System/Library/PrivateFrameworks/Sharing.framework/Versions/A/Sharing
0x0000000029544000 	/System/Library/PrivateFrameworks/IconServices.framework/Versions/A/IconServices
0x0000000029544000 	/System/Library/PrivateFrameworks/ProtocolBuffer.framework/Versions/A/ProtocolBuffer
0x0000000029544000 	/System/Library/PrivateFrameworks/Apple80211.framework/Versions/A/Apple80211
0x0000000029544000 	/System/Library/Frameworks/CoreWLAN.framework/Versions/A/CoreWLAN
0x0000000029544000 	/System/Library/PrivateFrameworks/CoreUtils.framework/Versions/A/CoreUtils
0x0000000029544000 	/System/Library/Frameworks/IOBluetooth.framework/Versions/A/IOBluetooth
0x0000000029544000 	/System/Library/PrivateFrameworks/CoreWiFi.framework/Versions/A/CoreWiFi
0x0000000029544000 	/System/Library/Frameworks/CoreBluetooth.framework/Versions/A/CoreBluetooth
0x0000000029544000 	/System/Library/Frameworks/CoreDisplay.framework/Versions/A/CoreDisplay
0x0000000029544000 	/System/Library/PrivateFrameworks/IOPresentment.framework/Versions/A/IOPresentment
0x0000000029544000 	/System/Library/PrivateFrameworks/DSExternalDisplay.framework/Versions/A/DSExternalDisplay
0x0000000029544000 	/System/Library/PrivateFrameworks/DebugSymbols.framework/Versions/A/DebugSymbols
0x0000000029544000 	/System/Library/PrivateFrameworks/CoreSymbolication.framework/Versions/A/CoreSymbolication
0x0000000029544000 	/System/Library/PrivateFrameworks/Symbolication.framework/Versions/A/Symbolication
0x0000000029544000 	/System/Library/PrivateFrameworks/AppleFSCompression.framework/Versions/A/AppleFSCompression
0x0000000029544000 	/System/Library/PrivateFrameworks/SpeechRecognitionCore.framework/Versions/A/SpeechRecognitionCore
0x0000000029544000 	/System/Library/PrivateFrameworks/ChunkingLibrary.framework/Versions/A/ChunkingLibrary
0x0000000111800000 	/Library/Java/JavaVirtualMachines/jdk1.8.0_131.jdk/Contents/Home/jre/lib/server/libjvm.dylib
0x0000000029544000 	/usr/lib/libstdc++.6.dylib
0x00000001127a3000 	/Library/Java/JavaVirtualMachines/jdk1.8.0_131.jdk/Contents/Home/jre/lib/libverify.dylib
0x00000001127b1000 	/Library/Java/JavaVirtualMachines/jdk1.8.0_131.jdk/Contents/Home/jre/lib/libjava.dylib
0x00000001127ee000 	/Library/Java/JavaVirtualMachines/jdk1.8.0_131.jdk/Contents/Home/jre/lib/libzip.dylib
0x000000011e8ad000 	/System/Library/Frameworks/JavaVM.framework/Frameworks/JavaRuntimeSupport.framework/JavaRuntimeSupport
0x000000011e8c7000 	/System/Library/Frameworks/JavaVM.framework/Versions/A/Frameworks/JavaNativeFoundation.framework/Versions/A/JavaNativeFoundation
0x000000011e8dc000 	/System/Library/Frameworks/JavaVM.framework/Versions/A/JavaVM
0x0000000029544000 	/System/Library/Frameworks/Carbon.framework/Versions/A/Carbon
0x000000011e8e9000 	/System/Library/PrivateFrameworks/JavaLaunching.framework/Versions/A/JavaLaunching
0x0000000029544000 	/System/Library/Frameworks/Carbon.framework/Versions/A/Frameworks/CommonPanels.framework/Versions/A/CommonPanels
0x0000000029544000 	/System/Library/Frameworks/Carbon.framework/Versions/A/Frameworks/Help.framework/Versions/A/Help
0x0000000029544000 	/System/Library/Frameworks/Carbon.framework/Versions/A/Frameworks/ImageCapture.framework/Versions/A/ImageCapture
0x0000000029544000 	/System/Library/Frameworks/Carbon.framework/Versions/A/Frameworks/OpenScripting.framework/Versions/A/OpenScripting
0x0000000029544000 	/System/Library/Frameworks/Carbon.framework/Versions/A/Frameworks/Print.framework/Versions/A/Print
0x0000000029544000 	/System/Library/Frameworks/Carbon.framework/Versions/A/Frameworks/SecurityHI.framework/Versions/A/SecurityHI
0x000000011eabe000 	/Library/Java/JavaVirtualMachines/jdk1.8.0_131.jdk/Contents/Home/jre/lib/libawt.dylib
0x000000011eb66000 	/Library/Java/JavaVirtualMachines/jdk1.8.0_131.jdk/Contents/Home/jre/lib/./libmlib_image.dylib
0x000000011ec32000 	/Library/Java/JavaVirtualMachines/jdk1.8.0_131.jdk/Contents/Home/jre/lib/libawt_lwawt.dylib
0x000000011ece9000 	/Library/Java/JavaVirtualMachines/jdk1.8.0_131.jdk/Contents/Home/jre/lib/./libosxapp.dylib
0x0000000029544000 	/System/Library/Frameworks/ExceptionHandling.framework/Versions/A/ExceptionHandling
0x0000000029544000 	/System/Library/PrivateFrameworks/CoreServicesInternal.framework/Versions/A/CoreServicesInternal
0x0000000029544000 	/System/Library/CoreServices/RawCamera.bundle/Contents/MacOS/RawCamera
0x0000000029544000 	/System/Library/Frameworks/Accelerate.framework/Versions/A/Frameworks/vImage.framework/Versions/A/Libraries/libCGInterfaces.dylib
0x0000000029544000 	/System/Library/PrivateFrameworks/FamilyControls.framework/Versions/A/FamilyControls
0x0000000029544000 	/System/Library/PrivateFrameworks/CommerceKit.framework/Versions/A/Frameworks/CommerceCore.framework/Versions/A/CommerceCore
0x0000000029544000 	/System/Library/PrivateFrameworks/SystemAdministration.framework/Versions/A/SystemAdministration
0x0000000029544000 	/System/Library/PrivateFrameworks/AppContainer.framework/Versions/A/AppContainer
0x0000000029544000 	/System/Library/PrivateFrameworks/SecCodeWrapper.framework/Versions/A/SecCodeWrapper
0x0000000029544000 	/System/Library/Frameworks/DirectoryService.framework/Versions/A/DirectoryService
0x0000000029544000 	/System/Library/PrivateFrameworks/DiskImages.framework/Versions/A/DiskImages
0x0000000029544000 	/System/Library/PrivateFrameworks/LoginUIKit.framework/Versions/A/Frameworks/LoginUICore.framework/Versions/A/LoginUICore
0x0000000029544000 	/usr/lib/libCoreStorage.dylib
0x0000000029544000 	/usr/lib/libcsfde.dylib
0x0000000029544000 	/usr/lib/libodfde.dylib
0x0000000029544000 	/System/Library/Frameworks/DiscRecording.framework/Versions/A/DiscRecording
0x0000000029544000 	/usr/lib/libcurl.4.dylib
0x0000000029544000 	/System/Library/PrivateFrameworks/MediaKit.framework/Versions/A/MediaKit
0x0000000029544000 	/System/Library/PrivateFrameworks/ProtectedCloudStorage.framework/Versions/A/ProtectedCloudStorage
0x0000000029544000 	/System/Library/PrivateFrameworks/EFILogin.framework/Versions/A/EFILogin
0x0000000029544000 	/usr/lib/libutil.dylib
0x0000000029544000 	/System/Library/Frameworks/LDAP.framework/Versions/A/LDAP
0x0000000029544000 	/usr/lib/libsasl2.2.dylib
0x0000000029544000 	/System/Library/PrivateFrameworks/CoreDaemon.framework/Versions/B/CoreDaemon
0x0000000029544000 	/System/Library/PrivateFrameworks/AppleSRP.framework/Versions/A/AppleSRP
0x0000000029544000 	/System/Library/PrivateFrameworks/APFS.framework/Versions/A/APFS
0x0000000029544000 	/System/Library/Frameworks/ApplicationServices.framework/Versions/A/Frameworks/ATS.framework/Versions/A/Resources/libTrueTypeScaler.dylib
0x0000000132cc3000 	/System/Library/Frameworks/OpenGL.framework/Resources/GLEngine.bundle/GLEngine
0x0000000029544000 	/System/Library/Frameworks/OpenGL.framework/Versions/A/Libraries/libGLProgrammability.dylib
0x0000000132ea8000 	/System/Library/Extensions/AppleIntelSKLGraphicsGLDriver.bundle/Contents/MacOS/AppleIntelSKLGraphicsGLDriver
0x0000000029544000 	/System/Library/PrivateFrameworks/GPUSupport.framework/Versions/A/Libraries/libGPUSupportMercury.dylib
0x0000000133c2c000 	/System/Library/Extensions/AMDRadeonX4000GLDriver.bundle/Contents/MacOS/AMDRadeonX4000GLDriver
0x0000000133d0c000 	/System/Library/Extensions/AMDRadeonX4000GLDriver.bundle/Contents/MacOS/ATIRadeonX4000SCLib.dylib
0x00000001342ea000 	/System/Library/Frameworks/OpenGL.framework/Resources//GLRendererFloat.bundle/GLRendererFloat
0x0000000029544000 	/System/Library/Frameworks/OpenCL.framework/Versions/A/Libraries/libcldcpuengine.dylib
0x0000000029544000 	/usr/lib/libcrypto.0.9.8.dylib
0x0000000029544000 	/System/Library/PrivateFrameworks/TrustEvaluationAgent.framework/Versions/A/TrustEvaluationAgent
0x0000000029544000 	/System/Library/Extensions/AMDMTLBronzeDriver.bundle/Contents/MacOS/AMDMTLBronzeDriver
0x0000000029544000 	/System/Library/PrivateFrameworks/IOAccelMemoryInfo.framework/Versions/A/IOAccelMemoryInfo
0x000000013433c000 	/System/Library/Extensions/AppleIntelSKLGraphicsMTLDriver.bundle/Contents/MacOS/AppleIntelSKLGraphicsMTLDriver
0x0000000029544000 	/System/Library/PrivateFrameworks/ViewBridge.framework/Versions/A/ViewBridge
0x0000000029544000 	/System/Library/PrivateFrameworks/XPCService.framework/Versions/A/XPCService
0x0000000029544000 	/System/Library/PrivateFrameworks/AppSandbox.framework/Versions/A/AppSandbox
0x0000000134b43000 	/usr/lib/libsandbox.1.dylib
0x0000000029544000 	/usr/lib/libMatch.1.dylib
0x00000001326a4000 	/Users/zimmemi1/sbmt/workspace/saavtk/lib/vtk6.3/mac64/libvtkChartsCoreJava.jnilib
0x0000000134ba1000 	/Users/zimmemi1/sbmt/workspace/saavtk/lib/vtk6.3/mac64/libvtkChartsCore-6.3.jnilib
0x00000001326e0000 	/Users/zimmemi1/sbmt/workspace/saavtk/lib/vtk6.3/mac64/libvtkRenderingContext2DJava.jnilib
0x000000013489a000 	/Users/zimmemi1/sbmt/workspace/saavtk/lib/vtk6.3/mac64/libvtkRenderingContext2D-6.3.jnilib
0x0000000134cad000 	/Users/zimmemi1/sbmt/workspace/saavtk/lib/vtk6.3/mac64/libvtkRenderingCoreJava.jnilib
0x0000000134d5d000 	/Users/zimmemi1/sbmt/workspace/saavtk/lib/vtk6.3/mac64/libvtkRenderingCore-6.3.jnilib
0x00000001348ca000 	/Users/zimmemi1/sbmt/workspace/saavtk/lib/vtk6.3/mac64/libvtkCommonColorJava.jnilib
0x0000000134eee000 	/Users/zimmemi1/sbmt/workspace/saavtk/lib/vtk6.3/mac64/libvtkCommonColor-6.3.jnilib
0x0000000134f09000 	/Users/zimmemi1/sbmt/workspace/saavtk/lib/vtk6.3/mac64/libvtkCommonExecutionModelJava.jnilib
0x0000000134f41000 	/Users/zimmemi1/sbmt/workspace/saavtk/lib/vtk6.3/mac64/libvtkCommonExecutionModel-6.3.jnilib
0x0000000134fd7000 	/Users/zimmemi1/sbmt/workspace/saavtk/lib/vtk6.3/mac64/libvtkCommonDataModelJava.jnilib
0x00000001350d1000 	/Users/zimmemi1/sbmt/workspace/saavtk/lib/vtk6.3/mac64/libvtkCommonDataModel-6.3.jnilib
0x00000001348d4000 	/Users/zimmemi1/sbmt/workspace/saavtk/lib/vtk6.3/mac64/libvtkCommonMiscJava.jnilib
0x00000001353dc000 	/Users/zimmemi1/sbmt/workspace/saavtk/lib/vtk6.3/mac64/libvtkCommonMisc-6.3.jnilib
0x00000001348dd000 	/Users/zimmemi1/sbmt/workspace/saavtk/lib/vtk6.3/mac64/libvtkCommonSystemJava.jnilib
0x00000001353f1000 	/Users/zimmemi1/sbmt/workspace/saavtk/lib/vtk6.3/mac64/libvtkCommonSystem-6.3.jnilib
0x0000000135406000 	/Users/zimmemi1/sbmt/workspace/saavtk/lib/vtk6.3/mac64/libvtkCommonTransformsJava.jnilib
0x000000013541f000 	/Users/zimmemi1/sbmt/workspace/saavtk/lib/vtk6.3/mac64/libvtkCommonTransforms-6.3.jnilib
0x000000013544c000 	/Users/zimmemi1/sbmt/workspace/saavtk/lib/vtk6.3/mac64/libvtkCommonMathJava.jnilib
0x000000013545c000 	/Users/zimmemi1/sbmt/workspace/saavtk/lib/vtk6.3/mac64/libvtkCommonCoreJava.jnilib
0x00000001326fb000 	/Users/zimmemi1/sbmt/workspace/saavtk/lib/vtk6.3/mac64/libvtkWrappingJava.jnilib
0x00000001354c4000 	/Users/zimmemi1/sbmt/workspace/saavtk/lib/vtk6.3/mac64/libvtkCommonMath-6.3.jnilib
0x00000001354e4000 	/Users/zimmemi1/sbmt/workspace/saavtk/lib/vtk6.3/mac64/libvtkCommonCore-6.3.jnilib
0x0000000135904000 	/Users/zimmemi1/sbmt/workspace/saavtk/lib/vtk6.3/mac64/libvtkInfovisCore-6.3.jnilib
0x00000001359ca000 	/Users/zimmemi1/sbmt/workspace/saavtk/lib/vtk6.3/mac64/libvtkFiltersExtraction-6.3.jnilib
0x0000000135a90000 	/Users/zimmemi1/sbmt/workspace/saavtk/lib/vtk6.3/mac64/libvtkFiltersStatistics-6.3.jnilib
0x0000000135afc000 	/Users/zimmemi1/sbmt/workspace/saavtk/lib/vtk6.3/mac64/libvtkImagingFourier-6.3.jnilib
0x0000000135b1f000 	/Users/zimmemi1/sbmt/workspace/saavtk/lib/vtk6.3/mac64/libvtkImagingCore-6.3.jnilib
0x0000000135cfd000 	/Users/zimmemi1/sbmt/workspace/saavtk/lib/vtk6.3/mac64/libvtkalglib-6.3.jnilib
0x0000000135d23000 	/Users/zimmemi1/sbmt/workspace/saavtk/lib/vtk6.3/mac64/libvtkFiltersGeneral-6.3.jnilib
0x0000000135ff1000 	/Users/zimmemi1/sbmt/workspace/saavtk/lib/vtk6.3/mac64/libvtkFiltersCore-6.3.jnilib
0x0000000136478000 	/Users/zimmemi1/sbmt/workspace/saavtk/lib/vtk6.3/mac64/libvtkCommonComputationalGeometry-6.3.jnilib
0x000000013649f000 	/Users/zimmemi1/sbmt/workspace/saavtk/lib/vtk6.3/mac64/libvtkRenderingFreeType-6.3.jnilib
0x0000000136552000 	/Users/zimmemi1/sbmt/workspace/saavtk/lib/vtk6.3/mac64/libvtkftgl-6.3.jnilib
0x0000000136560000 	/Users/zimmemi1/sbmt/workspace/saavtk/lib/vtk6.3/mac64/libvtkfreetype-6.3.jnilib
0x00000001365ec000 	/Users/zimmemi1/sbmt/workspace/saavtk/lib/vtk6.3/mac64/libvtkzlib-6.3.jnilib
0x0000000136602000 	/Users/zimmemi1/sbmt/workspace/saavtk/lib/vtk6.3/mac64/libvtkFiltersSources-6.3.jnilib
0x0000000136682000 	/Users/zimmemi1/sbmt/workspace/saavtk/lib/vtk6.3/mac64/libvtkFiltersGeometry-6.3.jnilib
0x00000001366e7000 	/Users/zimmemi1/sbmt/workspace/saavtk/lib/vtk6.3/mac64/libvtksys-6.3.dylib
0x000000013672b000 	/Users/zimmemi1/sbmt/workspace/saavtk/lib/vtk6.3/mac64/libvtkCommonComputationalGeometryJava.jnilib
0x0000000136744000 	/Users/zimmemi1/sbmt/workspace/saavtk/lib/vtk6.3/mac64/libvtkDomainsChemistryJava.jnilib
0x0000000136755000 	/Users/zimmemi1/sbmt/workspace/saavtk/lib/vtk6.3/mac64/libvtkDomainsChemistry-6.3.jnilib
0x000000013678b000 	/Users/zimmemi1/sbmt/workspace/saavtk/lib/vtk6.3/mac64/libvtkIOXML-6.3.jnilib
0x000000013683c000 	/Users/zimmemi1/sbmt/workspace/saavtk/lib/vtk6.3/mac64/libvtkIOGeometry-6.3.jnilib
0x0000000136938000 	/Users/zimmemi1/sbmt/workspace/saavtk/lib/vtk6.3/mac64/libvtkIOXMLParser-6.3.jnilib
0x0000000136951000 	/Users/zimmemi1/sbmt/workspace/saavtk/lib/vtk6.3/mac64/libvtkIOCore-6.3.jnilib
0x00000001369c3000 	/Users/zimmemi1/sbmt/workspace/saavtk/lib/vtk6.3/mac64/libvtkexpat-6.3.jnilib
0x00000001369e8000 	/Users/zimmemi1/sbmt/workspace/saavtk/lib/vtk6.3/mac64/libvtkFiltersAMRJava.jnilib
0x00000001369fa000 	/Users/zimmemi1/sbmt/workspace/saavtk/lib/vtk6.3/mac64/libvtkFiltersAMR-6.3.jnilib
0x0000000136a23000 	/Users/zimmemi1/sbmt/workspace/saavtk/lib/vtk6.3/mac64/libvtkFiltersGeneralJava.jnilib
0x0000000136a7e000 	/Users/zimmemi1/sbmt/workspace/saavtk/lib/vtk6.3/mac64/libvtkParallelCoreJava.jnilib
0x0000000136a93000 	/Users/zimmemi1/sbmt/workspace/saavtk/lib/vtk6.3/mac64/libvtkFiltersCoreJava.jnilib
0x0000000136afb000 	/Users/zimmemi1/sbmt/workspace/saavtk/lib/vtk6.3/mac64/libvtkParallelCore-6.3.jnilib
0x0000000136b53000 	/Users/zimmemi1/sbmt/workspace/saavtk/lib/vtk6.3/mac64/libvtkIOLegacyJava.jnilib
0x0000000136b6e000 	/Users/zimmemi1/sbmt/workspace/saavtk/lib/vtk6.3/mac64/libvtkIOLegacy-6.3.jnilib
0x0000000136bea000 	/Users/zimmemi1/sbmt/workspace/saavtk/lib/vtk6.3/mac64/libvtkIOCoreJava.jnilib
0x0000000136bff000 	/Users/zimmemi1/sbmt/workspace/saavtk/lib/vtk6.3/mac64/libvtkFiltersExtractionJava.jnilib
0x0000000136c1e000 	/Users/zimmemi1/sbmt/workspace/saavtk/lib/vtk6.3/mac64/libvtkFiltersStatisticsJava.jnilib
0x0000000136c33000 	/Users/zimmemi1/sbmt/workspace/saavtk/lib/vtk6.3/mac64/libvtkImagingFourierJava.jnilib
0x0000000136c40000 	/Users/zimmemi1/sbmt/workspace/saavtk/lib/vtk6.3/mac64/libvtkImagingCoreJava.jnilib
0x0000000136c70000 	/Users/zimmemi1/sbmt/workspace/saavtk/lib/vtk6.3/mac64/libvtkFiltersFlowPathsJava.jnilib
0x0000000136c8d000 	/Users/zimmemi1/sbmt/workspace/saavtk/lib/vtk6.3/mac64/libvtkFiltersFlowPaths-6.3.jnilib
0x0000000136ce8000 	/Users/zimmemi1/sbmt/workspace/saavtk/lib/vtk6.3/mac64/libvtkFiltersSourcesJava.jnilib
0x0000000136d1a000 	/Users/zimmemi1/sbmt/workspace/saavtk/lib/vtk6.3/mac64/libvtkFiltersGenericJava.jnilib
0x0000000136d35000 	/Users/zimmemi1/sbmt/workspace/saavtk/lib/vtk6.3/mac64/libvtkFiltersGeneric-6.3.jnilib
0x0000000136d64000 	/Users/zimmemi1/sbmt/workspace/saavtk/lib/vtk6.3/mac64/libvtkFiltersGeometryJava.jnilib
0x0000000136d7d000 	/Users/zimmemi1/sbmt/workspace/saavtk/lib/vtk6.3/mac64/libvtkFiltersHybridJava.jnilib
0x0000000136da2000 	/Users/zimmemi1/sbmt/workspace/saavtk/lib/vtk6.3/mac64/libvtkFiltersHybrid-6.3.jnilib
0x0000000136e52000 	/Users/zimmemi1/sbmt/workspace/saavtk/lib/vtk6.3/mac64/libvtkImagingSourcesJava.jnilib
0x0000000136e65000 	/Users/zimmemi1/sbmt/workspace/saavtk/lib/vtk6.3/mac64/libvtkImagingSources-6.3.jnilib
0x0000000136ea7000 	/Users/zimmemi1/sbmt/workspace/saavtk/lib/vtk6.3/mac64/libvtkFiltersHyperTreeJava.jnilib
0x0000000136eba000 	/Users/zimmemi1/sbmt/workspace/saavtk/lib/vtk6.3/mac64/libvtkFiltersHyperTree-6.3.jnilib
0x0000000136eef000 	/Users/zimmemi1/sbmt/workspace/saavtk/lib/vtk6.3/mac64/libvtkFiltersImagingJava.jnilib
0x0000000136efe000 	/Users/zimmemi1/sbmt/workspace/saavtk/lib/vtk6.3/mac64/libvtkFiltersImaging-6.3.jnilib
0x0000000136f1b000 	/Users/zimmemi1/sbmt/workspace/saavtk/lib/vtk6.3/mac64/libvtkImagingGeneralJava.jnilib
0x0000000136f39000 	/Users/zimmemi1/sbmt/workspace/saavtk/lib/vtk6.3/mac64/libvtkImagingGeneral-6.3.jnilib
0x0000000137003000 	/Users/zimmemi1/sbmt/workspace/saavtk/lib/vtk6.3/mac64/libvtkFiltersModelingJava.jnilib
0x0000000137022000 	/Users/zimmemi1/sbmt/workspace/saavtk/lib/vtk6.3/mac64/libvtkFiltersModeling-6.3.jnilib
0x0000000137074000 	/Users/zimmemi1/sbmt/workspace/saavtk/lib/vtk6.3/mac64/libvtkFiltersParallelJava.jnilib
0x000000013709b000 	/Users/zimmemi1/sbmt/workspace/saavtk/lib/vtk6.3/mac64/libvtkFiltersParallel-6.3.jnilib
0x0000000137133000 	/Users/zimmemi1/sbmt/workspace/saavtk/lib/vtk6.3/mac64/libvtkFiltersParallelImagingJava.jnilib
0x0000000137148000 	/Users/zimmemi1/sbmt/workspace/saavtk/lib/vtk6.3/mac64/libvtkFiltersParallelImaging-6.3.jnilib
0x0000000137166000 	/Users/zimmemi1/sbmt/workspace/saavtk/lib/vtk6.3/mac64/libvtkFiltersProgrammableJava.jnilib
0x0000000137171000 	/Users/zimmemi1/sbmt/workspace/saavtk/lib/vtk6.3/mac64/libvtkFiltersProgrammable-6.3.jnilib
0x0000000137181000 	/Users/zimmemi1/sbmt/workspace/saavtk/lib/vtk6.3/mac64/libvtkFiltersSMPJava.jnilib
0x000000013718f000 	/Users/zimmemi1/sbmt/workspace/saavtk/lib/vtk6.3/mac64/libvtkFiltersSMP-6.3.jnilib
0x00000001371ec000 	/Users/zimmemi1/sbmt/workspace/saavtk/lib/vtk6.3/mac64/libvtkFiltersSelectionJava.jnilib
0x00000001371f8000 	/Users/zimmemi1/sbmt/workspace/saavtk/lib/vtk6.3/mac64/libvtkFiltersSelection-6.3.jnilib
0x000000013720c000 	/Users/zimmemi1/sbmt/workspace/saavtk/lib/vtk6.3/mac64/libvtkFiltersTextureJava.jnilib
0x000000013721c000 	/Users/zimmemi1/sbmt/workspace/saavtk/lib/vtk6.3/mac64/libvtkFiltersTexture-6.3.jnilib
0x0000000137236000 	/Users/zimmemi1/sbmt/workspace/saavtk/lib/vtk6.3/mac64/libvtkFiltersVerdictJava.jnilib
0x000000013724a000 	/Users/zimmemi1/sbmt/workspace/saavtk/lib/vtk6.3/mac64/libvtkFiltersVerdict-6.3.jnilib
0x0000000137264000 	/Users/zimmemi1/sbmt/workspace/saavtk/lib/vtk6.3/mac64/libvtkverdict-6.3.dylib
0x0000000137293000 	/Users/zimmemi1/sbmt/workspace/saavtk/lib/vtk6.3/mac64/libvtkGeovisCoreJava.jnilib
0x00000001372c5000 	/Users/zimmemi1/sbmt/workspace/saavtk/lib/vtk6.3/mac64/libvtkGeovisCore-6.3.jnilib
0x0000000137332000 	/Users/zimmemi1/sbmt/workspace/saavtk/lib/vtk6.3/mac64/libvtkIOXMLJava.jnilib
0x0000000137350000 	/Users/zimmemi1/sbmt/workspace/saavtk/lib/vtk6.3/mac64/libvtkInfovisLayoutJava.jnilib
0x0000000137381000 	/Users/zimmemi1/sbmt/workspace/saavtk/lib/vtk6.3/mac64/libvtkViewsCoreJava.jnilib
0x000000013739f000 	/Users/zimmemi1/sbmt/workspace/saavtk/lib/vtk6.3/mac64/libvtkproj4-6.3.jnilib
0x00000001373de000 	/Users/zimmemi1/sbmt/workspace/saavtk/lib/vtk6.3/mac64/libvtkIOGeometryJava.jnilib
0x00000001373ff000 	/Users/zimmemi1/sbmt/workspace/saavtk/lib/vtk6.3/mac64/libvtkIOXMLParserJava.jnilib
0x000000013740a000 	/Users/zimmemi1/sbmt/workspace/saavtk/lib/vtk6.3/mac64/libvtkInfovisLayout-6.3.jnilib
0x0000000137482000 	/Users/zimmemi1/sbmt/workspace/saavtk/lib/vtk6.3/mac64/libvtkInfovisCoreJava.jnilib
0x00000001374a9000 	/Users/zimmemi1/sbmt/workspace/saavtk/lib/vtk6.3/mac64/libvtkInteractionWidgetsJava.jnilib
0x0000000137575000 	/Users/zimmemi1/sbmt/workspace/saavtk/lib/vtk6.3/mac64/libvtkInteractionStyleJava.jnilib
0x0000000137591000 	/Users/zimmemi1/sbmt/workspace/saavtk/lib/vtk6.3/mac64/libvtkImagingHybridJava.jnilib
0x00000001375ac000 	/Users/zimmemi1/sbmt/workspace/saavtk/lib/vtk6.3/mac64/libvtkIOImageJava.jnilib
0x00000001375d8000 	/Users/zimmemi1/sbmt/workspace/saavtk/lib/vtk6.3/mac64/libvtkRenderingAnnotationJava.jnilib
0x000000013763a000 	/Users/zimmemi1/sbmt/workspace/saavtk/lib/vtk6.3/mac64/libvtkImagingColorJava.jnilib
0x0000000137645000 	/Users/zimmemi1/sbmt/workspace/saavtk/lib/vtk6.3/mac64/libvtkRenderingFreeTypeJava.jnilib
0x0000000137654000 	/Users/zimmemi1/sbmt/workspace/saavtk/lib/vtk6.3/mac64/libvtkRenderingVolumeJava.jnilib
0x0000000137688000 	/Users/zimmemi1/sbmt/workspace/saavtk/lib/vtk6.3/mac64/libvtkViewsCore-6.3.jnilib
0x00000001376b1000 	/Users/zimmemi1/sbmt/workspace/saavtk/lib/vtk6.3/mac64/libvtkInteractionWidgets-6.3.jnilib
0x0000000137872000 	/Users/zimmemi1/sbmt/workspace/saavtk/lib/vtk6.3/mac64/libvtkInteractionStyle-6.3.jnilib
0x00000001378b2000 	/Users/zimmemi1/sbmt/workspace/saavtk/lib/vtk6.3/mac64/libvtkImagingHybrid-6.3.jnilib
0x000000013791c000 	/Users/zimmemi1/sbmt/workspace/saavtk/lib/vtk6.3/mac64/libvtkIOImage-6.3.jnilib
0x0000000137a8f000 	/Users/zimmemi1/sbmt/workspace/saavtk/lib/vtk6.3/mac64/libvtkRenderingAnnotation-6.3.jnilib
0x0000000137b56000 	/Users/zimmemi1/sbmt/workspace/saavtk/lib/vtk6.3/mac64/libvtkImagingColor-6.3.jnilib
0x0000000137b95000 	/Users/zimmemi1/sbmt/workspace/saavtk/lib/vtk6.3/mac64/libvtkRenderingVolume-6.3.jnilib
0x00000001380e9000 	/Users/zimmemi1/sbmt/workspace/saavtk/lib/vtk6.3/mac64/libvtkpng-6.3.jnilib
0x0000000138112000 	/Users/zimmemi1/sbmt/workspace/saavtk/lib/vtk6.3/mac64/libvtktiff-6.3.jnilib
0x0000000138171000 	/Users/zimmemi1/sbmt/workspace/saavtk/lib/vtk6.3/mac64/libvtkmetaio-6.3.dylib
0x0000000138203000 	/Users/zimmemi1/sbmt/workspace/saavtk/lib/vtk6.3/mac64/libvtkDICOMParser-6.3.jnilib
0x000000013821b000 	/Users/zimmemi1/sbmt/workspace/saavtk/lib/vtk6.3/mac64/libvtkjpeg-6.3.jnilib
0x0000000138242000 	/Users/zimmemi1/sbmt/workspace/saavtk/lib/vtk6.3/mac64/libvtkIOAMRJava.jnilib
0x0000000138254000 	/Users/zimmemi1/sbmt/workspace/saavtk/lib/vtk6.3/mac64/libvtkIOAMR-6.3.jnilib
0x000000013828a000 	/Users/zimmemi1/sbmt/workspace/saavtk/lib/vtk6.3/mac64/libvtkhdf5_hl-6.3.1.8.13.dylib
0x00000001382bc000 	/Users/zimmemi1/sbmt/workspace/saavtk/lib/vtk6.3/mac64/libvtkhdf5-6.3.1.8.13.dylib
0x000000013856b000 	/Users/zimmemi1/sbmt/workspace/saavtk/lib/vtk6.3/mac64/libvtkIOEnSightJava.jnilib
0x0000000138578000 	/Users/zimmemi1/sbmt/workspace/saavtk/lib/vtk6.3/mac64/libvtkIOEnSight-6.3.jnilib
0x00000001385e9000 	/Users/zimmemi1/sbmt/workspace/saavtk/lib/vtk6.3/mac64/libvtkIOExodusJava.jnilib
0x000000013860a000 	/Users/zimmemi1/sbmt/workspace/saavtk/lib/vtk6.3/mac64/libvtkIOExodus-6.3.jnilib
0x00000001386ad000 	/Users/zimmemi1/sbmt/workspace/saavtk/lib/vtk6.3/mac64/libvtkexoIIc-6.3.jnilib
0x00000001386f7000 	/Users/zimmemi1/sbmt/workspace/saavtk/lib/vtk6.3/mac64/libvtkNetCDF_cxx-6.3.jnilib
0x0000000138719000 	/Users/zimmemi1/sbmt/workspace/saavtk/lib/vtk6.3/mac64/libvtkNetCDF-6.3.jnilib
0x00000001387fd000 	/Users/zimmemi1/sbmt/workspace/saavtk/lib/vtk6.3/mac64/libvtkIOExportJava.jnilib
0x0000000138817000 	/Users/zimmemi1/sbmt/workspace/saavtk/lib/vtk6.3/mac64/libvtkIOExport-6.3.jnilib
0x000000013886d000 	/Users/zimmemi1/sbmt/workspace/saavtk/lib/vtk6.3/mac64/libvtkRenderingGL2PSJava.jnilib
0x0000000138879000 	/Users/zimmemi1/sbmt/workspace/saavtk/lib/vtk6.3/mac64/libvtkRenderingLabelJava.jnilib
0x0000000138897000 	/Users/zimmemi1/sbmt/workspace/saavtk/lib/vtk6.3/mac64/libvtkRenderingGL2PS-6.3.jnilib
0x00000001388b0000 	/Users/zimmemi1/sbmt/workspace/saavtk/lib/vtk6.3/mac64/libvtkRenderingContextOpenGLJava.jnilib
0x00000001388bb000 	/Users/zimmemi1/sbmt/workspace/saavtk/lib/vtk6.3/mac64/libvtkRenderingOpenGLJava.jnilib
0x0000000138903000 	/Users/zimmemi1/sbmt/workspace/saavtk/lib/vtk6.3/mac64/libvtkRenderingContextOpenGL-6.3.jnilib
0x0000000138924000 	/Users/zimmemi1/sbmt/workspace/saavtk/lib/vtk6.3/mac64/libvtkRenderingOpenGL-6.3.jnilib
0x0000000138ac8000 	/Users/zimmemi1/sbmt/workspace/saavtk/lib/vtk6.3/mac64/libvtkRenderingLabel-6.3.jnilib
0x0000000138b57000 	/Users/zimmemi1/sbmt/workspace/saavtk/lib/vtk6.3/mac64/libvtkgl2ps-6.3.jnilib
0x0000000134864000 	/Users/zimmemi1/sbmt/workspace/saavtk/lib/vtk6.3/mac64/libvtkIOImportJava.jnilib
0x0000000138b71000 	/Users/zimmemi1/sbmt/workspace/saavtk/lib/vtk6.3/mac64/libvtkIOImport-6.3.jnilib
0x0000000138bb1000 	/Users/zimmemi1/sbmt/workspace/saavtk/lib/vtk6.3/mac64/libvtkIOInfovisJava.jnilib
0x0000000138bcd000 	/Users/zimmemi1/sbmt/workspace/saavtk/lib/vtk6.3/mac64/libvtkIOInfovis-6.3.jnilib
0x0000000138c32000 	/Users/zimmemi1/sbmt/workspace/saavtk/lib/vtk6.3/mac64/libvtklibxml2-6.3.jnilib
0x0000000134b2b000 	/Users/zimmemi1/sbmt/workspace/saavtk/lib/vtk6.3/mac64/libvtkIOLSDynaJava.jnilib
0x0000000138d98000 	/Users/zimmemi1/sbmt/workspace/saavtk/lib/vtk6.3/mac64/libvtkIOLSDyna-6.3.jnilib
0x0000000138df2000 	/Users/zimmemi1/sbmt/workspace/saavtk/lib/vtk6.3/mac64/libvtkIOMINCJava.jnilib
0x0000000138e09000 	/Users/zimmemi1/sbmt/workspace/saavtk/lib/vtk6.3/mac64/libvtkIOMINC-6.3.jnilib
0x000000013487d000 	/Users/zimmemi1/sbmt/workspace/saavtk/lib/vtk6.3/mac64/libvtkIOMovieJava.jnilib
0x0000000138e70000 	/Users/zimmemi1/sbmt/workspace/saavtk/lib/vtk6.3/mac64/libvtkIOMovie-6.3.jnilib
0x0000000138e80000 	/Users/zimmemi1/sbmt/workspace/saavtk/lib/vtk6.3/mac64/libvtkoggtheora-6.3.jnilib
0x0000000138ebd000 	/Users/zimmemi1/sbmt/workspace/saavtk/lib/vtk6.3/mac64/libvtkIONetCDFJava.jnilib
0x0000000138ece000 	/Users/zimmemi1/sbmt/workspace/saavtk/lib/vtk6.3/mac64/libvtkIONetCDF-6.3.jnilib
0x0000000134b95000 	/Users/zimmemi1/sbmt/workspace/saavtk/lib/vtk6.3/mac64/libvtkIOPLYJava.jnilib
0x0000000138f29000 	/Users/zimmemi1/sbmt/workspace/saavtk/lib/vtk6.3/mac64/libvtkIOPLY-6.3.jnilib
0x0000000138f42000 	/Users/zimmemi1/sbmt/workspace/saavtk/lib/vtk6.3/mac64/libvtkIOParallelJava.jnilib
0x0000000138f5e000 	/Users/zimmemi1/sbmt/workspace/saavtk/lib/vtk6.3/mac64/libvtkIOParallel-6.3.jnilib
0x0000000138fce000 	/Users/zimmemi1/sbmt/workspace/saavtk/lib/vtk6.3/mac64/libvtkjsoncpp-6.3.jnilib
0x0000000138ff4000 	/Users/zimmemi1/sbmt/workspace/saavtk/lib/vtk6.3/mac64/libvtkIOParallelXMLJava.jnilib
0x0000000139003000 	/Users/zimmemi1/sbmt/workspace/saavtk/lib/vtk6.3/mac64/libvtkIOParallelXML-6.3.jnilib
0x0000000139026000 	/Users/zimmemi1/sbmt/workspace/saavtk/lib/vtk6.3/mac64/libvtkIOSQLJava.jnilib
0x000000013903b000 	/Users/zimmemi1/sbmt/workspace/saavtk/lib/vtk6.3/mac64/libvtkIOSQL-6.3.jnilib
0x0000000139080000 	/Users/zimmemi1/sbmt/workspace/saavtk/lib/vtk6.3/mac64/libvtksqlite-6.3.jnilib
0x000000013913c000 	/Users/zimmemi1/sbmt/workspace/saavtk/lib/vtk6.3/mac64/libvtkIOVideoJava.jnilib
0x0000000139146000 	/Users/zimmemi1/sbmt/workspace/saavtk/lib/vtk6.3/mac64/libvtkIOVideo-6.3.jnilib
0x0000000139156000 	/Users/zimmemi1/sbmt/workspace/saavtk/lib/vtk6.3/mac64/libvtkImagingMathJava.jnilib
0x0000000139162000 	/Users/zimmemi1/sbmt/workspace/saavtk/lib/vtk6.3/mac64/libvtkImagingMath-6.3.jnilib
0x00000001391aa000 	/Users/zimmemi1/sbmt/workspace/saavtk/lib/vtk6.3/mac64/libvtkImagingMorphologicalJava.jnilib
0x00000001391bb000 	/Users/zimmemi1/sbmt/workspace/saavtk/lib/vtk6.3/mac64/libvtkImagingMorphological-6.3.jnilib
0x0000000139225000 	/Users/zimmemi1/sbmt/workspace/saavtk/lib/vtk6.3/mac64/libvtkImagingStatisticsJava.jnilib
0x0000000139232000 	/Users/zimmemi1/sbmt/workspace/saavtk/lib/vtk6.3/mac64/libvtkImagingStatistics-6.3.jnilib
0x0000000139250000 	/Users/zimmemi1/sbmt/workspace/saavtk/lib/vtk6.3/mac64/libvtkImagingStencilJava.jnilib
0x000000013925f000 	/Users/zimmemi1/sbmt/workspace/saavtk/lib/vtk6.3/mac64/libvtkImagingStencil-6.3.jnilib
0x000000013928b000 	/Users/zimmemi1/sbmt/workspace/saavtk/lib/vtk6.3/mac64/libvtkInteractionImageJava.jnilib
0x00000001392a6000 	/Users/zimmemi1/sbmt/workspace/saavtk/lib/vtk6.3/mac64/libvtkInteractionImage-6.3.jnilib
0x00000001392c3000 	/Users/zimmemi1/sbmt/workspace/saavtk/lib/vtk6.3/mac64/libvtkRenderingImageJava.jnilib
0x00000001392d1000 	/Users/zimmemi1/sbmt/workspace/saavtk/lib/vtk6.3/mac64/libvtkRenderingImage-6.3.jnilib
0x00000001392ea000 	/Users/zimmemi1/sbmt/workspace/saavtk/lib/vtk6.3/mac64/libvtkRenderingLICJava.jnilib
0x00000001392ff000 	/Users/zimmemi1/sbmt/workspace/saavtk/lib/vtk6.3/mac64/libvtkRenderingLIC-6.3.jnilib
0x00000001393b6000 	/Users/zimmemi1/sbmt/workspace/saavtk/lib/vtk6.3/mac64/libvtkRenderingLODJava.jnilib
0x00000001393c5000 	/Users/zimmemi1/sbmt/workspace/saavtk/lib/vtk6.3/mac64/libvtkRenderingLOD-6.3.jnilib
0x00000001393d6000 	/Users/zimmemi1/sbmt/workspace/saavtk/lib/vtk6.3/mac64/libvtkRenderingVolumeOpenGLJava.jnilib
0x00000001393e7000 	/Users/zimmemi1/sbmt/workspace/saavtk/lib/vtk6.3/mac64/libvtkRenderingVolumeOpenGL-6.3.jnilib
0x0000000139450000 	/Users/zimmemi1/sbmt/workspace/saavtk/lib/vtk6.3/mac64/libvtkViewsContext2DJava.jnilib
0x0000000139467000 	/Users/zimmemi1/sbmt/workspace/saavtk/lib/vtk6.3/mac64/libvtkViewsContext2D-6.3.jnilib
0x000000013947d000 	/Users/zimmemi1/sbmt/workspace/saavtk/lib/vtk6.3/mac64/libvtkViewsGeovisJava.jnilib
0x000000013949c000 	/Users/zimmemi1/sbmt/workspace/saavtk/lib/vtk6.3/mac64/libvtkViewsGeovis-6.3.jnilib
0x00000001394b4000 	/Users/zimmemi1/sbmt/workspace/saavtk/lib/vtk6.3/mac64/libvtkViewsInfovisJava.jnilib
0x0000000139506000 	/Users/zimmemi1/sbmt/workspace/saavtk/lib/vtk6.3/mac64/libvtkViewsInfovis-6.3.jnilib
0x00000001395bc000 	/Library/Java/JavaVirtualMachines/jdk1.8.0_131.jdk/Contents/Home/jre/lib/libfontmanager.dylib
0x0000000139623000 	/Library/Java/JavaVirtualMachines/jdk1.8.0_131.jdk/Contents/Home/jre/lib/libosxui.dylib
0x000000013a9eb000 	/Library/Java/JavaVirtualMachines/jdk1.8.0_131.jdk/Contents/Home/jre/lib/libnet.dylib
0x000000013aa02000 	/Library/Java/JavaVirtualMachines/jdk1.8.0_131.jdk/Contents/Home/jre/lib/libnio.dylib
0x000000013aa14000 	/Users/zimmemi1/sbmt/workspace/saavtk/lib/vtk6.3/mac64/libgluegen-rt.jnilib
0x000000013aa1a000 	/Users/zimmemi1/sbmt/workspace/saavtk/lib/vtk6.3/mac64/libnativewindow_awt.jnilib
0x000000013aa1d000 	/Library/Java/JavaVirtualMachines/jdk1.8.0_131.jdk/Contents/Home/jre/lib/libjawt.dylib
0x000000013aa20000 	/Users/zimmemi1/sbmt/workspace/saavtk/lib/vtk6.3/mac64/libnativewindow_macosx.jnilib
0x000000013ac2a000 	/Users/zimmemi1/sbmt/workspace/saavtk/lib/vtk6.3/mac64/libjogl_desktop.jnilib

VM Arguments:
jvm_args: -Djava.library.path=lib/vtk6.3/mac64 -Dfile.encoding=UTF-8 
java_command: edu.jhuapl.saavtk2.image.projection.gui.CylindricalProjectionControlPanel
java_class_path (initial): /Users/zimmemi1/sbmt/workspace/saavtk/bin:/Users/zimmemi1/sbmt/workspace/saavtk/lib/commons-io-2.0.jar:/Users/zimmemi1/sbmt/workspace/saavtk/lib/commons-math3-3.2.jar:/Users/zimmemi1/sbmt/workspace/saavtk/lib/guava-13.0.1.jar:/Users/zimmemi1/sbmt/workspace/saavtk/lib/Jama-1.0.2.jar:/Users/zimmemi1/sbmt/workspace/saavtk/lib/jcommon-1.0.16.jar:/Users/zimmemi1/sbmt/workspace/saavtk/lib/jfreechart-1.0.13.jar:/Users/zimmemi1/sbmt/workspace/saavtk/lib/jgoodies-common-1.8.1.jar:/Users/zimmemi1/sbmt/workspace/saavtk/lib/jgoodies-looks-2.4.0.jar:/Users/zimmemi1/sbmt/workspace/saavtk/lib/joda-time-1.6.jar:/Users/zimmemi1/sbmt/workspace/saavtk/lib/miglayout-3.7.1-swing.jar:/Users/zimmemi1/sbmt/workspace/saavtk/lib/nom-tam-fits-1.13.1m0.jar:/Users/zimmemi1/sbmt/workspace/saavtk/lib/quaqua-7.3.4-filechooser-only.jar:/Users/zimmemi1/sbmt/workspace/saavtk/lib/quaqua-7.3.4.jar:/Users/zimmemi1/sbmt/workspace/saavtk/lib/RelativeLayout-v1.0.jar:/Users/zimmemi1/sbmt/workspace/saavtk/lib/jogl/gluegen-rt.jar:/Users/zimmemi1/sbmt/workspace/saavtk/lib/jogl/jogl-all.jar:/Users/zimmemi1/sbmt/workspace/saavtk/lib/vtk6.3/vtk-6.3.jar:/Users/zimmemi1/sbmt/workspace/saavtk/jgoodies-forms-1.8.0.jar:/Users/zimmemi1/sbmt/workspace/saavtk/lib/jide-oss-3.6.9.jar
Launcher Type: SUN_STANDARD

Environment Variables:
PATH=/usr/bin:/bin:/usr/sbin:/sbin
SHELL=/bin/bash
DISPLAY=/private/tmp/com.apple.launchd.PeVPPEEwGA/org.macosforge.xquartz:0
DYLD_LIBRARY_PATH=lib/vtk6.3/mac64

Signal Handlers:
SIGSEGV: [libjvm.dylib+0x5b1eb1], sa_mask[0]=11111111011111110111111111111111, sa_flags=SA_ONSTACK|SA_RESTART|SA_SIGINFO
SIGBUS: [libjvm.dylib+0x5b1eb1], sa_mask[0]=11111111011111110111111111111111, sa_flags=SA_RESTART|SA_SIGINFO
SIGFPE: [libjvm.dylib+0x488988], sa_mask[0]=11111111011111110111111111111111, sa_flags=SA_RESTART|SA_SIGINFO
SIGPIPE: [libjvm.dylib+0x488988], sa_mask[0]=11111111011111110111111111111111, sa_flags=SA_RESTART|SA_SIGINFO
SIGXFSZ: [libjvm.dylib+0x488988], sa_mask[0]=11111111011111110111111111111111, sa_flags=SA_RESTART|SA_SIGINFO
SIGILL: [libjvm.dylib+0x488988], sa_mask[0]=11111111011111110111111111111111, sa_flags=SA_RESTART|SA_SIGINFO
SIGUSR1: SIG_DFL, sa_mask[0]=00000000000000000000000000000000, sa_flags=none
SIGUSR2: [libjvm.dylib+0x4884a6], sa_mask[0]=00100000000000000000000000000000, sa_flags=SA_RESTART|SA_SIGINFO
SIGHUP: [libjvm.dylib+0x486a7d], sa_mask[0]=11111111011111110111111111111111, sa_flags=SA_RESTART|SA_SIGINFO
SIGINT: [libjvm.dylib+0x486a7d], sa_mask[0]=11111111011111110111111111111111, sa_flags=SA_RESTART|SA_SIGINFO
SIGTERM: [libjvm.dylib+0x486a7d], sa_mask[0]=11111111011111110111111111111111, sa_flags=SA_RESTART|SA_SIGINFO
SIGQUIT: [libjvm.dylib+0x486a7d], sa_mask[0]=11111111011111110111111111111111, sa_flags=SA_RESTART|SA_SIGINFO


---------------  S Y S T E M  ---------------

OS:Bsduname:Darwin 16.7.0 Darwin Kernel Version 16.7.0: Tue Jan 30 11:27:06 PST 2018; root:xnu-3789.73.11~1/RELEASE_X86_64 x86_64
rlimit: STACK 8192k, CORE 0k, NPROC 709, NOFILE 10240, AS infinity
load average:2.02 1.94 1.82

CPU:total 8 (initial active 8) (4 cores per cpu, 2 threads per core) family 6 model 94 stepping 3, cmov, cx8, fxsr, mmx, sse, sse2, sse3, ssse3, sse4.1, sse4.2, popcnt, avx, avx2, aes, clmul, erms, rtm, 3dnowpref, lzcnt, ht, tsc, tscinvbit, bmi1, bmi2, adx

Memory: 4k page, physical 16777216k(3032800k free)

/proc/meminfo:


vm_info: Java HotSpot(TM) 64-Bit Server VM (25.131-b11) for bsd-amd64 JRE (1.8.0_131-b11), built on Mar 15 2017 01:32:22 by "java_re" with gcc 4.2.1 (Based on Apple Inc. build 5658) (LLVM build 2336.11.00)

time: Mon Apr 16 10:53:09 2018
elapsed time: 5 seconds (0d 0h 0m 5s)

