#
# A fatal error has been detected by the Java Runtime Environment:
#
#  SIGSEGV (0xb) at pc=0x0000000121214761, pid=56767, tid=6659
#
# JRE version: Java(TM) SE Runtime Environment (8.0_60-b27) (build 1.8.0_60-b27)
# Java VM: Java HotSpot(TM) 64-Bit Server VM (25.60-b23 mixed mode bsd-amd64 compressed oops)
# Problematic frame:
# C  [libawt_lwawt.dylib+0x44761]  JNI_OnLoad+0x91
#
# Failed to write core dump. Core dumps have been disabled. To enable core dumping, try "ulimit -c unlimited" before starting Java again
#
# If you would like to submit a bug report, please visit:
#   http://bugreport.java.com/bugreport/crash.jsp
# The crash happened outside the Java Virtual Machine in native code.
# See problematic frame for where to report the bug.
#

---------------  T H R E A D  ---------------

Current thread (0x00007fb0cd801800):  JavaThread "main" [_thread_in_native, id=6659, stack(0x0000000102ef9000,0x0000000102ff9000)]

siginfo: si_signo: 11 (SIGSEGV), si_code: 1 (SEGV_MAPERR), si_addr: 0x0000000000000000

Registers:
RAX=0x0000000121319860, RBX=0x0000000000000000, RCX=0x000000012122a0db, RDX=0x00007fb0cc027bf0
RSP=0x0000000102ff82d0, RBP=0x0000000102ff8350, RSI=0x0000000102ff82b4, RDI=0x0000000000000000
R8 =0x00007fb0cc027c70, R9 =0x00000000fffffff0, R10=0x0000000121411bb0, R11=0x00000001213fd521
R12=0x00007fb0cc246530, R13=0x00000001212146d0, R14=0x00000001027919c8, R15=0x00007fb0cd8019f8
RIP=0x0000000121214761, EFLAGS=0x0000000000010202, ERR=0x0000000000000004
  TRAPNO=0x000000000000000e

Top of Stack: (sp=0x0000000102ff82d0)
0x0000000102ff82d0:   0000000000000000 0000000103025b17
0x0000000102ff82e0:   0000000000000000 00000001212146d0
0x0000000102ff82f0:   0000000102ff8350 000000010300b5e1
0x0000000102ff8300:   00007fb0cd8019f8 0000000102ff8320
0x0000000102ff8310:   00007fb0cc246530 0000000103025b22
0x0000000102ff8320:   0000000103025b17 4f92a434cc474eb7
0x0000000102ff8330:   0000000000000000 00007fb0cc246530
0x0000000102ff8340:   0000000102ff8548 00007fb0cd8019f8
0x0000000102ff8350:   0000000102ff84b0 000000010300b939
0x0000000102ff8360:   0000000102ff8460 0000000102ff8540
0x0000000102ff8370:   00007fb0cc2463e0 00000001027919c8
0x0000000102ff8380:   0000000102ff84c0 0000000102ff8460
0x0000000102ff8390:   000000011c315d40 0000000102ff8460
0x0000000102ff83a0:   00000001030f50a3 00000001030d95d0
0x0000000102ff83b0:   0000000000000000 0000000102ff84c0
0x0000000102ff83c0:   0000000102ff8460 000000011c315d40
0x0000000102ff83d0:   0000000102ff8468 000000011c311950
0x0000000102ff83e0:   000000011c311950 0000000102ff8460
0x0000000102ff83f0:   00007fb0cd801800 0000000102ff8540
0x0000000102ff8400:   0000000102ff84d0 0000000000000000
0x0000000102ff8410:   00000001031e7800 0000000000000001
0x0000000102ff8420:   0000000102ff8420 000000011c315658
0x0000000102ff8430:   0000000102ff8478 000000011c31b138
0x0000000102ff8440:   0000000000000000 000000011c315670
0x0000000102ff8450:   0000000000000000 0000000102ff8470
0x0000000102ff8460:   0000000000000000 000000076b003490
0x0000000102ff8470:   0000000000000000 000000076ab06920
0x0000000102ff8480:   4f92a434cc474eb7 000000011c3c0200
0x0000000102ff8490:   0000000000000000 000000011c3c0200
0x0000000102ff84a0:   0000000102ff8548 00007fb0cd801800
0x0000000102ff84b0:   0000000102ff8518 00000001030e9954
0x0000000102ff84c0:   0000000000000000 0000000102ff84e0 

Instructions: (pc=0x0000000121214761)
0x0000000121214741:   c0 e8 6d 0b 00 00 4c 89 f7 e8 ab 04 00 00 48 c7
0x0000000121214751:   45 80 00 00 00 00 48 8b 05 f2 cc 02 00 48 8b 38
0x0000000121214761:   48 8b 07 48 8d 75 80 ba 04 00 01 00 ff 50 30 85
0x0000000121214771:   c0 75 07 48 83 7d 80 00 75 53 48 8b 35 e6 52 03 

Register to memory mapping:

RAX=0x0000000121319860: jvm+0 in /Library/Java/JavaVirtualMachines/jdk1.8.0_60.jdk/Contents/Home/jre/lib/./libawt.dylib at 0x0000000121285000
RBX=0x0000000000000000 is an unknown value
RCX=0x000000012122a0db: __FUNCTION__.99988+0x2ed3 in /Library/Java/JavaVirtualMachines/jdk1.8.0_60.jdk/Contents/Home/jre/lib/./libawt_lwawt.dylib at 0x00000001211d0000
RDX=0x00007fb0cc027bf0 is an unknown value
RSP=0x0000000102ff82d0 is pointing into the stack for thread: 0x00007fb0cd801800
RBP=0x0000000102ff8350 is pointing into the stack for thread: 0x00007fb0cd801800
RSI=0x0000000102ff82b4 is pointing into the stack for thread: 0x00007fb0cd801800
RDI=0x0000000000000000 is an unknown value
R8 =0x00007fb0cc027c70 is an unknown value
R9 =0x00000000fffffff0 is an unknown value
R10=0x0000000121411bb0: appKitEnv+0x1900 in /Library/Java/JavaVirtualMachines/jdk1.8.0_60.jdk/Contents/Home/jre/lib/./libosxapp.dylib at 0x00000001213f9000
R11=0x00000001213fd521: OSXAPP_SetJavaVM+0 in /Library/Java/JavaVirtualMachines/jdk1.8.0_60.jdk/Contents/Home/jre/lib/./libosxapp.dylib at 0x00000001213f9000
R12=0x00007fb0cc246530 is an unknown value
R13=0x00000001212146d0: JNI_OnLoad+0 in /Library/Java/JavaVirtualMachines/jdk1.8.0_60.jdk/Contents/Home/jre/lib/./libawt_lwawt.dylib at 0x00000001211d0000
R14=0x00000001027919c8: main_vm+0 in /Library/Java/JavaVirtualMachines/jdk1.8.0_60.jdk/Contents/Home/jre/lib/server/libjvm.dylib at 0x0000000101f6f000
R15=0x00007fb0cd8019f8 is an unknown value


Stack: [0x0000000102ef9000,0x0000000102ff9000],  sp=0x0000000102ff82d0,  free space=1020k
Native frames: (J=compiled Java code, j=interpreted, Vv=VM code, C=native code)
C  [libawt_lwawt.dylib+0x44761]  JNI_OnLoad+0x91
C  [libjava.dylib+0x2939]  Java_java_lang_ClassLoader_00024NativeLibrary_load+0xd0
j  java.lang.ClassLoader$NativeLibrary.load(Ljava/lang/String;Z)V+0
j  java.lang.ClassLoader.loadLibrary0(Ljava/lang/Class;Ljava/io/File;)Z+328
j  java.lang.ClassLoader.loadLibrary(Ljava/lang/Class;Ljava/lang/String;Z)V+312
j  java.lang.Runtime.loadLibrary0(Ljava/lang/Class;Ljava/lang/String;)V+54
j  java.lang.System.loadLibrary(Ljava/lang/String;)V+7
j  vtk.vtkNativeLibrary.LoadLibrary()V+83
j  vtk.vtkNativeLibrary.LoadAllNativeLibraries()Z+31
j  edu.jhuapl.saavtk.gui.jogl.Test.<clinit>()V+12
v  ~StubRoutines::call_stub
V  [libjvm.dylib+0x2eab0e]  JavaCalls::call_helper(JavaValue*, methodHandle*, JavaCallArguments*, Thread*)+0x6ae
V  [libjvm.dylib+0x2bdc69]  InstanceKlass::call_class_initializer_impl(instanceKlassHandle, Thread*)+0xbf
V  [libjvm.dylib+0x2bf171]  InstanceKlass::initialize_impl(instanceKlassHandle, Thread*)+0x4b5
V  [libjvm.dylib+0x2bf407]  InstanceKlass::initialize(Thread*)+0x3d
V  [libjvm.dylib+0x321d33]  get_method_id(JNIEnv_*, _jclass*, char const*, char const*, bool, Thread*)+0xcf
V  [libjvm.dylib+0x317dd3]  jni_GetStaticMethodID+0x81
C  [java+0x38d4]  JavaMain+0x947
C  [libsystem_c.dylib+0x14772]  _pthread_start+0x147
C  [libsystem_c.dylib+0x11a1]  thread_start+0xd
C  0x0000000000000000

Java frames: (J=compiled Java code, j=interpreted, Vv=VM code)
j  java.lang.ClassLoader$NativeLibrary.load(Ljava/lang/String;Z)V+0
j  java.lang.ClassLoader.loadLibrary0(Ljava/lang/Class;Ljava/io/File;)Z+328
j  java.lang.ClassLoader.loadLibrary(Ljava/lang/Class;Ljava/lang/String;Z)V+312
j  java.lang.Runtime.loadLibrary0(Ljava/lang/Class;Ljava/lang/String;)V+54
j  java.lang.System.loadLibrary(Ljava/lang/String;)V+7
j  vtk.vtkNativeLibrary.LoadLibrary()V+83
j  vtk.vtkNativeLibrary.LoadAllNativeLibraries()Z+31
j  edu.jhuapl.saavtk.gui.jogl.Test.<clinit>()V+12
v  ~StubRoutines::call_stub

---------------  P R O C E S S  ---------------

Java Threads: ( => current thread )
  0x00007fb0cb854800 JavaThread "Service Thread" daemon [_thread_blocked, id=26115, stack(0x000000011f309000,0x000000011f409000)]
  0x00007fb0cb84a000 JavaThread "C1 CompilerThread3" daemon [_thread_blocked, id=25603, stack(0x000000011f206000,0x000000011f306000)]
  0x00007fb0cb849000 JavaThread "C2 CompilerThread2" daemon [_thread_blocked, id=25091, stack(0x000000011f103000,0x000000011f203000)]
  0x00007fb0cb824800 JavaThread "C2 CompilerThread1" daemon [_thread_blocked, id=24579, stack(0x000000011f000000,0x000000011f100000)]
  0x00007fb0cb83d000 JavaThread "C2 CompilerThread0" daemon [_thread_blocked, id=24067, stack(0x000000011eefd000,0x000000011effd000)]
  0x00007fb0cb83c800 JavaThread "Signal Dispatcher" daemon [_thread_blocked, id=23555, stack(0x000000011edfa000,0x000000011eefa000)]
  0x00007fb0cc817000 JavaThread "Finalizer" daemon [_thread_blocked, id=19203, stack(0x000000011eba9000,0x000000011eca9000)]
  0x00007fb0cc816000 JavaThread "Reference Handler" daemon [_thread_blocked, id=18691, stack(0x000000011eaa6000,0x000000011eba6000)]
=>0x00007fb0cd801800 JavaThread "main" [_thread_in_native, id=6659, stack(0x0000000102ef9000,0x0000000102ff9000)]

Other Threads:
  0x00007fb0cc813800 VMThread [stack: 0x000000011e9a3000,0x000000011eaa3000] [id=18179]
  0x00007fb0cb855800 WatcherThread [stack: 0x000000011f40c000,0x000000011f50c000] [id=26627]

VM state:not at safepoint (normal execution)

VM Mutex/Monitor currently owned by a thread: None

Heap:
 PSYoungGen      total 76288K, used 5246K [0x000000076ab00000, 0x0000000770000000, 0x00000007c0000000)
  eden space 65536K, 8% used [0x000000076ab00000,0x000000076b01f840,0x000000076eb00000)
  from space 10752K, 0% used [0x000000076f580000,0x000000076f580000,0x0000000770000000)
  to   space 10752K, 0% used [0x000000076eb00000,0x000000076eb00000,0x000000076f580000)
 ParOldGen       total 175104K, used 0K [0x00000006c0000000, 0x00000006cab00000, 0x000000076ab00000)
  object space 175104K, 0% used [0x00000006c0000000,0x00000006c0000000,0x00000006cab00000)
 Metaspace       used 3196K, capacity 4652K, committed 4864K, reserved 1056768K
  class space    used 340K, capacity 424K, committed 512K, reserved 1048576K

Card table byte_map: [0x0000000112494000,0x0000000112c95000] byte_map_base: 0x000000010ee94000

Marking Bits: (ParMarkBitMap*) 0x000000010284de20
 Begin Bits: [0x0000000113a03000, 0x0000000117a03000)
 End Bits:   [0x0000000117a03000, 0x000000011ba03000)

Polling page: 0x000000010303e000

CodeCache: size=245760Kb used=1249Kb max_used=1249Kb free=244510Kb
 bounds [0x00000001030d4000, 0x0000000103344000, 0x00000001120d4000]
 total_blobs=333 nmethods=97 adapters=150
 compilation: enabled

Compilation events (10 events):
Event: 0.107 Thread 0x00007fb0cb84a000   92       3       java.lang.String::indexOf (166 bytes)
Event: 0.108 Thread 0x00007fb0cb84a000 nmethod 92 0x0000000103209fd0 code [0x000000010320a180, 0x000000010320a7d0]
Event: 0.108 Thread 0x00007fb0cb84a000   94       3       java.nio.Buffer::checkIndex (22 bytes)
Event: 0.108 Thread 0x00007fb0cb84a000 nmethod 94 0x000000010320af10 code [0x000000010320b080, 0x000000010320b2c8]
Event: 0.108 Thread 0x00007fb0cb84a000   96   !   3       java.util.zip.ZipFile::getEntry (86 bytes)
Event: 0.109 Thread 0x00007fb0cb84a000 nmethod 96 0x000000010320b390 code [0x000000010320b560, 0x000000010320bbb8]
Event: 0.109 Thread 0x00007fb0cb84a000   95       3       java.nio.DirectLongBufferU::ix (10 bytes)
Event: 0.109 Thread 0x00007fb0cb84a000 nmethod 95 0x000000010320be90 code [0x000000010320bfe0, 0x000000010320c130]
Event: 0.110 Thread 0x00007fb0cb84a000   97       3       java.lang.String::lastIndexOf (13 bytes)
Event: 0.110 Thread 0x00007fb0cb84a000 nmethod 97 0x000000010320c390 code [0x000000010320c500, 0x000000010320c728]

GC Heap History (0 events):
No events

Deoptimization events (0 events):
No events

Internal exceptions (10 events):
Event: 0.081 Thread 0x00007fb0cd801800 Exception <a 'java/security/PrivilegedActionException'> (0x000000076abaef68) thrown at [/Users/java_re/workspace/8-2-build-macosx-x86_64/jdk8u60/4407/hotspot/src/share/vm/prims/jvm.cpp, line 1386]
Event: 0.082 Thread 0x00007fb0cd801800 Exception <a 'java/util/zip/ZipException'> (0x000000076abafce8) thrown at [/Users/java_re/workspace/8-2-build-macosx-x86_64/jdk8u60/4407/hotspot/src/share/vm/prims/jni.cpp, line 709]
Event: 0.082 Thread 0x00007fb0cd801800 Exception <a 'java/security/PrivilegedActionException'> (0x000000076abafef0) thrown at [/Users/java_re/workspace/8-2-build-macosx-x86_64/jdk8u60/4407/hotspot/src/share/vm/prims/jvm.cpp, line 1386]
Event: 0.082 Thread 0x00007fb0cd801800 Exception <a 'java/security/PrivilegedActionException'> (0x000000076abb0100) thrown at [/Users/java_re/workspace/8-2-build-macosx-x86_64/jdk8u60/4407/hotspot/src/share/vm/prims/jvm.cpp, line 1386]
Event: 0.082 Thread 0x00007fb0cd801800 Exception <a 'java/util/zip/ZipException'> (0x000000076abb0ea0) thrown at [/Users/java_re/workspace/8-2-build-macosx-x86_64/jdk8u60/4407/hotspot/src/share/vm/prims/jni.cpp, line 709]
Event: 0.082 Thread 0x00007fb0cd801800 Exception <a 'java/security/PrivilegedActionException'> (0x000000076abb10a8) thrown at [/Users/java_re/workspace/8-2-build-macosx-x86_64/jdk8u60/4407/hotspot/src/share/vm/prims/jvm.cpp, line 1386]
Event: 0.082 Thread 0x00007fb0cd801800 Exception <a 'java/security/PrivilegedActionException'> (0x000000076abb12b8) thrown at [/Users/java_re/workspace/8-2-build-macosx-x86_64/jdk8u60/4407/hotspot/src/share/vm/prims/jvm.cpp, line 1386]
Event: 0.084 Thread 0x00007fb0cd801800 Exception <a 'java/util/zip/ZipException'> (0x000000076abc3fa0) thrown at [/Users/java_re/workspace/8-2-build-macosx-x86_64/jdk8u60/4407/hotspot/src/share/vm/prims/jni.cpp, line 709]
Event: 0.084 Thread 0x00007fb0cd801800 Exception <a 'java/security/PrivilegedActionException'> (0x000000076abc41a8) thrown at [/Users/java_re/workspace/8-2-build-macosx-x86_64/jdk8u60/4407/hotspot/src/share/vm/prims/jvm.cpp, line 1386]
Event: 0.084 Thread 0x00007fb0cd801800 Exception <a 'java/security/PrivilegedActionException'> (0x000000076abc43b8) thrown at [/Users/java_re/workspace/8-2-build-macosx-x86_64/jdk8u60/4407/hotspot/src/share/vm/prims/jvm.cpp, line 1386]

Events (10 events):
Event: 0.107 loading class vtk/vtkOutputWindow
Event: 0.107 loading class vtk/vtkOutputWindow done
Event: 0.107 loading class vtk/vtkObject
Event: 0.107 loading class vtk/vtkObject done
Event: 0.108 loading class vtk/vtkObjectBase
Event: 0.108 loading class vtk/vtkObjectBase done
Event: 0.108 loading class vtk/vtkFileOutputWindow
Event: 0.108 loading class vtk/vtkFileOutputWindow done
Event: 0.110 loading class java/lang/ClassLoaderHelper
Event: 0.110 loading class java/lang/ClassLoaderHelper done


Dynamic libraries:
0x000000000e20d000 	/System/Library/Frameworks/Cocoa.framework/Versions/A/Cocoa
0x000000000e20d000 	/System/Library/Frameworks/Security.framework/Versions/A/Security
0x000000000e20d000 	/System/Library/Frameworks/ApplicationServices.framework/Versions/A/ApplicationServices
0x000000000e20d000 	/usr/lib/libz.1.dylib
0x000000000e20d000 	/usr/lib/libSystem.B.dylib
0x000000000e20d000 	/usr/lib/libobjc.A.dylib
0x000000000e20d000 	/System/Library/Frameworks/CoreFoundation.framework/Versions/A/CoreFoundation
0x000000000e20d000 	/System/Library/Frameworks/Foundation.framework/Versions/C/Foundation
0x000000000e20d000 	/System/Library/Frameworks/AppKit.framework/Versions/C/AppKit
0x000000000e20d000 	/System/Library/Frameworks/CoreData.framework/Versions/A/CoreData
0x000000000e20d000 	/System/Library/PrivateFrameworks/RemoteViewServices.framework/Versions/A/RemoteViewServices
0x000000000e20d000 	/System/Library/Frameworks/AudioToolbox.framework/Versions/A/AudioToolbox
0x000000000e20d000 	/System/Library/Frameworks/AudioUnit.framework/Versions/A/AudioUnit
0x000000000e20d000 	/System/Library/PrivateFrameworks/DataDetectorsCore.framework/Versions/A/DataDetectorsCore
0x000000000e20d000 	/System/Library/PrivateFrameworks/DesktopServicesPriv.framework/Versions/A/DesktopServicesPriv
0x000000000e20d000 	/System/Library/Frameworks/Carbon.framework/Versions/A/Frameworks/HIToolbox.framework/Versions/A/HIToolbox
0x000000000e20d000 	/System/Library/Frameworks/QuartzCore.framework/Versions/A/QuartzCore
0x000000000e20d000 	/System/Library/Frameworks/Carbon.framework/Versions/A/Frameworks/SpeechRecognition.framework/Versions/A/SpeechRecognition
0x000000000e20d000 	/usr/lib/libauto.dylib
0x000000000e20d000 	/usr/lib/libicucore.A.dylib
0x000000000e20d000 	/usr/lib/libxml2.2.dylib
0x000000000e20d000 	/System/Library/PrivateFrameworks/CoreUI.framework/Versions/A/CoreUI
0x000000000e20d000 	/System/Library/Frameworks/CoreAudio.framework/Versions/A/CoreAudio
0x000000000e20d000 	/System/Library/Frameworks/DiskArbitration.framework/Versions/A/DiskArbitration
0x000000000e20d000 	/usr/lib/liblangid.dylib
0x000000000e20d000 	/System/Library/PrivateFrameworks/MultitouchSupport.framework/Versions/A/MultitouchSupport
0x000000000e20d000 	/System/Library/Frameworks/IOKit.framework/Versions/A/IOKit
0x000000000e20d000 	/usr/lib/libDiagnosticMessagesClient.dylib
0x000000000e20d000 	/System/Library/Frameworks/CoreServices.framework/Versions/A/CoreServices
0x000000000e20d000 	/System/Library/PrivateFrameworks/PerformanceAnalysis.framework/Versions/A/PerformanceAnalysis
0x000000000e20d000 	/System/Library/PrivateFrameworks/GenerationalStorage.framework/Versions/A/GenerationalStorage
0x000000000e20d000 	/System/Library/Frameworks/OpenGL.framework/Versions/A/OpenGL
0x000000000e20d000 	/System/Library/Frameworks/CoreText.framework/Versions/A/CoreText
0x000000000e20d000 	/System/Library/Frameworks/ImageIO.framework/Versions/A/ImageIO
0x000000000e20d000 	/System/Library/PrivateFrameworks/Backup.framework/Versions/A/Backup
0x000000000e20d000 	/System/Library/Frameworks/CFNetwork.framework/Versions/A/CFNetwork
0x000000000e20d000 	/System/Library/Frameworks/SystemConfiguration.framework/Versions/A/SystemConfiguration
0x000000000e20d000 	/usr/lib/libCRFSuite.dylib
0x000000000e20d000 	/System/Library/PrivateFrameworks/TCC.framework/Versions/A/TCC
0x000000000e20d000 	/usr/lib/libc++.1.dylib
0x000000000e20d000 	/usr/lib/libc++abi.dylib
0x000000000e20d000 	/usr/lib/system/libcache.dylib
0x000000000e20d000 	/usr/lib/system/libcommonCrypto.dylib
0x000000000e20d000 	/usr/lib/system/libcompiler_rt.dylib
0x000000000e20d000 	/usr/lib/system/libcopyfile.dylib
0x000000000e20d000 	/usr/lib/system/libdispatch.dylib
0x000000000e20d000 	/usr/lib/system/libdnsinfo.dylib
0x000000000e20d000 	/usr/lib/system/libdyld.dylib
0x000000000e20d000 	/usr/lib/system/libkeymgr.dylib
0x000000000e20d000 	/usr/lib/system/liblaunch.dylib
0x000000000e20d000 	/usr/lib/system/libmacho.dylib
0x000000000e20d000 	/usr/lib/system/libquarantine.dylib
0x000000000e20d000 	/usr/lib/system/libremovefile.dylib
0x000000000e20d000 	/usr/lib/system/libsystem_blocks.dylib
0x000000000e20d000 	/usr/lib/system/libsystem_c.dylib
0x000000000e20d000 	/usr/lib/system/libsystem_dnssd.dylib
0x000000000e20d000 	/usr/lib/system/libsystem_info.dylib
0x000000000e20d000 	/usr/lib/system/libsystem_kernel.dylib
0x000000000e20d000 	/usr/lib/system/libsystem_m.dylib
0x000000000e20d000 	/usr/lib/system/libsystem_network.dylib
0x000000000e20d000 	/usr/lib/system/libsystem_notify.dylib
0x000000000e20d000 	/usr/lib/system/libsystem_sandbox.dylib
0x000000000e20d000 	/usr/lib/system/libunc.dylib
0x000000000e20d000 	/usr/lib/system/libunwind.dylib
0x000000000e20d000 	/usr/lib/system/libxpc.dylib
0x000000000e20d000 	/usr/lib/system/libcorecrypto.dylib
0x000000000e20d000 	/usr/lib/libstdc++.6.dylib
0x000000000e20d000 	/usr/lib/libbsm.0.dylib
0x000000000e20d000 	/usr/lib/libsqlite3.dylib
0x000000000e20d000 	/usr/lib/libxar.1.dylib
0x000000000e20d000 	/usr/lib/libpam.2.dylib
0x000000000e20d000 	/usr/lib/libOpenScriptingUtil.dylib
0x000000000e20d000 	/usr/lib/libbz2.1.0.dylib
0x000000000e20d000 	/System/Library/Frameworks/CoreServices.framework/Versions/A/Frameworks/CarbonCore.framework/Versions/A/CarbonCore
0x000000000e20d000 	/System/Library/Frameworks/CoreServices.framework/Versions/A/Frameworks/Metadata.framework/Versions/A/Metadata
0x000000000e20d000 	/System/Library/Frameworks/CoreServices.framework/Versions/A/Frameworks/OSServices.framework/Versions/A/OSServices
0x000000000e20d000 	/System/Library/Frameworks/CoreServices.framework/Versions/A/Frameworks/SearchKit.framework/Versions/A/SearchKit
0x000000000e20d000 	/System/Library/Frameworks/CoreServices.framework/Versions/A/Frameworks/AE.framework/Versions/A/AE
0x000000000e20d000 	/System/Library/Frameworks/CoreServices.framework/Versions/A/Frameworks/LaunchServices.framework/Versions/A/LaunchServices
0x000000000e20d000 	/System/Library/Frameworks/CoreServices.framework/Versions/A/Frameworks/DictionaryServices.framework/Versions/A/DictionaryServices
0x000000000e20d000 	/System/Library/Frameworks/NetFS.framework/Versions/A/NetFS
0x000000000e20d000 	/usr/lib/system/libkxld.dylib
0x000000000e20d000 	/System/Library/PrivateFrameworks/NetAuth.framework/Versions/A/NetAuth
0x000000000e20d000 	/System/Library/Frameworks/OpenDirectory.framework/Versions/A/Frameworks/CFOpenDirectory.framework/Versions/A/CFOpenDirectory
0x000000000e20d000 	/usr/lib/libxslt.1.dylib
0x000000000e20d000 	/System/Library/PrivateFrameworks/FamilyControls.framework/Versions/A/FamilyControls
0x000000000e20d000 	/System/Library/Frameworks/Carbon.framework/Versions/A/Frameworks/Ink.framework/Versions/A/Ink
0x000000000e20d000 	/System/Library/Frameworks/ApplicationServices.framework/Versions/A/Frameworks/CoreGraphics.framework/Versions/A/CoreGraphics
0x000000000e20d000 	/System/Library/Frameworks/ApplicationServices.framework/Versions/A/Frameworks/ATS.framework/Versions/A/ATS
0x000000000e20d000 	/System/Library/Frameworks/ApplicationServices.framework/Versions/A/Frameworks/ColorSync.framework/Versions/A/ColorSync
0x000000000e20d000 	/System/Library/Frameworks/ApplicationServices.framework/Versions/A/Frameworks/HIServices.framework/Versions/A/HIServices
0x000000000e20d000 	/System/Library/Frameworks/ApplicationServices.framework/Versions/A/Frameworks/LangAnalysis.framework/Versions/A/LangAnalysis
0x000000000e20d000 	/System/Library/Frameworks/ApplicationServices.framework/Versions/A/Frameworks/PrintCore.framework/Versions/A/PrintCore
0x000000000e20d000 	/System/Library/Frameworks/ApplicationServices.framework/Versions/A/Frameworks/QD.framework/Versions/A/QD
0x000000000e20d000 	/System/Library/Frameworks/ApplicationServices.framework/Versions/A/Frameworks/SpeechSynthesis.framework/Versions/A/SpeechSynthesis
0x000000000e20d000 	/System/Library/Frameworks/IOSurface.framework/Versions/A/IOSurface
0x000000000e20d000 	/System/Library/Frameworks/Accelerate.framework/Versions/A/Accelerate
0x000000000e20d000 	/System/Library/Frameworks/ApplicationServices.framework/Versions/A/Frameworks/ATS.framework/Versions/A/Resources/libFontParser.dylib
0x000000000e20d000 	/System/Library/Frameworks/ApplicationServices.framework/Versions/A/Frameworks/ATS.framework/Versions/A/Resources/libFontRegistry.dylib
0x000000000e20d000 	/System/Library/Frameworks/Accelerate.framework/Versions/A/Frameworks/vImage.framework/Versions/A/vImage
0x000000000e20d000 	/System/Library/Frameworks/Accelerate.framework/Versions/A/Frameworks/vecLib.framework/Versions/A/vecLib
0x000000000e20d000 	/System/Library/Frameworks/Accelerate.framework/Versions/A/Frameworks/vecLib.framework/Versions/A/libvDSP.dylib
0x000000000e20d000 	/System/Library/Frameworks/Accelerate.framework/Versions/A/Frameworks/vecLib.framework/Versions/A/libvMisc.dylib
0x000000000e20d000 	/System/Library/Frameworks/Accelerate.framework/Versions/A/Frameworks/vecLib.framework/Versions/A/libLAPACK.dylib
0x000000000e20d000 	/System/Library/Frameworks/Accelerate.framework/Versions/A/Frameworks/vecLib.framework/Versions/A/libBLAS.dylib
0x000000000e20d000 	/System/Library/Frameworks/ImageIO.framework/Versions/A/Resources/libJPEG.dylib
0x000000000e20d000 	/System/Library/Frameworks/ImageIO.framework/Versions/A/Resources/libTIFF.dylib
0x000000000e20d000 	/System/Library/Frameworks/ImageIO.framework/Versions/A/Resources/libPng.dylib
0x000000000e20d000 	/System/Library/Frameworks/ImageIO.framework/Versions/A/Resources/libGIF.dylib
0x000000000e20d000 	/System/Library/Frameworks/ImageIO.framework/Versions/A/Resources/libJP2.dylib
0x000000000e20d000 	/System/Library/Frameworks/ImageIO.framework/Versions/A/Resources/libRadiance.dylib
0x000000000e20d000 	/usr/lib/libcups.2.dylib
0x000000000e20d000 	/System/Library/Frameworks/Kerberos.framework/Versions/A/Kerberos
0x000000000e20d000 	/System/Library/Frameworks/GSS.framework/Versions/A/GSS
0x000000000e20d000 	/usr/lib/libresolv.9.dylib
0x000000000e20d000 	/usr/lib/libiconv.2.dylib
0x000000000e20d000 	/System/Library/PrivateFrameworks/Heimdal.framework/Versions/A/Heimdal
0x000000000e20d000 	/System/Library/PrivateFrameworks/TrustEvaluationAgent.framework/Versions/A/TrustEvaluationAgent
0x000000000e20d000 	/System/Library/Frameworks/OpenDirectory.framework/Versions/A/OpenDirectory
0x000000000e20d000 	/System/Library/PrivateFrameworks/CommonAuth.framework/Versions/A/CommonAuth
0x000000000e20d000 	/System/Library/PrivateFrameworks/Bom.framework/Versions/A/Bom
0x000000000e20d000 	/System/Library/Frameworks/CoreVideo.framework/Versions/A/CoreVideo
0x000000000e20d000 	/System/Library/Frameworks/QuartzCore.framework/Versions/A/Frameworks/CoreImage.framework/Versions/A/CoreImage
0x000000000e20d000 	/System/Library/Frameworks/QuartzCore.framework/Versions/A/Frameworks/ScalableUserInterface.framework/Versions/A/ScalableUserInterface
0x000000000e20d000 	/System/Library/Frameworks/OpenGL.framework/Versions/A/Libraries/libGLU.dylib
0x000000000e20d000 	/System/Library/Frameworks/OpenGL.framework/Versions/A/Libraries/libGFXShared.dylib
0x000000000e20d000 	/System/Library/Frameworks/OpenGL.framework/Versions/A/Libraries/libGL.dylib
0x000000000e20d000 	/System/Library/Frameworks/OpenGL.framework/Versions/A/Libraries/libGLImage.dylib
0x000000000e20d000 	/System/Library/Frameworks/OpenGL.framework/Versions/A/Libraries/libCVMSPluginSupport.dylib
0x000000000e20d000 	/System/Library/Frameworks/OpenGL.framework/Versions/A/Libraries/libCoreVMClient.dylib
0x000000000e20d000 	/System/Library/PrivateFrameworks/CrashReporterSupport.framework/Versions/A/CrashReporterSupport
0x000000000e20d000 	/System/Library/Frameworks/OpenCL.framework/Versions/A/OpenCL
0x000000000e20d000 	/System/Library/PrivateFrameworks/FaceCoreLight.framework/Versions/A/FaceCoreLight
0x000000000e20d000 	/System/Library/PrivateFrameworks/AppleFSCompression.framework/Versions/A/AppleFSCompression
0x000000000e20d000 	/System/Library/PrivateFrameworks/Ubiquity.framework/Versions/A/Ubiquity
0x000000000e20d000 	/System/Library/Frameworks/ServiceManagement.framework/Versions/A/ServiceManagement
0x000000000e20d000 	/System/Library/PrivateFrameworks/ChunkingLibrary.framework/Versions/A/ChunkingLibrary
0x000000000e20d000 	/System/Library/Frameworks/vecLib.framework/Versions/A/vecLib
0x000000000e20d000 	/System/Library/Frameworks/SecurityFoundation.framework/Versions/A/SecurityFoundation
0x000000000e20d000 	/System/Library/PrivateFrameworks/CommerceKit.framework/Versions/A/Frameworks/CommerceCore.framework/Versions/A/CommerceCore
0x000000000e20d000 	/System/Library/PrivateFrameworks/CoreSymbolication.framework/Versions/A/CoreSymbolication
0x000000000e20d000 	/System/Library/PrivateFrameworks/Symbolication.framework/Versions/A/Symbolication
0x000000000e20d000 	/System/Library/PrivateFrameworks/DebugSymbols.framework/Versions/A/DebugSymbols
0x0000000101f6f000 	/Library/Java/JavaVirtualMachines/jdk1.8.0_60.jdk/Contents/Home/jre/lib/server/libjvm.dylib
0x0000000102ffb000 	/Library/Java/JavaVirtualMachines/jdk1.8.0_60.jdk/Contents/Home/jre/lib/libverify.dylib
0x0000000103009000 	/Library/Java/JavaVirtualMachines/jdk1.8.0_60.jdk/Contents/Home/jre/lib/libjava.dylib
0x00000001030cb000 	/Library/Java/JavaVirtualMachines/jdk1.8.0_60.jdk/Contents/Home/jre/lib/libzip.dylib
0x000000011ecab000 	/System/Library/Frameworks/JavaVM.framework/Frameworks/JavaRuntimeSupport.framework/JavaRuntimeSupport
0x000000011ecc3000 	/System/Library/Frameworks/JavaVM.framework/Versions/A/Frameworks/JavaNativeFoundation.framework/Versions/A/JavaNativeFoundation
0x000000011ecd8000 	/System/Library/Frameworks/JavaVM.framework/Versions/A/JavaVM
0x000000000e20d000 	/System/Library/Frameworks/Carbon.framework/Versions/A/Carbon
0x000000011ece5000 	/System/Library/PrivateFrameworks/JavaLaunching.framework/Versions/A/JavaLaunching
0x000000000e20d000 	/System/Library/Frameworks/Carbon.framework/Versions/A/Frameworks/CommonPanels.framework/Versions/A/CommonPanels
0x000000000e20d000 	/System/Library/Frameworks/Carbon.framework/Versions/A/Frameworks/Help.framework/Versions/A/Help
0x000000000e20d000 	/System/Library/Frameworks/Carbon.framework/Versions/A/Frameworks/ImageCapture.framework/Versions/A/ImageCapture
0x000000000e20d000 	/System/Library/Frameworks/Carbon.framework/Versions/A/Frameworks/OpenScripting.framework/Versions/A/OpenScripting
0x000000000e20d000 	/System/Library/Frameworks/Carbon.framework/Versions/A/Frameworks/Print.framework/Versions/A/Print
0x000000000e20d000 	/System/Library/Frameworks/Carbon.framework/Versions/A/Frameworks/SecurityHI.framework/Versions/A/SecurityHI
0x000000011f67b000 	/Users/zimmemi1/git/saavtk/lib/mac64/libvtkChartsCoreJava.jnilib
0x000000011f6b6000 	/Users/zimmemi1/git/saavtk/lib/mac64/libvtkChartsCore-6.2.jnilib
0x000000011f7af000 	/Users/zimmemi1/git/saavtk/lib/mac64/libvtkRenderingContext2DJava.jnilib
0x000000011f7ca000 	/Users/zimmemi1/git/saavtk/lib/mac64/libvtkRenderingContext2D-6.2.jnilib
0x000000011f7fa000 	/Users/zimmemi1/git/saavtk/lib/mac64/libvtkRenderingCoreJava.jnilib
0x000000011f8ac000 	/Users/zimmemi1/git/saavtk/lib/mac64/libvtkRenderingCore-6.2.jnilib
0x000000011fa40000 	/Library/Java/JavaVirtualMachines/jdk1.8.0_60.jdk/Contents/Home/jre/lib/libjawt.dylib
0x000000011fa43000 	/Users/zimmemi1/git/saavtk/lib/mac64/libvtkCommonColorJava.jnilib
0x000000011fa4d000 	/Users/zimmemi1/git/saavtk/lib/mac64/libvtkCommonColor-6.2.jnilib
0x000000011fa69000 	/Users/zimmemi1/git/saavtk/lib/mac64/libvtkCommonExecutionModelJava.jnilib
0x000000011faa1000 	/Users/zimmemi1/git/saavtk/lib/mac64/libvtkCommonExecutionModel-6.2.jnilib
0x000000011fb38000 	/Users/zimmemi1/git/saavtk/lib/mac64/libvtkCommonDataModelJava.jnilib
0x000000011fc37000 	/Users/zimmemi1/git/saavtk/lib/mac64/libvtkCommonDataModel-6.2.jnilib
0x000000011ff50000 	/Users/zimmemi1/git/saavtk/lib/mac64/libvtkCommonMiscJava.jnilib
0x000000011ff59000 	/Users/zimmemi1/git/saavtk/lib/mac64/libvtkCommonMisc-6.2.jnilib
0x000000011ff6e000 	/Users/zimmemi1/git/saavtk/lib/mac64/libvtkCommonSystemJava.jnilib
0x000000011ff78000 	/Users/zimmemi1/git/saavtk/lib/mac64/libvtkCommonSystem-6.2.jnilib
0x000000011ff8d000 	/Users/zimmemi1/git/saavtk/lib/mac64/libvtkCommonTransformsJava.jnilib
0x000000011ffa6000 	/Users/zimmemi1/git/saavtk/lib/mac64/libvtkCommonTransforms-6.2.jnilib
0x000000011ffd4000 	/Users/zimmemi1/git/saavtk/lib/mac64/libvtkCommonMathJava.jnilib
0x000000011ffe6000 	/Users/zimmemi1/git/saavtk/lib/mac64/libvtkCommonCoreJava.jnilib
0x000000012004f000 	/Users/zimmemi1/git/saavtk/lib/mac64/libvtkWrappingJava.jnilib
0x0000000120057000 	/Users/zimmemi1/git/saavtk/lib/mac64/libvtkCommonMath-6.2.jnilib
0x0000000120079000 	/Users/zimmemi1/git/saavtk/lib/mac64/libvtkCommonCore-6.2.jnilib
0x000000012048d000 	/Users/zimmemi1/git/saavtk/lib/mac64/libvtkInfovisCore-6.2.jnilib
0x0000000120554000 	/Users/zimmemi1/git/saavtk/lib/mac64/libvtkFiltersExtraction-6.2.jnilib
0x000000012061c000 	/Users/zimmemi1/git/saavtk/lib/mac64/libvtkFiltersStatistics-6.2.jnilib
0x0000000120687000 	/Users/zimmemi1/git/saavtk/lib/mac64/libvtkImagingFourier-6.2.jnilib
0x00000001206ac000 	/Users/zimmemi1/git/saavtk/lib/mac64/libvtkImagingCore-6.2.jnilib
0x0000000120884000 	/Users/zimmemi1/git/saavtk/lib/mac64/libvtkalglib-6.2.jnilib
0x00000001208aa000 	/Users/zimmemi1/git/saavtk/lib/mac64/libvtkFiltersGeneral-6.2.jnilib
0x0000000120b67000 	/Users/zimmemi1/git/saavtk/lib/mac64/libvtkFiltersCore-6.2.jnilib
0x0000000120f1a000 	/Users/zimmemi1/git/saavtk/lib/mac64/libvtkCommonComputationalGeometry-6.2.jnilib
0x0000000120f41000 	/Users/zimmemi1/git/saavtk/lib/mac64/libvtkRenderingFreeType-6.2.jnilib
0x0000000120ff6000 	/Users/zimmemi1/git/saavtk/lib/mac64/libvtkftgl-6.2.jnilib
0x0000000121004000 	/Users/zimmemi1/git/saavtk/lib/mac64/libvtkfreetype-6.2.jnilib
0x0000000121090000 	/Users/zimmemi1/git/saavtk/lib/mac64/libvtkzlib-6.2.jnilib
0x00000001210a5000 	/Users/zimmemi1/git/saavtk/lib/mac64/libvtkFiltersSources-6.2.jnilib
0x0000000121125000 	/Users/zimmemi1/git/saavtk/lib/mac64/libvtkFiltersGeometry-6.2.jnilib
0x000000012118b000 	/Users/zimmemi1/git/saavtk/lib/mac64/libvtksys-6.2.dylib
0x00000001211d0000 	/Library/Java/JavaVirtualMachines/jdk1.8.0_60.jdk/Contents/Home/jre/lib/./libawt_lwawt.dylib
0x0000000121285000 	/Library/Java/JavaVirtualMachines/jdk1.8.0_60.jdk/Contents/Home/jre/lib/./libawt.dylib
0x000000012132d000 	/Library/Java/JavaVirtualMachines/jdk1.8.0_60.jdk/Contents/Home/jre/lib/./libmlib_image.dylib
0x00000001213f9000 	/Library/Java/JavaVirtualMachines/jdk1.8.0_60.jdk/Contents/Home/jre/lib/./libosxapp.dylib
0x0000000121415000 	/System/Library/Frameworks/ExceptionHandling.framework/Versions/A/ExceptionHandling

VM Arguments:
jvm_args: -Djava.library.path=../saavtk/lib/mac64 -Dfile.encoding=UTF-8 
java_command: edu.jhuapl.saavtk.gui.jogl.Test
java_class_path (initial): /Users/zimmemi1/git/saavtk/bin:/Users/zimmemi1/git/saavtk/lib/commons-math3-3.2.jar:/Users/zimmemi1/git/saavtk/lib/commons-io-2.0.jar:/Users/zimmemi1/git/saavtk/lib/guava-13.0.1.jar:/Users/zimmemi1/git/saavtk/lib/miglayout-3.7.1-swing.jar:/Users/zimmemi1/git/saavtk/lib/jgoodies-looks-2.4.0.jar:/Users/zimmemi1/git/saavtk/lib/jfreechart-1.0.13.jar:/Users/zimmemi1/git/saavtk/lib/jcommon-1.0.16.jar:/Users/zimmemi1/git/saavtk/lib/joda-time-1.6.jar:/Users/zimmemi1/git/saavtk/lib/vtk-6.2.jar:/Users/zimmemi1/git/saavtk/lib/jogl-all-2.1.5.jar:/Users/zimmemi1/git/saavtk/lib/commons-math3-3.2-sources.jar:/Users/zimmemi1/git/saavtk/lib/gluegen-rt-2.1.5.jar:/Users/zimmemi1/git/saavtk/lib/jgoodies-common-1.1.1.jar:/Users/zimmemi1/git/saavtk/lib/RelativeLayout-v1.0.jar:/Users/zimmemi1/git/saavtk/lib/quaqua-7.3.4-filechooser-only.jar:/Users/zimmemi1/git/saavtk/lib/quaqua-7.3.4.jar:/Users/zimmemi1/git/saavtk/lib/Jama-1.0.2.jar
Launcher Type: SUN_STANDARD

Environment Variables:
PATH=/usr/bin:/bin:/usr/sbin:/sbin:/usr/local/bin:/opt/X11/bin
SHELL=/bin/bash
DISPLAY=/tmp/launch-GqSwxi/org.macosforge.xquartz:0
DYLD_LIBRARY_PATH=../saavtk/lib/mac64

Signal Handlers:
SIGSEGV: [libjvm.dylib+0x5a6d31], sa_mask[0]=11111111011111110111111111111111, sa_flags=SA_ONSTACK|SA_RESTART|SA_SIGINFO
SIGBUS: [libjvm.dylib+0x5a6d31], sa_mask[0]=11111111011111110111111111111111, sa_flags=SA_RESTART|SA_SIGINFO
SIGFPE: [libjvm.dylib+0x480a4c], sa_mask[0]=11111111011111110111111111111111, sa_flags=SA_RESTART|SA_SIGINFO
SIGPIPE: [libjvm.dylib+0x480a4c], sa_mask[0]=11111111011111110111111111111111, sa_flags=SA_RESTART|SA_SIGINFO
SIGXFSZ: [libjvm.dylib+0x480a4c], sa_mask[0]=11111111011111110111111111111111, sa_flags=SA_RESTART|SA_SIGINFO
SIGILL: [libjvm.dylib+0x480a4c], sa_mask[0]=11111111011111110111111111111111, sa_flags=SA_RESTART|SA_SIGINFO
SIGUSR1: SIG_DFL, sa_mask[0]=00000000000000000000000000000000, sa_flags=SA_RESTART
SIGUSR2: [libjvm.dylib+0x48056a], sa_mask[0]=00100000000000000000000000000000, sa_flags=SA_RESTART|SA_SIGINFO
SIGHUP: [libjvm.dylib+0x47eb41], sa_mask[0]=11111111011111110111111111111111, sa_flags=SA_RESTART|SA_SIGINFO
SIGINT: [libjvm.dylib+0x47eb41], sa_mask[0]=11111111011111110111111111111111, sa_flags=SA_RESTART|SA_SIGINFO
SIGTERM: [libjvm.dylib+0x47eb41], sa_mask[0]=11111111011111110111111111111111, sa_flags=SA_RESTART|SA_SIGINFO
SIGQUIT: [libjvm.dylib+0x47eb41], sa_mask[0]=11111111011111110111111111111111, sa_flags=SA_RESTART|SA_SIGINFO


---------------  S Y S T E M  ---------------

OS:Bsduname:Darwin 12.6.0 Darwin Kernel Version 12.6.0: Wed Mar 18 16:23:48 PDT 2015; root:xnu-2050.48.19~1/RELEASE_X86_64 x86_64
rlimit: STACK 8192k, CORE 0k, NPROC 709, NOFILE 10240, AS infinity
load average:1.36 1.34 1.30

CPU:total 8 (4 cores per cpu, 2 threads per core) family 6 model 58 stepping 9, cmov, cx8, fxsr, mmx, sse, sse2, sse3, ssse3, sse4.1, sse4.2, popcnt, avx, aes, clmul, erms, ht, tsc, tscinvbit, tscinv

Memory: 4k page, physical 16777216k(3641340k free)

/proc/meminfo:


vm_info: Java HotSpot(TM) 64-Bit Server VM (25.60-b23) for bsd-amd64 JRE (1.8.0_60-b27), built on Aug  4 2015 10:47:24 by "java_re" with gcc 4.2.1 (Based on Apple Inc. build 5658) (LLVM build 2336.11.00)

time: Mon Sep 12 21:48:31 2016
elapsed time: 0 seconds (0d 0h 0m 0s)

