#
# A fatal error has been detected by the Java Runtime Environment:
#
#  SIGSEGV (0xb) at pc=0x000000012a783761, pid=56779, tid=6659
#
# JRE version: Java(TM) SE Runtime Environment (8.0_60-b27) (build 1.8.0_60-b27)
# Java VM: Java HotSpot(TM) 64-Bit Server VM (25.60-b23 mixed mode bsd-amd64 compressed oops)
# Problematic frame:
# C  [libawt_lwawt.dylib+0x44761]  JNI_OnLoad+0x91
#
# Failed to write core dump. Core dumps have been disabled. To enable core dumping, try "ulimit -c unlimited" before starting Java again
#
# If you would like to submit a bug report, please visit:
#   http://bugreport.java.com/bugreport/crash.jsp
# The crash happened outside the Java Virtual Machine in native code.
# See problematic frame for where to report the bug.
#

---------------  T H R E A D  ---------------

Current thread (0x00007f8914002000):  JavaThread "main" [_thread_in_native, id=6659, stack(0x000000010c468000,0x000000010c568000)]

siginfo: si_signo: 11 (SIGSEGV), si_code: 1 (SEGV_MAPERR), si_addr: 0x0000000000000000

Registers:
RAX=0x000000012a888860, RBX=0x0000000000000000, RCX=0x000000012a7990db, RDX=0x00007f8915d078b0
RSP=0x000000010c5672d0, RBP=0x000000010c567350, RSI=0x000000010c5672b4, RDI=0x0000000000000000
R8 =0x00007f8915d07930, R9 =0x00000000fffffff0, R10=0x000000012a980bb0, R11=0x000000012a96c521
R12=0x00007f8911c24100, R13=0x000000012a7836d0, R14=0x000000010bd009c8, R15=0x00007f89140021f8
RIP=0x000000012a783761, EFLAGS=0x0000000000010202, ERR=0x0000000000000004
  TRAPNO=0x000000000000000e

Top of Stack: (sp=0x000000010c5672d0)
0x000000010c5672d0:   0000000000000000 000000010c594b17
0x000000010c5672e0:   0000000000000000 000000012a7836d0
0x000000010c5672f0:   000000010c567350 000000010c57a5e1
0x000000010c567300:   00007f89140021f8 000000010c567320
0x000000010c567310:   00007f8911c24100 000000010c594b22
0x000000010c567320:   000000010c594b17 1dea57404c839fd1
0x000000010c567330:   0000000000000000 00007f8911c24100
0x000000010c567340:   000000010c567548 00007f89140021f8
0x000000010c567350:   000000010c5674b0 000000010c57a939
0x000000010c567360:   000000010c567460 000000010c567540
0x000000010c567370:   00007f8911c23fb0 000000010bd009c8
0x000000010c567380:   000000010c5674c0 000000010c567460
0x000000010c567390:   0000000125884d40 000000010c567460
0x000000010c5673a0:   000000010c6640a3 000000010c6485d0
0x000000010c5673b0:   0000000000000000 000000010c5674c0
0x000000010c5673c0:   000000010c567460 0000000125884d40
0x000000010c5673d0:   000000010c567468 0000000125880950
0x000000010c5673e0:   0000000125880950 000000010c567460
0x000000010c5673f0:   00007f8914002000 000000010c567540
0x000000010c567400:   000000010c5674d0 0000000000000000
0x000000010c567410:   000000010c751e80 0000000000000001
0x000000010c567420:   000000010c567420 0000000125884658
0x000000010c567430:   000000010c567478 000000012588a138
0x000000010c567440:   0000000000000000 0000000125884670
0x000000010c567450:   0000000000000000 000000010c567470
0x000000010c567460:   0000000000000000 000000076b003490
0x000000010c567470:   0000000000000000 000000076ab06920
0x000000010c567480:   1dea57404c839fd1 000000012592f200
0x000000010c567490:   0000000000000000 000000012592f200
0x000000010c5674a0:   000000010c567548 00007f8914002000
0x000000010c5674b0:   000000010c567518 000000010c658954
0x000000010c5674c0:   0000000000000000 000000010c5674e0 

Instructions: (pc=0x000000012a783761)
0x000000012a783741:   c0 e8 6d 0b 00 00 4c 89 f7 e8 ab 04 00 00 48 c7
0x000000012a783751:   45 80 00 00 00 00 48 8b 05 f2 cc 02 00 48 8b 38
0x000000012a783761:   48 8b 07 48 8d 75 80 ba 04 00 01 00 ff 50 30 85
0x000000012a783771:   c0 75 07 48 83 7d 80 00 75 53 48 8b 35 e6 52 03 

Register to memory mapping:

RAX=0x000000012a888860: jvm+0 in /Library/Java/JavaVirtualMachines/jdk1.8.0_60.jdk/Contents/Home/jre/lib/./libawt.dylib at 0x000000012a7f4000
RBX=0x0000000000000000 is an unknown value
RCX=0x000000012a7990db: __FUNCTION__.99988+0x2ed3 in /Library/Java/JavaVirtualMachines/jdk1.8.0_60.jdk/Contents/Home/jre/lib/./libawt_lwawt.dylib at 0x000000012a73f000
RDX=0x00007f8915d078b0 is an unknown value
RSP=0x000000010c5672d0 is pointing into the stack for thread: 0x00007f8914002000
RBP=0x000000010c567350 is pointing into the stack for thread: 0x00007f8914002000
RSI=0x000000010c5672b4 is pointing into the stack for thread: 0x00007f8914002000
RDI=0x0000000000000000 is an unknown value
R8 =0x00007f8915d07930 is an unknown value
R9 =0x00000000fffffff0 is an unknown value
R10=0x000000012a980bb0: appKitEnv+0x1900 in /Library/Java/JavaVirtualMachines/jdk1.8.0_60.jdk/Contents/Home/jre/lib/./libosxapp.dylib at 0x000000012a968000
R11=0x000000012a96c521: OSXAPP_SetJavaVM+0 in /Library/Java/JavaVirtualMachines/jdk1.8.0_60.jdk/Contents/Home/jre/lib/./libosxapp.dylib at 0x000000012a968000
R12=0x00007f8911c24100 is an unknown value
R13=0x000000012a7836d0: JNI_OnLoad+0 in /Library/Java/JavaVirtualMachines/jdk1.8.0_60.jdk/Contents/Home/jre/lib/./libawt_lwawt.dylib at 0x000000012a73f000
R14=0x000000010bd009c8: main_vm+0 in /Library/Java/JavaVirtualMachines/jdk1.8.0_60.jdk/Contents/Home/jre/lib/server/libjvm.dylib at 0x000000010b4de000
R15=0x00007f89140021f8 is an unknown value


Stack: [0x000000010c468000,0x000000010c568000],  sp=0x000000010c5672d0,  free space=1020k
Native frames: (J=compiled Java code, j=interpreted, Vv=VM code, C=native code)
C  [libawt_lwawt.dylib+0x44761]  JNI_OnLoad+0x91
C  [libjava.dylib+0x2939]  Java_java_lang_ClassLoader_00024NativeLibrary_load+0xd0
j  java.lang.ClassLoader$NativeLibrary.load(Ljava/lang/String;Z)V+0
j  java.lang.ClassLoader.loadLibrary0(Ljava/lang/Class;Ljava/io/File;)Z+328
j  java.lang.ClassLoader.loadLibrary(Ljava/lang/Class;Ljava/lang/String;Z)V+312
j  java.lang.Runtime.loadLibrary0(Ljava/lang/Class;Ljava/lang/String;)V+54
j  java.lang.System.loadLibrary(Ljava/lang/String;)V+7
j  vtk.vtkNativeLibrary.LoadLibrary()V+83
j  vtk.vtkNativeLibrary.LoadAllNativeLibraries()Z+31
j  edu.jhuapl.saavtk.gui.jogl.Test.<clinit>()V+12
v  ~StubRoutines::call_stub
V  [libjvm.dylib+0x2eab0e]
V  [libjvm.dylib+0x2bdc69]
V  [libjvm.dylib+0x2bf171]
V  [libjvm.dylib+0x2bf407]
V  [libjvm.dylib+0x321d33]
V  [libjvm.dylib+0x317dd3]
C  [java+0x38d4]  JavaMain+0x947
C  [libsystem_c.dylib+0x14772]  _pthread_start+0x147
C  [libsystem_c.dylib+0x11a1]  thread_start+0xd
C  0x0000000000000000

Java frames: (J=compiled Java code, j=interpreted, Vv=VM code)
j  java.lang.ClassLoader$NativeLibrary.load(Ljava/lang/String;Z)V+0
j  java.lang.ClassLoader.loadLibrary0(Ljava/lang/Class;Ljava/io/File;)Z+328
j  java.lang.ClassLoader.loadLibrary(Ljava/lang/Class;Ljava/lang/String;Z)V+312
j  java.lang.Runtime.loadLibrary0(Ljava/lang/Class;Ljava/lang/String;)V+54
j  java.lang.System.loadLibrary(Ljava/lang/String;)V+7
j  vtk.vtkNativeLibrary.LoadLibrary()V+83
j  vtk.vtkNativeLibrary.LoadAllNativeLibraries()Z+31
j  edu.jhuapl.saavtk.gui.jogl.Test.<clinit>()V+12
v  ~StubRoutines::call_stub

---------------  P R O C E S S  ---------------

Java Threads: ( => current thread )
  0x00007f8915002000 JavaThread "Service Thread" daemon [_thread_blocked, id=26371, stack(0x0000000128878000,0x0000000128978000)]
  0x00007f8915005800 JavaThread "C1 CompilerThread3" daemon [_thread_blocked, id=25859, stack(0x0000000128775000,0x0000000128875000)]
  0x00007f8915004800 JavaThread "C2 CompilerThread2" daemon [_thread_blocked, id=25347, stack(0x0000000128672000,0x0000000128772000)]
  0x00007f8915004000 JavaThread "C2 CompilerThread1" daemon [_thread_blocked, id=24835, stack(0x000000012856f000,0x000000012866f000)]
  0x00007f8915001000 JavaThread "C2 CompilerThread0" daemon [_thread_blocked, id=24323, stack(0x000000012846c000,0x000000012856c000)]
  0x00007f8914000800 JavaThread "Signal Dispatcher" daemon [_thread_blocked, id=23811, stack(0x0000000128369000,0x0000000128469000)]
  0x00007f891485c000 JavaThread "Finalizer" daemon [_thread_blocked, id=19203, stack(0x0000000128118000,0x0000000128218000)]
  0x00007f891485b000 JavaThread "Reference Handler" daemon [_thread_blocked, id=18691, stack(0x0000000128015000,0x0000000128115000)]
=>0x00007f8914002000 JavaThread "main" [_thread_in_native, id=6659, stack(0x000000010c468000,0x000000010c568000)]

Other Threads:
  0x00007f8914858800 VMThread [stack: 0x0000000127f12000,0x0000000128012000] [id=18179]
  0x00007f8916820000 WatcherThread [stack: 0x000000012897b000,0x0000000128a7b000] [id=26883]

VM state:not at safepoint (normal execution)

VM Mutex/Monitor currently owned by a thread: None

Heap:
 PSYoungGen      total 76288K, used 5246K [0x000000076ab00000, 0x0000000770000000, 0x00000007c0000000)
  eden space 65536K, 8% used [0x000000076ab00000,0x000000076b01f840,0x000000076eb00000)
  from space 10752K, 0% used [0x000000076f580000,0x000000076f580000,0x0000000770000000)
  to   space 10752K, 0% used [0x000000076eb00000,0x000000076eb00000,0x000000076f580000)
 ParOldGen       total 175104K, used 0K [0x00000006c0000000, 0x00000006cab00000, 0x000000076ab00000)
  object space 175104K, 0% used [0x00000006c0000000,0x00000006c0000000,0x00000006cab00000)
 Metaspace       used 3194K, capacity 4652K, committed 4864K, reserved 1056768K
  class space    used 340K, capacity 424K, committed 512K, reserved 1048576K

Card table byte_map: [0x000000011ba03000,0x000000011c204000] byte_map_base: 0x0000000118403000

Marking Bits: (ParMarkBitMap*) 0x000000010bdbce20
 Begin Bits: [0x000000011cf72000, 0x0000000120f72000)
 End Bits:   [0x0000000120f72000, 0x0000000124f72000)

Polling page: 0x000000010c5ad000

CodeCache: size=245760Kb used=1246Kb max_used=1246Kb free=244513Kb
 bounds [0x000000010c643000, 0x000000010c8b3000, 0x000000011b643000]
 total_blobs=332 nmethods=96 adapters=150
 compilation: enabled

Compilation events (10 events):
Event: 0.110 Thread 0x00007f8915005800   90       3       java.lang.String::substring (79 bytes)
Event: 0.110 Thread 0x00007f8915005800 nmethod 90 0x000000010c7791d0 code [0x000000010c7793a0, 0x000000010c779858]
Event: 0.110 Thread 0x00007f8915005800   92       1       java.net.URL::getPort (5 bytes)
Event: 0.110 Thread 0x00007f8915005800 nmethod 92 0x000000010c76ad90 code [0x000000010c76aee0, 0x000000010c76aff0]
Event: 0.112 Thread 0x00007f8915005800   94       3       java.nio.Buffer::checkIndex (22 bytes)
Event: 0.112 Thread 0x00007f8915005800 nmethod 94 0x000000010c779e10 code [0x000000010c779f80, 0x000000010c77a1c8]
Event: 0.112 Thread 0x00007f8915005800   95       3       java.nio.DirectLongBufferU::ix (10 bytes)
Event: 0.112 Thread 0x00007f8915005800 nmethod 95 0x000000010c77a290 code [0x000000010c77a3e0, 0x000000010c77a530]
Event: 0.113 Thread 0x00007f8915005800   96       3       java.lang.String::lastIndexOf (13 bytes)
Event: 0.113 Thread 0x00007f8915005800 nmethod 96 0x000000010c77a790 code [0x000000010c77a900, 0x000000010c77ab28]

GC Heap History (0 events):
No events

Deoptimization events (0 events):
No events

Internal exceptions (10 events):
Event: 0.081 Thread 0x00007f8914002000 Exception <a 'java/security/PrivilegedActionException'> (0x000000076abaf0a0) thrown at [/Users/java_re/workspace/8-2-build-macosx-x86_64/jdk8u60/4407/hotspot/src/share/vm/prims/jvm.cpp, line 1386]
Event: 0.082 Thread 0x00007f8914002000 Exception <a 'java/util/zip/ZipException'> (0x000000076abafe20) thrown at [/Users/java_re/workspace/8-2-build-macosx-x86_64/jdk8u60/4407/hotspot/src/share/vm/prims/jni.cpp, line 709]
Event: 0.082 Thread 0x00007f8914002000 Exception <a 'java/security/PrivilegedActionException'> (0x000000076abb0028) thrown at [/Users/java_re/workspace/8-2-build-macosx-x86_64/jdk8u60/4407/hotspot/src/share/vm/prims/jvm.cpp, line 1386]
Event: 0.082 Thread 0x00007f8914002000 Exception <a 'java/security/PrivilegedActionException'> (0x000000076abb0238) thrown at [/Users/java_re/workspace/8-2-build-macosx-x86_64/jdk8u60/4407/hotspot/src/share/vm/prims/jvm.cpp, line 1386]
Event: 0.083 Thread 0x00007f8914002000 Exception <a 'java/util/zip/ZipException'> (0x000000076abb0fd8) thrown at [/Users/java_re/workspace/8-2-build-macosx-x86_64/jdk8u60/4407/hotspot/src/share/vm/prims/jni.cpp, line 709]
Event: 0.083 Thread 0x00007f8914002000 Exception <a 'java/security/PrivilegedActionException'> (0x000000076abb11e0) thrown at [/Users/java_re/workspace/8-2-build-macosx-x86_64/jdk8u60/4407/hotspot/src/share/vm/prims/jvm.cpp, line 1386]
Event: 0.083 Thread 0x00007f8914002000 Exception <a 'java/security/PrivilegedActionException'> (0x000000076abb13f0) thrown at [/Users/java_re/workspace/8-2-build-macosx-x86_64/jdk8u60/4407/hotspot/src/share/vm/prims/jvm.cpp, line 1386]
Event: 0.084 Thread 0x00007f8914002000 Exception <a 'java/util/zip/ZipException'> (0x000000076abc40d8) thrown at [/Users/java_re/workspace/8-2-build-macosx-x86_64/jdk8u60/4407/hotspot/src/share/vm/prims/jni.cpp, line 709]
Event: 0.084 Thread 0x00007f8914002000 Exception <a 'java/security/PrivilegedActionException'> (0x000000076abc42e0) thrown at [/Users/java_re/workspace/8-2-build-macosx-x86_64/jdk8u60/4407/hotspot/src/share/vm/prims/jvm.cpp, line 1386]
Event: 0.084 Thread 0x00007f8914002000 Exception <a 'java/security/PrivilegedActionException'> (0x000000076abc44f0) thrown at [/Users/java_re/workspace/8-2-build-macosx-x86_64/jdk8u60/4407/hotspot/src/share/vm/prims/jvm.cpp, line 1386]

Events (10 events):
Event: 0.110 loading class vtk/vtkOutputWindow
Event: 0.110 loading class vtk/vtkOutputWindow done
Event: 0.110 loading class vtk/vtkObject
Event: 0.110 loading class vtk/vtkObject done
Event: 0.111 loading class vtk/vtkObjectBase
Event: 0.111 loading class vtk/vtkObjectBase done
Event: 0.112 loading class vtk/vtkFileOutputWindow
Event: 0.112 loading class vtk/vtkFileOutputWindow done
Event: 0.113 loading class java/lang/ClassLoaderHelper
Event: 0.113 loading class java/lang/ClassLoaderHelper done


Dynamic libraries:
0x000000000e20d000 	/System/Library/Frameworks/Cocoa.framework/Versions/A/Cocoa
0x000000000e20d000 	/System/Library/Frameworks/Security.framework/Versions/A/Security
0x000000000e20d000 	/System/Library/Frameworks/ApplicationServices.framework/Versions/A/ApplicationServices
0x000000000e20d000 	/usr/lib/libz.1.dylib
0x000000000e20d000 	/usr/lib/libSystem.B.dylib
0x000000000e20d000 	/usr/lib/libobjc.A.dylib
0x000000000e20d000 	/System/Library/Frameworks/CoreFoundation.framework/Versions/A/CoreFoundation
0x000000000e20d000 	/System/Library/Frameworks/Foundation.framework/Versions/C/Foundation
0x000000000e20d000 	/System/Library/Frameworks/AppKit.framework/Versions/C/AppKit
0x000000000e20d000 	/System/Library/Frameworks/CoreData.framework/Versions/A/CoreData
0x000000000e20d000 	/System/Library/PrivateFrameworks/RemoteViewServices.framework/Versions/A/RemoteViewServices
0x000000000e20d000 	/System/Library/Frameworks/AudioToolbox.framework/Versions/A/AudioToolbox
0x000000000e20d000 	/System/Library/Frameworks/AudioUnit.framework/Versions/A/AudioUnit
0x000000000e20d000 	/System/Library/PrivateFrameworks/DataDetectorsCore.framework/Versions/A/DataDetectorsCore
0x000000000e20d000 	/System/Library/PrivateFrameworks/DesktopServicesPriv.framework/Versions/A/DesktopServicesPriv
0x000000000e20d000 	/System/Library/Frameworks/Carbon.framework/Versions/A/Frameworks/HIToolbox.framework/Versions/A/HIToolbox
0x000000000e20d000 	/System/Library/Frameworks/QuartzCore.framework/Versions/A/QuartzCore
0x000000000e20d000 	/System/Library/Frameworks/Carbon.framework/Versions/A/Frameworks/SpeechRecognition.framework/Versions/A/SpeechRecognition
0x000000000e20d000 	/usr/lib/libauto.dylib
0x000000000e20d000 	/usr/lib/libicucore.A.dylib
0x000000000e20d000 	/usr/lib/libxml2.2.dylib
0x000000000e20d000 	/System/Library/PrivateFrameworks/CoreUI.framework/Versions/A/CoreUI
0x000000000e20d000 	/System/Library/Frameworks/CoreAudio.framework/Versions/A/CoreAudio
0x000000000e20d000 	/System/Library/Frameworks/DiskArbitration.framework/Versions/A/DiskArbitration
0x000000000e20d000 	/usr/lib/liblangid.dylib
0x000000000e20d000 	/System/Library/PrivateFrameworks/MultitouchSupport.framework/Versions/A/MultitouchSupport
0x000000000e20d000 	/System/Library/Frameworks/IOKit.framework/Versions/A/IOKit
0x000000000e20d000 	/usr/lib/libDiagnosticMessagesClient.dylib
0x000000000e20d000 	/System/Library/Frameworks/CoreServices.framework/Versions/A/CoreServices
0x000000000e20d000 	/System/Library/PrivateFrameworks/PerformanceAnalysis.framework/Versions/A/PerformanceAnalysis
0x000000000e20d000 	/System/Library/PrivateFrameworks/GenerationalStorage.framework/Versions/A/GenerationalStorage
0x000000000e20d000 	/System/Library/Frameworks/OpenGL.framework/Versions/A/OpenGL
0x000000000e20d000 	/System/Library/Frameworks/CoreText.framework/Versions/A/CoreText
0x000000000e20d000 	/System/Library/Frameworks/ImageIO.framework/Versions/A/ImageIO
0x000000000e20d000 	/System/Library/PrivateFrameworks/Backup.framework/Versions/A/Backup
0x000000000e20d000 	/System/Library/Frameworks/CFNetwork.framework/Versions/A/CFNetwork
0x000000000e20d000 	/System/Library/Frameworks/SystemConfiguration.framework/Versions/A/SystemConfiguration
0x000000000e20d000 	/usr/lib/libCRFSuite.dylib
0x000000000e20d000 	/System/Library/PrivateFrameworks/TCC.framework/Versions/A/TCC
0x000000000e20d000 	/usr/lib/libc++.1.dylib
0x000000000e20d000 	/usr/lib/libc++abi.dylib
0x000000000e20d000 	/usr/lib/system/libcache.dylib
0x000000000e20d000 	/usr/lib/system/libcommonCrypto.dylib
0x000000000e20d000 	/usr/lib/system/libcompiler_rt.dylib
0x000000000e20d000 	/usr/lib/system/libcopyfile.dylib
0x000000000e20d000 	/usr/lib/system/libdispatch.dylib
0x000000000e20d000 	/usr/lib/system/libdnsinfo.dylib
0x000000000e20d000 	/usr/lib/system/libdyld.dylib
0x000000000e20d000 	/usr/lib/system/libkeymgr.dylib
0x000000000e20d000 	/usr/lib/system/liblaunch.dylib
0x000000000e20d000 	/usr/lib/system/libmacho.dylib
0x000000000e20d000 	/usr/lib/system/libquarantine.dylib
0x000000000e20d000 	/usr/lib/system/libremovefile.dylib
0x000000000e20d000 	/usr/lib/system/libsystem_blocks.dylib
0x000000000e20d000 	/usr/lib/system/libsystem_c.dylib
0x000000000e20d000 	/usr/lib/system/libsystem_dnssd.dylib
0x000000000e20d000 	/usr/lib/system/libsystem_info.dylib
0x000000000e20d000 	/usr/lib/system/libsystem_kernel.dylib
0x000000000e20d000 	/usr/lib/system/libsystem_m.dylib
0x000000000e20d000 	/usr/lib/system/libsystem_network.dylib
0x000000000e20d000 	/usr/lib/system/libsystem_notify.dylib
0x000000000e20d000 	/usr/lib/system/libsystem_sandbox.dylib
0x000000000e20d000 	/usr/lib/system/libunc.dylib
0x000000000e20d000 	/usr/lib/system/libunwind.dylib
0x000000000e20d000 	/usr/lib/system/libxpc.dylib
0x000000000e20d000 	/usr/lib/system/libcorecrypto.dylib
0x000000000e20d000 	/usr/lib/libstdc++.6.dylib
0x000000000e20d000 	/usr/lib/libbsm.0.dylib
0x000000000e20d000 	/usr/lib/libsqlite3.dylib
0x000000000e20d000 	/usr/lib/libxar.1.dylib
0x000000000e20d000 	/usr/lib/libpam.2.dylib
0x000000000e20d000 	/usr/lib/libOpenScriptingUtil.dylib
0x000000000e20d000 	/usr/lib/libbz2.1.0.dylib
0x000000000e20d000 	/System/Library/Frameworks/CoreServices.framework/Versions/A/Frameworks/CarbonCore.framework/Versions/A/CarbonCore
0x000000000e20d000 	/System/Library/Frameworks/CoreServices.framework/Versions/A/Frameworks/Metadata.framework/Versions/A/Metadata
0x000000000e20d000 	/System/Library/Frameworks/CoreServices.framework/Versions/A/Frameworks/OSServices.framework/Versions/A/OSServices
0x000000000e20d000 	/System/Library/Frameworks/CoreServices.framework/Versions/A/Frameworks/SearchKit.framework/Versions/A/SearchKit
0x000000000e20d000 	/System/Library/Frameworks/CoreServices.framework/Versions/A/Frameworks/AE.framework/Versions/A/AE
0x000000000e20d000 	/System/Library/Frameworks/CoreServices.framework/Versions/A/Frameworks/LaunchServices.framework/Versions/A/LaunchServices
0x000000000e20d000 	/System/Library/Frameworks/CoreServices.framework/Versions/A/Frameworks/DictionaryServices.framework/Versions/A/DictionaryServices
0x000000000e20d000 	/System/Library/Frameworks/NetFS.framework/Versions/A/NetFS
0x000000000e20d000 	/usr/lib/system/libkxld.dylib
0x000000000e20d000 	/System/Library/PrivateFrameworks/NetAuth.framework/Versions/A/NetAuth
0x000000000e20d000 	/System/Library/Frameworks/OpenDirectory.framework/Versions/A/Frameworks/CFOpenDirectory.framework/Versions/A/CFOpenDirectory
0x000000000e20d000 	/usr/lib/libxslt.1.dylib
0x000000000e20d000 	/System/Library/PrivateFrameworks/FamilyControls.framework/Versions/A/FamilyControls
0x000000000e20d000 	/System/Library/Frameworks/Carbon.framework/Versions/A/Frameworks/Ink.framework/Versions/A/Ink
0x000000000e20d000 	/System/Library/Frameworks/ApplicationServices.framework/Versions/A/Frameworks/CoreGraphics.framework/Versions/A/CoreGraphics
0x000000000e20d000 	/System/Library/Frameworks/ApplicationServices.framework/Versions/A/Frameworks/ATS.framework/Versions/A/ATS
0x000000000e20d000 	/System/Library/Frameworks/ApplicationServices.framework/Versions/A/Frameworks/ColorSync.framework/Versions/A/ColorSync
0x000000000e20d000 	/System/Library/Frameworks/ApplicationServices.framework/Versions/A/Frameworks/HIServices.framework/Versions/A/HIServices
0x000000000e20d000 	/System/Library/Frameworks/ApplicationServices.framework/Versions/A/Frameworks/LangAnalysis.framework/Versions/A/LangAnalysis
0x000000000e20d000 	/System/Library/Frameworks/ApplicationServices.framework/Versions/A/Frameworks/PrintCore.framework/Versions/A/PrintCore
0x000000000e20d000 	/System/Library/Frameworks/ApplicationServices.framework/Versions/A/Frameworks/QD.framework/Versions/A/QD
0x000000000e20d000 	/System/Library/Frameworks/ApplicationServices.framework/Versions/A/Frameworks/SpeechSynthesis.framework/Versions/A/SpeechSynthesis
0x000000000e20d000 	/System/Library/Frameworks/IOSurface.framework/Versions/A/IOSurface
0x000000000e20d000 	/System/Library/Frameworks/Accelerate.framework/Versions/A/Accelerate
0x000000000e20d000 	/System/Library/Frameworks/ApplicationServices.framework/Versions/A/Frameworks/ATS.framework/Versions/A/Resources/libFontParser.dylib
0x000000000e20d000 	/System/Library/Frameworks/ApplicationServices.framework/Versions/A/Frameworks/ATS.framework/Versions/A/Resources/libFontRegistry.dylib
0x000000000e20d000 	/System/Library/Frameworks/Accelerate.framework/Versions/A/Frameworks/vImage.framework/Versions/A/vImage
0x000000000e20d000 	/System/Library/Frameworks/Accelerate.framework/Versions/A/Frameworks/vecLib.framework/Versions/A/vecLib
0x000000000e20d000 	/System/Library/Frameworks/Accelerate.framework/Versions/A/Frameworks/vecLib.framework/Versions/A/libvDSP.dylib
0x000000000e20d000 	/System/Library/Frameworks/Accelerate.framework/Versions/A/Frameworks/vecLib.framework/Versions/A/libvMisc.dylib
0x000000000e20d000 	/System/Library/Frameworks/Accelerate.framework/Versions/A/Frameworks/vecLib.framework/Versions/A/libLAPACK.dylib
0x000000000e20d000 	/System/Library/Frameworks/Accelerate.framework/Versions/A/Frameworks/vecLib.framework/Versions/A/libBLAS.dylib
0x000000000e20d000 	/System/Library/Frameworks/ImageIO.framework/Versions/A/Resources/libJPEG.dylib
0x000000000e20d000 	/System/Library/Frameworks/ImageIO.framework/Versions/A/Resources/libTIFF.dylib
0x000000000e20d000 	/System/Library/Frameworks/ImageIO.framework/Versions/A/Resources/libPng.dylib
0x000000000e20d000 	/System/Library/Frameworks/ImageIO.framework/Versions/A/Resources/libGIF.dylib
0x000000000e20d000 	/System/Library/Frameworks/ImageIO.framework/Versions/A/Resources/libJP2.dylib
0x000000000e20d000 	/System/Library/Frameworks/ImageIO.framework/Versions/A/Resources/libRadiance.dylib
0x000000000e20d000 	/usr/lib/libcups.2.dylib
0x000000000e20d000 	/System/Library/Frameworks/Kerberos.framework/Versions/A/Kerberos
0x000000000e20d000 	/System/Library/Frameworks/GSS.framework/Versions/A/GSS
0x000000000e20d000 	/usr/lib/libresolv.9.dylib
0x000000000e20d000 	/usr/lib/libiconv.2.dylib
0x000000000e20d000 	/System/Library/PrivateFrameworks/Heimdal.framework/Versions/A/Heimdal
0x000000000e20d000 	/System/Library/PrivateFrameworks/TrustEvaluationAgent.framework/Versions/A/TrustEvaluationAgent
0x000000000e20d000 	/System/Library/Frameworks/OpenDirectory.framework/Versions/A/OpenDirectory
0x000000000e20d000 	/System/Library/PrivateFrameworks/CommonAuth.framework/Versions/A/CommonAuth
0x000000000e20d000 	/System/Library/PrivateFrameworks/Bom.framework/Versions/A/Bom
0x000000000e20d000 	/System/Library/Frameworks/CoreVideo.framework/Versions/A/CoreVideo
0x000000000e20d000 	/System/Library/Frameworks/QuartzCore.framework/Versions/A/Frameworks/CoreImage.framework/Versions/A/CoreImage
0x000000000e20d000 	/System/Library/Frameworks/QuartzCore.framework/Versions/A/Frameworks/ScalableUserInterface.framework/Versions/A/ScalableUserInterface
0x000000000e20d000 	/System/Library/Frameworks/OpenGL.framework/Versions/A/Libraries/libGLU.dylib
0x000000000e20d000 	/System/Library/Frameworks/OpenGL.framework/Versions/A/Libraries/libGFXShared.dylib
0x000000000e20d000 	/System/Library/Frameworks/OpenGL.framework/Versions/A/Libraries/libGL.dylib
0x000000000e20d000 	/System/Library/Frameworks/OpenGL.framework/Versions/A/Libraries/libGLImage.dylib
0x000000000e20d000 	/System/Library/Frameworks/OpenGL.framework/Versions/A/Libraries/libCVMSPluginSupport.dylib
0x000000000e20d000 	/System/Library/Frameworks/OpenGL.framework/Versions/A/Libraries/libCoreVMClient.dylib
0x000000000e20d000 	/System/Library/PrivateFrameworks/CrashReporterSupport.framework/Versions/A/CrashReporterSupport
0x000000000e20d000 	/System/Library/Frameworks/OpenCL.framework/Versions/A/OpenCL
0x000000000e20d000 	/System/Library/PrivateFrameworks/FaceCoreLight.framework/Versions/A/FaceCoreLight
0x000000000e20d000 	/System/Library/PrivateFrameworks/AppleFSCompression.framework/Versions/A/AppleFSCompression
0x000000000e20d000 	/System/Library/PrivateFrameworks/Ubiquity.framework/Versions/A/Ubiquity
0x000000000e20d000 	/System/Library/Frameworks/ServiceManagement.framework/Versions/A/ServiceManagement
0x000000000e20d000 	/System/Library/PrivateFrameworks/ChunkingLibrary.framework/Versions/A/ChunkingLibrary
0x000000000e20d000 	/System/Library/Frameworks/vecLib.framework/Versions/A/vecLib
0x000000000e20d000 	/System/Library/Frameworks/SecurityFoundation.framework/Versions/A/SecurityFoundation
0x000000000e20d000 	/System/Library/PrivateFrameworks/CommerceKit.framework/Versions/A/Frameworks/CommerceCore.framework/Versions/A/CommerceCore
0x000000000e20d000 	/System/Library/PrivateFrameworks/CoreSymbolication.framework/Versions/A/CoreSymbolication
0x000000000e20d000 	/System/Library/PrivateFrameworks/Symbolication.framework/Versions/A/Symbolication
0x000000000e20d000 	/System/Library/PrivateFrameworks/DebugSymbols.framework/Versions/A/DebugSymbols
0x000000010b4de000 	/Library/Java/JavaVirtualMachines/jdk1.8.0_60.jdk/Contents/Home/jre/lib/server/libjvm.dylib
0x000000010c56a000 	/Library/Java/JavaVirtualMachines/jdk1.8.0_60.jdk/Contents/Home/jre/lib/libverify.dylib
0x000000010c578000 	/Library/Java/JavaVirtualMachines/jdk1.8.0_60.jdk/Contents/Home/jre/lib/libjava.dylib
0x000000010c63a000 	/Library/Java/JavaVirtualMachines/jdk1.8.0_60.jdk/Contents/Home/jre/lib/libzip.dylib
0x000000012821a000 	/System/Library/Frameworks/JavaVM.framework/Frameworks/JavaRuntimeSupport.framework/JavaRuntimeSupport
0x0000000128232000 	/System/Library/Frameworks/JavaVM.framework/Versions/A/Frameworks/JavaNativeFoundation.framework/Versions/A/JavaNativeFoundation
0x0000000128247000 	/System/Library/Frameworks/JavaVM.framework/Versions/A/JavaVM
0x000000000e20d000 	/System/Library/Frameworks/Carbon.framework/Versions/A/Carbon
0x0000000128254000 	/System/Library/PrivateFrameworks/JavaLaunching.framework/Versions/A/JavaLaunching
0x000000000e20d000 	/System/Library/Frameworks/Carbon.framework/Versions/A/Frameworks/CommonPanels.framework/Versions/A/CommonPanels
0x000000000e20d000 	/System/Library/Frameworks/Carbon.framework/Versions/A/Frameworks/Help.framework/Versions/A/Help
0x000000000e20d000 	/System/Library/Frameworks/Carbon.framework/Versions/A/Frameworks/ImageCapture.framework/Versions/A/ImageCapture
0x000000000e20d000 	/System/Library/Frameworks/Carbon.framework/Versions/A/Frameworks/OpenScripting.framework/Versions/A/OpenScripting
0x000000000e20d000 	/System/Library/Frameworks/Carbon.framework/Versions/A/Frameworks/Print.framework/Versions/A/Print
0x000000000e20d000 	/System/Library/Frameworks/Carbon.framework/Versions/A/Frameworks/SecurityHI.framework/Versions/A/SecurityHI
0x0000000128bea000 	/Users/zimmemi1/git/saavtk/lib/mac64/libvtkChartsCoreJava.jnilib
0x0000000128c25000 	/Users/zimmemi1/git/saavtk/lib/mac64/libvtkChartsCore-6.2.jnilib
0x0000000128d1e000 	/Users/zimmemi1/git/saavtk/lib/mac64/libvtkRenderingContext2DJava.jnilib
0x0000000128d39000 	/Users/zimmemi1/git/saavtk/lib/mac64/libvtkRenderingContext2D-6.2.jnilib
0x0000000128d69000 	/Users/zimmemi1/git/saavtk/lib/mac64/libvtkRenderingCoreJava.jnilib
0x0000000128e1b000 	/Users/zimmemi1/git/saavtk/lib/mac64/libvtkRenderingCore-6.2.jnilib
0x0000000128faf000 	/Library/Java/JavaVirtualMachines/jdk1.8.0_60.jdk/Contents/Home/jre/lib/libjawt.dylib
0x0000000128fb2000 	/Users/zimmemi1/git/saavtk/lib/mac64/libvtkCommonColorJava.jnilib
0x0000000128fbc000 	/Users/zimmemi1/git/saavtk/lib/mac64/libvtkCommonColor-6.2.jnilib
0x0000000128fd8000 	/Users/zimmemi1/git/saavtk/lib/mac64/libvtkCommonExecutionModelJava.jnilib
0x0000000129010000 	/Users/zimmemi1/git/saavtk/lib/mac64/libvtkCommonExecutionModel-6.2.jnilib
0x00000001290a7000 	/Users/zimmemi1/git/saavtk/lib/mac64/libvtkCommonDataModelJava.jnilib
0x00000001291a6000 	/Users/zimmemi1/git/saavtk/lib/mac64/libvtkCommonDataModel-6.2.jnilib
0x00000001294bf000 	/Users/zimmemi1/git/saavtk/lib/mac64/libvtkCommonMiscJava.jnilib
0x00000001294c8000 	/Users/zimmemi1/git/saavtk/lib/mac64/libvtkCommonMisc-6.2.jnilib
0x00000001294dd000 	/Users/zimmemi1/git/saavtk/lib/mac64/libvtkCommonSystemJava.jnilib
0x00000001294e7000 	/Users/zimmemi1/git/saavtk/lib/mac64/libvtkCommonSystem-6.2.jnilib
0x00000001294fc000 	/Users/zimmemi1/git/saavtk/lib/mac64/libvtkCommonTransformsJava.jnilib
0x0000000129515000 	/Users/zimmemi1/git/saavtk/lib/mac64/libvtkCommonTransforms-6.2.jnilib
0x0000000129543000 	/Users/zimmemi1/git/saavtk/lib/mac64/libvtkCommonMathJava.jnilib
0x0000000129555000 	/Users/zimmemi1/git/saavtk/lib/mac64/libvtkCommonCoreJava.jnilib
0x00000001295be000 	/Users/zimmemi1/git/saavtk/lib/mac64/libvtkWrappingJava.jnilib
0x00000001295c6000 	/Users/zimmemi1/git/saavtk/lib/mac64/libvtkCommonMath-6.2.jnilib
0x00000001295e8000 	/Users/zimmemi1/git/saavtk/lib/mac64/libvtkCommonCore-6.2.jnilib
0x00000001299fc000 	/Users/zimmemi1/git/saavtk/lib/mac64/libvtkInfovisCore-6.2.jnilib
0x0000000129ac3000 	/Users/zimmemi1/git/saavtk/lib/mac64/libvtkFiltersExtraction-6.2.jnilib
0x0000000129b8b000 	/Users/zimmemi1/git/saavtk/lib/mac64/libvtkFiltersStatistics-6.2.jnilib
0x0000000129bf6000 	/Users/zimmemi1/git/saavtk/lib/mac64/libvtkImagingFourier-6.2.jnilib
0x0000000129c1b000 	/Users/zimmemi1/git/saavtk/lib/mac64/libvtkImagingCore-6.2.jnilib
0x0000000129df3000 	/Users/zimmemi1/git/saavtk/lib/mac64/libvtkalglib-6.2.jnilib
0x0000000129e19000 	/Users/zimmemi1/git/saavtk/lib/mac64/libvtkFiltersGeneral-6.2.jnilib
0x000000012a0d6000 	/Users/zimmemi1/git/saavtk/lib/mac64/libvtkFiltersCore-6.2.jnilib
0x000000012a489000 	/Users/zimmemi1/git/saavtk/lib/mac64/libvtkCommonComputationalGeometry-6.2.jnilib
0x000000012a4b0000 	/Users/zimmemi1/git/saavtk/lib/mac64/libvtkRenderingFreeType-6.2.jnilib
0x000000012a565000 	/Users/zimmemi1/git/saavtk/lib/mac64/libvtkftgl-6.2.jnilib
0x000000012a573000 	/Users/zimmemi1/git/saavtk/lib/mac64/libvtkfreetype-6.2.jnilib
0x000000012a5ff000 	/Users/zimmemi1/git/saavtk/lib/mac64/libvtkzlib-6.2.jnilib
0x000000012a614000 	/Users/zimmemi1/git/saavtk/lib/mac64/libvtkFiltersSources-6.2.jnilib
0x000000012a694000 	/Users/zimmemi1/git/saavtk/lib/mac64/libvtkFiltersGeometry-6.2.jnilib
0x000000012a6fa000 	/Users/zimmemi1/git/saavtk/lib/mac64/libvtksys-6.2.dylib
0x000000012a73f000 	/Library/Java/JavaVirtualMachines/jdk1.8.0_60.jdk/Contents/Home/jre/lib/./libawt_lwawt.dylib
0x000000012a7f4000 	/Library/Java/JavaVirtualMachines/jdk1.8.0_60.jdk/Contents/Home/jre/lib/./libawt.dylib
0x000000012a89c000 	/Library/Java/JavaVirtualMachines/jdk1.8.0_60.jdk/Contents/Home/jre/lib/./libmlib_image.dylib
0x000000012a968000 	/Library/Java/JavaVirtualMachines/jdk1.8.0_60.jdk/Contents/Home/jre/lib/./libosxapp.dylib
0x000000012a984000 	/System/Library/Frameworks/ExceptionHandling.framework/Versions/A/ExceptionHandling

VM Arguments:
jvm_args: -Djava.library.path=../saavtk/lib/mac64 -Dfile.encoding=UTF-8 
java_command: edu.jhuapl.saavtk.gui.jogl.Test
java_class_path (initial): /Users/zimmemi1/git/saavtk/bin:/Users/zimmemi1/git/saavtk/lib/commons-math3-3.2.jar:/Users/zimmemi1/git/saavtk/lib/commons-io-2.0.jar:/Users/zimmemi1/git/saavtk/lib/guava-13.0.1.jar:/Users/zimmemi1/git/saavtk/lib/miglayout-3.7.1-swing.jar:/Users/zimmemi1/git/saavtk/lib/jgoodies-looks-2.4.0.jar:/Users/zimmemi1/git/saavtk/lib/jfreechart-1.0.13.jar:/Users/zimmemi1/git/saavtk/lib/jcommon-1.0.16.jar:/Users/zimmemi1/git/saavtk/lib/joda-time-1.6.jar:/Users/zimmemi1/git/saavtk/lib/vtk-6.2.jar:/Users/zimmemi1/git/saavtk/lib/jogl-all-2.1.5.jar:/Users/zimmemi1/git/saavtk/lib/commons-math3-3.2-sources.jar:/Users/zimmemi1/git/saavtk/lib/gluegen-rt-2.1.5.jar:/Users/zimmemi1/git/saavtk/lib/jgoodies-common-1.1.1.jar:/Users/zimmemi1/git/saavtk/lib/RelativeLayout-v1.0.jar:/Users/zimmemi1/git/saavtk/lib/quaqua-7.3.4-filechooser-only.jar:/Users/zimmemi1/git/saavtk/lib/quaqua-7.3.4.jar:/Users/zimmemi1/git/saavtk/lib/Jama-1.0.2.jar
Launcher Type: SUN_STANDARD

Environment Variables:
PATH=/usr/bin:/bin:/usr/sbin:/sbin:/usr/local/bin:/opt/X11/bin
SHELL=/bin/bash
DISPLAY=/tmp/launch-GqSwxi/org.macosforge.xquartz:0
DYLD_LIBRARY_PATH=../saavtk/lib/mac64

Signal Handlers:
SIGSEGV: [libjvm.dylib+0x5a6d31], sa_mask[0]=11111111011111110111111111111111, sa_flags=SA_ONSTACK|SA_RESTART|SA_SIGINFO
SIGBUS: [libjvm.dylib+0x5a6d31], sa_mask[0]=11111111011111110111111111111111, sa_flags=SA_RESTART|SA_SIGINFO
SIGFPE: [libjvm.dylib+0x480a4c], sa_mask[0]=11111111011111110111111111111111, sa_flags=SA_RESTART|SA_SIGINFO
SIGPIPE: [libjvm.dylib+0x480a4c], sa_mask[0]=11111111011111110111111111111111, sa_flags=SA_RESTART|SA_SIGINFO
SIGXFSZ: [libjvm.dylib+0x480a4c], sa_mask[0]=11111111011111110111111111111111, sa_flags=SA_RESTART|SA_SIGINFO
SIGILL: [libjvm.dylib+0x480a4c], sa_mask[0]=11111111011111110111111111111111, sa_flags=SA_RESTART|SA_SIGINFO
SIGUSR1: SIG_DFL, sa_mask[0]=00000000000000000000000000000000, sa_flags=SA_RESTART
SIGUSR2: [libjvm.dylib+0x48056a], sa_mask[0]=00100000000000000000000000000000, sa_flags=SA_RESTART|SA_SIGINFO
SIGHUP: [libjvm.dylib+0x47eb41], sa_mask[0]=11111111011111110111111111111111, sa_flags=SA_RESTART|SA_SIGINFO
SIGINT: [libjvm.dylib+0x47eb41], sa_mask[0]=11111111011111110111111111111111, sa_flags=SA_RESTART|SA_SIGINFO
SIGTERM: [libjvm.dylib+0x47eb41], sa_mask[0]=11111111011111110111111111111111, sa_flags=SA_RESTART|SA_SIGINFO
SIGQUIT: [libjvm.dylib+0x47eb41], sa_mask[0]=11111111011111110111111111111111, sa_flags=SA_RESTART|SA_SIGINFO


---------------  S Y S T E M  ---------------

OS:Bsduname:Darwin 12.6.0 Darwin Kernel Version 12.6.0: Wed Mar 18 16:23:48 PDT 2015; root:xnu-2050.48.19~1/RELEASE_X86_64 x86_64
rlimit: STACK 8192k, CORE 0k, NPROC 709, NOFILE 10240, AS infinity
load average:1.80 1.44 1.34

CPU:total 8 (4 cores per cpu, 2 threads per core) family 6 model 58 stepping 9, cmov, cx8, fxsr, mmx, sse, sse2, sse3, ssse3, sse4.1, sse4.2, popcnt, avx, aes, clmul, erms, ht, tsc, tscinvbit, tscinv

Memory: 4k page, physical 16777216k(3560560k free)

/proc/meminfo:


vm_info: Java HotSpot(TM) 64-Bit Server VM (25.60-b23) for bsd-amd64 JRE (1.8.0_60-b27), built on Aug  4 2015 10:47:24 by "java_re" with gcc 4.2.1 (Based on Apple Inc. build 5658) (LLVM build 2336.11.00)

time: Mon Sep 12 21:48:59 2016
elapsed time: 0 seconds (0d 0h 0m 0s)

