#
# A fatal error has been detected by the Java Runtime Environment:
#
#  SIGSEGV (0xb) at pc=0x000000012b7904fb, pid=57244, tid=6659
#
# JRE version: Java(TM) SE Runtime Environment (8.0_60-b27) (build 1.8.0_60-b27)
# Java VM: Java HotSpot(TM) 64-Bit Server VM (25.60-b23 mixed mode bsd-amd64 compressed oops)
# Problematic frame:
# C  [libawt_lwawt.dylib+0x74fb]  -[AWTView dealloc]+0x76
#
# Failed to write core dump. Core dumps have been disabled. To enable core dumping, try "ulimit -c unlimited" before starting Java again
#
# If you would like to submit a bug report, please visit:
#   http://bugreport.java.com/bugreport/crash.jsp
#

---------------  T H R E A D  ---------------

Current thread is native thread

siginfo: si_signo: 11 (SIGSEGV), si_code: 1 (SEGV_MAPERR), si_addr: 0x0000000000000000

Registers:
RAX=0x0000000000000000, RBX=0x00007ff22c0c2a60, RCX=0x0000000000000002, RDX=0x0000000000000000
RSP=0x000000010ef8c9c0, RBP=0x000000010ef8c9e0, RSI=0x000000010ef8c990, RDI=0x00000000ffffffff
R8 =0x0000000000000000, R9 =0x0000000000000000, R10=0x00007ff22c070160, R11=0x00007fff740beb60
R12=0x0000000000000001, R13=0x0000000000000030, R14=0x00007ff22c801038, R15=0x00007ff22c801000
RIP=0x000000012b7904fb, EFLAGS=0x0000000000010202, ERR=0x0000000000000004
  TRAPNO=0x000000000000000e

Top of Stack: (sp=0x000000010ef8c9c0)
0x000000010ef8c9c0:   000000010ef8c9e0 00007fff869e06f1
0x000000010ef8c9d0:   00007ff22c0c2890 a3a3a3a3a3a3a3a3
0x000000010ef8c9e0:   000000010ef8ce40 00007fff869c9230
0x000000010ef8c9f0:   0000000100001fa0 000000000000000a
0x000000010ef8ca00:   00007ff22e37d000 0000000000000000
0x000000010ef8ca10:   000000010f06871f 000000013b918f80
0x000000010ef8ca20:   000000010ef8c8e0 000000010ef8cd68
0x000000010ef8ca30:   000000010ef8ca60 000000010e35fa25
0x000000010ef8ca40:   00007ff22e37d000 00007ff22c001d30
0x000000010ef8ca50:   00007ff22e37d000 000000010ef8cb88
0x000000010ef8ca60:   00007ff22c001d20 00007ff22c4011f0
0x000000010ef8ca70:   000000010e511e63 00007ff22e37d000
0x000000010ef8ca80:   000000010ef8cac0 000000010e0bbf6d
0x000000010ef8ca90:   40294b6329c5f71b 00007ff22c001d30
0x000000010ef8caa0:   00007ff22e37d000 000000010ef8ccf8
0x000000010ef8cab0:   00007ff22c002e50 00007ff22c400170
0x000000010ef8cac0:   000000010ef8cba0 000000010e0f46db
0x000000010ef8cad0:   00007ff22c400248 00000000000000d8
0x000000010ef8cae0:   00007ff22e37d000 0000000000000000
0x000000010ef8caf0:   0000000000000002 00000000d358303c
0x000000010ef8cb00:   0000000000000000 0000000000000000
0x000000010ef8cb10:   0000000000000000 0000000000000000
0x000000010ef8cb20:   0000000000000001 0000000000028f14
0x000000010ef8cb30:   000000010ef8cba0 000000010e0a02b6
0x000000010ef8cb40:   000000010ef8cb70 00007ff22e37d000
0x000000010ef8cb50:   00007ff2339b4440 00007ff22c400160
0x000000010ef8cb60:   00007ff22c400180 00007ff22c400248
0x000000010ef8cb70:   000000010ef8cba0 00007fff8ec92856
0x000000010ef8cb80:   000000010ef8cba0 000000010ef8cc94
0x000000010ef8cb90:   000000004d555458 0000000000002060
0x000000010ef8cba0:   00007ff22c400b28 00007ff22c400b28
0x000000010ef8cbb0:   000000010ef8cc00 00007fff8ec92d84 

Instructions: (pc=0x000000012b7904fb)
0x000000012b7904db:   00 31 d2 48 89 df e8 20 dd 03 00 48 8b 35 43 25
0x000000012b7904eb:   07 00 48 8b 3d 44 3b 07 00 30 c0 e8 0b dd 03 00
0x000000012b7904fb:   48 8b 08 48 8b 15 bb bc 06 00 48 8b 34 1a 48 89
0x000000012b79050b:   c7 ff 91 b0 00 00 00 48 8b 05 a7 bc 06 00 48 c7 

Register to memory mapping:

RAX=0x0000000000000000 is an unknown value
RBX=0x00007ff22c0c2a60 is an unknown value
RCX=0x0000000000000002 is an unknown value
RDX=0x0000000000000000 is an unknown value
RSP=0x000000010ef8c9c0 is an unknown value
RBP=0x000000010ef8c9e0 is an unknown value
RSI=0x000000010ef8c990 is an unknown value
RDI=0x00000000ffffffff is an unknown value
R8 =0x0000000000000000 is an unknown value
R9 =0x0000000000000000 is an unknown value
R10=0x00007ff22c070160 is an unknown value
R11=0x00007fff740beb60: <offset 0xebf54b60> in /System/Library/Frameworks/Foundation.framework/Versions/C/Foundation at 0x00007fff8816a000
R12=0x0000000000000001 is an unknown value
R13=0x0000000000000030 is an unknown value
R14=0x00007ff22c801038 is an unknown value
R15=0x00007ff22c801000 is an unknown value


Stack: [0x000000010ee8d000,0x000000010ef8d000],  sp=0x000000010ef8c9c0,  free space=1022k
Native frames: (J=compiled Java code, j=interpreted, Vv=VM code, C=native code)
C  [libawt_lwawt.dylib+0x74fb]  -[AWTView dealloc]+0x76
C  [libobjc.A.dylib+0xa230]  _ZN12_GLOBAL__N_119AutoreleasePoolPage3popEPv+0x1d0
C  [libobjc.A.dylib+0xc5a2]  _ZN12_GLOBAL__N_119AutoreleasePoolPage11tls_deallocEPv+0x2a
C  [libsystem_c.dylib+0x1b52e]  _pthread_tsd_cleanup+0xf0
C  [libsystem_c.dylib+0x149d2]  _pthread_exit+0x92
C  [libsystem_c.dylib+0x1477d]  _pthread_struct_init+0x0
C  [libsystem_c.dylib+0x11a1]  thread_start+0xd


---------------  P R O C E S S  ---------------

VM state:at safepoint (shutting down)

VM Mutex/Monitor currently owned by a thread:  ([mutex/lock_event])
[0x00007ff22c002e50] Threads_lock - owner thread: 0x00007ff22b81d800

Heap:
 PSYoungGen      total 76288K, used 60654K [0x000000076ab00000, 0x0000000770000000, 0x00000007c0000000)
  eden space 65536K, 92% used [0x000000076ab00000,0x000000076e63bbe0,0x000000076eb00000)
  from space 10752K, 0% used [0x000000076f580000,0x000000076f580000,0x0000000770000000)
  to   space 10752K, 0% used [0x000000076eb00000,0x000000076eb00000,0x000000076f580000)
 ParOldGen       total 175104K, used 0K [0x00000006c0000000, 0x00000006cab00000, 0x000000076ab00000)
  object space 175104K, 0% used [0x00000006c0000000,0x00000006c0000000,0x00000006cab00000)
 Metaspace       used 16236K, capacity 16448K, committed 16768K, reserved 1062912K
  class space    used 2242K, capacity 2314K, committed 2432K, reserved 1048576K

Card table byte_map: [0x000000011e428000,0x000000011ec29000] byte_map_base: 0x000000011ae28000

Marking Bits: (ParMarkBitMap*) 0x000000010e7e1e20
 Begin Bits: [0x000000011f997000, 0x0000000123997000)
 End Bits:   [0x0000000123997000, 0x0000000127997000)

Polling page: 0x000000010efd2000

CodeCache: size=245760Kb used=5061Kb max_used=5062Kb free=240698Kb
 bounds [0x000000010f068000, 0x000000010f568000, 0x000000011e068000]
 total_blobs=2094 nmethods=1554 adapters=453
 compilation: enabled

Compilation events (10 events):
Event: 8.007 Thread 0x00007ff22b826000 1550       1       bibliothek.gui.dock.control.focus.RepeatingFocusRequest::getSource (5 bytes)
Event: 8.007 Thread 0x00007ff22b826000 nmethod 1550 0x000000010f555d10 code [0x000000010f555e60, 0x000000010f555f70]
Event: 8.053 Thread 0x00007ff22b826000 1551       1       javax.swing.TimerQueue$DelayedTimer::getTimer (5 bytes)
Event: 8.053 Thread 0x00007ff22b826000 nmethod 1551 0x000000010f555a50 code [0x000000010f555ba0, 0x000000010f555cb0]
Event: 8.076 Thread 0x00007ff22b826000 1552   !   3       java.awt.EventQueue::postEventPrivate (104 bytes)
Event: 8.076 Thread 0x00007ff22b826000 nmethod 1552 0x000000010f559510 code [0x000000010f559720, 0x000000010f559fe8]
Event: 8.119 Thread 0x00007ff22b826000 1553       1       java.util.concurrent.locks.AbstractQueuedSynchronizer::compareAndSetWaitStatus (13 bytes)
Event: 8.120 Thread 0x00007ff22b826000 nmethod 1553 0x000000010f559250 code [0x000000010f5593a0, 0x000000010f5594b0]
Event: 9.305 Thread 0x00007ff22b826000 1554       3       java.lang.Object::wait (6 bytes)
Event: 9.305 Thread 0x00007ff22b826000 nmethod 1554 0x000000010f558e50 code [0x000000010f558fc0, 0x000000010f5591c8]

GC Heap History (0 events):
No events

Deoptimization events (5 events):
Event: 1.794 Thread 0x00007ff22d801800 Uncommon trap: reason=unstable_if action=reinterpret pc=0x000000010f2d4790 method=java.lang.ref.SoftReference.get()Ljava/lang/Object; @ 6
Event: 7.987 Thread 0x00007ff230082000 Uncommon trap: reason=class_check action=maybe_recompile pc=0x000000010f1b1944 method=java.lang.String.equals(Ljava/lang/Object;)Z @ 8
Event: 7.987 Thread 0x00007ff230082000 Uncommon trap: reason=class_check action=maybe_recompile pc=0x000000010f1b1944 method=java.lang.String.equals(Ljava/lang/Object;)Z @ 8
Event: 7.987 Thread 0x00007ff230082000 Uncommon trap: reason=class_check action=maybe_recompile pc=0x000000010f1b1944 method=java.lang.String.equals(Ljava/lang/Object;)Z @ 8
Event: 7.987 Thread 0x00007ff230082000 Uncommon trap: reason=class_check action=maybe_recompile pc=0x000000010f1b1944 method=java.lang.String.equals(Ljava/lang/Object;)Z @ 8

Internal exceptions (10 events):
Event: 0.670 Thread 0x00007ff22d801800 Exception <a 'java/io/FileNotFoundException'> (0x000000076bd8ee10) thrown at [/Users/java_re/workspace/8-2-build-macosx-x86_64/jdk8u60/4407/hotspot/src/share/vm/prims/jni.cpp, line 709]
Event: 0.670 Thread 0x00007ff22d801800 Exception <a 'java/io/FileNotFoundException'> (0x000000076bd963b0) thrown at [/Users/java_re/workspace/8-2-build-macosx-x86_64/jdk8u60/4407/hotspot/src/share/vm/prims/jni.cpp, line 709]
Event: 0.671 Thread 0x00007ff22d801800 Exception <a 'java/io/FileNotFoundException'> (0x000000076bd9dd68) thrown at [/Users/java_re/workspace/8-2-build-macosx-x86_64/jdk8u60/4407/hotspot/src/share/vm/prims/jni.cpp, line 709]
Event: 0.673 Thread 0x00007ff22d801800 Exception <a 'java/io/FileNotFoundException'> (0x000000076bdab610) thrown at [/Users/java_re/workspace/8-2-build-macosx-x86_64/jdk8u60/4407/hotspot/src/share/vm/prims/jni.cpp, line 709]
Event: 0.674 Thread 0x00007ff22d801800 Exception <a 'java/io/FileNotFoundException'> (0x000000076bdb2e40) thrown at [/Users/java_re/workspace/8-2-build-macosx-x86_64/jdk8u60/4407/hotspot/src/share/vm/prims/jni.cpp, line 709]
Event: 0.675 Thread 0x00007ff22d801800 Exception <a 'java/io/FileNotFoundException'> (0x000000076bdba400) thrown at [/Users/java_re/workspace/8-2-build-macosx-x86_64/jdk8u60/4407/hotspot/src/share/vm/prims/jni.cpp, line 709]
Event: 0.675 Thread 0x00007ff22d801800 Exception <a 'java/io/FileNotFoundException'> (0x000000076bdc18f8) thrown at [/Users/java_re/workspace/8-2-build-macosx-x86_64/jdk8u60/4407/hotspot/src/share/vm/prims/jni.cpp, line 709]
Event: 0.676 Thread 0x00007ff22d801800 Exception <a 'java/io/FileNotFoundException'> (0x000000076bdc8e78) thrown at [/Users/java_re/workspace/8-2-build-macosx-x86_64/jdk8u60/4407/hotspot/src/share/vm/prims/jni.cpp, line 709]
Event: 0.677 Thread 0x00007ff22d801800 Exception <a 'java/io/FileNotFoundException'> (0x000000076bdd05f8) thrown at [/Users/java_re/workspace/8-2-build-macosx-x86_64/jdk8u60/4407/hotspot/src/share/vm/prims/jni.cpp, line 709]
Event: 0.677 Thread 0x00007ff22d801800 Exception <a 'java/io/FileNotFoundException'> (0x000000076bdd75e0) thrown at [/Users/java_re/workspace/8-2-build-macosx-x86_64/jdk8u60/4407/hotspot/src/share/vm/prims/jni.cpp, line 709]

Events (10 events):
Event: 12.646 loading class sun/awt/AppContext$PostShutdownEventRunnable done
Event: 12.647 loading class sun/awt/AWTAutoShutdown$1
Event: 12.647 loading class sun/awt/AWTAutoShutdown$1 done
Event: 12.647 Thread 0x00007ff22c86c000 Thread exited: 0x00007ff22c86c000
Event: 12.647 Thread 0x00007ff230082000 Thread exited: 0x00007ff230082000
Event: 12.647 loading class java/lang/Shutdown
Event: 12.647 loading class java/lang/Shutdown done
Event: 12.647 loading class java/lang/Shutdown$Lock
Event: 12.647 loading class java/lang/Shutdown$Lock done
Event: 12.647 Thread 0x00007ff22e37d000 Thread exited: 0x00007ff22e37d000


Dynamic libraries:
0x00000000034f0000 	/System/Library/Frameworks/Cocoa.framework/Versions/A/Cocoa
0x00000000034f0000 	/System/Library/Frameworks/Security.framework/Versions/A/Security
0x00000000034f0000 	/System/Library/Frameworks/ApplicationServices.framework/Versions/A/ApplicationServices
0x00000000034f0000 	/usr/lib/libz.1.dylib
0x00000000034f0000 	/usr/lib/libSystem.B.dylib
0x00000000034f0000 	/usr/lib/libobjc.A.dylib
0x00000000034f0000 	/System/Library/Frameworks/CoreFoundation.framework/Versions/A/CoreFoundation
0x00000000034f0000 	/System/Library/Frameworks/Foundation.framework/Versions/C/Foundation
0x00000000034f0000 	/System/Library/Frameworks/AppKit.framework/Versions/C/AppKit
0x00000000034f0000 	/System/Library/Frameworks/CoreData.framework/Versions/A/CoreData
0x00000000034f0000 	/System/Library/PrivateFrameworks/RemoteViewServices.framework/Versions/A/RemoteViewServices
0x00000000034f0000 	/System/Library/Frameworks/AudioToolbox.framework/Versions/A/AudioToolbox
0x00000000034f0000 	/System/Library/Frameworks/AudioUnit.framework/Versions/A/AudioUnit
0x00000000034f0000 	/System/Library/PrivateFrameworks/DataDetectorsCore.framework/Versions/A/DataDetectorsCore
0x00000000034f0000 	/System/Library/PrivateFrameworks/DesktopServicesPriv.framework/Versions/A/DesktopServicesPriv
0x00000000034f0000 	/System/Library/Frameworks/Carbon.framework/Versions/A/Frameworks/HIToolbox.framework/Versions/A/HIToolbox
0x00000000034f0000 	/System/Library/Frameworks/QuartzCore.framework/Versions/A/QuartzCore
0x00000000034f0000 	/System/Library/Frameworks/Carbon.framework/Versions/A/Frameworks/SpeechRecognition.framework/Versions/A/SpeechRecognition
0x00000000034f0000 	/usr/lib/libauto.dylib
0x00000000034f0000 	/usr/lib/libicucore.A.dylib
0x00000000034f0000 	/usr/lib/libxml2.2.dylib
0x00000000034f0000 	/System/Library/PrivateFrameworks/CoreUI.framework/Versions/A/CoreUI
0x00000000034f0000 	/System/Library/Frameworks/CoreAudio.framework/Versions/A/CoreAudio
0x00000000034f0000 	/System/Library/Frameworks/DiskArbitration.framework/Versions/A/DiskArbitration
0x00000000034f0000 	/usr/lib/liblangid.dylib
0x00000000034f0000 	/System/Library/PrivateFrameworks/MultitouchSupport.framework/Versions/A/MultitouchSupport
0x00000000034f0000 	/System/Library/Frameworks/IOKit.framework/Versions/A/IOKit
0x00000000034f0000 	/usr/lib/libDiagnosticMessagesClient.dylib
0x00000000034f0000 	/System/Library/Frameworks/CoreServices.framework/Versions/A/CoreServices
0x00000000034f0000 	/System/Library/PrivateFrameworks/PerformanceAnalysis.framework/Versions/A/PerformanceAnalysis
0x00000000034f0000 	/System/Library/PrivateFrameworks/GenerationalStorage.framework/Versions/A/GenerationalStorage
0x00000000034f0000 	/System/Library/Frameworks/OpenGL.framework/Versions/A/OpenGL
0x00000000034f0000 	/System/Library/Frameworks/CoreText.framework/Versions/A/CoreText
0x00000000034f0000 	/System/Library/Frameworks/ImageIO.framework/Versions/A/ImageIO
0x00000000034f0000 	/System/Library/PrivateFrameworks/Backup.framework/Versions/A/Backup
0x00000000034f0000 	/System/Library/Frameworks/CFNetwork.framework/Versions/A/CFNetwork
0x00000000034f0000 	/System/Library/Frameworks/SystemConfiguration.framework/Versions/A/SystemConfiguration
0x00000000034f0000 	/usr/lib/libCRFSuite.dylib
0x00000000034f0000 	/System/Library/PrivateFrameworks/TCC.framework/Versions/A/TCC
0x00000000034f0000 	/usr/lib/libc++.1.dylib
0x00000000034f0000 	/usr/lib/libc++abi.dylib
0x00000000034f0000 	/usr/lib/system/libcache.dylib
0x00000000034f0000 	/usr/lib/system/libcommonCrypto.dylib
0x00000000034f0000 	/usr/lib/system/libcompiler_rt.dylib
0x00000000034f0000 	/usr/lib/system/libcopyfile.dylib
0x00000000034f0000 	/usr/lib/system/libdispatch.dylib
0x00000000034f0000 	/usr/lib/system/libdnsinfo.dylib
0x00000000034f0000 	/usr/lib/system/libdyld.dylib
0x00000000034f0000 	/usr/lib/system/libkeymgr.dylib
0x00000000034f0000 	/usr/lib/system/liblaunch.dylib
0x00000000034f0000 	/usr/lib/system/libmacho.dylib
0x00000000034f0000 	/usr/lib/system/libquarantine.dylib
0x00000000034f0000 	/usr/lib/system/libremovefile.dylib
0x00000000034f0000 	/usr/lib/system/libsystem_blocks.dylib
0x00000000034f0000 	/usr/lib/system/libsystem_c.dylib
0x00000000034f0000 	/usr/lib/system/libsystem_dnssd.dylib
0x00000000034f0000 	/usr/lib/system/libsystem_info.dylib
0x00000000034f0000 	/usr/lib/system/libsystem_kernel.dylib
0x00000000034f0000 	/usr/lib/system/libsystem_m.dylib
0x00000000034f0000 	/usr/lib/system/libsystem_network.dylib
0x00000000034f0000 	/usr/lib/system/libsystem_notify.dylib
0x00000000034f0000 	/usr/lib/system/libsystem_sandbox.dylib
0x00000000034f0000 	/usr/lib/system/libunc.dylib
0x00000000034f0000 	/usr/lib/system/libunwind.dylib
0x00000000034f0000 	/usr/lib/system/libxpc.dylib
0x00000000034f0000 	/usr/lib/system/libcorecrypto.dylib
0x00000000034f0000 	/usr/lib/libstdc++.6.dylib
0x00000000034f0000 	/usr/lib/libbsm.0.dylib
0x00000000034f0000 	/usr/lib/libsqlite3.dylib
0x00000000034f0000 	/usr/lib/libxar.1.dylib
0x00000000034f0000 	/usr/lib/libpam.2.dylib
0x00000000034f0000 	/usr/lib/libOpenScriptingUtil.dylib
0x00000000034f0000 	/usr/lib/libbz2.1.0.dylib
0x00000000034f0000 	/System/Library/Frameworks/CoreServices.framework/Versions/A/Frameworks/CarbonCore.framework/Versions/A/CarbonCore
0x00000000034f0000 	/System/Library/Frameworks/CoreServices.framework/Versions/A/Frameworks/Metadata.framework/Versions/A/Metadata
0x00000000034f0000 	/System/Library/Frameworks/CoreServices.framework/Versions/A/Frameworks/OSServices.framework/Versions/A/OSServices
0x00000000034f0000 	/System/Library/Frameworks/CoreServices.framework/Versions/A/Frameworks/SearchKit.framework/Versions/A/SearchKit
0x00000000034f0000 	/System/Library/Frameworks/CoreServices.framework/Versions/A/Frameworks/AE.framework/Versions/A/AE
0x00000000034f0000 	/System/Library/Frameworks/CoreServices.framework/Versions/A/Frameworks/LaunchServices.framework/Versions/A/LaunchServices
0x00000000034f0000 	/System/Library/Frameworks/CoreServices.framework/Versions/A/Frameworks/DictionaryServices.framework/Versions/A/DictionaryServices
0x00000000034f0000 	/System/Library/Frameworks/NetFS.framework/Versions/A/NetFS
0x00000000034f0000 	/usr/lib/system/libkxld.dylib
0x00000000034f0000 	/System/Library/PrivateFrameworks/NetAuth.framework/Versions/A/NetAuth
0x00000000034f0000 	/System/Library/Frameworks/OpenDirectory.framework/Versions/A/Frameworks/CFOpenDirectory.framework/Versions/A/CFOpenDirectory
0x00000000034f0000 	/usr/lib/libxslt.1.dylib
0x00000000034f0000 	/System/Library/PrivateFrameworks/FamilyControls.framework/Versions/A/FamilyControls
0x00000000034f0000 	/System/Library/Frameworks/Carbon.framework/Versions/A/Frameworks/Ink.framework/Versions/A/Ink
0x00000000034f0000 	/System/Library/Frameworks/ApplicationServices.framework/Versions/A/Frameworks/CoreGraphics.framework/Versions/A/CoreGraphics
0x00000000034f0000 	/System/Library/Frameworks/ApplicationServices.framework/Versions/A/Frameworks/ATS.framework/Versions/A/ATS
0x00000000034f0000 	/System/Library/Frameworks/ApplicationServices.framework/Versions/A/Frameworks/ColorSync.framework/Versions/A/ColorSync
0x00000000034f0000 	/System/Library/Frameworks/ApplicationServices.framework/Versions/A/Frameworks/HIServices.framework/Versions/A/HIServices
0x00000000034f0000 	/System/Library/Frameworks/ApplicationServices.framework/Versions/A/Frameworks/LangAnalysis.framework/Versions/A/LangAnalysis
0x00000000034f0000 	/System/Library/Frameworks/ApplicationServices.framework/Versions/A/Frameworks/PrintCore.framework/Versions/A/PrintCore
0x00000000034f0000 	/System/Library/Frameworks/ApplicationServices.framework/Versions/A/Frameworks/QD.framework/Versions/A/QD
0x00000000034f0000 	/System/Library/Frameworks/ApplicationServices.framework/Versions/A/Frameworks/SpeechSynthesis.framework/Versions/A/SpeechSynthesis
0x00000000034f0000 	/System/Library/Frameworks/IOSurface.framework/Versions/A/IOSurface
0x00000000034f0000 	/System/Library/Frameworks/Accelerate.framework/Versions/A/Accelerate
0x00000000034f0000 	/System/Library/Frameworks/ApplicationServices.framework/Versions/A/Frameworks/ATS.framework/Versions/A/Resources/libFontParser.dylib
0x00000000034f0000 	/System/Library/Frameworks/ApplicationServices.framework/Versions/A/Frameworks/ATS.framework/Versions/A/Resources/libFontRegistry.dylib
0x00000000034f0000 	/System/Library/Frameworks/Accelerate.framework/Versions/A/Frameworks/vImage.framework/Versions/A/vImage
0x00000000034f0000 	/System/Library/Frameworks/Accelerate.framework/Versions/A/Frameworks/vecLib.framework/Versions/A/vecLib
0x00000000034f0000 	/System/Library/Frameworks/Accelerate.framework/Versions/A/Frameworks/vecLib.framework/Versions/A/libvDSP.dylib
0x00000000034f0000 	/System/Library/Frameworks/Accelerate.framework/Versions/A/Frameworks/vecLib.framework/Versions/A/libvMisc.dylib
0x00000000034f0000 	/System/Library/Frameworks/Accelerate.framework/Versions/A/Frameworks/vecLib.framework/Versions/A/libLAPACK.dylib
0x00000000034f0000 	/System/Library/Frameworks/Accelerate.framework/Versions/A/Frameworks/vecLib.framework/Versions/A/libBLAS.dylib
0x00000000034f0000 	/System/Library/Frameworks/ImageIO.framework/Versions/A/Resources/libJPEG.dylib
0x00000000034f0000 	/System/Library/Frameworks/ImageIO.framework/Versions/A/Resources/libTIFF.dylib
0x00000000034f0000 	/System/Library/Frameworks/ImageIO.framework/Versions/A/Resources/libPng.dylib
0x00000000034f0000 	/System/Library/Frameworks/ImageIO.framework/Versions/A/Resources/libGIF.dylib
0x00000000034f0000 	/System/Library/Frameworks/ImageIO.framework/Versions/A/Resources/libJP2.dylib
0x00000000034f0000 	/System/Library/Frameworks/ImageIO.framework/Versions/A/Resources/libRadiance.dylib
0x00000000034f0000 	/usr/lib/libcups.2.dylib
0x00000000034f0000 	/System/Library/Frameworks/Kerberos.framework/Versions/A/Kerberos
0x00000000034f0000 	/System/Library/Frameworks/GSS.framework/Versions/A/GSS
0x00000000034f0000 	/usr/lib/libresolv.9.dylib
0x00000000034f0000 	/usr/lib/libiconv.2.dylib
0x00000000034f0000 	/System/Library/PrivateFrameworks/Heimdal.framework/Versions/A/Heimdal
0x00000000034f0000 	/System/Library/PrivateFrameworks/TrustEvaluationAgent.framework/Versions/A/TrustEvaluationAgent
0x00000000034f0000 	/System/Library/Frameworks/OpenDirectory.framework/Versions/A/OpenDirectory
0x00000000034f0000 	/System/Library/PrivateFrameworks/CommonAuth.framework/Versions/A/CommonAuth
0x00000000034f0000 	/System/Library/PrivateFrameworks/Bom.framework/Versions/A/Bom
0x00000000034f0000 	/System/Library/Frameworks/CoreVideo.framework/Versions/A/CoreVideo
0x00000000034f0000 	/System/Library/Frameworks/QuartzCore.framework/Versions/A/Frameworks/CoreImage.framework/Versions/A/CoreImage
0x00000000034f0000 	/System/Library/Frameworks/QuartzCore.framework/Versions/A/Frameworks/ScalableUserInterface.framework/Versions/A/ScalableUserInterface
0x00000000034f0000 	/System/Library/Frameworks/OpenGL.framework/Versions/A/Libraries/libGLU.dylib
0x00000000034f0000 	/System/Library/Frameworks/OpenGL.framework/Versions/A/Libraries/libGFXShared.dylib
0x00000000034f0000 	/System/Library/Frameworks/OpenGL.framework/Versions/A/Libraries/libGL.dylib
0x00000000034f0000 	/System/Library/Frameworks/OpenGL.framework/Versions/A/Libraries/libGLImage.dylib
0x00000000034f0000 	/System/Library/Frameworks/OpenGL.framework/Versions/A/Libraries/libCVMSPluginSupport.dylib
0x00000000034f0000 	/System/Library/Frameworks/OpenGL.framework/Versions/A/Libraries/libCoreVMClient.dylib
0x00000000034f0000 	/System/Library/PrivateFrameworks/CrashReporterSupport.framework/Versions/A/CrashReporterSupport
0x00000000034f0000 	/System/Library/Frameworks/OpenCL.framework/Versions/A/OpenCL
0x00000000034f0000 	/System/Library/PrivateFrameworks/FaceCoreLight.framework/Versions/A/FaceCoreLight
0x00000000034f0000 	/System/Library/PrivateFrameworks/AppleFSCompression.framework/Versions/A/AppleFSCompression
0x00000000034f0000 	/System/Library/PrivateFrameworks/Ubiquity.framework/Versions/A/Ubiquity
0x00000000034f0000 	/System/Library/Frameworks/ServiceManagement.framework/Versions/A/ServiceManagement
0x00000000034f0000 	/System/Library/PrivateFrameworks/ChunkingLibrary.framework/Versions/A/ChunkingLibrary
0x00000000034f0000 	/System/Library/Frameworks/vecLib.framework/Versions/A/vecLib
0x00000000034f0000 	/System/Library/Frameworks/SecurityFoundation.framework/Versions/A/SecurityFoundation
0x00000000034f0000 	/System/Library/PrivateFrameworks/CommerceKit.framework/Versions/A/Frameworks/CommerceCore.framework/Versions/A/CommerceCore
0x00000000034f0000 	/System/Library/PrivateFrameworks/CoreSymbolication.framework/Versions/A/CoreSymbolication
0x00000000034f0000 	/System/Library/PrivateFrameworks/Symbolication.framework/Versions/A/Symbolication
0x00000000034f0000 	/System/Library/PrivateFrameworks/DebugSymbols.framework/Versions/A/DebugSymbols
0x000000010df03000 	/Library/Java/JavaVirtualMachines/jdk1.8.0_60.jdk/Contents/Home/jre/lib/server/libjvm.dylib
0x000000010ef8f000 	/Library/Java/JavaVirtualMachines/jdk1.8.0_60.jdk/Contents/Home/jre/lib/libverify.dylib
0x000000010ef9d000 	/Library/Java/JavaVirtualMachines/jdk1.8.0_60.jdk/Contents/Home/jre/lib/libjava.dylib
0x000000010f05f000 	/Library/Java/JavaVirtualMachines/jdk1.8.0_60.jdk/Contents/Home/jre/lib/libzip.dylib
0x000000012ac3f000 	/System/Library/Frameworks/JavaVM.framework/Frameworks/JavaRuntimeSupport.framework/JavaRuntimeSupport
0x000000012ac57000 	/System/Library/Frameworks/JavaVM.framework/Versions/A/Frameworks/JavaNativeFoundation.framework/Versions/A/JavaNativeFoundation
0x000000012ac6c000 	/System/Library/Frameworks/JavaVM.framework/Versions/A/JavaVM
0x00000000034f0000 	/System/Library/Frameworks/Carbon.framework/Versions/A/Carbon
0x000000012ac79000 	/System/Library/PrivateFrameworks/JavaLaunching.framework/Versions/A/JavaLaunching
0x00000000034f0000 	/System/Library/Frameworks/Carbon.framework/Versions/A/Frameworks/CommonPanels.framework/Versions/A/CommonPanels
0x00000000034f0000 	/System/Library/Frameworks/Carbon.framework/Versions/A/Frameworks/Help.framework/Versions/A/Help
0x00000000034f0000 	/System/Library/Frameworks/Carbon.framework/Versions/A/Frameworks/ImageCapture.framework/Versions/A/ImageCapture
0x00000000034f0000 	/System/Library/Frameworks/Carbon.framework/Versions/A/Frameworks/OpenScripting.framework/Versions/A/OpenScripting
0x00000000034f0000 	/System/Library/Frameworks/Carbon.framework/Versions/A/Frameworks/Print.framework/Versions/A/Print
0x00000000034f0000 	/System/Library/Frameworks/Carbon.framework/Versions/A/Frameworks/SecurityHI.framework/Versions/A/SecurityHI
0x000000012b615000 	/Library/Java/JavaVirtualMachines/jdk1.8.0_60.jdk/Contents/Home/jre/lib/libawt.dylib
0x000000012b6bd000 	/Library/Java/JavaVirtualMachines/jdk1.8.0_60.jdk/Contents/Home/jre/lib/./libmlib_image.dylib
0x000000012b789000 	/Library/Java/JavaVirtualMachines/jdk1.8.0_60.jdk/Contents/Home/jre/lib/libawt_lwawt.dylib
0x000000012b83e000 	/Library/Java/JavaVirtualMachines/jdk1.8.0_60.jdk/Contents/Home/jre/lib/./libosxapp.dylib
0x000000012b85a000 	/System/Library/Frameworks/ExceptionHandling.framework/Versions/A/ExceptionHandling
0x00000000034f0000 	/System/Library/PrivateFrameworks/CoreServicesInternal.framework/Versions/A/CoreServicesInternal
0x00000000034f0000 	/System/Library/PrivateFrameworks/Librarian.framework/Versions/A/Librarian
0x00000000034f0000 	/System/Library/Frameworks/ApplicationServices.framework/Versions/A/Frameworks/CoreGraphics.framework/Versions/A/Resources/libCSync.A.dylib
0x00000000034f0000 	/System/Library/Frameworks/ApplicationServices.framework/Versions/A/Frameworks/CoreGraphics.framework/Versions/A/Resources/libRIP.A.dylib
0x00000000034f0000 	/System/Library/Frameworks/ApplicationServices.framework/Versions/A/Frameworks/CoreGraphics.framework/Versions/A/Resources/libCGXType.A.dylib
0x000000012d1a9000 	/Library/Java/JavaVirtualMachines/jdk1.8.0_60.jdk/Contents/Home/jre/lib/libfontmanager.dylib
0x000000012d210000 	/Library/Java/JavaVirtualMachines/jdk1.8.0_60.jdk/Contents/Home/jre/lib/libjawt.dylib
0x000000012fe8e000 	/Users/zimmemi1/git/saavtk/lib-bamt/vtk6.3/mac64/libvtkChartsCoreJava.jnilib
0x000000012feca000 	/Users/zimmemi1/git/saavtk/lib-bamt/vtk6.3/mac64/libvtkChartsCore-6.3.jnilib
0x000000012d3c3000 	/Users/zimmemi1/git/saavtk/lib-bamt/vtk6.3/mac64/libvtkRenderingContext2DJava.jnilib
0x000000012ffd6000 	/Users/zimmemi1/git/saavtk/lib-bamt/vtk6.3/mac64/libvtkRenderingContext2D-6.3.jnilib
0x0000000130006000 	/Users/zimmemi1/git/saavtk/lib-bamt/vtk6.3/mac64/libvtkRenderingCoreJava.jnilib
0x00000001300b6000 	/Users/zimmemi1/git/saavtk/lib-bamt/vtk6.3/mac64/libvtkRenderingCore-6.3.jnilib
0x0000000130247000 	/Users/zimmemi1/git/saavtk/lib-bamt/vtk6.3/mac64/libvtkCommonColorJava.jnilib
0x0000000130251000 	/Users/zimmemi1/git/saavtk/lib-bamt/vtk6.3/mac64/libvtkCommonColor-6.3.jnilib
0x000000013026c000 	/Users/zimmemi1/git/saavtk/lib-bamt/vtk6.3/mac64/libvtkCommonExecutionModelJava.jnilib
0x00000001302a4000 	/Users/zimmemi1/git/saavtk/lib-bamt/vtk6.3/mac64/libvtkCommonExecutionModel-6.3.jnilib
0x000000013033a000 	/Users/zimmemi1/git/saavtk/lib-bamt/vtk6.3/mac64/libvtkCommonDataModelJava.jnilib
0x0000000130434000 	/Users/zimmemi1/git/saavtk/lib-bamt/vtk6.3/mac64/libvtkCommonDataModel-6.3.jnilib
0x000000013073f000 	/Users/zimmemi1/git/saavtk/lib-bamt/vtk6.3/mac64/libvtkCommonMiscJava.jnilib
0x0000000130748000 	/Users/zimmemi1/git/saavtk/lib-bamt/vtk6.3/mac64/libvtkCommonMisc-6.3.jnilib
0x000000013075d000 	/Users/zimmemi1/git/saavtk/lib-bamt/vtk6.3/mac64/libvtkCommonSystemJava.jnilib
0x0000000130767000 	/Users/zimmemi1/git/saavtk/lib-bamt/vtk6.3/mac64/libvtkCommonSystem-6.3.jnilib
0x000000013077c000 	/Users/zimmemi1/git/saavtk/lib-bamt/vtk6.3/mac64/libvtkCommonTransformsJava.jnilib
0x0000000130795000 	/Users/zimmemi1/git/saavtk/lib-bamt/vtk6.3/mac64/libvtkCommonTransforms-6.3.jnilib
0x00000001307c2000 	/Users/zimmemi1/git/saavtk/lib-bamt/vtk6.3/mac64/libvtkCommonMathJava.jnilib
0x00000001307d2000 	/Users/zimmemi1/git/saavtk/lib-bamt/vtk6.3/mac64/libvtkCommonCoreJava.jnilib
0x000000013083a000 	/Users/zimmemi1/git/saavtk/lib-bamt/vtk6.3/mac64/libvtkWrappingJava.jnilib
0x0000000130842000 	/Users/zimmemi1/git/saavtk/lib-bamt/vtk6.3/mac64/libvtkCommonMath-6.3.jnilib
0x0000000130862000 	/Users/zimmemi1/git/saavtk/lib-bamt/vtk6.3/mac64/libvtkCommonCore-6.3.jnilib
0x0000000130c82000 	/Users/zimmemi1/git/saavtk/lib-bamt/vtk6.3/mac64/libvtkInfovisCore-6.3.jnilib
0x0000000130d48000 	/Users/zimmemi1/git/saavtk/lib-bamt/vtk6.3/mac64/libvtkFiltersExtraction-6.3.jnilib
0x0000000130e0e000 	/Users/zimmemi1/git/saavtk/lib-bamt/vtk6.3/mac64/libvtkFiltersStatistics-6.3.jnilib
0x0000000130e7a000 	/Users/zimmemi1/git/saavtk/lib-bamt/vtk6.3/mac64/libvtkImagingFourier-6.3.jnilib
0x0000000130e9d000 	/Users/zimmemi1/git/saavtk/lib-bamt/vtk6.3/mac64/libvtkImagingCore-6.3.jnilib
0x000000013107b000 	/Users/zimmemi1/git/saavtk/lib-bamt/vtk6.3/mac64/libvtkalglib-6.3.jnilib
0x00000001310a1000 	/Users/zimmemi1/git/saavtk/lib-bamt/vtk6.3/mac64/libvtkFiltersGeneral-6.3.jnilib
0x000000013136f000 	/Users/zimmemi1/git/saavtk/lib-bamt/vtk6.3/mac64/libvtkFiltersCore-6.3.jnilib
0x00000001317f6000 	/Users/zimmemi1/git/saavtk/lib-bamt/vtk6.3/mac64/libvtkCommonComputationalGeometry-6.3.jnilib
0x000000013181d000 	/Users/zimmemi1/git/saavtk/lib-bamt/vtk6.3/mac64/libvtkRenderingFreeType-6.3.jnilib
0x00000001318d0000 	/Users/zimmemi1/git/saavtk/lib-bamt/vtk6.3/mac64/libvtkftgl-6.3.jnilib
0x00000001318de000 	/Users/zimmemi1/git/saavtk/lib-bamt/vtk6.3/mac64/libvtkfreetype-6.3.jnilib
0x000000013196a000 	/Users/zimmemi1/git/saavtk/lib-bamt/vtk6.3/mac64/libvtkzlib-6.3.jnilib
0x0000000131980000 	/Users/zimmemi1/git/saavtk/lib-bamt/vtk6.3/mac64/libvtkFiltersSources-6.3.jnilib
0x0000000131a00000 	/Users/zimmemi1/git/saavtk/lib-bamt/vtk6.3/mac64/libvtkFiltersGeometry-6.3.jnilib
0x0000000131a65000 	/Users/zimmemi1/git/saavtk/lib-bamt/vtk6.3/mac64/libvtksys-6.3.dylib
0x0000000131aa9000 	/Users/zimmemi1/git/saavtk/lib-bamt/vtk6.3/mac64/libvtkCommonComputationalGeometryJava.jnilib
0x0000000131ac2000 	/Users/zimmemi1/git/saavtk/lib-bamt/vtk6.3/mac64/libvtkDomainsChemistryJava.jnilib
0x0000000131ad3000 	/Users/zimmemi1/git/saavtk/lib-bamt/vtk6.3/mac64/libvtkDomainsChemistry-6.3.jnilib
0x0000000131b09000 	/Users/zimmemi1/git/saavtk/lib-bamt/vtk6.3/mac64/libvtkIOXML-6.3.jnilib
0x0000000131bba000 	/Users/zimmemi1/git/saavtk/lib-bamt/vtk6.3/mac64/libvtkIOGeometry-6.3.jnilib
0x0000000131cb6000 	/Users/zimmemi1/git/saavtk/lib-bamt/vtk6.3/mac64/libvtkIOXMLParser-6.3.jnilib
0x0000000131ccf000 	/Users/zimmemi1/git/saavtk/lib-bamt/vtk6.3/mac64/libvtkIOCore-6.3.jnilib
0x0000000131d41000 	/Users/zimmemi1/git/saavtk/lib-bamt/vtk6.3/mac64/libvtkexpat-6.3.jnilib
0x0000000131d66000 	/Users/zimmemi1/git/saavtk/lib-bamt/vtk6.3/mac64/libvtkFiltersAMRJava.jnilib
0x0000000131d78000 	/Users/zimmemi1/git/saavtk/lib-bamt/vtk6.3/mac64/libvtkFiltersAMR-6.3.jnilib
0x0000000131da1000 	/Users/zimmemi1/git/saavtk/lib-bamt/vtk6.3/mac64/libvtkFiltersGeneralJava.jnilib
0x0000000131dfc000 	/Users/zimmemi1/git/saavtk/lib-bamt/vtk6.3/mac64/libvtkParallelCoreJava.jnilib
0x0000000131e11000 	/Users/zimmemi1/git/saavtk/lib-bamt/vtk6.3/mac64/libvtkFiltersCoreJava.jnilib
0x0000000131e79000 	/Users/zimmemi1/git/saavtk/lib-bamt/vtk6.3/mac64/libvtkParallelCore-6.3.jnilib
0x0000000131ed1000 	/Users/zimmemi1/git/saavtk/lib-bamt/vtk6.3/mac64/libvtkIOLegacyJava.jnilib
0x0000000131eec000 	/Users/zimmemi1/git/saavtk/lib-bamt/vtk6.3/mac64/libvtkIOLegacy-6.3.jnilib
0x0000000131f68000 	/Users/zimmemi1/git/saavtk/lib-bamt/vtk6.3/mac64/libvtkIOCoreJava.jnilib
0x0000000131f7d000 	/Users/zimmemi1/git/saavtk/lib-bamt/vtk6.3/mac64/libvtkFiltersExtractionJava.jnilib
0x0000000131f9c000 	/Users/zimmemi1/git/saavtk/lib-bamt/vtk6.3/mac64/libvtkFiltersStatisticsJava.jnilib
0x0000000131fb1000 	/Users/zimmemi1/git/saavtk/lib-bamt/vtk6.3/mac64/libvtkImagingFourierJava.jnilib
0x0000000131fbe000 	/Users/zimmemi1/git/saavtk/lib-bamt/vtk6.3/mac64/libvtkImagingCoreJava.jnilib
0x0000000131fee000 	/Users/zimmemi1/git/saavtk/lib-bamt/vtk6.3/mac64/libvtkFiltersFlowPathsJava.jnilib
0x000000013200b000 	/Users/zimmemi1/git/saavtk/lib-bamt/vtk6.3/mac64/libvtkFiltersFlowPaths-6.3.jnilib
0x0000000132066000 	/Users/zimmemi1/git/saavtk/lib-bamt/vtk6.3/mac64/libvtkFiltersSourcesJava.jnilib
0x0000000132098000 	/Users/zimmemi1/git/saavtk/lib-bamt/vtk6.3/mac64/libvtkFiltersGenericJava.jnilib
0x00000001320b3000 	/Users/zimmemi1/git/saavtk/lib-bamt/vtk6.3/mac64/libvtkFiltersGeneric-6.3.jnilib
0x00000001320e2000 	/Users/zimmemi1/git/saavtk/lib-bamt/vtk6.3/mac64/libvtkFiltersGeometryJava.jnilib
0x00000001320fb000 	/Users/zimmemi1/git/saavtk/lib-bamt/vtk6.3/mac64/libvtkFiltersHybridJava.jnilib
0x0000000132120000 	/Users/zimmemi1/git/saavtk/lib-bamt/vtk6.3/mac64/libvtkFiltersHybrid-6.3.jnilib
0x00000001321d0000 	/Users/zimmemi1/git/saavtk/lib-bamt/vtk6.3/mac64/libvtkImagingSourcesJava.jnilib
0x00000001321e3000 	/Users/zimmemi1/git/saavtk/lib-bamt/vtk6.3/mac64/libvtkImagingSources-6.3.jnilib
0x0000000132225000 	/Users/zimmemi1/git/saavtk/lib-bamt/vtk6.3/mac64/libvtkFiltersHyperTreeJava.jnilib
0x0000000132238000 	/Users/zimmemi1/git/saavtk/lib-bamt/vtk6.3/mac64/libvtkFiltersHyperTree-6.3.jnilib
0x000000013226d000 	/Users/zimmemi1/git/saavtk/lib-bamt/vtk6.3/mac64/libvtkFiltersImagingJava.jnilib
0x000000013227c000 	/Users/zimmemi1/git/saavtk/lib-bamt/vtk6.3/mac64/libvtkFiltersImaging-6.3.jnilib
0x0000000132299000 	/Users/zimmemi1/git/saavtk/lib-bamt/vtk6.3/mac64/libvtkImagingGeneralJava.jnilib
0x00000001322b7000 	/Users/zimmemi1/git/saavtk/lib-bamt/vtk6.3/mac64/libvtkImagingGeneral-6.3.jnilib
0x0000000132381000 	/Users/zimmemi1/git/saavtk/lib-bamt/vtk6.3/mac64/libvtkFiltersModelingJava.jnilib
0x00000001323a0000 	/Users/zimmemi1/git/saavtk/lib-bamt/vtk6.3/mac64/libvtkFiltersModeling-6.3.jnilib
0x00000001323f2000 	/Users/zimmemi1/git/saavtk/lib-bamt/vtk6.3/mac64/libvtkFiltersParallelJava.jnilib
0x0000000132419000 	/Users/zimmemi1/git/saavtk/lib-bamt/vtk6.3/mac64/libvtkFiltersParallel-6.3.jnilib
0x00000001324b1000 	/Users/zimmemi1/git/saavtk/lib-bamt/vtk6.3/mac64/libvtkFiltersParallelImagingJava.jnilib
0x00000001324c6000 	/Users/zimmemi1/git/saavtk/lib-bamt/vtk6.3/mac64/libvtkFiltersParallelImaging-6.3.jnilib
0x00000001324e4000 	/Users/zimmemi1/git/saavtk/lib-bamt/vtk6.3/mac64/libvtkFiltersProgrammableJava.jnilib
0x00000001324ef000 	/Users/zimmemi1/git/saavtk/lib-bamt/vtk6.3/mac64/libvtkFiltersProgrammable-6.3.jnilib
0x00000001324ff000 	/Users/zimmemi1/git/saavtk/lib-bamt/vtk6.3/mac64/libvtkFiltersSMPJava.jnilib
0x000000013250d000 	/Users/zimmemi1/git/saavtk/lib-bamt/vtk6.3/mac64/libvtkFiltersSMP-6.3.jnilib
0x000000013256a000 	/Users/zimmemi1/git/saavtk/lib-bamt/vtk6.3/mac64/libvtkFiltersSelectionJava.jnilib
0x0000000132576000 	/Users/zimmemi1/git/saavtk/lib-bamt/vtk6.3/mac64/libvtkFiltersSelection-6.3.jnilib
0x000000013258a000 	/Users/zimmemi1/git/saavtk/lib-bamt/vtk6.3/mac64/libvtkFiltersTextureJava.jnilib
0x000000013259a000 	/Users/zimmemi1/git/saavtk/lib-bamt/vtk6.3/mac64/libvtkFiltersTexture-6.3.jnilib
0x00000001325b4000 	/Users/zimmemi1/git/saavtk/lib-bamt/vtk6.3/mac64/libvtkFiltersVerdictJava.jnilib
0x00000001325c8000 	/Users/zimmemi1/git/saavtk/lib-bamt/vtk6.3/mac64/libvtkFiltersVerdict-6.3.jnilib
0x00000001325e2000 	/Users/zimmemi1/git/saavtk/lib-bamt/vtk6.3/mac64/libvtkverdict-6.3.dylib
0x0000000132611000 	/Users/zimmemi1/git/saavtk/lib-bamt/vtk6.3/mac64/libvtkGeovisCoreJava.jnilib
0x0000000132643000 	/Users/zimmemi1/git/saavtk/lib-bamt/vtk6.3/mac64/libvtkGeovisCore-6.3.jnilib
0x00000001326b0000 	/Users/zimmemi1/git/saavtk/lib-bamt/vtk6.3/mac64/libvtkIOXMLJava.jnilib
0x00000001326ce000 	/Users/zimmemi1/git/saavtk/lib-bamt/vtk6.3/mac64/libvtkInfovisLayoutJava.jnilib
0x00000001326ff000 	/Users/zimmemi1/git/saavtk/lib-bamt/vtk6.3/mac64/libvtkViewsCoreJava.jnilib
0x000000013271d000 	/Users/zimmemi1/git/saavtk/lib-bamt/vtk6.3/mac64/libvtkproj4-6.3.jnilib
0x000000013275c000 	/Users/zimmemi1/git/saavtk/lib-bamt/vtk6.3/mac64/libvtkIOGeometryJava.jnilib
0x000000013277d000 	/Users/zimmemi1/git/saavtk/lib-bamt/vtk6.3/mac64/libvtkIOXMLParserJava.jnilib
0x0000000132788000 	/Users/zimmemi1/git/saavtk/lib-bamt/vtk6.3/mac64/libvtkInfovisLayout-6.3.jnilib
0x0000000132800000 	/Users/zimmemi1/git/saavtk/lib-bamt/vtk6.3/mac64/libvtkInfovisCoreJava.jnilib
0x0000000132827000 	/Users/zimmemi1/git/saavtk/lib-bamt/vtk6.3/mac64/libvtkInteractionWidgetsJava.jnilib
0x00000001328f3000 	/Users/zimmemi1/git/saavtk/lib-bamt/vtk6.3/mac64/libvtkInteractionStyleJava.jnilib
0x000000013290f000 	/Users/zimmemi1/git/saavtk/lib-bamt/vtk6.3/mac64/libvtkImagingHybridJava.jnilib
0x000000013292a000 	/Users/zimmemi1/git/saavtk/lib-bamt/vtk6.3/mac64/libvtkIOImageJava.jnilib
0x0000000132956000 	/Users/zimmemi1/git/saavtk/lib-bamt/vtk6.3/mac64/libvtkRenderingAnnotationJava.jnilib
0x00000001329b8000 	/Users/zimmemi1/git/saavtk/lib-bamt/vtk6.3/mac64/libvtkImagingColorJava.jnilib
0x00000001329c3000 	/Users/zimmemi1/git/saavtk/lib-bamt/vtk6.3/mac64/libvtkRenderingFreeTypeJava.jnilib
0x00000001329d2000 	/Users/zimmemi1/git/saavtk/lib-bamt/vtk6.3/mac64/libvtkRenderingVolumeJava.jnilib
0x0000000132a06000 	/Users/zimmemi1/git/saavtk/lib-bamt/vtk6.3/mac64/libvtkViewsCore-6.3.jnilib
0x0000000132a2f000 	/Users/zimmemi1/git/saavtk/lib-bamt/vtk6.3/mac64/libvtkInteractionWidgets-6.3.jnilib
0x0000000132bf0000 	/Users/zimmemi1/git/saavtk/lib-bamt/vtk6.3/mac64/libvtkInteractionStyle-6.3.jnilib
0x0000000132c30000 	/Users/zimmemi1/git/saavtk/lib-bamt/vtk6.3/mac64/libvtkImagingHybrid-6.3.jnilib
0x0000000132c9a000 	/Users/zimmemi1/git/saavtk/lib-bamt/vtk6.3/mac64/libvtkIOImage-6.3.jnilib
0x0000000132e0d000 	/Users/zimmemi1/git/saavtk/lib-bamt/vtk6.3/mac64/libvtkRenderingAnnotation-6.3.jnilib
0x0000000132ed4000 	/Users/zimmemi1/git/saavtk/lib-bamt/vtk6.3/mac64/libvtkImagingColor-6.3.jnilib
0x0000000132f13000 	/Users/zimmemi1/git/saavtk/lib-bamt/vtk6.3/mac64/libvtkRenderingVolume-6.3.jnilib
0x0000000133467000 	/Users/zimmemi1/git/saavtk/lib-bamt/vtk6.3/mac64/libvtkpng-6.3.jnilib
0x0000000133490000 	/Users/zimmemi1/git/saavtk/lib-bamt/vtk6.3/mac64/libvtktiff-6.3.jnilib
0x00000001334ef000 	/Users/zimmemi1/git/saavtk/lib-bamt/vtk6.3/mac64/libvtkmetaio-6.3.dylib
0x0000000133581000 	/Users/zimmemi1/git/saavtk/lib-bamt/vtk6.3/mac64/libvtkDICOMParser-6.3.jnilib
0x0000000133599000 	/Users/zimmemi1/git/saavtk/lib-bamt/vtk6.3/mac64/libvtkjpeg-6.3.jnilib
0x00000001335c0000 	/Users/zimmemi1/git/saavtk/lib-bamt/vtk6.3/mac64/libvtkIOAMRJava.jnilib
0x00000001335d2000 	/Users/zimmemi1/git/saavtk/lib-bamt/vtk6.3/mac64/libvtkIOAMR-6.3.jnilib
0x0000000133608000 	/Users/zimmemi1/git/saavtk/lib-bamt/vtk6.3/mac64/libvtkhdf5_hl-6.3.1.8.13.dylib
0x000000013363a000 	/Users/zimmemi1/git/saavtk/lib-bamt/vtk6.3/mac64/libvtkhdf5-6.3.1.8.13.dylib
0x00000001338e9000 	/Users/zimmemi1/git/saavtk/lib-bamt/vtk6.3/mac64/libvtkIOEnSightJava.jnilib
0x00000001338f6000 	/Users/zimmemi1/git/saavtk/lib-bamt/vtk6.3/mac64/libvtkIOEnSight-6.3.jnilib
0x0000000133967000 	/Users/zimmemi1/git/saavtk/lib-bamt/vtk6.3/mac64/libvtkIOExodusJava.jnilib
0x0000000133988000 	/Users/zimmemi1/git/saavtk/lib-bamt/vtk6.3/mac64/libvtkIOExodus-6.3.jnilib
0x0000000133a2b000 	/Users/zimmemi1/git/saavtk/lib-bamt/vtk6.3/mac64/libvtkexoIIc-6.3.jnilib
0x0000000133a75000 	/Users/zimmemi1/git/saavtk/lib-bamt/vtk6.3/mac64/libvtkNetCDF_cxx-6.3.jnilib
0x0000000133a97000 	/Users/zimmemi1/git/saavtk/lib-bamt/vtk6.3/mac64/libvtkNetCDF-6.3.jnilib
0x0000000133b7b000 	/Users/zimmemi1/git/saavtk/lib-bamt/vtk6.3/mac64/libvtkIOExportJava.jnilib
0x0000000133b95000 	/Users/zimmemi1/git/saavtk/lib-bamt/vtk6.3/mac64/libvtkIOExport-6.3.jnilib
0x0000000133beb000 	/Users/zimmemi1/git/saavtk/lib-bamt/vtk6.3/mac64/libvtkRenderingGL2PSJava.jnilib
0x0000000133bf7000 	/Users/zimmemi1/git/saavtk/lib-bamt/vtk6.3/mac64/libvtkRenderingLabelJava.jnilib
0x0000000133c15000 	/Users/zimmemi1/git/saavtk/lib-bamt/vtk6.3/mac64/libvtkRenderingGL2PS-6.3.jnilib
0x0000000133c2e000 	/Users/zimmemi1/git/saavtk/lib-bamt/vtk6.3/mac64/libvtkRenderingContextOpenGLJava.jnilib
0x0000000133c39000 	/Users/zimmemi1/git/saavtk/lib-bamt/vtk6.3/mac64/libvtkRenderingOpenGLJava.jnilib
0x0000000133c81000 	/Users/zimmemi1/git/saavtk/lib-bamt/vtk6.3/mac64/libvtkRenderingContextOpenGL-6.3.jnilib
0x0000000133ca2000 	/Users/zimmemi1/git/saavtk/lib-bamt/vtk6.3/mac64/libvtkRenderingOpenGL-6.3.jnilib
0x0000000133e46000 	/Users/zimmemi1/git/saavtk/lib-bamt/vtk6.3/mac64/libvtkRenderingLabel-6.3.jnilib
0x0000000133ed5000 	/Users/zimmemi1/git/saavtk/lib-bamt/vtk6.3/mac64/libvtkgl2ps-6.3.jnilib
0x0000000133eef000 	/Users/zimmemi1/git/saavtk/lib-bamt/vtk6.3/mac64/libvtkIOImportJava.jnilib
0x0000000133efb000 	/Users/zimmemi1/git/saavtk/lib-bamt/vtk6.3/mac64/libvtkIOImport-6.3.jnilib
0x0000000133f3b000 	/Users/zimmemi1/git/saavtk/lib-bamt/vtk6.3/mac64/libvtkIOInfovisJava.jnilib
0x0000000133f57000 	/Users/zimmemi1/git/saavtk/lib-bamt/vtk6.3/mac64/libvtkIOInfovis-6.3.jnilib
0x0000000133fbc000 	/Users/zimmemi1/git/saavtk/lib-bamt/vtk6.3/mac64/libvtklibxml2-6.3.jnilib
0x0000000134122000 	/Users/zimmemi1/git/saavtk/lib-bamt/vtk6.3/mac64/libvtkIOLSDynaJava.jnilib
0x0000000134135000 	/Users/zimmemi1/git/saavtk/lib-bamt/vtk6.3/mac64/libvtkIOLSDyna-6.3.jnilib
0x000000013418f000 	/Users/zimmemi1/git/saavtk/lib-bamt/vtk6.3/mac64/libvtkIOMINCJava.jnilib
0x00000001341a6000 	/Users/zimmemi1/git/saavtk/lib-bamt/vtk6.3/mac64/libvtkIOMINC-6.3.jnilib
0x000000013420d000 	/Users/zimmemi1/git/saavtk/lib-bamt/vtk6.3/mac64/libvtkIOMovieJava.jnilib
0x0000000134217000 	/Users/zimmemi1/git/saavtk/lib-bamt/vtk6.3/mac64/libvtkIOMovie-6.3.jnilib
0x0000000134227000 	/Users/zimmemi1/git/saavtk/lib-bamt/vtk6.3/mac64/libvtkoggtheora-6.3.jnilib
0x0000000134264000 	/Users/zimmemi1/git/saavtk/lib-bamt/vtk6.3/mac64/libvtkIONetCDFJava.jnilib
0x0000000134275000 	/Users/zimmemi1/git/saavtk/lib-bamt/vtk6.3/mac64/libvtkIONetCDF-6.3.jnilib
0x00000001342d0000 	/Users/zimmemi1/git/saavtk/lib-bamt/vtk6.3/mac64/libvtkIOPLYJava.jnilib
0x00000001342db000 	/Users/zimmemi1/git/saavtk/lib-bamt/vtk6.3/mac64/libvtkIOPLY-6.3.jnilib
0x00000001342f4000 	/Users/zimmemi1/git/saavtk/lib-bamt/vtk6.3/mac64/libvtkIOParallelJava.jnilib
0x0000000134310000 	/Users/zimmemi1/git/saavtk/lib-bamt/vtk6.3/mac64/libvtkIOParallel-6.3.jnilib
0x0000000134380000 	/Users/zimmemi1/git/saavtk/lib-bamt/vtk6.3/mac64/libvtkjsoncpp-6.3.jnilib
0x00000001343a6000 	/Users/zimmemi1/git/saavtk/lib-bamt/vtk6.3/mac64/libvtkIOParallelXMLJava.jnilib
0x00000001343b5000 	/Users/zimmemi1/git/saavtk/lib-bamt/vtk6.3/mac64/libvtkIOParallelXML-6.3.jnilib
0x00000001343d8000 	/Users/zimmemi1/git/saavtk/lib-bamt/vtk6.3/mac64/libvtkIOSQLJava.jnilib
0x00000001343ed000 	/Users/zimmemi1/git/saavtk/lib-bamt/vtk6.3/mac64/libvtkIOSQL-6.3.jnilib
0x0000000134432000 	/Users/zimmemi1/git/saavtk/lib-bamt/vtk6.3/mac64/libvtksqlite-6.3.jnilib
0x00000001344ee000 	/Users/zimmemi1/git/saavtk/lib-bamt/vtk6.3/mac64/libvtkIOVideoJava.jnilib
0x00000001344f8000 	/Users/zimmemi1/git/saavtk/lib-bamt/vtk6.3/mac64/libvtkIOVideo-6.3.jnilib
0x0000000134508000 	/Users/zimmemi1/git/saavtk/lib-bamt/vtk6.3/mac64/libvtkImagingMathJava.jnilib
0x0000000134514000 	/Users/zimmemi1/git/saavtk/lib-bamt/vtk6.3/mac64/libvtkImagingMath-6.3.jnilib
0x000000013455c000 	/Users/zimmemi1/git/saavtk/lib-bamt/vtk6.3/mac64/libvtkImagingMorphologicalJava.jnilib
0x000000013456d000 	/Users/zimmemi1/git/saavtk/lib-bamt/vtk6.3/mac64/libvtkImagingMorphological-6.3.jnilib
0x00000001345d7000 	/Users/zimmemi1/git/saavtk/lib-bamt/vtk6.3/mac64/libvtkImagingStatisticsJava.jnilib
0x00000001345e4000 	/Users/zimmemi1/git/saavtk/lib-bamt/vtk6.3/mac64/libvtkImagingStatistics-6.3.jnilib
0x0000000134602000 	/Users/zimmemi1/git/saavtk/lib-bamt/vtk6.3/mac64/libvtkImagingStencilJava.jnilib
0x0000000134611000 	/Users/zimmemi1/git/saavtk/lib-bamt/vtk6.3/mac64/libvtkImagingStencil-6.3.jnilib
0x000000013463d000 	/Users/zimmemi1/git/saavtk/lib-bamt/vtk6.3/mac64/libvtkInteractionImageJava.jnilib
0x0000000134658000 	/Users/zimmemi1/git/saavtk/lib-bamt/vtk6.3/mac64/libvtkInteractionImage-6.3.jnilib
0x0000000134675000 	/Users/zimmemi1/git/saavtk/lib-bamt/vtk6.3/mac64/libvtkRenderingImageJava.jnilib
0x0000000134683000 	/Users/zimmemi1/git/saavtk/lib-bamt/vtk6.3/mac64/libvtkRenderingImage-6.3.jnilib
0x000000013469c000 	/Users/zimmemi1/git/saavtk/lib-bamt/vtk6.3/mac64/libvtkRenderingLICJava.jnilib
0x00000001346b1000 	/Users/zimmemi1/git/saavtk/lib-bamt/vtk6.3/mac64/libvtkRenderingLIC-6.3.jnilib
0x0000000134768000 	/Users/zimmemi1/git/saavtk/lib-bamt/vtk6.3/mac64/libvtkRenderingLODJava.jnilib
0x0000000134777000 	/Users/zimmemi1/git/saavtk/lib-bamt/vtk6.3/mac64/libvtkRenderingLOD-6.3.jnilib
0x0000000134788000 	/Users/zimmemi1/git/saavtk/lib-bamt/vtk6.3/mac64/libvtkRenderingVolumeOpenGLJava.jnilib
0x0000000134799000 	/Users/zimmemi1/git/saavtk/lib-bamt/vtk6.3/mac64/libvtkRenderingVolumeOpenGL-6.3.jnilib
0x0000000134802000 	/Users/zimmemi1/git/saavtk/lib-bamt/vtk6.3/mac64/libvtkViewsContext2DJava.jnilib
0x0000000134819000 	/Users/zimmemi1/git/saavtk/lib-bamt/vtk6.3/mac64/libvtkViewsContext2D-6.3.jnilib
0x000000013482f000 	/Users/zimmemi1/git/saavtk/lib-bamt/vtk6.3/mac64/libvtkViewsGeovisJava.jnilib
0x000000013484e000 	/Users/zimmemi1/git/saavtk/lib-bamt/vtk6.3/mac64/libvtkViewsGeovis-6.3.jnilib
0x0000000134866000 	/Users/zimmemi1/git/saavtk/lib-bamt/vtk6.3/mac64/libvtkViewsInfovisJava.jnilib
0x00000001348b8000 	/Users/zimmemi1/git/saavtk/lib-bamt/vtk6.3/mac64/libvtkViewsInfovis-6.3.jnilib
0x0000000134a71000 	/System/Library/Frameworks/OpenGL.framework/Resources/GLEngine.bundle/GLEngine
0x0000000134c66000 	/System/Library/Frameworks/OpenGL.framework/Versions/A/Libraries/libGLProgrammability.dylib
0x0000000000000000 	/System/Library/Extensions/GeForceGLDriver.bundle/Contents/MacOS/GeForceGLDriver
0x0000000134e0e000 	/System/Library/PrivateFrameworks/GPUSupport.framework/Versions/A/Libraries/libGPUSupport.dylib
0x00000000034f0000 	/System/Library/Extensions/GeForceGLDriver.bundle/Contents/MacOS/libclh.dylib
0x0000000134e22000 	/System/Library/Extensions/AppleIntelHD4000GraphicsGLDriver.bundle/Contents/MacOS/AppleIntelHD4000GraphicsGLDriver
0x000000013541e000 	/System/Library/PrivateFrameworks/IOAccelerator.framework/Versions/A/IOAccelerator
0x000000013542b000 	/System/Library/PrivateFrameworks/GPUSupport.framework/Versions/A/Libraries/libGPUSupportMercury.dylib
0x000000013583e000 	/System/Library/Frameworks/OpenGL.framework/Resources//GLRendererFloat.bundle/GLRendererFloat
0x0000000135872000 	/System/Library/Frameworks/OpenCL.framework/Versions/A/Libraries/libcldcpuengine.dylib
0x00000000034f0000 	/System/Library/PrivateFrameworks/DiskImages.framework/Versions/A/DiskImages
0x00000000034f0000 	/System/Library/Frameworks/DiscRecording.framework/Versions/A/DiscRecording
0x00000000034f0000 	/usr/lib/libcurl.4.dylib
0x00000000034f0000 	/System/Library/PrivateFrameworks/MediaKit.framework/Versions/A/MediaKit
0x00000000034f0000 	/usr/lib/libssl.0.9.8.dylib
0x00000000034f0000 	/usr/lib/libcrypto.0.9.8.dylib
0x00000000034f0000 	/System/Library/Frameworks/LDAP.framework/Versions/A/LDAP
0x00000000034f0000 	/usr/lib/libsasl2.2.dylib
0x0000000136032000 	/Library/Java/JavaVirtualMachines/jdk1.8.0_60.jdk/Contents/Home/jre/lib/libosxui.dylib
0x000000013bec9000 	/Library/Java/JavaVirtualMachines/jdk1.8.0_60.jdk/Contents/Home/jre/lib/libnet.dylib
0x000000013bee0000 	/Library/Java/JavaVirtualMachines/jdk1.8.0_60.jdk/Contents/Home/jre/lib/libnio.dylib

VM Arguments:
jvm_args: -Djava.library.path=lib-bamt/vtk6.3/mac64 -Dfile.encoding=UTF-8 
java_command: edu.jhuapl.saavtk.gui.df.Test
java_class_path (initial): /Users/zimmemi1/git/saavtk/bin:/Users/zimmemi1/git/saavtk/lib/commons-math3-3.2.jar:/Users/zimmemi1/git/saavtk/lib/commons-io-2.0.jar:/Users/zimmemi1/git/saavtk/lib/guava-13.0.1.jar:/Users/zimmemi1/git/saavtk/lib/miglayout-3.7.1-swing.jar:/Users/zimmemi1/git/saavtk/lib/jgoodies-looks-2.4.0.jar:/Users/zimmemi1/git/saavtk/lib/jfreechart-1.0.13.jar:/Users/zimmemi1/git/saavtk/lib/jcommon-1.0.16.jar:/Users/zimmemi1/git/saavtk/lib/joda-time-1.6.jar:/Users/zimmemi1/git/saavtk/lib/commons-math3-3.2-sources.jar:/Users/zimmemi1/git/saavtk/lib/jgoodies-common-1.1.1.jar:/Users/zimmemi1/git/saavtk/lib/RelativeLayout-v1.0.jar:/Users/zimmemi1/git/saavtk/lib/quaqua-7.3.4-filechooser-only.jar:/Users/zimmemi1/git/saavtk/lib/quaqua-7.3.4.jar:/Users/zimmemi1/git/saavtk/lib/Jama-1.0.2.jar:/Users/zimmemi1/git/saavtk/lib-bamt/vtk6.3/vtk-6.3.jar:/Users/zimmemi1/git/saavtk/lib-bamt/jogl/gluegen-rt.jar:/Users/zimmemi1/git/saavtk/lib-bamt/jogl/jogl-all.jar:/Users/zimmemi1/git/DockingFrames/docking-frames-demo-tutorial/bin:/Users/zimmemi1/git/DockingFrames/docking-frames-core/target/classes:/Users/zimmemi1/git/DockingFrames/docking-frames-common/target/classes
Launcher Type: SUN_STANDARD

Environment Variables:
PATH=/usr/bin:/bin:/usr/sbin:/sbin:/usr/local/bin:/opt/X11/bin
SHELL=/bin/bash
DISPLAY=/tmp/launch-3gOAIV/org.macosforge.xquartz:0
DYLD_LIBRARY_PATH=lib-bamt/vtk6.3/mac64

Signal Handlers:
SIGSEGV: [libjvm.dylib+0x5a6d31], sa_mask[0]=11111111011111110111111111111111, sa_flags=SA_ONSTACK|SA_RESTART|SA_SIGINFO
SIGBUS: [libjvm.dylib+0x5a6d31], sa_mask[0]=11111111011111110111111111111111, sa_flags=SA_RESTART|SA_SIGINFO
SIGFPE: [libjvm.dylib+0x480a4c], sa_mask[0]=11111111011111110111111111111111, sa_flags=SA_RESTART|SA_SIGINFO
SIGPIPE: [libjvm.dylib+0x480a4c], sa_mask[0]=11111111011111110111111111111111, sa_flags=SA_RESTART|SA_SIGINFO
SIGXFSZ: [libjvm.dylib+0x480a4c], sa_mask[0]=11111111011111110111111111111111, sa_flags=SA_RESTART|SA_SIGINFO
SIGILL: [libjvm.dylib+0x480a4c], sa_mask[0]=11111111011111110111111111111111, sa_flags=SA_RESTART|SA_SIGINFO
SIGUSR1: SIG_DFL, sa_mask[0]=00000000000000000000000000000000, sa_flags=SA_RESTART
SIGUSR2: [libjvm.dylib+0x48056a], sa_mask[0]=00100000000000000000000000000000, sa_flags=SA_RESTART|SA_SIGINFO
SIGHUP: [libjvm.dylib+0x47eb41], sa_mask[0]=11111111011111110111111111111111, sa_flags=SA_RESTART|SA_SIGINFO
SIGINT: [libjvm.dylib+0x47eb41], sa_mask[0]=11111111011111110111111111111111, sa_flags=SA_RESTART|SA_SIGINFO
SIGTERM: [libjvm.dylib+0x47eb41], sa_mask[0]=11111111011111110111111111111111, sa_flags=SA_RESTART|SA_SIGINFO
SIGQUIT: [libjvm.dylib+0x47eb41], sa_mask[0]=11111111011111110111111111111111, sa_flags=SA_RESTART|SA_SIGINFO


---------------  S Y S T E M  ---------------

OS:Bsduname:Darwin 12.6.0 Darwin Kernel Version 12.6.0: Wed Mar 18 16:23:48 PDT 2015; root:xnu-2050.48.19~1/RELEASE_X86_64 x86_64
rlimit: STACK 8192k, CORE 0k, NPROC 709, NOFILE 10240, AS infinity
load average:1.16 1.13 1.17

CPU:total 8 (4 cores per cpu, 2 threads per core) family 6 model 58 stepping 9, cmov, cx8, fxsr, mmx, sse, sse2, sse3, ssse3, sse4.1, sse4.2, popcnt, avx, aes, clmul, erms, ht, tsc, tscinvbit, tscinv

Memory: 4k page, physical 16777216k(3544720k free)

/proc/meminfo:


vm_info: Java HotSpot(TM) 64-Bit Server VM (25.60-b23) for bsd-amd64 JRE (1.8.0_60-b27), built on Aug  4 2015 10:47:24 by "java_re" with gcc 4.2.1 (Based on Apple Inc. build 5658) (LLVM build 2336.11.00)

time: Tue Oct  4 22:21:01 2016
elapsed time: 12 seconds (0d 0h 0m 12s)

