#
# A fatal error has been detected by the Java Runtime Environment:
#
#  SIGBUS (0xa) at pc=0x000000013103ed30, pid=72982, tid=0x000000000000b70b
#
# JRE version: Java(TM) SE Runtime Environment (8.0_131-b11) (build 1.8.0_131-b11)
# Java VM: Java HotSpot(TM) 64-Bit Server VM (25.131-b11 mixed mode bsd-amd64 compressed oops)
# Problematic frame:
# C  [libvtkCommonCore-6.3.jnilib+0x350d30]  _ZTI13vtkObjectBase+0x0
#
# Failed to write core dump. Core dumps have been disabled. To enable core dumping, try "ulimit -c unlimited" before starting Java again
#
# If you would like to submit a bug report, please visit:
#   http://bugreport.java.com/bugreport/crash.jsp
# The crash happened outside the Java Virtual Machine in native code.
# See problematic frame for where to report the bug.
#

---------------  T H R E A D  ---------------

Current thread (0x00007ff4b482b000):  JavaThread "AWT-EventQueue-0" [_thread_in_native, id=46859, stack(0x0000700009b87000,0x0000700009c87000)]

siginfo: si_signo: 10 (SIGBUS), si_code: 2 (BUS_ADRERR), si_addr: 0x000000013103ed30

Registers:
RAX=0x000000013103ed30, RBX=0x0000000000000000, RCX=0x0000000000000000, RDX=0x0000000000000001
RSP=0x0000700009c83138, RBP=0x0000700009c83580, RSI=0x00007ff4b8895530, RDI=0x00007ff4bb1901c0
R8 =0x0000000000000006, R9 =0x0000000000000000, R10=0x0000000000000001, R11=0x0000000000000007
R12=0x00007ff4bb077300, R13=0x00007ff4b8f57430, R14=0x00007ff4b8895530, R15=0x0000000000000001
RIP=0x000000013103ed30, EFLAGS=0x0000000000010246, ERR=0x0000000000000015
  TRAPNO=0x000000000000000e

Top of Stack: (sp=0x0000700009c83138)
0x0000700009c83138:   0000000136b44f2d 0000700009c83310
0x0000700009c83148:   00007ff4b5c82600 0000700009c831d0
0x0000700009c83158:   000000013406f7ab 0000002000000008
0x0000700009c83168:   0000000000000008 00007ff4b5c84bd0
0x0000700009c83178:   0000000300000002 00007ff4b5c841d0
0x0000700009c83188:   0000000400807e00 0000000009c831dc
0x0000700009c83198:   00007ff4b5942168 0000000300000f00
0x0000700009c831a8:   00007ff4b98c9000 0000700009c831c0
0x0000700009c831b8:   000000010ecc9539 0000000000000000
0x0000700009c831c8:   0000000000000000 00007ff4bb3afc30
0x0000700009c831d8:   0000000000000000 00007ff4b8895530
0x0000700009c831e8:   00007ff4b8e16920 0000700009c83200
0x0000700009c831f8:   0000000132fcaec6 0000700009c83250
0x0000700009c83208:   00007ff4bb371430 0000000000000004
0x0000700009c83218:   00007ff4bb371230 0000700009c83250
0x0000700009c83228:   0000000130bfb207 0000000000000000
0x0000700009c83238:   000000005ad4cfd8 000000000002346f
0x0000700009c83248:   00000000000000ff 0000700009c832c0
0x0000700009c83258:   00000001369aa3f9 0000000136a98ae0
0x0000700009c83268:   00007ff4b8895530 00007ff4bb375b40
0x0000700009c83278:   00000000bb371230 00007ff4bb3712a8
0x0000700009c83288:   00000000000000ff 0000000000000000
0x0000700009c83298:   0000000000000000 d3edd6dc29ed001f
0x0000700009c832a8:   00000000000000ff 0000000000000000
0x0000700009c832b8:   00007ff4bb375b40 0000700009c83390
0x0000700009c832c8:   00000001369a8aff 0000700009c83310
0x0000700009c832d8:   00007fffb411547a 00007ff4bb370f50
0x0000700009c832e8:   00007ff4b8f92550 00007ff4b8e314d0
0x0000700009c832f8:   00007ff4b50ae760 00007ff4bb14f0b0
0x0000700009c83308:   00007ff4bb2cad70 4300000043000000
0x0000700009c83318:   0000000130bfb163 0000700009c83330
0x0000700009c83328:   0000000130e45782 0000700009c83350 

Instructions: (pc=0x000000013103ed30)
0x000000013103ed10:   20 91 cf 30 01 00 00 00 c0 24 e9 30 01 00 00 00
0x000000013103ed20:   f0 24 e9 30 01 00 00 00 a0 25 e9 30 01 00 00 00
0x000000013103ed30:   b8 1b d8 bc ff 7f 00 00 b5 fa fd 30 01 00 00 00
0x000000013103ed40:   00 00 00 00 00 00 00 00 f0 ed 03 31 01 00 00 00 

Register to memory mapping:

RAX=0x000000013103ed30: _ZTI13vtkObjectBase+0 in /Users/zimmemi1/sbmt/workspace/saavtk/lib/vtk6.3/mac64/libvtkCommonCore-6.3.jnilib at 0x0000000130cee000
RBX=0x0000000000000000 is an unknown value
RCX=0x0000000000000000 is an unknown value
RDX=0x0000000000000001 is an unknown value
RSP=0x0000700009c83138 is pointing into the stack for thread: 0x00007ff4b482b000
RBP=0x0000700009c83580 is pointing into the stack for thread: 0x00007ff4b482b000
RSI=0x00007ff4b8895530 is an unknown value
RDI=0x00007ff4bb1901c0 is an unknown value
R8 =0x0000000000000006 is an unknown value
R9 =0x0000000000000000 is an unknown value
R10=0x0000000000000001 is an unknown value
R11=0x0000000000000007 is an unknown value
R12=0x00007ff4bb077300 is an unknown value
R13=0x00007ff4b8f57430 is an unknown value
R14=0x00007ff4b8895530 is an unknown value
R15=0x0000000000000001 is an unknown value


Stack: [0x0000700009b87000,0x0000700009c87000],  sp=0x0000700009c83138,  free space=1008k
Native frames: (J=compiled Java code, j=interpreted, Vv=VM code, C=native code)
C  [libvtkCommonCore-6.3.jnilib+0x350d30]  _ZTI13vtkObjectBase+0x0
C  [libvtkRenderingCore-6.3.jnilib+0x9e86]  _ZN10vtkActor2D13RenderOverlayEP11vtkViewport+0x106
C  [libvtkRenderingCore-6.3.jnilib+0x85667]  _ZN11vtkRenderer14UpdateGeometryEv+0x147
C  [libvtkRenderingOpenGL-6.3.jnilib+0x48c07]  _ZN17vtkOpenGLRenderer12DeviceRenderEv+0xc7
C  [libvtkRenderingCore-6.3.jnilib+0x84d9c]  _ZN11vtkRenderer6RenderEv+0x26c
C  [libvtkRenderingCore-6.3.jnilib+0x8417b]  _ZN21vtkRendererCollection6RenderEv+0x8b
C  [libvtkRenderingCore-6.3.jnilib+0x8cce8]  _ZN15vtkRenderWindow14DoStereoRenderEv+0x88
C  [libvtkRenderingCore-6.3.jnilib+0x8c068]  _ZN15vtkRenderWindow6RenderEv+0x148
j  vtk.vtkRenderWindow.Render_9()V+0
j  vtk.vtkRenderWindow.Render()V+1
j  vtk.rendering.jogl.vtkAbstractJoglComponent$1.display(Ljavax/media/opengl/GLAutoDrawable;)V+16
j  jogamp.opengl.GLDrawableHelper.displayImpl(Ljavax/media/opengl/GLAutoDrawable;)V+81
j  jogamp.opengl.GLDrawableHelper.display(Ljavax/media/opengl/GLAutoDrawable;)V+2
j  javax.media.opengl.awt.GLJPanel$Updater.display(Ljavax/media/opengl/GLAutoDrawable;)V+185
j  javax.media.opengl.awt.GLJPanel$8.run()V+11
j  jogamp.opengl.GLDrawableHelper.invokeGLImpl(Ljavax/media/opengl/GLDrawable;Ljavax/media/opengl/GLContext;Ljava/lang/Runnable;Ljava/lang/Runnable;)V+206
j  jogamp.opengl.GLDrawableHelper.invokeGL(Ljavax/media/opengl/GLDrawable;Ljavax/media/opengl/GLContext;Ljava/lang/Runnable;Ljava/lang/Runnable;)V+80
j  javax.media.opengl.awt.GLJPanel$OffscreenBackend.doPaintComponent(Ljava/awt/Graphics;)V+29
j  javax.media.opengl.awt.GLJPanel.paintComponent(Ljava/awt/Graphics;)V+198
j  javax.swing.JComponent.paint(Ljava/awt/Graphics;)V+286
j  javax.swing.JComponent.paintChildren(Ljava/awt/Graphics;)V+501
j  javax.swing.JComponent.paint(Ljava/awt/Graphics;)V+318
j  javax.swing.JComponent.paintChildren(Ljava/awt/Graphics;)V+501
j  javax.swing.JComponent.paint(Ljava/awt/Graphics;)V+318
j  javax.swing.JComponent.paintChildren(Ljava/awt/Graphics;)V+501
j  javax.swing.JComponent.paint(Ljava/awt/Graphics;)V+318
j  javax.swing.JLayeredPane.paint(Ljava/awt/Graphics;)V+73
j  javax.swing.JComponent.paintChildren(Ljava/awt/Graphics;)V+501
j  javax.swing.JComponent.paintToOffscreen(Ljava/awt/Graphics;IIIIII)V+72
j  javax.swing.RepaintManager$PaintManager.paintDoubleBuffered(Ljavax/swing/JComponent;Ljava/awt/Image;Ljava/awt/Graphics;IIII)V+163
j  javax.swing.RepaintManager$PaintManager.paint(Ljavax/swing/JComponent;Ljavax/swing/JComponent;Ljava/awt/Graphics;IIII)Z+116
j  javax.swing.RepaintManager.paint(Ljavax/swing/JComponent;Ljavax/swing/JComponent;Ljava/awt/Graphics;IIII)V+51
j  javax.swing.JComponent.paint(Ljava/awt/Graphics;)V+221
j  java.awt.GraphicsCallback$PaintCallback.run(Ljava/awt/Component;Ljava/awt/Graphics;)V+2
j  sun.awt.SunGraphicsCallback.runOneComponent(Ljava/awt/Component;Ljava/awt/Rectangle;Ljava/awt/Graphics;Ljava/awt/Shape;I)V+155
j  sun.awt.SunGraphicsCallback.runComponents([Ljava/awt/Component;Ljava/awt/Graphics;I)V+194
j  java.awt.Container.paint(Ljava/awt/Graphics;)V+58
j  java.awt.Window.paint(Ljava/awt/Graphics;)V+68
j  javax.swing.RepaintManager$4.run()Ljava/lang/Void;+142
j  javax.swing.RepaintManager$4.run()Ljava/lang/Object;+1
v  ~StubRoutines::call_stub
V  [libjvm.dylib+0x2ee5b6]
V  [libjvm.dylib+0x34ed14]
j  java.security.AccessController.doPrivileged(Ljava/security/PrivilegedAction;Ljava/security/AccessControlContext;)Ljava/lang/Object;+0
j  java.security.ProtectionDomain$JavaSecurityAccessImpl.doIntersectionPrivilege(Ljava/security/PrivilegedAction;Ljava/security/AccessControlContext;Ljava/security/AccessControlContext;)Ljava/lang/Object;+18
j  javax.swing.RepaintManager.paintDirtyRegions(Ljava/util/Map;)V+154
j  javax.swing.RepaintManager.paintDirtyRegions()V+46
j  javax.swing.RepaintManager.prePaintDirtyRegions()V+73
j  javax.swing.RepaintManager.access$1200(Ljavax/swing/RepaintManager;)V+1
j  javax.swing.RepaintManager$ProcessingRunnable.run()V+37
j  java.awt.event.InvocationEvent.dispatch()V+47
j  java.awt.EventQueue.dispatchEventImpl(Ljava/awt/AWTEvent;Ljava/lang/Object;)V+21
j  java.awt.EventQueue.access$500(Ljava/awt/EventQueue;Ljava/awt/AWTEvent;Ljava/lang/Object;)V+3
j  java.awt.EventQueue$3.run()Ljava/lang/Void;+32
j  java.awt.EventQueue$3.run()Ljava/lang/Object;+1
v  ~StubRoutines::call_stub
V  [libjvm.dylib+0x2ee5b6]
V  [libjvm.dylib+0x34ed14]
j  java.security.AccessController.doPrivileged(Ljava/security/PrivilegedAction;Ljava/security/AccessControlContext;)Ljava/lang/Object;+0
j  java.security.ProtectionDomain$JavaSecurityAccessImpl.doIntersectionPrivilege(Ljava/security/PrivilegedAction;Ljava/security/AccessControlContext;Ljava/security/AccessControlContext;)Ljava/lang/Object;+18
j  java.awt.EventQueue.dispatchEvent(Ljava/awt/AWTEvent;)V+46
j  java.awt.EventDispatchThread.pumpOneEventForFilters(I)V+245
j  java.awt.EventDispatchThread.pumpEventsForFilter(ILjava/awt/Conditional;Ljava/awt/EventFilter;)V+35
j  java.awt.EventDispatchThread.pumpEventsForHierarchy(ILjava/awt/Conditional;Ljava/awt/Component;)V+11
j  java.awt.EventDispatchThread.pumpEvents(ILjava/awt/Conditional;)V+4
j  java.awt.EventDispatchThread.pumpEvents(Ljava/awt/Conditional;)V+3
j  java.awt.EventDispatchThread.run()V+9
v  ~StubRoutines::call_stub
V  [libjvm.dylib+0x2ee5b6]
V  [libjvm.dylib+0x2eed5a]
V  [libjvm.dylib+0x2eef06]
V  [libjvm.dylib+0x34965d]
V  [libjvm.dylib+0x56b87f]
V  [libjvm.dylib+0x56cf6c]
V  [libjvm.dylib+0x48b376]
C  [libsystem_pthread.dylib+0x393b]  _pthread_body+0xb4
C  [libsystem_pthread.dylib+0x3887]  _pthread_body+0x0
C  [libsystem_pthread.dylib+0x308d]  thread_start+0xd
C  0x0000000000000000

Java frames: (J=compiled Java code, j=interpreted, Vv=VM code)
j  vtk.vtkRenderWindow.Render_9()V+0
j  vtk.vtkRenderWindow.Render()V+1
j  vtk.rendering.jogl.vtkAbstractJoglComponent$1.display(Ljavax/media/opengl/GLAutoDrawable;)V+16
j  jogamp.opengl.GLDrawableHelper.displayImpl(Ljavax/media/opengl/GLAutoDrawable;)V+81
j  jogamp.opengl.GLDrawableHelper.display(Ljavax/media/opengl/GLAutoDrawable;)V+2
j  javax.media.opengl.awt.GLJPanel$Updater.display(Ljavax/media/opengl/GLAutoDrawable;)V+185
j  javax.media.opengl.awt.GLJPanel$8.run()V+11
j  jogamp.opengl.GLDrawableHelper.invokeGLImpl(Ljavax/media/opengl/GLDrawable;Ljavax/media/opengl/GLContext;Ljava/lang/Runnable;Ljava/lang/Runnable;)V+206
j  jogamp.opengl.GLDrawableHelper.invokeGL(Ljavax/media/opengl/GLDrawable;Ljavax/media/opengl/GLContext;Ljava/lang/Runnable;Ljava/lang/Runnable;)V+80
j  javax.media.opengl.awt.GLJPanel$OffscreenBackend.doPaintComponent(Ljava/awt/Graphics;)V+29
j  javax.media.opengl.awt.GLJPanel.paintComponent(Ljava/awt/Graphics;)V+198
j  javax.swing.JComponent.paint(Ljava/awt/Graphics;)V+286
j  javax.swing.JComponent.paintChildren(Ljava/awt/Graphics;)V+501
j  javax.swing.JComponent.paint(Ljava/awt/Graphics;)V+318
j  javax.swing.JComponent.paintChildren(Ljava/awt/Graphics;)V+501
j  javax.swing.JComponent.paint(Ljava/awt/Graphics;)V+318
j  javax.swing.JComponent.paintChildren(Ljava/awt/Graphics;)V+501
j  javax.swing.JComponent.paint(Ljava/awt/Graphics;)V+318
j  javax.swing.JLayeredPane.paint(Ljava/awt/Graphics;)V+73
j  javax.swing.JComponent.paintChildren(Ljava/awt/Graphics;)V+501
j  javax.swing.JComponent.paintToOffscreen(Ljava/awt/Graphics;IIIIII)V+72
j  javax.swing.RepaintManager$PaintManager.paintDoubleBuffered(Ljavax/swing/JComponent;Ljava/awt/Image;Ljava/awt/Graphics;IIII)V+163
j  javax.swing.RepaintManager$PaintManager.paint(Ljavax/swing/JComponent;Ljavax/swing/JComponent;Ljava/awt/Graphics;IIII)Z+116
j  javax.swing.RepaintManager.paint(Ljavax/swing/JComponent;Ljavax/swing/JComponent;Ljava/awt/Graphics;IIII)V+51
j  javax.swing.JComponent.paint(Ljava/awt/Graphics;)V+221
j  java.awt.GraphicsCallback$PaintCallback.run(Ljava/awt/Component;Ljava/awt/Graphics;)V+2
j  sun.awt.SunGraphicsCallback.runOneComponent(Ljava/awt/Component;Ljava/awt/Rectangle;Ljava/awt/Graphics;Ljava/awt/Shape;I)V+155
j  sun.awt.SunGraphicsCallback.runComponents([Ljava/awt/Component;Ljava/awt/Graphics;I)V+194
j  java.awt.Container.paint(Ljava/awt/Graphics;)V+58
j  java.awt.Window.paint(Ljava/awt/Graphics;)V+68
j  javax.swing.RepaintManager$4.run()Ljava/lang/Void;+142
j  javax.swing.RepaintManager$4.run()Ljava/lang/Object;+1
v  ~StubRoutines::call_stub
j  java.security.AccessController.doPrivileged(Ljava/security/PrivilegedAction;Ljava/security/AccessControlContext;)Ljava/lang/Object;+0
j  java.security.ProtectionDomain$JavaSecurityAccessImpl.doIntersectionPrivilege(Ljava/security/PrivilegedAction;Ljava/security/AccessControlContext;Ljava/security/AccessControlContext;)Ljava/lang/Object;+18
j  javax.swing.RepaintManager.paintDirtyRegions(Ljava/util/Map;)V+154
j  javax.swing.RepaintManager.paintDirtyRegions()V+46
j  javax.swing.RepaintManager.prePaintDirtyRegions()V+73
j  javax.swing.RepaintManager.access$1200(Ljavax/swing/RepaintManager;)V+1
j  javax.swing.RepaintManager$ProcessingRunnable.run()V+37
j  java.awt.event.InvocationEvent.dispatch()V+47
j  java.awt.EventQueue.dispatchEventImpl(Ljava/awt/AWTEvent;Ljava/lang/Object;)V+21
j  java.awt.EventQueue.access$500(Ljava/awt/EventQueue;Ljava/awt/AWTEvent;Ljava/lang/Object;)V+3
j  java.awt.EventQueue$3.run()Ljava/lang/Void;+32
j  java.awt.EventQueue$3.run()Ljava/lang/Object;+1
v  ~StubRoutines::call_stub
j  java.security.AccessController.doPrivileged(Ljava/security/PrivilegedAction;Ljava/security/AccessControlContext;)Ljava/lang/Object;+0
j  java.security.ProtectionDomain$JavaSecurityAccessImpl.doIntersectionPrivilege(Ljava/security/PrivilegedAction;Ljava/security/AccessControlContext;Ljava/security/AccessControlContext;)Ljava/lang/Object;+18
j  java.awt.EventQueue.dispatchEvent(Ljava/awt/AWTEvent;)V+46
j  java.awt.EventDispatchThread.pumpOneEventForFilters(I)V+245
j  java.awt.EventDispatchThread.pumpEventsForFilter(ILjava/awt/Conditional;Ljava/awt/EventFilter;)V+35
j  java.awt.EventDispatchThread.pumpEventsForHierarchy(ILjava/awt/Conditional;Ljava/awt/Component;)V+11
j  java.awt.EventDispatchThread.pumpEvents(ILjava/awt/Conditional;)V+4
j  java.awt.EventDispatchThread.pumpEvents(Ljava/awt/Conditional;)V+3
j  java.awt.EventDispatchThread.run()V+9
v  ~StubRoutines::call_stub

---------------  P R O C E S S  ---------------

Java Threads: ( => current thread )
  0x00007ff4b41fe800 JavaThread "Image Fetcher 0" daemon [_thread_blocked, id=64031, stack(0x0000700009e90000,0x0000700009f90000)]
  0x00007ff4b593e800 JavaThread "Java2D Disposer" daemon [_thread_blocked, id=63495, stack(0x0000700009d8d000,0x0000700009e8d000)]
  0x00007ff4b499c800 JavaThread "Java2D Queue Flusher" daemon [_thread_blocked, id=62983, stack(0x0000700009c8a000,0x0000700009d8a000)]
  0x00007ff4b5803000 JavaThread "DestroyJavaVM" [_thread_blocked, id=6915, stack(0x0000700008439000,0x0000700008539000)]
=>0x00007ff4b482b000 JavaThread "AWT-EventQueue-0" [_thread_in_native, id=46859, stack(0x0000700009b87000,0x0000700009c87000)]
  0x00007ff4b5894800 JavaThread "AWT-Shutdown" [_thread_blocked, id=32287, stack(0x0000700009878000,0x0000700009978000)]
  0x00007ff4b3a31000 JavaThread "AWT-AppKit" daemon [_thread_in_native, id=775, stack(0x00007fff50f61000,0x00007fff51761000)]
  0x00007ff4b482c000 JavaThread "Service Thread" daemon [_thread_blocked, id=20995, stack(0x00007000095ef000,0x00007000096ef000)]
  0x00007ff4b7800000 JavaThread "C1 CompilerThread3" daemon [_thread_blocked, id=20483, stack(0x00007000094ec000,0x00007000095ec000)]
  0x00007ff4b6800000 JavaThread "C2 CompilerThread2" daemon [_thread_blocked, id=19971, stack(0x00007000093e9000,0x00007000094e9000)]
  0x00007ff4b480c800 JavaThread "C2 CompilerThread1" daemon [_thread_blocked, id=19459, stack(0x00007000092e6000,0x00007000093e6000)]
  0x00007ff4b382b000 JavaThread "C2 CompilerThread0" daemon [_thread_blocked, id=18947, stack(0x00007000091e3000,0x00007000092e3000)]
  0x00007ff4b480b000 JavaThread "Signal Dispatcher" daemon [_thread_blocked, id=18435, stack(0x00007000090e0000,0x00007000091e0000)]
  0x00007ff4b580e000 JavaThread "Finalizer" daemon [_thread_blocked, id=14339, stack(0x0000700008f5a000,0x000070000905a000)]
  0x00007ff4b4822800 JavaThread "Reference Handler" daemon [_thread_blocked, id=13827, stack(0x0000700008e57000,0x0000700008f57000)]

Other Threads:
  0x00007ff4b381e800 VMThread [stack: 0x0000700008d54000,0x0000700008e54000] [id=13315]
  0x00007ff4b4801000 WatcherThread [stack: 0x00007000096f2000,0x00007000097f2000] [id=21507]

VM state:not at safepoint (normal execution)

VM Mutex/Monitor currently owned by a thread: None

Heap:
 PSYoungGen      total 76288K, used 56128K [0x000000076ab00000, 0x0000000770000000, 0x00000007c0000000)
  eden space 65536K, 85% used [0x000000076ab00000,0x000000076e1d03f8,0x000000076eb00000)
  from space 10752K, 0% used [0x000000076f580000,0x000000076f580000,0x0000000770000000)
  to   space 10752K, 0% used [0x000000076eb00000,0x000000076eb00000,0x000000076f580000)
 ParOldGen       total 175104K, used 0K [0x00000006c0000000, 0x00000006cab00000, 0x000000076ab00000)
  object space 175104K, 0% used [0x00000006c0000000,0x00000006c0000000,0x00000006cab00000)
 Metaspace       used 19794K, capacity 20075K, committed 20352K, reserved 1067008K
  class space    used 2223K, capacity 2322K, committed 2432K, reserved 1048576K

Card table byte_map: [0x00000001202d3000,0x0000000120ad4000] byte_map_base: 0x000000011ccd3000

Marking Bits: (ParMarkBitMap*) 0x0000000110861ea0
 Begin Bits: [0x000000012102a000, 0x000000012502a000)
 End Bits:   [0x000000012502a000, 0x000000012902a000)

Polling page: 0x000000010e59f000

CodeCache: size=245760Kb used=4731Kb max_used=4731Kb free=241028Kb
 bounds [0x0000000110f13000, 0x00000001113c3000, 0x000000011ff13000]
 total_blobs=2165 nmethods=1273 adapters=806
 compilation: enabled

Compilation events (10 events):
Event: 4.178 Thread 0x00007ff4b7800000 1270       1       jogamp.opengl.GLContextImpl::getGLProcAddressTable (5 bytes)
Event: 4.178 Thread 0x00007ff4b7800000 nmethod 1270 0x000000011138e110 code [0x000000011138e260, 0x000000011138e370]
Event: 4.273 Thread 0x00007ff4b7800000 1271   !   3       java.security.Provider$Service::newInstance (416 bytes)
Event: 4.275 Thread 0x00007ff4b7800000 nmethod 1271 0x00000001113ac310 code [0x00000001113aca60, 0x00000001113b1968]
Event: 4.349 Thread 0x00007ff4b7800000 1272   !   3       sun.security.util.ManifestEntryVerifier::setEntry (298 bytes)
Event: 4.351 Thread 0x00007ff4b7800000 nmethod 1272 0x000000011139b450 code [0x000000011139b980, 0x000000011139ef38]
Event: 4.351 Thread 0x00007ff4b7800000 1273       3       java.nio.charset.CharsetEncoder::onUnmappableCharacter (26 bytes)
Event: 4.351 Thread 0x00007ff4b7800000 nmethod 1273 0x000000011139ae90 code [0x000000011139b020, 0x000000011139b368]
Event: 4.351 Thread 0x00007ff4b7800000 1274       3       java.nio.charset.CharsetEncoder::implOnUnmappableCharacter (1 bytes)
Event: 4.351 Thread 0x00007ff4b7800000 nmethod 1274 0x0000000111390ed0 code [0x0000000111391020, 0x0000000111391170]

GC Heap History (0 events):
No events

Deoptimization events (10 events):
Event: 0.733 Thread 0x00007ff4b482b000 Uncommon trap: reason=class_check action=maybe_recompile pc=0x0000000111167918 method=java.util.HashMap.putVal(ILjava/lang/Object;Ljava/lang/Object;ZZ)Ljava/lang/Object; @ 91
Event: 0.733 Thread 0x00007ff4b482b000 Uncommon trap: reason=class_check action=maybe_recompile pc=0x0000000111167918 method=java.util.HashMap.putVal(ILjava/lang/Object;Ljava/lang/Object;ZZ)Ljava/lang/Object; @ 91
Event: 0.733 Thread 0x00007ff4b482b000 Uncommon trap: reason=class_check action=maybe_recompile pc=0x0000000111167918 method=java.util.HashMap.putVal(ILjava/lang/Object;Ljava/lang/Object;ZZ)Ljava/lang/Object; @ 91
Event: 0.796 Thread 0x00007ff4b482b000 Uncommon trap: reason=unstable_if action=reinterpret pc=0x000000011117786c method=java.util.jar.Manifest$FastInputStream.peek()B @ 8
Event: 0.804 Thread 0x00007ff4b482b000 Uncommon trap: reason=unstable_if action=reinterpret pc=0x0000000111171c70 method=java.lang.StringCoding.decode(Ljava/lang/String;[BII)[C @ 51
Event: 0.876 Thread 0x00007ff4b482b000 Uncommon trap: reason=class_check action=maybe_recompile pc=0x0000000111170e10 method=java.util.HashMap.putVal(ILjava/lang/Object;Ljava/lang/Object;ZZ)Ljava/lang/Object; @ 253
Event: 0.876 Thread 0x00007ff4b482b000 Uncommon trap: reason=class_check action=maybe_recompile pc=0x0000000111170e10 method=java.util.HashMap.putVal(ILjava/lang/Object;Ljava/lang/Object;ZZ)Ljava/lang/Object; @ 253
Event: 2.658 Thread 0x00007ff4b482b000 Uncommon trap: reason=unstable_if action=reinterpret pc=0x00000001111b5fa0 method=java.lang.StringCoding$StringDecoder.decode([BII)[C @ 33
Event: 2.658 Thread 0x00007ff4b482b000 Uncommon trap: reason=unstable_if action=reinterpret pc=0x00000001111b5ae8 method=java.lang.StringCoding.safeTrim([CILjava/nio/charset/Charset;Z)[C @ 3
Event: 3.449 Thread 0x00007ff4b482b000 Uncommon trap: reason=unstable_if action=reinterpret pc=0x0000000111161e10 method=java.lang.ref.SoftReference.get()Ljava/lang/Object; @ 6

Internal exceptions (10 events):
Event: 0.697 Thread 0x00007ff4b482b000 Exception <a 'java/io/FileNotFoundException'> (0x000000076b710580) thrown at [/Users/java_re/workspace/8-2-build-macosx-x86_64/jdk8u131/8869/hotspot/src/share/vm/prims/jni.cpp, line 709]
Event: 0.698 Thread 0x00007ff4b482b000 Exception <a 'java/io/FileNotFoundException'> (0x000000076b713110) thrown at [/Users/java_re/workspace/8-2-build-macosx-x86_64/jdk8u131/8869/hotspot/src/share/vm/prims/jni.cpp, line 709]
Event: 0.698 Thread 0x00007ff4b482b000 Exception <a 'java/io/FileNotFoundException'> (0x000000076b715c58) thrown at [/Users/java_re/workspace/8-2-build-macosx-x86_64/jdk8u131/8869/hotspot/src/share/vm/prims/jni.cpp, line 709]
Event: 0.699 Thread 0x00007ff4b482b000 Exception <a 'java/io/FileNotFoundException'> (0x000000076b7187e8) thrown at [/Users/java_re/workspace/8-2-build-macosx-x86_64/jdk8u131/8869/hotspot/src/share/vm/prims/jni.cpp, line 709]
Event: 0.700 Thread 0x00007ff4b482b000 Exception <a 'java/io/FileNotFoundException'> (0x000000076b71b330) thrown at [/Users/java_re/workspace/8-2-build-macosx-x86_64/jdk8u131/8869/hotspot/src/share/vm/prims/jni.cpp, line 709]
Event: 0.701 Thread 0x00007ff4b482b000 Exception <a 'java/io/FileNotFoundException'> (0x000000076b71dec0) thrown at [/Users/java_re/workspace/8-2-build-macosx-x86_64/jdk8u131/8869/hotspot/src/share/vm/prims/jni.cpp, line 709]
Event: 0.702 Thread 0x00007ff4b482b000 Exception <a 'java/io/FileNotFoundException'> (0x000000076b723828) thrown at [/Users/java_re/workspace/8-2-build-macosx-x86_64/jdk8u131/8869/hotspot/src/share/vm/prims/jni.cpp, line 709]
Event: 0.703 Thread 0x00007ff4b482b000 Exception <a 'java/io/FileNotFoundException'> (0x000000076b7265e0) thrown at [/Users/java_re/workspace/8-2-build-macosx-x86_64/jdk8u131/8869/hotspot/src/share/vm/prims/jni.cpp, line 709]
Event: 0.703 Thread 0x00007ff4b482b000 Exception <a 'java/io/FileNotFoundException'> (0x000000076b7292e0) thrown at [/Users/java_re/workspace/8-2-build-macosx-x86_64/jdk8u131/8869/hotspot/src/share/vm/prims/jni.cpp, line 709]
Event: 0.945 Thread 0x00007ff4b482b000 Exception <a 'java/lang/UnsatisfiedLinkError': com.jogamp.common.util.JarUtil.fixNativeLibAttribs(Ljava/lang/String;)Z> (0x000000076c8f5bd8) thrown at [/Users/java_re/workspace/8-2-build-macosx-x86_64/jdk8u131/8869/hotspot/src/share/vm/prims/nativeLookup.

Events (10 events):
Event: 4.348 loading class jogamp/opengl/util/GLArrayHandlerFlat
Event: 4.348 loading class jogamp/opengl/util/GLArrayHandlerFlat done
Event: 4.349 loading class jogamp/opengl/util/glsl/GLSLArrayHandlerInterleaved
Event: 4.349 loading class jogamp/opengl/util/glsl/GLSLArrayHandlerInterleaved done
Event: 4.349 loading class jogamp/opengl/util/GLVBOArrayHandler
Event: 4.349 loading class jogamp/opengl/util/GLVBOArrayHandler done
Event: 4.349 loading class java/nio/DirectFloatBufferU
Event: 4.349 loading class java/nio/DirectFloatBufferU done
Event: 4.350 loading class jogamp/opengl/util/glsl/GLSLArrayHandlerFlat
Event: 4.350 loading class jogamp/opengl/util/glsl/GLSLArrayHandlerFlat done


Dynamic libraries:
0x0000000029544000 	/System/Library/Frameworks/Cocoa.framework/Versions/A/Cocoa
0x0000000029544000 	/System/Library/Frameworks/Security.framework/Versions/A/Security
0x0000000029544000 	/System/Library/Frameworks/ApplicationServices.framework/Versions/A/ApplicationServices
0x0000000029544000 	/usr/lib/libz.1.dylib
0x000000010e4bb000 	/usr/lib/libSystem.B.dylib
0x0000000029544000 	/usr/lib/libobjc.A.dylib
0x0000000029544000 	/System/Library/Frameworks/CoreFoundation.framework/Versions/A/CoreFoundation
0x0000000029544000 	/System/Library/Frameworks/Foundation.framework/Versions/C/Foundation
0x0000000029544000 	/System/Library/Frameworks/AppKit.framework/Versions/C/AppKit
0x0000000029544000 	/System/Library/Frameworks/CoreData.framework/Versions/A/CoreData
0x0000000029544000 	/System/Library/PrivateFrameworks/RemoteViewServices.framework/Versions/A/RemoteViewServices
0x0000000029544000 	/System/Library/PrivateFrameworks/UIFoundation.framework/Versions/A/UIFoundation
0x0000000029544000 	/System/Library/PrivateFrameworks/DFRFoundation.framework/Versions/A/DFRFoundation
0x0000000029544000 	/usr/lib/libenergytrace.dylib
0x0000000029544000 	/System/Library/PrivateFrameworks/SkyLight.framework/Versions/A/SkyLight
0x0000000029544000 	/System/Library/Frameworks/CoreGraphics.framework/Versions/A/CoreGraphics
0x0000000029544000 	/usr/lib/libScreenReader.dylib
0x0000000029544000 	/System/Library/Frameworks/Accelerate.framework/Versions/A/Accelerate
0x0000000029544000 	/System/Library/Frameworks/IOSurface.framework/Versions/A/IOSurface
0x0000000029544000 	/System/Library/Frameworks/AudioToolbox.framework/Versions/A/AudioToolbox
0x0000000029544000 	/System/Library/Frameworks/AudioUnit.framework/Versions/A/AudioUnit
0x0000000029544000 	/System/Library/PrivateFrameworks/DataDetectorsCore.framework/Versions/A/DataDetectorsCore
0x0000000029544000 	/System/Library/PrivateFrameworks/DesktopServicesPriv.framework/Versions/A/DesktopServicesPriv
0x0000000029544000 	/System/Library/Frameworks/Carbon.framework/Versions/A/Frameworks/HIToolbox.framework/Versions/A/HIToolbox
0x0000000029544000 	/usr/lib/libicucore.A.dylib
0x0000000029544000 	/System/Library/Frameworks/QuartzCore.framework/Versions/A/QuartzCore
0x0000000029544000 	/System/Library/Frameworks/Carbon.framework/Versions/A/Frameworks/SpeechRecognition.framework/Versions/A/SpeechRecognition
0x0000000029544000 	/usr/lib/libauto.dylib
0x0000000029544000 	/usr/lib/libxml2.2.dylib
0x0000000029544000 	/System/Library/PrivateFrameworks/CoreUI.framework/Versions/A/CoreUI
0x0000000029544000 	/System/Library/Frameworks/CoreAudio.framework/Versions/A/CoreAudio
0x0000000029544000 	/System/Library/Frameworks/DiskArbitration.framework/Versions/A/DiskArbitration
0x0000000029544000 	/usr/lib/liblangid.dylib
0x0000000029544000 	/System/Library/PrivateFrameworks/MultitouchSupport.framework/Versions/A/MultitouchSupport
0x000000010e4c5000 	/System/Library/Frameworks/IOKit.framework/Versions/A/IOKit
0x0000000029544000 	/usr/lib/libDiagnosticMessagesClient.dylib
0x0000000029544000 	/System/Library/Frameworks/CoreServices.framework/Versions/A/CoreServices
0x0000000029544000 	/System/Library/PrivateFrameworks/PerformanceAnalysis.framework/Versions/A/PerformanceAnalysis
0x0000000029544000 	/System/Library/PrivateFrameworks/GenerationalStorage.framework/Versions/A/GenerationalStorage
0x0000000029544000 	/System/Library/Frameworks/OpenGL.framework/Versions/A/OpenGL
0x0000000029544000 	/System/Library/Frameworks/CoreImage.framework/Versions/A/CoreImage
0x0000000029544000 	/System/Library/Frameworks/CoreText.framework/Versions/A/CoreText
0x0000000029544000 	/System/Library/Frameworks/ImageIO.framework/Versions/A/ImageIO
0x0000000029544000 	/System/Library/PrivateFrameworks/Backup.framework/Versions/A/Backup
0x0000000029544000 	/usr/lib/libarchive.2.dylib
0x000000010e5a0000 	/System/Library/Frameworks/CFNetwork.framework/Versions/A/CFNetwork
0x0000000029544000 	/System/Library/Frameworks/SystemConfiguration.framework/Versions/A/SystemConfiguration
0x0000000029544000 	/usr/lib/libCRFSuite.dylib
0x0000000029544000 	/usr/lib/libc++.1.dylib
0x0000000029544000 	/usr/lib/libc++abi.dylib
0x0000000029544000 	/usr/lib/system/libcache.dylib
0x0000000029544000 	/usr/lib/system/libcommonCrypto.dylib
0x0000000029544000 	/usr/lib/system/libcompiler_rt.dylib
0x0000000029544000 	/usr/lib/system/libcopyfile.dylib
0x0000000029544000 	/usr/lib/system/libcorecrypto.dylib
0x0000000029544000 	/usr/lib/system/libdispatch.dylib
0x000000010eca3000 	/usr/lib/system/libdyld.dylib
0x0000000029544000 	/usr/lib/system/libkeymgr.dylib
0x0000000029544000 	/usr/lib/system/liblaunch.dylib
0x0000000029544000 	/usr/lib/system/libmacho.dylib
0x0000000029544000 	/usr/lib/system/libquarantine.dylib
0x0000000029544000 	/usr/lib/system/libremovefile.dylib
0x0000000029544000 	/usr/lib/system/libsystem_asl.dylib
0x0000000029544000 	/usr/lib/system/libsystem_blocks.dylib
0x0000000029544000 	/usr/lib/system/libsystem_c.dylib
0x0000000029544000 	/usr/lib/system/libsystem_configuration.dylib
0x0000000029544000 	/usr/lib/system/libsystem_coreservices.dylib
0x0000000029544000 	/usr/lib/system/libsystem_coretls.dylib
0x0000000029544000 	/usr/lib/system/libsystem_dnssd.dylib
0x0000000029544000 	/usr/lib/system/libsystem_info.dylib
0x000000010ecb7000 	/usr/lib/system/libsystem_kernel.dylib
0x0000000029544000 	/usr/lib/system/libsystem_m.dylib
0x0000000029544000 	/usr/lib/system/libsystem_malloc.dylib
0x0000000029544000 	/usr/lib/system/libsystem_network.dylib
0x0000000029544000 	/usr/lib/system/libsystem_networkextension.dylib
0x0000000029544000 	/usr/lib/system/libsystem_notify.dylib
0x0000000029544000 	/usr/lib/system/libsystem_platform.dylib
0x0000000029544000 	/usr/lib/system/libsystem_pthread.dylib
0x000000010ecf2000 	/usr/lib/system/libsystem_sandbox.dylib
0x0000000029544000 	/usr/lib/system/libsystem_secinit.dylib
0x0000000029544000 	/usr/lib/system/libsystem_symptoms.dylib
0x0000000029544000 	/usr/lib/system/libsystem_trace.dylib
0x0000000029544000 	/usr/lib/system/libunwind.dylib
0x0000000029544000 	/usr/lib/system/libxpc.dylib
0x0000000029544000 	/usr/lib/libbsm.0.dylib
0x000000010ed02000 	/usr/lib/system/libkxld.dylib
0x0000000029544000 	/usr/lib/libcoretls.dylib
0x0000000029544000 	/usr/lib/libcoretls_cfhelpers.dylib
0x0000000029544000 	/usr/lib/libOpenScriptingUtil.dylib
0x0000000029544000 	/usr/lib/libpam.2.dylib
0x0000000029544000 	/usr/lib/libsqlite3.dylib
0x0000000029544000 	/usr/lib/libxar.1.dylib
0x0000000029544000 	/usr/lib/libbz2.1.0.dylib
0x0000000029544000 	/usr/lib/liblzma.5.dylib
0x0000000029544000 	/usr/lib/libnetwork.dylib
0x0000000029544000 	/usr/lib/libpcap.A.dylib
0x0000000029544000 	/System/Library/Frameworks/CoreServices.framework/Versions/A/Frameworks/FSEvents.framework/Versions/A/FSEvents
0x0000000029544000 	/System/Library/Frameworks/CoreServices.framework/Versions/A/Frameworks/CarbonCore.framework/Versions/A/CarbonCore
0x0000000029544000 	/System/Library/Frameworks/CoreServices.framework/Versions/A/Frameworks/Metadata.framework/Versions/A/Metadata
0x0000000029544000 	/System/Library/Frameworks/CoreServices.framework/Versions/A/Frameworks/OSServices.framework/Versions/A/OSServices
0x0000000029544000 	/System/Library/Frameworks/CoreServices.framework/Versions/A/Frameworks/SearchKit.framework/Versions/A/SearchKit
0x0000000029544000 	/System/Library/Frameworks/CoreServices.framework/Versions/A/Frameworks/AE.framework/Versions/A/AE
0x0000000029544000 	/System/Library/Frameworks/CoreServices.framework/Versions/A/Frameworks/LaunchServices.framework/Versions/A/LaunchServices
0x0000000029544000 	/System/Library/Frameworks/CoreServices.framework/Versions/A/Frameworks/DictionaryServices.framework/Versions/A/DictionaryServices
0x0000000029544000 	/System/Library/Frameworks/CoreServices.framework/Versions/A/Frameworks/SharedFileList.framework/Versions/A/SharedFileList
0x0000000029544000 	/System/Library/Frameworks/NetFS.framework/Versions/A/NetFS
0x0000000029544000 	/System/Library/PrivateFrameworks/NetAuth.framework/Versions/A/NetAuth
0x0000000029544000 	/System/Library/PrivateFrameworks/login.framework/Versions/A/Frameworks/loginsupport.framework/Versions/A/loginsupport
0x0000000029544000 	/System/Library/PrivateFrameworks/TCC.framework/Versions/A/TCC
0x0000000029544000 	/usr/lib/libmecabra.dylib
0x0000000029544000 	/System/Library/Frameworks/ApplicationServices.framework/Versions/A/Frameworks/ATS.framework/Versions/A/ATS
0x0000000029544000 	/System/Library/Frameworks/ApplicationServices.framework/Versions/A/Frameworks/ColorSync.framework/Versions/A/ColorSync
0x0000000029544000 	/System/Library/Frameworks/ApplicationServices.framework/Versions/A/Frameworks/HIServices.framework/Versions/A/HIServices
0x0000000029544000 	/System/Library/Frameworks/ApplicationServices.framework/Versions/A/Frameworks/LangAnalysis.framework/Versions/A/LangAnalysis
0x0000000029544000 	/System/Library/Frameworks/ApplicationServices.framework/Versions/A/Frameworks/PrintCore.framework/Versions/A/PrintCore
0x0000000029544000 	/System/Library/Frameworks/ApplicationServices.framework/Versions/A/Frameworks/QD.framework/Versions/A/QD
0x0000000029544000 	/System/Library/Frameworks/ApplicationServices.framework/Versions/A/Frameworks/SpeechSynthesis.framework/Versions/A/SpeechSynthesis
0x0000000029544000 	/System/Library/Frameworks/Accelerate.framework/Versions/A/Frameworks/vImage.framework/Versions/A/vImage
0x0000000029544000 	/System/Library/Frameworks/Accelerate.framework/Versions/A/Frameworks/vecLib.framework/Versions/A/vecLib
0x0000000029544000 	/System/Library/Frameworks/Accelerate.framework/Versions/A/Frameworks/vecLib.framework/Versions/A/libvDSP.dylib
0x0000000029544000 	/System/Library/Frameworks/Accelerate.framework/Versions/A/Frameworks/vecLib.framework/Versions/A/libBNNS.dylib
0x0000000029544000 	/System/Library/Frameworks/Accelerate.framework/Versions/A/Frameworks/vecLib.framework/Versions/A/libQuadrature.dylib
0x0000000029544000 	/System/Library/Frameworks/Accelerate.framework/Versions/A/Frameworks/vecLib.framework/Versions/A/libvMisc.dylib
0x0000000029544000 	/System/Library/Frameworks/Accelerate.framework/Versions/A/Frameworks/vecLib.framework/Versions/A/libLAPACK.dylib
0x0000000029544000 	/System/Library/Frameworks/Accelerate.framework/Versions/A/Frameworks/vecLib.framework/Versions/A/libBLAS.dylib
0x0000000029544000 	/System/Library/Frameworks/Accelerate.framework/Versions/A/Frameworks/vecLib.framework/Versions/A/libLinearAlgebra.dylib
0x0000000029544000 	/System/Library/Frameworks/Accelerate.framework/Versions/A/Frameworks/vecLib.framework/Versions/A/libSparseBLAS.dylib
0x0000000029544000 	/System/Library/Frameworks/ApplicationServices.framework/Versions/A/Frameworks/ATS.framework/Versions/A/Resources/libFontParser.dylib
0x0000000029544000 	/System/Library/Frameworks/ApplicationServices.framework/Versions/A/Frameworks/ATS.framework/Versions/A/Resources/libFontRegistry.dylib
0x0000000029544000 	/System/Library/Frameworks/ImageIO.framework/Versions/A/Resources/libJPEG.dylib
0x0000000029544000 	/System/Library/Frameworks/ImageIO.framework/Versions/A/Resources/libTIFF.dylib
0x0000000029544000 	/System/Library/Frameworks/ImageIO.framework/Versions/A/Resources/libPng.dylib
0x0000000029544000 	/System/Library/Frameworks/ImageIO.framework/Versions/A/Resources/libGIF.dylib
0x0000000029544000 	/System/Library/Frameworks/ImageIO.framework/Versions/A/Resources/libJP2.dylib
0x0000000029544000 	/System/Library/Frameworks/ImageIO.framework/Versions/A/Resources/libRadiance.dylib
0x0000000029544000 	/usr/lib/libcompression.dylib
0x0000000029544000 	/System/Library/PrivateFrameworks/AppleJPEG.framework/Versions/A/AppleJPEG
0x0000000029544000 	/usr/lib/libcups.2.dylib
0x0000000029544000 	/System/Library/Frameworks/Kerberos.framework/Versions/A/Kerberos
0x0000000029544000 	/System/Library/Frameworks/GSS.framework/Versions/A/GSS
0x0000000029544000 	/usr/lib/libresolv.9.dylib
0x0000000029544000 	/usr/lib/libiconv.2.dylib
0x0000000029544000 	/System/Library/PrivateFrameworks/Heimdal.framework/Versions/A/Heimdal
0x0000000029544000 	/usr/lib/libheimdal-asn1.dylib
0x0000000029544000 	/System/Library/Frameworks/OpenDirectory.framework/Versions/A/OpenDirectory
0x0000000029544000 	/System/Library/PrivateFrameworks/CommonAuth.framework/Versions/A/CommonAuth
0x0000000029544000 	/System/Library/Frameworks/OpenDirectory.framework/Versions/A/Frameworks/CFOpenDirectory.framework/Versions/A/CFOpenDirectory
0x0000000029544000 	/System/Library/Frameworks/SecurityFoundation.framework/Versions/A/SecurityFoundation
0x0000000029544000 	/System/Library/PrivateFrameworks/LanguageModeling.framework/Versions/A/LanguageModeling
0x0000000029544000 	/usr/lib/libmarisa.dylib
0x0000000029544000 	/usr/lib/libChineseTokenizer.dylib
0x0000000029544000 	/usr/lib/libcmph.dylib
0x0000000029544000 	/System/Library/PrivateFrameworks/CoreEmoji.framework/Versions/A/CoreEmoji
0x0000000029544000 	/System/Library/Frameworks/ServiceManagement.framework/Versions/A/ServiceManagement
0x0000000029544000 	/usr/lib/libxslt.1.dylib
0x0000000029544000 	/System/Library/Frameworks/Carbon.framework/Versions/A/Frameworks/Ink.framework/Versions/A/Ink
0x0000000029544000 	/System/Library/PrivateFrameworks/TextureIO.framework/Versions/A/TextureIO
0x0000000029544000 	/System/Library/Frameworks/Metal.framework/Versions/A/Metal
0x0000000029544000 	/usr/lib/libate.dylib
0x0000000029544000 	/System/Library/PrivateFrameworks/GPUCompiler.framework/libmetal_timestamp.dylib
0x0000000029544000 	/System/Library/Frameworks/OpenGL.framework/Versions/A/Libraries/libCoreFSCache.dylib
0x0000000029544000 	/System/Library/PrivateFrameworks/IOAccelerator.framework/Versions/A/IOAccelerator
0x0000000029544000 	/System/Library/Frameworks/CoreVideo.framework/Versions/A/CoreVideo
0x0000000029544000 	/usr/lib/libFosl_dynamic.dylib
0x0000000029544000 	/System/Library/PrivateFrameworks/MetalPerformanceShaders.framework/Versions/A/MetalPerformanceShaders
0x0000000029544000 	/System/Library/PrivateFrameworks/FaceCore.framework/Versions/A/FaceCore
0x0000000029544000 	/System/Library/Frameworks/OpenCL.framework/Versions/A/OpenCL
0x0000000029544000 	/System/Library/Frameworks/OpenGL.framework/Versions/A/Libraries/libGLU.dylib
0x0000000029544000 	/System/Library/Frameworks/OpenGL.framework/Versions/A/Libraries/libGFXShared.dylib
0x0000000029544000 	/System/Library/Frameworks/OpenGL.framework/Versions/A/Libraries/libGL.dylib
0x0000000029544000 	/System/Library/Frameworks/OpenGL.framework/Versions/A/Libraries/libGLImage.dylib
0x0000000029544000 	/System/Library/Frameworks/OpenGL.framework/Versions/A/Libraries/libCVMSPluginSupport.dylib
0x0000000029544000 	/System/Library/Frameworks/OpenGL.framework/Versions/A/Libraries/libCoreVMClient.dylib
0x0000000029544000 	/System/Library/PrivateFrameworks/CrashReporterSupport.framework/Versions/A/CrashReporterSupport
0x0000000029544000 	/System/Library/PrivateFrameworks/Sharing.framework/Versions/A/Sharing
0x0000000029544000 	/System/Library/PrivateFrameworks/IconServices.framework/Versions/A/IconServices
0x0000000029544000 	/System/Library/PrivateFrameworks/ProtocolBuffer.framework/Versions/A/ProtocolBuffer
0x0000000029544000 	/System/Library/PrivateFrameworks/Apple80211.framework/Versions/A/Apple80211
0x0000000029544000 	/System/Library/Frameworks/CoreWLAN.framework/Versions/A/CoreWLAN
0x0000000029544000 	/System/Library/PrivateFrameworks/CoreUtils.framework/Versions/A/CoreUtils
0x0000000029544000 	/System/Library/Frameworks/IOBluetooth.framework/Versions/A/IOBluetooth
0x0000000029544000 	/System/Library/PrivateFrameworks/CoreWiFi.framework/Versions/A/CoreWiFi
0x0000000029544000 	/System/Library/Frameworks/CoreBluetooth.framework/Versions/A/CoreBluetooth
0x0000000029544000 	/System/Library/Frameworks/CoreDisplay.framework/Versions/A/CoreDisplay
0x0000000029544000 	/System/Library/PrivateFrameworks/IOPresentment.framework/Versions/A/IOPresentment
0x0000000029544000 	/System/Library/PrivateFrameworks/DSExternalDisplay.framework/Versions/A/DSExternalDisplay
0x0000000029544000 	/System/Library/PrivateFrameworks/DebugSymbols.framework/Versions/A/DebugSymbols
0x0000000029544000 	/System/Library/PrivateFrameworks/CoreSymbolication.framework/Versions/A/CoreSymbolication
0x0000000029544000 	/System/Library/PrivateFrameworks/Symbolication.framework/Versions/A/Symbolication
0x0000000029544000 	/System/Library/PrivateFrameworks/AppleFSCompression.framework/Versions/A/AppleFSCompression
0x0000000029544000 	/System/Library/PrivateFrameworks/SpeechRecognitionCore.framework/Versions/A/SpeechRecognitionCore
0x0000000029544000 	/System/Library/PrivateFrameworks/ChunkingLibrary.framework/Versions/A/ChunkingLibrary
0x000000010ff70000 	/Library/Java/JavaVirtualMachines/jdk1.8.0_131.jdk/Contents/Home/jre/lib/server/libjvm.dylib
0x0000000029544000 	/usr/lib/libstdc++.6.dylib
0x000000010ed70000 	/Library/Java/JavaVirtualMachines/jdk1.8.0_131.jdk/Contents/Home/jre/lib/libverify.dylib
0x000000010ed7e000 	/Library/Java/JavaVirtualMachines/jdk1.8.0_131.jdk/Contents/Home/jre/lib/libjava.dylib
0x000000010edbb000 	/Library/Java/JavaVirtualMachines/jdk1.8.0_131.jdk/Contents/Home/jre/lib/libzip.dylib
0x000000010fecb000 	/System/Library/Frameworks/JavaVM.framework/Frameworks/JavaRuntimeSupport.framework/JavaRuntimeSupport
0x000000012bed6000 	/System/Library/Frameworks/JavaVM.framework/Versions/A/Frameworks/JavaNativeFoundation.framework/Versions/A/JavaNativeFoundation
0x000000010edec000 	/System/Library/Frameworks/JavaVM.framework/Versions/A/JavaVM
0x0000000029544000 	/System/Library/Frameworks/Carbon.framework/Versions/A/Carbon
0x000000012beeb000 	/System/Library/PrivateFrameworks/JavaLaunching.framework/Versions/A/JavaLaunching
0x0000000029544000 	/System/Library/Frameworks/Carbon.framework/Versions/A/Frameworks/CommonPanels.framework/Versions/A/CommonPanels
0x0000000029544000 	/System/Library/Frameworks/Carbon.framework/Versions/A/Frameworks/Help.framework/Versions/A/Help
0x0000000029544000 	/System/Library/Frameworks/Carbon.framework/Versions/A/Frameworks/ImageCapture.framework/Versions/A/ImageCapture
0x0000000029544000 	/System/Library/Frameworks/Carbon.framework/Versions/A/Frameworks/OpenScripting.framework/Versions/A/OpenScripting
0x0000000029544000 	/System/Library/Frameworks/Carbon.framework/Versions/A/Frameworks/Print.framework/Versions/A/Print
0x0000000029544000 	/System/Library/Frameworks/Carbon.framework/Versions/A/Frameworks/SecurityHI.framework/Versions/A/SecurityHI
0x000000012d979000 	/Library/Java/JavaVirtualMachines/jdk1.8.0_131.jdk/Contents/Home/jre/lib/libawt.dylib
0x000000012da21000 	/Library/Java/JavaVirtualMachines/jdk1.8.0_131.jdk/Contents/Home/jre/lib/./libmlib_image.dylib
0x000000012daed000 	/Library/Java/JavaVirtualMachines/jdk1.8.0_131.jdk/Contents/Home/jre/lib/libawt_lwawt.dylib
0x000000012dba4000 	/Library/Java/JavaVirtualMachines/jdk1.8.0_131.jdk/Contents/Home/jre/lib/./libosxapp.dylib
0x0000000029544000 	/System/Library/Frameworks/ExceptionHandling.framework/Versions/A/ExceptionHandling
0x0000000029544000 	/System/Library/PrivateFrameworks/CoreServicesInternal.framework/Versions/A/CoreServicesInternal
0x0000000029544000 	/System/Library/CoreServices/RawCamera.bundle/Contents/MacOS/RawCamera
0x0000000029544000 	/System/Library/Frameworks/Accelerate.framework/Versions/A/Frameworks/vImage.framework/Versions/A/Libraries/libCGInterfaces.dylib
0x0000000029544000 	/System/Library/PrivateFrameworks/FamilyControls.framework/Versions/A/FamilyControls
0x0000000029544000 	/System/Library/PrivateFrameworks/CommerceKit.framework/Versions/A/Frameworks/CommerceCore.framework/Versions/A/CommerceCore
0x0000000029544000 	/System/Library/PrivateFrameworks/SystemAdministration.framework/Versions/A/SystemAdministration
0x0000000029544000 	/System/Library/PrivateFrameworks/AppContainer.framework/Versions/A/AppContainer
0x0000000029544000 	/System/Library/PrivateFrameworks/SecCodeWrapper.framework/Versions/A/SecCodeWrapper
0x0000000029544000 	/System/Library/Frameworks/DirectoryService.framework/Versions/A/DirectoryService
0x0000000029544000 	/System/Library/PrivateFrameworks/DiskImages.framework/Versions/A/DiskImages
0x0000000029544000 	/System/Library/PrivateFrameworks/LoginUIKit.framework/Versions/A/Frameworks/LoginUICore.framework/Versions/A/LoginUICore
0x0000000029544000 	/usr/lib/libCoreStorage.dylib
0x0000000029544000 	/usr/lib/libcsfde.dylib
0x0000000029544000 	/usr/lib/libodfde.dylib
0x0000000029544000 	/System/Library/Frameworks/DiscRecording.framework/Versions/A/DiscRecording
0x0000000029544000 	/usr/lib/libcurl.4.dylib
0x0000000029544000 	/System/Library/PrivateFrameworks/MediaKit.framework/Versions/A/MediaKit
0x0000000029544000 	/System/Library/PrivateFrameworks/ProtectedCloudStorage.framework/Versions/A/ProtectedCloudStorage
0x0000000029544000 	/System/Library/PrivateFrameworks/EFILogin.framework/Versions/A/EFILogin
0x0000000029544000 	/usr/lib/libutil.dylib
0x0000000029544000 	/System/Library/Frameworks/LDAP.framework/Versions/A/LDAP
0x0000000029544000 	/usr/lib/libsasl2.2.dylib
0x0000000029544000 	/System/Library/PrivateFrameworks/CoreDaemon.framework/Versions/B/CoreDaemon
0x0000000029544000 	/System/Library/PrivateFrameworks/AppleSRP.framework/Versions/A/AppleSRP
0x0000000029544000 	/System/Library/PrivateFrameworks/APFS.framework/Versions/A/APFS
0x0000000130309000 	/Users/zimmemi1/sbmt/workspace/saavtk/lib/vtk6.3/mac64/libvtkChartsCoreJava.jnilib
0x0000000130345000 	/Users/zimmemi1/sbmt/workspace/saavtk/lib/vtk6.3/mac64/libvtkChartsCore-6.3.jnilib
0x0000000130451000 	/Users/zimmemi1/sbmt/workspace/saavtk/lib/vtk6.3/mac64/libvtkRenderingContext2DJava.jnilib
0x000000013046c000 	/Users/zimmemi1/sbmt/workspace/saavtk/lib/vtk6.3/mac64/libvtkRenderingContext2D-6.3.jnilib
0x000000013049c000 	/Users/zimmemi1/sbmt/workspace/saavtk/lib/vtk6.3/mac64/libvtkRenderingCoreJava.jnilib
0x000000013054c000 	/Users/zimmemi1/sbmt/workspace/saavtk/lib/vtk6.3/mac64/libvtkRenderingCore-6.3.jnilib
0x000000012eb8e000 	/Users/zimmemi1/sbmt/workspace/saavtk/lib/vtk6.3/mac64/libvtkCommonColorJava.jnilib
0x00000001306dd000 	/Users/zimmemi1/sbmt/workspace/saavtk/lib/vtk6.3/mac64/libvtkCommonColor-6.3.jnilib
0x00000001306f8000 	/Users/zimmemi1/sbmt/workspace/saavtk/lib/vtk6.3/mac64/libvtkCommonExecutionModelJava.jnilib
0x0000000130730000 	/Users/zimmemi1/sbmt/workspace/saavtk/lib/vtk6.3/mac64/libvtkCommonExecutionModel-6.3.jnilib
0x00000001307c6000 	/Users/zimmemi1/sbmt/workspace/saavtk/lib/vtk6.3/mac64/libvtkCommonDataModelJava.jnilib
0x00000001308c0000 	/Users/zimmemi1/sbmt/workspace/saavtk/lib/vtk6.3/mac64/libvtkCommonDataModel-6.3.jnilib
0x0000000130bcb000 	/Users/zimmemi1/sbmt/workspace/saavtk/lib/vtk6.3/mac64/libvtkCommonMiscJava.jnilib
0x0000000130bd4000 	/Users/zimmemi1/sbmt/workspace/saavtk/lib/vtk6.3/mac64/libvtkCommonMisc-6.3.jnilib
0x0000000130be9000 	/Users/zimmemi1/sbmt/workspace/saavtk/lib/vtk6.3/mac64/libvtkCommonSystemJava.jnilib
0x0000000130bf3000 	/Users/zimmemi1/sbmt/workspace/saavtk/lib/vtk6.3/mac64/libvtkCommonSystem-6.3.jnilib
0x0000000130c08000 	/Users/zimmemi1/sbmt/workspace/saavtk/lib/vtk6.3/mac64/libvtkCommonTransformsJava.jnilib
0x0000000130c21000 	/Users/zimmemi1/sbmt/workspace/saavtk/lib/vtk6.3/mac64/libvtkCommonTransforms-6.3.jnilib
0x0000000130c4e000 	/Users/zimmemi1/sbmt/workspace/saavtk/lib/vtk6.3/mac64/libvtkCommonMathJava.jnilib
0x0000000130c5e000 	/Users/zimmemi1/sbmt/workspace/saavtk/lib/vtk6.3/mac64/libvtkCommonCoreJava.jnilib
0x0000000130cc6000 	/Users/zimmemi1/sbmt/workspace/saavtk/lib/vtk6.3/mac64/libvtkWrappingJava.jnilib
0x0000000130cce000 	/Users/zimmemi1/sbmt/workspace/saavtk/lib/vtk6.3/mac64/libvtkCommonMath-6.3.jnilib
0x0000000130cee000 	/Users/zimmemi1/sbmt/workspace/saavtk/lib/vtk6.3/mac64/libvtkCommonCore-6.3.jnilib
0x000000013110e000 	/Users/zimmemi1/sbmt/workspace/saavtk/lib/vtk6.3/mac64/libvtkInfovisCore-6.3.jnilib
0x00000001311d4000 	/Users/zimmemi1/sbmt/workspace/saavtk/lib/vtk6.3/mac64/libvtkFiltersExtraction-6.3.jnilib
0x000000013129a000 	/Users/zimmemi1/sbmt/workspace/saavtk/lib/vtk6.3/mac64/libvtkFiltersStatistics-6.3.jnilib
0x0000000131306000 	/Users/zimmemi1/sbmt/workspace/saavtk/lib/vtk6.3/mac64/libvtkImagingFourier-6.3.jnilib
0x0000000131329000 	/Users/zimmemi1/sbmt/workspace/saavtk/lib/vtk6.3/mac64/libvtkImagingCore-6.3.jnilib
0x0000000131507000 	/Users/zimmemi1/sbmt/workspace/saavtk/lib/vtk6.3/mac64/libvtkalglib-6.3.jnilib
0x000000013152d000 	/Users/zimmemi1/sbmt/workspace/saavtk/lib/vtk6.3/mac64/libvtkFiltersGeneral-6.3.jnilib
0x00000001317fb000 	/Users/zimmemi1/sbmt/workspace/saavtk/lib/vtk6.3/mac64/libvtkFiltersCore-6.3.jnilib
0x0000000131c82000 	/Users/zimmemi1/sbmt/workspace/saavtk/lib/vtk6.3/mac64/libvtkCommonComputationalGeometry-6.3.jnilib
0x0000000131ca9000 	/Users/zimmemi1/sbmt/workspace/saavtk/lib/vtk6.3/mac64/libvtkRenderingFreeType-6.3.jnilib
0x0000000131d5c000 	/Users/zimmemi1/sbmt/workspace/saavtk/lib/vtk6.3/mac64/libvtkftgl-6.3.jnilib
0x0000000131d6a000 	/Users/zimmemi1/sbmt/workspace/saavtk/lib/vtk6.3/mac64/libvtkfreetype-6.3.jnilib
0x0000000131df6000 	/Users/zimmemi1/sbmt/workspace/saavtk/lib/vtk6.3/mac64/libvtkzlib-6.3.jnilib
0x0000000131e0c000 	/Users/zimmemi1/sbmt/workspace/saavtk/lib/vtk6.3/mac64/libvtkFiltersSources-6.3.jnilib
0x0000000131e8c000 	/Users/zimmemi1/sbmt/workspace/saavtk/lib/vtk6.3/mac64/libvtkFiltersGeometry-6.3.jnilib
0x0000000131ef1000 	/Users/zimmemi1/sbmt/workspace/saavtk/lib/vtk6.3/mac64/libvtksys-6.3.dylib
0x0000000029544000 	/System/Library/Frameworks/ApplicationServices.framework/Versions/A/Frameworks/ATS.framework/Versions/A/Resources/libTrueTypeScaler.dylib
0x00000001320e4000 	/Users/zimmemi1/sbmt/workspace/saavtk/lib/vtk6.3/mac64/libvtkCommonComputationalGeometryJava.jnilib
0x000000013262a000 	/Users/zimmemi1/sbmt/workspace/saavtk/lib/vtk6.3/mac64/libvtkDomainsChemistryJava.jnilib
0x000000013263b000 	/Users/zimmemi1/sbmt/workspace/saavtk/lib/vtk6.3/mac64/libvtkDomainsChemistry-6.3.jnilib
0x0000000132671000 	/Users/zimmemi1/sbmt/workspace/saavtk/lib/vtk6.3/mac64/libvtkIOXML-6.3.jnilib
0x0000000132722000 	/Users/zimmemi1/sbmt/workspace/saavtk/lib/vtk6.3/mac64/libvtkIOGeometry-6.3.jnilib
0x000000013281e000 	/Users/zimmemi1/sbmt/workspace/saavtk/lib/vtk6.3/mac64/libvtkIOXMLParser-6.3.jnilib
0x0000000132c5e000 	/Users/zimmemi1/sbmt/workspace/saavtk/lib/vtk6.3/mac64/libvtkIOCore-6.3.jnilib
0x0000000132cd0000 	/Users/zimmemi1/sbmt/workspace/saavtk/lib/vtk6.3/mac64/libvtkexpat-6.3.jnilib
0x0000000132d02000 	/Users/zimmemi1/sbmt/workspace/saavtk/lib/vtk6.3/mac64/libvtkFiltersAMRJava.jnilib
0x0000000132d14000 	/Users/zimmemi1/sbmt/workspace/saavtk/lib/vtk6.3/mac64/libvtkFiltersAMR-6.3.jnilib
0x0000000132d3d000 	/Users/zimmemi1/sbmt/workspace/saavtk/lib/vtk6.3/mac64/libvtkFiltersGeneralJava.jnilib
0x0000000132d98000 	/Users/zimmemi1/sbmt/workspace/saavtk/lib/vtk6.3/mac64/libvtkParallelCoreJava.jnilib
0x0000000132dad000 	/Users/zimmemi1/sbmt/workspace/saavtk/lib/vtk6.3/mac64/libvtkFiltersCoreJava.jnilib
0x0000000132e15000 	/Users/zimmemi1/sbmt/workspace/saavtk/lib/vtk6.3/mac64/libvtkParallelCore-6.3.jnilib
0x0000000132e6d000 	/Users/zimmemi1/sbmt/workspace/saavtk/lib/vtk6.3/mac64/libvtkIOLegacyJava.jnilib
0x0000000132e88000 	/Users/zimmemi1/sbmt/workspace/saavtk/lib/vtk6.3/mac64/libvtkIOLegacy-6.3.jnilib
0x0000000132f04000 	/Users/zimmemi1/sbmt/workspace/saavtk/lib/vtk6.3/mac64/libvtkIOCoreJava.jnilib
0x0000000132f19000 	/Users/zimmemi1/sbmt/workspace/saavtk/lib/vtk6.3/mac64/libvtkFiltersExtractionJava.jnilib
0x0000000132f38000 	/Users/zimmemi1/sbmt/workspace/saavtk/lib/vtk6.3/mac64/libvtkFiltersStatisticsJava.jnilib
0x0000000132f4d000 	/Users/zimmemi1/sbmt/workspace/saavtk/lib/vtk6.3/mac64/libvtkImagingFourierJava.jnilib
0x0000000132f5a000 	/Users/zimmemi1/sbmt/workspace/saavtk/lib/vtk6.3/mac64/libvtkImagingCoreJava.jnilib
0x0000000132f8a000 	/System/Library/Frameworks/OpenGL.framework/Resources/GLEngine.bundle/GLEngine
0x0000000029544000 	/System/Library/Frameworks/OpenGL.framework/Versions/A/Libraries/libGLProgrammability.dylib
0x000000013316f000 	/System/Library/Extensions/AppleIntelSKLGraphicsGLDriver.bundle/Contents/MacOS/AppleIntelSKLGraphicsGLDriver
0x0000000029544000 	/System/Library/PrivateFrameworks/GPUSupport.framework/Versions/A/Libraries/libGPUSupportMercury.dylib
0x0000000133ef3000 	/Users/zimmemi1/sbmt/workspace/saavtk/lib/vtk6.3/mac64/libvtkFiltersFlowPathsJava.jnilib
0x0000000133f10000 	/Users/zimmemi1/sbmt/workspace/saavtk/lib/vtk6.3/mac64/libvtkFiltersFlowPaths-6.3.jnilib
0x0000000133f6b000 	/Users/zimmemi1/sbmt/workspace/saavtk/lib/vtk6.3/mac64/libvtkFiltersSourcesJava.jnilib
0x0000000133fa0000 	/Users/zimmemi1/sbmt/workspace/saavtk/lib/vtk6.3/mac64/libvtkFiltersGenericJava.jnilib
0x0000000133fbb000 	/Users/zimmemi1/sbmt/workspace/saavtk/lib/vtk6.3/mac64/libvtkFiltersGeneric-6.3.jnilib
0x0000000133fea000 	/System/Library/Extensions/AMDRadeonX4000GLDriver.bundle/Contents/MacOS/AMDRadeonX4000GLDriver
0x00000001340ca000 	/System/Library/Extensions/AMDRadeonX4000GLDriver.bundle/Contents/MacOS/ATIRadeonX4000SCLib.dylib
0x00000001346a9000 	/Users/zimmemi1/sbmt/workspace/saavtk/lib/vtk6.3/mac64/libvtkFiltersGeometryJava.jnilib
0x00000001346c2000 	/System/Library/Frameworks/OpenGL.framework/Resources//GLRendererFloat.bundle/GLRendererFloat
0x0000000029544000 	/System/Library/Frameworks/OpenCL.framework/Versions/A/Libraries/libcldcpuengine.dylib
0x0000000029544000 	/usr/lib/libcrypto.0.9.8.dylib
0x0000000029544000 	/System/Library/PrivateFrameworks/TrustEvaluationAgent.framework/Versions/A/TrustEvaluationAgent
0x00000001346f6000 	/Users/zimmemi1/sbmt/workspace/saavtk/lib/vtk6.3/mac64/libvtkFiltersHybridJava.jnilib
0x000000013471b000 	/Users/zimmemi1/sbmt/workspace/saavtk/lib/vtk6.3/mac64/libvtkFiltersHybrid-6.3.jnilib
0x00000001347cb000 	/Users/zimmemi1/sbmt/workspace/saavtk/lib/vtk6.3/mac64/libvtkImagingSourcesJava.jnilib
0x00000001347de000 	/Users/zimmemi1/sbmt/workspace/saavtk/lib/vtk6.3/mac64/libvtkImagingSources-6.3.jnilib
0x0000000134820000 	/Users/zimmemi1/sbmt/workspace/saavtk/lib/vtk6.3/mac64/libvtkFiltersHyperTreeJava.jnilib
0x0000000134833000 	/Users/zimmemi1/sbmt/workspace/saavtk/lib/vtk6.3/mac64/libvtkFiltersHyperTree-6.3.jnilib
0x0000000029544000 	/System/Library/Extensions/AMDMTLBronzeDriver.bundle/Contents/MacOS/AMDMTLBronzeDriver
0x0000000029544000 	/System/Library/PrivateFrameworks/IOAccelMemoryInfo.framework/Versions/A/IOAccelMemoryInfo
0x0000000134868000 	/Users/zimmemi1/sbmt/workspace/saavtk/lib/vtk6.3/mac64/libvtkFiltersImagingJava.jnilib
0x0000000134877000 	/Users/zimmemi1/sbmt/workspace/saavtk/lib/vtk6.3/mac64/libvtkFiltersImaging-6.3.jnilib
0x0000000134894000 	/Users/zimmemi1/sbmt/workspace/saavtk/lib/vtk6.3/mac64/libvtkImagingGeneralJava.jnilib
0x00000001348b2000 	/Users/zimmemi1/sbmt/workspace/saavtk/lib/vtk6.3/mac64/libvtkImagingGeneral-6.3.jnilib
0x000000013499a000 	/Users/zimmemi1/sbmt/workspace/saavtk/lib/vtk6.3/mac64/libvtkFiltersModelingJava.jnilib
0x00000001349b9000 	/Users/zimmemi1/sbmt/workspace/saavtk/lib/vtk6.3/mac64/libvtkFiltersModeling-6.3.jnilib
0x0000000134a0b000 	/System/Library/Extensions/AppleIntelSKLGraphicsMTLDriver.bundle/Contents/MacOS/AppleIntelSKLGraphicsMTLDriver
0x0000000134b42000 	/Users/zimmemi1/sbmt/workspace/saavtk/lib/vtk6.3/mac64/libvtkFiltersParallelJava.jnilib
0x0000000134b69000 	/Users/zimmemi1/sbmt/workspace/saavtk/lib/vtk6.3/mac64/libvtkFiltersParallel-6.3.jnilib
0x0000000134c25000 	/Users/zimmemi1/sbmt/workspace/saavtk/lib/vtk6.3/mac64/libvtkFiltersParallelImagingJava.jnilib
0x0000000134c3a000 	/Users/zimmemi1/sbmt/workspace/saavtk/lib/vtk6.3/mac64/libvtkFiltersParallelImaging-6.3.jnilib
0x0000000134c58000 	/Users/zimmemi1/sbmt/workspace/saavtk/lib/vtk6.3/mac64/libvtkFiltersProgrammableJava.jnilib
0x0000000134c63000 	/Users/zimmemi1/sbmt/workspace/saavtk/lib/vtk6.3/mac64/libvtkFiltersProgrammable-6.3.jnilib
0x0000000134c73000 	/Users/zimmemi1/sbmt/workspace/saavtk/lib/vtk6.3/mac64/libvtkFiltersSMPJava.jnilib
0x0000000134c81000 	/Users/zimmemi1/sbmt/workspace/saavtk/lib/vtk6.3/mac64/libvtkFiltersSMP-6.3.jnilib
0x0000000134d45000 	/Users/zimmemi1/sbmt/workspace/saavtk/lib/vtk6.3/mac64/libvtkFiltersSelectionJava.jnilib
0x0000000134d53000 	/Users/zimmemi1/sbmt/workspace/saavtk/lib/vtk6.3/mac64/libvtkFiltersSelection-6.3.jnilib
0x00000001350ae000 	/Users/zimmemi1/sbmt/workspace/saavtk/lib/vtk6.3/mac64/libvtkFiltersTextureJava.jnilib
0x00000001350de000 	/Users/zimmemi1/sbmt/workspace/saavtk/lib/vtk6.3/mac64/libvtkFiltersTexture-6.3.jnilib
0x0000000135118000 	/Users/zimmemi1/sbmt/workspace/saavtk/lib/vtk6.3/mac64/libvtkFiltersVerdictJava.jnilib
0x000000013512c000 	/Users/zimmemi1/sbmt/workspace/saavtk/lib/vtk6.3/mac64/libvtkFiltersVerdict-6.3.jnilib
0x0000000135146000 	/Users/zimmemi1/sbmt/workspace/saavtk/lib/vtk6.3/mac64/libvtkverdict-6.3.dylib
0x0000000135175000 	/Users/zimmemi1/sbmt/workspace/saavtk/lib/vtk6.3/mac64/libvtkGeovisCoreJava.jnilib
0x00000001351a7000 	/Users/zimmemi1/sbmt/workspace/saavtk/lib/vtk6.3/mac64/libvtkGeovisCore-6.3.jnilib
0x0000000135214000 	/Users/zimmemi1/sbmt/workspace/saavtk/lib/vtk6.3/mac64/libvtkIOXMLJava.jnilib
0x0000000135232000 	/Users/zimmemi1/sbmt/workspace/saavtk/lib/vtk6.3/mac64/libvtkInfovisLayoutJava.jnilib
0x0000000135263000 	/Users/zimmemi1/sbmt/workspace/saavtk/lib/vtk6.3/mac64/libvtkViewsCoreJava.jnilib
0x0000000135281000 	/Users/zimmemi1/sbmt/workspace/saavtk/lib/vtk6.3/mac64/libvtkproj4-6.3.jnilib
0x00000001352c0000 	/Users/zimmemi1/sbmt/workspace/saavtk/lib/vtk6.3/mac64/libvtkIOGeometryJava.jnilib
0x0000000132837000 	/Users/zimmemi1/sbmt/workspace/saavtk/lib/vtk6.3/mac64/libvtkIOXMLParserJava.jnilib
0x00000001352e1000 	/Users/zimmemi1/sbmt/workspace/saavtk/lib/vtk6.3/mac64/libvtkInfovisLayout-6.3.jnilib
0x0000000135359000 	/Users/zimmemi1/sbmt/workspace/saavtk/lib/vtk6.3/mac64/libvtkInfovisCoreJava.jnilib
0x0000000135380000 	/Users/zimmemi1/sbmt/workspace/saavtk/lib/vtk6.3/mac64/libvtkInteractionWidgetsJava.jnilib
0x000000013544c000 	/Users/zimmemi1/sbmt/workspace/saavtk/lib/vtk6.3/mac64/libvtkInteractionStyleJava.jnilib
0x0000000135468000 	/Users/zimmemi1/sbmt/workspace/saavtk/lib/vtk6.3/mac64/libvtkImagingHybridJava.jnilib
0x0000000135483000 	/Users/zimmemi1/sbmt/workspace/saavtk/lib/vtk6.3/mac64/libvtkIOImageJava.jnilib
0x00000001354af000 	/Users/zimmemi1/sbmt/workspace/saavtk/lib/vtk6.3/mac64/libvtkRenderingAnnotationJava.jnilib
0x0000000132cf5000 	/Users/zimmemi1/sbmt/workspace/saavtk/lib/vtk6.3/mac64/libvtkImagingColorJava.jnilib
0x0000000135511000 	/Users/zimmemi1/sbmt/workspace/saavtk/lib/vtk6.3/mac64/libvtkRenderingFreeTypeJava.jnilib
0x0000000135520000 	/Users/zimmemi1/sbmt/workspace/saavtk/lib/vtk6.3/mac64/libvtkRenderingVolumeJava.jnilib
0x0000000135554000 	/Users/zimmemi1/sbmt/workspace/saavtk/lib/vtk6.3/mac64/libvtkViewsCore-6.3.jnilib
0x000000013557d000 	/Users/zimmemi1/sbmt/workspace/saavtk/lib/vtk6.3/mac64/libvtkInteractionWidgets-6.3.jnilib
0x000000013573e000 	/Users/zimmemi1/sbmt/workspace/saavtk/lib/vtk6.3/mac64/libvtkInteractionStyle-6.3.jnilib
0x000000013577e000 	/Users/zimmemi1/sbmt/workspace/saavtk/lib/vtk6.3/mac64/libvtkImagingHybrid-6.3.jnilib
0x00000001357e8000 	/Users/zimmemi1/sbmt/workspace/saavtk/lib/vtk6.3/mac64/libvtkIOImage-6.3.jnilib
0x000000013595b000 	/Users/zimmemi1/sbmt/workspace/saavtk/lib/vtk6.3/mac64/libvtkRenderingAnnotation-6.3.jnilib
0x0000000135a22000 	/Users/zimmemi1/sbmt/workspace/saavtk/lib/vtk6.3/mac64/libvtkImagingColor-6.3.jnilib
0x0000000135a61000 	/Users/zimmemi1/sbmt/workspace/saavtk/lib/vtk6.3/mac64/libvtkRenderingVolume-6.3.jnilib
0x0000000135fb5000 	/Users/zimmemi1/sbmt/workspace/saavtk/lib/vtk6.3/mac64/libvtkpng-6.3.jnilib
0x0000000135fde000 	/Users/zimmemi1/sbmt/workspace/saavtk/lib/vtk6.3/mac64/libvtktiff-6.3.jnilib
0x000000013603d000 	/Users/zimmemi1/sbmt/workspace/saavtk/lib/vtk6.3/mac64/libvtkmetaio-6.3.dylib
0x00000001360cf000 	/Users/zimmemi1/sbmt/workspace/saavtk/lib/vtk6.3/mac64/libvtkDICOMParser-6.3.jnilib
0x00000001360e7000 	/Users/zimmemi1/sbmt/workspace/saavtk/lib/vtk6.3/mac64/libvtkjpeg-6.3.jnilib
0x000000013615f000 	/Users/zimmemi1/sbmt/workspace/saavtk/lib/vtk6.3/mac64/libvtkIOAMRJava.jnilib
0x0000000136171000 	/Users/zimmemi1/sbmt/workspace/saavtk/lib/vtk6.3/mac64/libvtkIOAMR-6.3.jnilib
0x00000001361a7000 	/Users/zimmemi1/sbmt/workspace/saavtk/lib/vtk6.3/mac64/libvtkhdf5_hl-6.3.1.8.13.dylib
0x00000001361d9000 	/Users/zimmemi1/sbmt/workspace/saavtk/lib/vtk6.3/mac64/libvtkhdf5-6.3.1.8.13.dylib
0x0000000134d6a000 	/Users/zimmemi1/sbmt/workspace/saavtk/lib/vtk6.3/mac64/libvtkIOEnSightJava.jnilib
0x0000000136488000 	/Users/zimmemi1/sbmt/workspace/saavtk/lib/vtk6.3/mac64/libvtkIOEnSight-6.3.jnilib
0x000000013659f000 	/Users/zimmemi1/sbmt/workspace/saavtk/lib/vtk6.3/mac64/libvtkIOExodusJava.jnilib
0x00000001365c0000 	/Users/zimmemi1/sbmt/workspace/saavtk/lib/vtk6.3/mac64/libvtkIOExodus-6.3.jnilib
0x000000013667e000 	/Users/zimmemi1/sbmt/workspace/saavtk/lib/vtk6.3/mac64/libvtkexoIIc-6.3.jnilib
0x00000001366c8000 	/Users/zimmemi1/sbmt/workspace/saavtk/lib/vtk6.3/mac64/libvtkNetCDF_cxx-6.3.jnilib
0x00000001366ea000 	/Users/zimmemi1/sbmt/workspace/saavtk/lib/vtk6.3/mac64/libvtkNetCDF-6.3.jnilib
0x00000001367ce000 	/Users/zimmemi1/sbmt/workspace/saavtk/lib/vtk6.3/mac64/libvtkIOExportJava.jnilib
0x00000001367e8000 	/Users/zimmemi1/sbmt/workspace/saavtk/lib/vtk6.3/mac64/libvtkIOExport-6.3.jnilib
0x0000000136147000 	/Users/zimmemi1/sbmt/workspace/saavtk/lib/vtk6.3/mac64/libvtkRenderingGL2PSJava.jnilib
0x00000001368cf000 	/Users/zimmemi1/sbmt/workspace/saavtk/lib/vtk6.3/mac64/libvtkRenderingLabelJava.jnilib
0x00000001368ed000 	/Users/zimmemi1/sbmt/workspace/saavtk/lib/vtk6.3/mac64/libvtkRenderingGL2PS-6.3.jnilib
0x000000013658a000 	/Users/zimmemi1/sbmt/workspace/saavtk/lib/vtk6.3/mac64/libvtkRenderingContextOpenGLJava.jnilib
0x0000000136906000 	/Users/zimmemi1/sbmt/workspace/saavtk/lib/vtk6.3/mac64/libvtkRenderingOpenGLJava.jnilib
0x0000000136963000 	/Users/zimmemi1/sbmt/workspace/saavtk/lib/vtk6.3/mac64/libvtkRenderingContextOpenGL-6.3.jnilib
0x0000000136984000 	/Users/zimmemi1/sbmt/workspace/saavtk/lib/vtk6.3/mac64/libvtkRenderingOpenGL-6.3.jnilib
0x0000000136b28000 	/Users/zimmemi1/sbmt/workspace/saavtk/lib/vtk6.3/mac64/libvtkRenderingLabel-6.3.jnilib
0x0000000136bcc000 	/Users/zimmemi1/sbmt/workspace/saavtk/lib/vtk6.3/mac64/libvtkgl2ps-6.3.jnilib
0x0000000136669000 	/Users/zimmemi1/sbmt/workspace/saavtk/lib/vtk6.3/mac64/libvtkIOImportJava.jnilib
0x0000000136c54000 	/Users/zimmemi1/sbmt/workspace/saavtk/lib/vtk6.3/mac64/libvtkIOImport-6.3.jnilib
0x0000000136c94000 	/Users/zimmemi1/sbmt/workspace/saavtk/lib/vtk6.3/mac64/libvtkIOInfovisJava.jnilib
0x0000000136cb0000 	/Users/zimmemi1/sbmt/workspace/saavtk/lib/vtk6.3/mac64/libvtkIOInfovis-6.3.jnilib
0x0000000136d15000 	/Users/zimmemi1/sbmt/workspace/saavtk/lib/vtk6.3/mac64/libvtklibxml2-6.3.jnilib
0x000000013694e000 	/Users/zimmemi1/sbmt/workspace/saavtk/lib/vtk6.3/mac64/libvtkIOLSDynaJava.jnilib
0x0000000136e7b000 	/Users/zimmemi1/sbmt/workspace/saavtk/lib/vtk6.3/mac64/libvtkIOLSDyna-6.3.jnilib
0x0000000136ed5000 	/Users/zimmemi1/sbmt/workspace/saavtk/lib/vtk6.3/mac64/libvtkIOMINCJava.jnilib
0x0000000136eec000 	/Users/zimmemi1/sbmt/workspace/saavtk/lib/vtk6.3/mac64/libvtkIOMINC-6.3.jnilib
0x0000000136595000 	/Users/zimmemi1/sbmt/workspace/saavtk/lib/vtk6.3/mac64/libvtkIOMovieJava.jnilib
0x0000000136bb7000 	/Users/zimmemi1/sbmt/workspace/saavtk/lib/vtk6.3/mac64/libvtkIOMovie-6.3.jnilib
0x0000000136f53000 	/Users/zimmemi1/sbmt/workspace/saavtk/lib/vtk6.3/mac64/libvtkoggtheora-6.3.jnilib
0x0000000136f90000 	/Users/zimmemi1/sbmt/workspace/saavtk/lib/vtk6.3/mac64/libvtkIONetCDFJava.jnilib
0x0000000136fa1000 	/Users/zimmemi1/sbmt/workspace/saavtk/lib/vtk6.3/mac64/libvtkIONetCDF-6.3.jnilib
0x0000000136ffc000 	/Users/zimmemi1/sbmt/workspace/saavtk/lib/vtk6.3/mac64/libvtkIOPLYJava.jnilib
0x0000000137007000 	/Users/zimmemi1/sbmt/workspace/saavtk/lib/vtk6.3/mac64/libvtkIOPLY-6.3.jnilib
0x0000000137020000 	/Users/zimmemi1/sbmt/workspace/saavtk/lib/vtk6.3/mac64/libvtkIOParallelJava.jnilib
0x000000013703c000 	/Users/zimmemi1/sbmt/workspace/saavtk/lib/vtk6.3/mac64/libvtkIOParallel-6.3.jnilib
0x00000001370ac000 	/Users/zimmemi1/sbmt/workspace/saavtk/lib/vtk6.3/mac64/libvtkjsoncpp-6.3.jnilib
0x00000001370d2000 	/Users/zimmemi1/sbmt/workspace/saavtk/lib/vtk6.3/mac64/libvtkIOParallelXMLJava.jnilib
0x00000001370e1000 	/Users/zimmemi1/sbmt/workspace/saavtk/lib/vtk6.3/mac64/libvtkIOParallelXML-6.3.jnilib
0x0000000137104000 	/Users/zimmemi1/sbmt/workspace/saavtk/lib/vtk6.3/mac64/libvtkIOSQLJava.jnilib
0x0000000137119000 	/Users/zimmemi1/sbmt/workspace/saavtk/lib/vtk6.3/mac64/libvtkIOSQL-6.3.jnilib
0x000000013715e000 	/Users/zimmemi1/sbmt/workspace/saavtk/lib/vtk6.3/mac64/libvtksqlite-6.3.jnilib
0x000000013721a000 	/Users/zimmemi1/sbmt/workspace/saavtk/lib/vtk6.3/mac64/libvtkIOVideoJava.jnilib
0x0000000137224000 	/Users/zimmemi1/sbmt/workspace/saavtk/lib/vtk6.3/mac64/libvtkIOVideo-6.3.jnilib
0x0000000137234000 	/Users/zimmemi1/sbmt/workspace/saavtk/lib/vtk6.3/mac64/libvtkImagingMathJava.jnilib
0x0000000137240000 	/Users/zimmemi1/sbmt/workspace/saavtk/lib/vtk6.3/mac64/libvtkImagingMath-6.3.jnilib
0x0000000137288000 	/Users/zimmemi1/sbmt/workspace/saavtk/lib/vtk6.3/mac64/libvtkImagingMorphologicalJava.jnilib
0x0000000137299000 	/Users/zimmemi1/sbmt/workspace/saavtk/lib/vtk6.3/mac64/libvtkImagingMorphological-6.3.jnilib
0x0000000137303000 	/Users/zimmemi1/sbmt/workspace/saavtk/lib/vtk6.3/mac64/libvtkImagingStatisticsJava.jnilib
0x0000000137310000 	/Users/zimmemi1/sbmt/workspace/saavtk/lib/vtk6.3/mac64/libvtkImagingStatistics-6.3.jnilib
0x000000013732e000 	/Users/zimmemi1/sbmt/workspace/saavtk/lib/vtk6.3/mac64/libvtkImagingStencilJava.jnilib
0x000000013733d000 	/Users/zimmemi1/sbmt/workspace/saavtk/lib/vtk6.3/mac64/libvtkImagingStencil-6.3.jnilib
0x0000000137369000 	/Users/zimmemi1/sbmt/workspace/saavtk/lib/vtk6.3/mac64/libvtkInteractionImageJava.jnilib
0x0000000137384000 	/Users/zimmemi1/sbmt/workspace/saavtk/lib/vtk6.3/mac64/libvtkInteractionImage-6.3.jnilib
0x00000001373a1000 	/Users/zimmemi1/sbmt/workspace/saavtk/lib/vtk6.3/mac64/libvtkRenderingImageJava.jnilib
0x00000001373af000 	/Users/zimmemi1/sbmt/workspace/saavtk/lib/vtk6.3/mac64/libvtkRenderingImage-6.3.jnilib
0x00000001373c8000 	/Users/zimmemi1/sbmt/workspace/saavtk/lib/vtk6.3/mac64/libvtkRenderingLICJava.jnilib
0x00000001373dd000 	/Users/zimmemi1/sbmt/workspace/saavtk/lib/vtk6.3/mac64/libvtkRenderingLIC-6.3.jnilib
0x0000000137494000 	/Users/zimmemi1/sbmt/workspace/saavtk/lib/vtk6.3/mac64/libvtkRenderingLODJava.jnilib
0x00000001374a3000 	/Users/zimmemi1/sbmt/workspace/saavtk/lib/vtk6.3/mac64/libvtkRenderingLOD-6.3.jnilib
0x00000001374b4000 	/Users/zimmemi1/sbmt/workspace/saavtk/lib/vtk6.3/mac64/libvtkRenderingVolumeOpenGLJava.jnilib
0x00000001374c5000 	/Users/zimmemi1/sbmt/workspace/saavtk/lib/vtk6.3/mac64/libvtkRenderingVolumeOpenGL-6.3.jnilib
0x000000013752e000 	/Users/zimmemi1/sbmt/workspace/saavtk/lib/vtk6.3/mac64/libvtkViewsContext2DJava.jnilib
0x0000000137545000 	/Users/zimmemi1/sbmt/workspace/saavtk/lib/vtk6.3/mac64/libvtkViewsContext2D-6.3.jnilib
0x000000013755b000 	/Users/zimmemi1/sbmt/workspace/saavtk/lib/vtk6.3/mac64/libvtkViewsGeovisJava.jnilib
0x000000013757a000 	/Users/zimmemi1/sbmt/workspace/saavtk/lib/vtk6.3/mac64/libvtkViewsGeovis-6.3.jnilib
0x0000000137592000 	/Users/zimmemi1/sbmt/workspace/saavtk/lib/vtk6.3/mac64/libvtkViewsInfovisJava.jnilib
0x00000001375e4000 	/Users/zimmemi1/sbmt/workspace/saavtk/lib/vtk6.3/mac64/libvtkViewsInfovis-6.3.jnilib
0x000000013769a000 	/Library/Java/JavaVirtualMachines/jdk1.8.0_131.jdk/Contents/Home/jre/lib/libfontmanager.dylib
0x0000000136675000 	/Library/Java/JavaVirtualMachines/jdk1.8.0_131.jdk/Contents/Home/jre/lib/libosxui.dylib
0x0000000029544000 	/System/Library/PrivateFrameworks/ViewBridge.framework/Versions/A/ViewBridge
0x0000000029544000 	/System/Library/PrivateFrameworks/XPCService.framework/Versions/A/XPCService
0x0000000029544000 	/System/Library/PrivateFrameworks/AppSandbox.framework/Versions/A/AppSandbox
0x000000013853a000 	/usr/lib/libsandbox.1.dylib
0x0000000029544000 	/usr/lib/libMatch.1.dylib
0x000000013895e000 	/Library/Java/JavaVirtualMachines/jdk1.8.0_131.jdk/Contents/Home/jre/lib/libnet.dylib
0x0000000138975000 	/Library/Java/JavaVirtualMachines/jdk1.8.0_131.jdk/Contents/Home/jre/lib/libnio.dylib
0x0000000132a49000 	/Users/zimmemi1/sbmt/workspace/saavtk/lib/vtk6.3/mac64/libgluegen-rt.jnilib
0x0000000138985000 	/Users/zimmemi1/sbmt/workspace/saavtk/lib/vtk6.3/mac64/libnativewindow_awt.jnilib
0x0000000138988000 	/Library/Java/JavaVirtualMachines/jdk1.8.0_131.jdk/Contents/Home/jre/lib/libjawt.dylib
0x000000013898b000 	/Users/zimmemi1/sbmt/workspace/saavtk/lib/vtk6.3/mac64/libnativewindow_macosx.jnilib
0x0000000138d95000 	/Users/zimmemi1/sbmt/workspace/saavtk/lib/vtk6.3/mac64/libjogl_desktop.jnilib

VM Arguments:
jvm_args: -Djava.library.path=lib/vtk6.3/mac64 -Dfile.encoding=UTF-8 
java_command: edu.jhuapl.saavtk2.image.projection.gui.CylindricalProjectionControlPanel
java_class_path (initial): /Users/zimmemi1/sbmt/workspace/saavtk/bin:/Users/zimmemi1/sbmt/workspace/saavtk/lib/commons-io-2.0.jar:/Users/zimmemi1/sbmt/workspace/saavtk/lib/commons-math3-3.2.jar:/Users/zimmemi1/sbmt/workspace/saavtk/lib/guava-13.0.1.jar:/Users/zimmemi1/sbmt/workspace/saavtk/lib/Jama-1.0.2.jar:/Users/zimmemi1/sbmt/workspace/saavtk/lib/jcommon-1.0.16.jar:/Users/zimmemi1/sbmt/workspace/saavtk/lib/jfreechart-1.0.13.jar:/Users/zimmemi1/sbmt/workspace/saavtk/lib/jgoodies-common-1.8.1.jar:/Users/zimmemi1/sbmt/workspace/saavtk/lib/jgoodies-looks-2.4.0.jar:/Users/zimmemi1/sbmt/workspace/saavtk/lib/joda-time-1.6.jar:/Users/zimmemi1/sbmt/workspace/saavtk/lib/miglayout-3.7.1-swing.jar:/Users/zimmemi1/sbmt/workspace/saavtk/lib/nom-tam-fits-1.13.1m0.jar:/Users/zimmemi1/sbmt/workspace/saavtk/lib/quaqua-7.3.4-filechooser-only.jar:/Users/zimmemi1/sbmt/workspace/saavtk/lib/quaqua-7.3.4.jar:/Users/zimmemi1/sbmt/workspace/saavtk/lib/RelativeLayout-v1.0.jar:/Users/zimmemi1/sbmt/workspace/saavtk/lib/jogl/gluegen-rt.jar:/Users/zimmemi1/sbmt/workspace/saavtk/lib/jogl/jogl-all.jar:/Users/zimmemi1/sbmt/workspace/saavtk/lib/vtk6.3/vtk-6.3.jar:/Users/zimmemi1/sbmt/workspace/saavtk/jgoodies-forms-1.8.0.jar:/Users/zimmemi1/sbmt/workspace/saavtk/lib/jide-oss-3.6.9.jar
Launcher Type: SUN_STANDARD

Environment Variables:
PATH=/usr/bin:/bin:/usr/sbin:/sbin
SHELL=/bin/bash
DISPLAY=/private/tmp/com.apple.launchd.PeVPPEEwGA/org.macosforge.xquartz:0
DYLD_LIBRARY_PATH=lib/vtk6.3/mac64

Signal Handlers:
SIGSEGV: [libjvm.dylib+0x5b1eb1], sa_mask[0]=11111111011111110111111111111111, sa_flags=SA_ONSTACK|SA_RESTART|SA_SIGINFO
SIGBUS: [libjvm.dylib+0x5b1eb1], sa_mask[0]=11111111011111110111111111111111, sa_flags=SA_RESTART|SA_SIGINFO
SIGFPE: [libjvm.dylib+0x488988], sa_mask[0]=11111111011111110111111111111111, sa_flags=SA_RESTART|SA_SIGINFO
SIGPIPE: [libjvm.dylib+0x488988], sa_mask[0]=11111111011111110111111111111111, sa_flags=SA_RESTART|SA_SIGINFO
SIGXFSZ: [libjvm.dylib+0x488988], sa_mask[0]=11111111011111110111111111111111, sa_flags=SA_RESTART|SA_SIGINFO
SIGILL: [libjvm.dylib+0x488988], sa_mask[0]=11111111011111110111111111111111, sa_flags=SA_RESTART|SA_SIGINFO
SIGUSR1: SIG_DFL, sa_mask[0]=00000000000000000000000000000000, sa_flags=none
SIGUSR2: [libjvm.dylib+0x4884a6], sa_mask[0]=00100000000000000000000000000000, sa_flags=SA_RESTART|SA_SIGINFO
SIGHUP: [libjvm.dylib+0x486a7d], sa_mask[0]=11111111011111110111111111111111, sa_flags=SA_RESTART|SA_SIGINFO
SIGINT: [libjvm.dylib+0x486a7d], sa_mask[0]=11111111011111110111111111111111, sa_flags=SA_RESTART|SA_SIGINFO
SIGTERM: [libjvm.dylib+0x486a7d], sa_mask[0]=11111111011111110111111111111111, sa_flags=SA_RESTART|SA_SIGINFO
SIGQUIT: [libjvm.dylib+0x486a7d], sa_mask[0]=11111111011111110111111111111111, sa_flags=SA_RESTART|SA_SIGINFO


---------------  S Y S T E M  ---------------

OS:Bsduname:Darwin 16.7.0 Darwin Kernel Version 16.7.0: Tue Jan 30 11:27:06 PST 2018; root:xnu-3789.73.11~1/RELEASE_X86_64 x86_64
rlimit: STACK 8192k, CORE 0k, NPROC 709, NOFILE 10240, AS infinity
load average:1.24 1.12 1.17

CPU:total 8 (initial active 8) (4 cores per cpu, 2 threads per core) family 6 model 94 stepping 3, cmov, cx8, fxsr, mmx, sse, sse2, sse3, ssse3, sse4.1, sse4.2, popcnt, avx, avx2, aes, clmul, erms, rtm, 3dnowpref, lzcnt, ht, tsc, tscinvbit, bmi1, bmi2, adx

Memory: 4k page, physical 16777216k(2290448k free)

/proc/meminfo:


vm_info: Java HotSpot(TM) 64-Bit Server VM (25.131-b11) for bsd-amd64 JRE (1.8.0_131-b11), built on Mar 15 2017 01:32:22 by "java_re" with gcc 4.2.1 (Based on Apple Inc. build 5658) (LLVM build 2336.11.00)

time: Mon Apr 16 12:31:20 2018
elapsed time: 4 seconds (0d 0h 0m 4s)

